
Initial statistics: 1 variables; iteration 0; function evaluation 0; phase 1
Function value 5.1042463e+02; maximum gradient component mag -9.6210e+02
Var    Value     Gradient |Var    Value     Gradient |Var    Value     Gradient
  1  0.15837 -9.62097e+02 |

 - final statistics:
1 variables; iteration 9; function evaluation 11
Function value 4.8855e+02; maximum gradient component mag -8.1165e+00
Exit code = 1;  converg criter 1.0000e+01
Var    Value     Gradient |Var    Value     Gradient |Var    Value     Gradient
  1  0.30528 -8.11651e+00 |

Initial statistics: 12 variables; iteration 0; function evaluation 0; phase 2
Function value 4.8855377e+02; maximum gradient component mag 4.5137e+02
Var    Value     Gradient |Var    Value     Gradient |Var    Value     Gradient
  1  0.30528 -8.11651e+00 |  2 -0.04342  4.51366e+02 |  3 -0.62927  5.74022e-03
  4  0.02201  3.30601e+02 |  5 -0.56493  1.46732e-02 |  6 -0.28362  7.49773e+01
  7  0.98630  8.51952e-02 |  8  0.06149 -2.24098e-04 |  9  0.05821  9.03229e+01
 10 -0.22104  1.00561e+01 | 11  0.04178  5.49837e+01 | 12 -0.11446  5.20461e+01

 - final statistics:
12 variables; iteration 12; function evaluation 18
Function value 4.8060e+02; maximum gradient component mag -8.9476e+00
Exit code = 1;  converg criter 1.0000e+01
Var    Value     Gradient |Var    Value     Gradient |Var    Value     Gradient
  1  0.51526 -1.24779e+00 |  2 -0.05692 -8.69715e+00 |  3 -0.62586 -1.47042e-03
  4  0.00664 -8.94763e+00 |  5 -0.57067  7.59488e-04 |  6 -0.29974 -5.72403e-03
  7  0.97818  7.00945e-03 |  8  0.06209  1.87921e-04 |  9  0.04930  2.02841e-01
 10 -0.19155 -3.01499e+00 | 11  0.03658  1.07412e-01 | 12 -0.13914  1.21051e+00

Initial statistics: 57 variables; iteration 0; function evaluation 0; phase 3
Function value 4.8059648e+02; maximum gradient component mag 4.2373e+02
Var    Value     Gradient |Var    Value     Gradient |Var    Value     Gradient
  1  0.51526 -1.24779e+00 |  2  0.00000  3.99272e+01 |  3  0.00000 -5.10052e-01
  4  0.00000 -5.58853e+01 |  5  0.00000 -3.95843e+01 |  6  0.00000  2.90736e+01
  7  0.00000  9.14677e+01 |  8  0.00000  1.22690e+02 |  9  0.00000  1.49691e+02
 10  0.00000  1.51365e+02 | 11  0.00000  2.89771e+01 | 12  0.00000 -1.39763e+02
 13  0.00000 -2.78815e+02 | 14  0.00000 -2.67432e+02 | 15  0.00000 -2.52341e+02
 16  0.00000 -2.25797e+02 | 17  0.00000 -2.38284e+02 | 18  0.00000 -3.87835e+02
 19  0.00000 -3.49967e+02 | 20  0.00000 -9.53628e+01 | 21  0.00000 -5.06173e+01
 22  0.00000 -9.33397e+01 | 23  0.00000  1.62529e+02 | 24  0.00000  4.22420e+02
 25  0.00000  4.23732e+02 | 26  0.00000  3.67371e+02 | 27  0.00000  2.58945e+02
 28  0.00000  1.50956e+02 | 29  0.00000  5.61310e+01 | 30  0.00000  2.02604e+01
 31 -0.05692 -8.69715e+00 | 32 -0.62586 -1.47042e-03 | 33  0.03661  3.10063e+01
 34  0.53204 -4.26613e+00 | 35 -0.05270  1.00128e+02 | 36  0.00664 -8.94763e+00
 37 -0.57067  7.59488e-04 | 38  0.04045  2.96169e+01 | 39  0.63422 -7.83847e-01
 40 -0.08768 -1.94000e+01 | 41 -0.29974 -5.72403e-03 | 42 -0.63506 -1.86673e+00
 43  0.97818  7.00945e-03 | 44  0.06209  1.87921e-04 | 45  0.19333 -3.58172e+01
 46  0.00116 -2.94583e-06 | 47  0.02001 -8.50131e-05 | 48  0.04930  2.02841e-01
 49 -0.19155 -3.01499e+00 | 50  0.12623 -1.58570e+01 | 51 -0.08888 -1.00226e+00
 52 -0.00339 -1.86818e+01 | 53  0.03658  1.07412e-01 | 54 -0.13914  1.21051e+00
 55  0.00689 -1.35898e+01 | 56  0.41494  2.27078e+00 | 57  0.00104  1.00515e+02

Intermediate statistics: 57 variables; iteration 20; function evaluation 26; phase 3
Function value 4.0885303e+02; maximum gradient component mag 6.1239e+02
Var    Value     Gradient |Var    Value     Gradient |Var    Value     Gradient
  1  0.49794 -2.19323e-01 |  2 -0.02436 -6.37666e+01 |  3  0.00393 -4.78733e+01
  4  0.08517 -1.09302e+01 |  5  0.06761 -2.95294e+01 |  6  0.01749 -6.19381e+01
  7 -0.00855 -8.87743e+01 |  8 -0.00232 -1.12233e+02 |  9  0.02731 -1.12463e+02
 10 -0.08257 -1.07894e+02 | 11  0.01844 -1.08654e+02 | 12 -0.00924 -7.84228e+01
 13  0.12881 -4.85050e+00 | 14 -0.00197 -4.55135e+01 | 15  0.04111 -6.21160e+01
 16  0.04298 -1.10136e+02 | 17 -0.27949 -1.44355e+02 | 18  0.11509 -3.12351e+01
 19  0.08535  3.92356e+00 | 20 -0.17644 -1.01302e+02 | 21 -0.00243 -1.25081e+01
 22  0.14121  1.03259e+02 | 23 -0.01898 -1.18582e+01 | 24 -0.09362 -1.24310e+01
 25 -0.06219  1.59803e+00 | 26 -0.01761  2.00626e+01 | 27  0.00416  8.30242e+00
 28  0.00805 -1.51825e+01 | 29 -0.01853 -4.83790e+01 | 30 -0.02887 -5.70940e+01
 31 -0.07941 -5.42002e+02 | 32 -0.62587 -4.82671e-03 | 33  0.03952  6.12386e+02
 34  0.64465 -2.98731e+01 | 35 -0.09683 -5.74133e+01 | 36  0.00458  1.78321e+02
 37 -0.57068  5.20674e-03 | 38  0.02899 -2.17411e+02 | 39  0.66871  1.12923e+01
 40 -0.36550 -8.05248e-03 | 41 -0.29702  1.23169e+01 | 42 -0.65335 -4.51315e+00
 43  0.97943 -9.55161e-02 | 44  0.06209  2.16934e-04 | 45  0.20190  3.68374e+00
 46  0.00116 -8.80056e-07 | 47  0.02001 -4.45827e-05 | 48  0.03952 -1.22688e+01
 49 -0.16591  5.78231e+00 | 50  0.13667  9.10309e+01 | 51 -0.08606  8.95299e-01
 52 -0.01268 -3.18673e+01 | 53  0.04233  3.32175e+01 | 54 -0.12357  3.61490e+00
 55  0.01669 -2.82233e+01 | 56  0.43270 -1.12679e-01 | 57 -0.02624 -1.71914e+00
57 variables; iteration 40; function evaluation 49; phase 3
Function value 3.8165035e+02; maximum gradient component mag -1.6028e+02
Var    Value     Gradient |Var    Value     Gradient |Var    Value     Gradient
  1  0.21230  1.86610e+00 |  2 -0.03392 -3.29062e+01 |  3 -0.00542 -2.40442e+01
  4  0.06867 -1.82467e+00 |  5  0.04275 -6.63078e+00 |  6  0.00867 -1.38439e-01
  7  0.00378  1.57902e+01 |  8  0.01672  2.02215e+01 |  9  0.00550  8.08293e+00
 10 -0.04439 -7.80220e+00 | 11  0.01521 -1.20802e+01 | 12 -0.01674 -3.32795e+01
 13  0.10906 -1.39433e+01 | 14 -0.04350 -3.00193e+01 | 15  0.06633 -8.54163e-01
 16  0.00355 -6.75098e+01 | 17 -0.13206 -7.78873e+01 | 18  0.10003 -5.00979e+01
 19  0.05496 -7.33533e+01 | 20 -0.09037 -5.17879e+01 | 21 -0.01765 -1.24442e+01
 22  0.11317  2.93123e+01 | 23 -0.01674  2.63318e+01 | 24 -0.09066  3.47300e+01
 25 -0.06836  2.48118e+01 | 26 -0.04943  8.49800e-02 | 27 -0.01072  1.25244e+01
 28  0.00330  1.92121e+01 | 29 -0.00571  2.09896e+00 | 30  0.00682 -1.77015e+00
 31 -0.07447 -1.60275e+02 | 32 -0.62796 -3.40017e-03 | 33  0.02252  7.33731e+01
 34  0.63355 -3.05409e+01 | 35 -0.09399 -7.25110e+01 | 36  0.00196 -9.90662e+01
 37 -0.57118 -3.28265e-03 | 38  0.03455  7.44662e+01 | 39  0.67449 -1.46705e+01
 40 -0.31087 -4.38077e-02 | 41 -0.29773 -3.25582e+01 | 42 -0.65411  1.35637e+00
 43  1.44951  8.12524e+00 | 44  0.06189 -8.95594e-05 | 45  0.19693  3.96244e+01
 46  0.00116 -3.94349e-05 | 47  0.02005 -1.58192e-04 | 48  0.05363  7.02719e+01
 49 -0.18677  2.64499e+01 | 50  0.13443  4.50338e+01 | 51 -0.16142  2.49237e+00
 52 -0.01126 -8.48175e+00 | 53  0.03863 -6.66696e-01 | 54 -0.16502  3.61655e+00
 55  0.01682  7.99506e+00 | 56  0.54280  7.18055e+00 | 57 -0.00838  6.19952e+01
57 variables; iteration 60; function evaluation 79; phase 3
Function value 3.6692882e+02; maximum gradient component mag -3.6357e+01
Var    Value     Gradient |Var    Value     Gradient |Var    Value     Gradient
  1  0.15501  1.38851e+00 |  2 -0.00939  3.41573e+00 |  3  0.00786  9.53438e-01
  4  0.05503  6.17768e-01 |  5  0.04650  3.22078e+00 |  6  0.01051  4.82593e+00
  7 -0.01012 -1.34344e+00 |  8  0.01423 -1.00746e+00 |  9  0.00513  1.19908e+00
 10 -0.04318  3.66258e+00 | 11  0.00878  4.66071e+00 | 12  0.01425  2.67835e+00
 13  0.08414 -8.55858e-01 | 14  0.00224 -4.85941e-01 | 15  0.01693  5.69433e+00
 16  0.02052  1.47011e+01 | 17 -0.03905  8.78932e+00 | 18  0.05945  2.40815e+01
 19  0.07134  9.16042e+00 | 20 -0.05200 -9.51402e-01 | 21 -0.03740 -3.12639e+00
 22  0.11065 -1.42459e+01 | 23 -0.04424 -8.78962e+00 | 24 -0.11919 -4.28540e+00
 25 -0.07932 -5.30864e+00 | 26 -0.02891 -3.40946e+00 | 27 -0.01245 -5.64183e+00
 28 -0.00939 -2.99461e+00 | 29 -0.01562  5.20518e-01 | 30 -0.02641 -2.60433e-01
 31 -0.04175 -2.37592e+01 | 32 -0.63290 -1.21875e-03 | 33  0.03772  1.82822e+01
 34  0.52243 -6.62669e+00 | 35 -0.05036 -6.72175e+00 | 36  0.01512 -1.73061e+01
 37 -0.57561 -6.52148e-04 | 38  0.03697  1.15992e+01 | 39  0.67187 -3.94849e+00
 40 -0.37730 -5.96124e-03 | 41 -0.28250 -8.70387e-01 | 42 -0.63985 -2.84061e+00
 43  0.93828 -6.03121e-01 | 44  0.06114 -2.50877e-04 | 45  0.19248 -3.00123e+00
 46  0.00145 -3.55821e-06 | 47  0.02049 -7.44447e-06 | 48  0.04930 -3.63572e+01
 49 -0.17552 -1.79578e+01 | 50  0.12229  2.84127e+00 | 51 -0.19016 -1.06082e+00
 52  0.00072  2.15887e+00 | 53  0.03781  4.02942e+00 | 54 -0.11111 -8.80151e-01
 55  0.01395 -1.36579e+00 | 56  0.38390 -1.05922e-03 | 57  0.00439  2.78827e+00
57 variables; iteration 80; function evaluation 100; phase 3
Function value 3.6671379e+02; maximum gradient component mag 1.3481e+00
Var    Value     Gradient |Var    Value     Gradient |Var    Value     Gradient
  1  0.15168 -1.96685e-01 |  2 -0.01076  2.23284e-02 |  3  0.00878  1.13603e-02
  4  0.05582 -4.30008e-02 |  5  0.04586 -6.39262e-03 |  6  0.00592 -1.20682e-02
  7 -0.00744 -1.58048e-02 |  8  0.01447 -1.34861e-01 |  9  0.00548 -1.69190e-01
 10 -0.04490 -6.81195e-02 | 11  0.00890 -5.42381e-04 | 12  0.01332  4.83808e-02
 13  0.08394  2.89816e-02 | 14  0.00367  2.69532e-02 | 15  0.01631 -1.71419e-02
 16  0.01681 -1.12781e-02 | 17 -0.03580  7.46734e-02 | 18  0.05409  9.21167e-02
 19  0.07231  1.39551e-01 | 20 -0.05108  3.62126e-02 | 21 -0.03708  3.60438e-02
 22  0.10899 -5.55853e-02 | 23 -0.03928 -7.20767e-02 | 24 -0.11880 -2.93028e-02
 25 -0.07777  2.10232e-02 | 26 -0.03065  9.19275e-02 | 27 -0.01028  9.13681e-02
 28 -0.00946  6.22399e-02 | 29 -0.01721  2.57770e-02 | 30 -0.02411 -2.27679e-03
 31 -0.04154 -1.83928e-02 | 32 -0.62479  1.71654e-04 | 33  0.03726  4.06737e-01
 34  0.53168  2.29480e-01 | 35 -0.05110  3.38867e-01 | 36  0.01677 -2.75773e-01
 37 -0.57819 -2.79100e-05 | 38  0.03733  2.51783e-01 | 39  0.67307 -7.49207e-02
 40 -0.37445 -5.38176e-03 | 41 -0.27996  1.21344e-02 | 42 -0.63354 -2.83064e-02
 43  0.98526 -2.52319e-02 | 44  0.06124 -1.02639e-04 | 45  0.19271 -2.45098e-02
 46  0.00135 -6.69030e-07 | 47  0.02039 -1.18842e-06 | 48  0.04368  1.34805e+00
 49 -0.16405  5.34796e-01 | 50  0.11986  9.87808e-02 | 51 -0.19649  1.94721e-02
 52  0.00105 -2.26173e-01 | 53  0.03536 -1.11532e-01 | 54 -0.10387 -1.93685e-01
 55  0.01193 -5.97436e-02 | 56  0.34587 -8.43029e-02 | 57  0.00509 -4.07156e-01
57 variables; iteration 100; function evaluation 121; phase 3
Function value 3.6671259e+02; maximum gradient component mag 6.7128e-02
Var    Value     Gradient |Var    Value     Gradient |Var    Value     Gradient
  1  0.15172 -4.04314e-03 |  2 -0.01079  1.31665e-02 |  3  0.00875  8.53759e-03
  4  0.05585  9.93087e-04 |  5  0.04583  6.20942e-03 |  6  0.00593  1.35308e-02
  7 -0.00749  1.38499e-02 |  8  0.01450  1.19616e-02 |  9  0.00551  1.28985e-02
 10 -0.04489  1.40826e-02 | 11  0.00889  1.51158e-02 | 12  0.01329  2.77510e-03
 13  0.08396 -1.91998e-02 | 14  0.00364 -1.38071e-02 | 15  0.01634 -2.09610e-02
 16  0.01684 -1.71960e-02 | 17 -0.03588  1.71473e-04 | 18  0.05416 -3.02721e-02
 19  0.07227 -1.97309e-02 | 20 -0.05108 -3.38432e-03 | 21 -0.03710  1.10062e-02
 22  0.10899  7.01121e-03 | 23 -0.03914  5.20659e-03 | 24 -0.11877  1.75244e-02
 25 -0.07778  1.71166e-02 | 26 -0.03068  1.66416e-02 | 27 -0.01030  1.45823e-02
 28 -0.00947  8.13222e-03 | 29 -0.01724  8.24438e-03 | 30 -0.02409  4.84094e-03
 31 -0.04149  2.17571e-02 | 32 -0.62446  1.83163e-04 | 33  0.03728 -2.02214e-02
 34  0.53120  6.00984e-03 | 35 -0.05106  1.45032e-02 | 36  0.01675 -6.43008e-02
 37 -0.57819 -1.59191e-05 | 38  0.03732  6.71277e-02 | 39  0.67311 -1.24595e-02
 40 -0.37267 -5.52039e-03 | 41 -0.27997 -7.09669e-03 | 42 -0.63352 -8.25343e-04
 43  0.98632 -3.49072e-03 | 44  0.06140 -3.14399e-05 | 45  0.19272 -1.44043e-02
 46  0.00123 -1.03304e-07 | 47  0.02030 -4.29179e-07 | 48  0.04222  9.06399e-03
 49 -0.16154  1.13651e-02 | 50  0.11941  1.99653e-02 | 51 -0.20104 -6.21505e-04
 52  0.00127 -3.26218e-02 | 53  0.03541 -1.18206e-02 | 54 -0.10588 -7.88777e-03
 55  0.01199  2.88495e-03 | 56  0.36906 -1.00049e-04 | 57  0.00454 -1.09738e-02
57 variables; iteration 120; function evaluation 155; phase 3
Function value 3.6653866e+02; maximum gradient component mag 2.1523e+01
Var    Value     Gradient |Var    Value     Gradient |Var    Value     Gradient
  1  0.15203  1.13652e+01 |  2 -0.01109 -1.01509e+00 |  3  0.00840 -4.86626e-01
  4  0.05640  4.04202e-01 |  5  0.04599 -3.00783e-01 |  6  0.00563 -5.87421e-01
  7 -0.00754 -1.90394e-01 |  8  0.01460  4.90965e-01 |  9  0.00560  2.45412e-01
 10 -0.04488 -1.22793e+00 | 11  0.00865 -2.58443e+00 | 12  0.01343 -2.20200e+00
 13  0.08420 -1.78960e+00 | 14  0.00402 -2.40182e-03 | 15  0.01627  3.26207e-01
 16  0.01722  4.87340e-01 | 17 -0.03698 -1.21373e+00 | 18  0.05502  2.61368e-01
 19  0.07195  2.86206e+00 | 20 -0.05048  1.47124e+00 | 21 -0.03789 -3.18350e-01
 22  0.10917  1.80763e+00 | 23 -0.03895  7.75046e-01 | 24 -0.11935 -8.44971e-01
 25 -0.07780 -1.17833e+00 | 26 -0.03093 -2.17341e+00 | 27 -0.01053 -1.84920e+00
 28 -0.00915 -9.30168e-01 | 29 -0.01741 -9.78328e-01 | 30 -0.02379 -6.47709e-01
 31 -0.04149  1.02396e+00 | 32 -0.73114 -5.93469e-03 | 33  0.03734 -1.02775e+00
 34  0.53043 -4.19881e-01 | 35 -0.05105 -4.99862e-01 | 36  0.01802  2.15234e+01
 37 -0.55553  4.14718e-03 | 38  0.03791 -1.10830e+01 | 39  0.65738  1.08381e+01
 40 -0.10054  2.70398e+00 | 41 -0.27982  1.57560e+00 | 42 -0.63311 -8.06640e-02
 43  1.05778  5.89956e-01 | 44  0.15353  7.51215e-04 | 45  0.19257 -1.79928e-01
 46 -0.00225 -1.39785e-05 | 47  0.01998  9.36183e-05 | 48  0.03977  1.09006e+01
 49 -0.16719  5.44720e+00 | 50  0.11872 -3.76313e+00 | 51 -0.08101  9.25413e-01
 52  0.00229  4.86525e+00 | 53  0.03531  3.95161e-01 | 54 -0.10787  1.03441e+00
 55  0.01196 -7.70723e-02 | 56  0.39182  2.23095e-01 | 57  0.00380  1.57533e+00
57 variables; iteration 140; function evaluation 175; phase 3
Function value 3.6641361e+02; maximum gradient component mag 2.8099e-01
Var    Value     Gradient |Var    Value     Gradient |Var    Value     Gradient
  1  0.15216 -2.99097e-02 |  2 -0.01086 -3.11311e-02 |  3  0.00837 -1.83844e-02
  4  0.05592 -3.14464e-02 |  5  0.04607 -3.24941e-02 |  6  0.00579 -3.33533e-02
  7 -0.00761 -2.00404e-02 |  8  0.01442 -2.96199e-02 |  9  0.00539 -3.93025e-02
 10 -0.04469 -2.91242e-02 | 11  0.00869 -2.99291e-02 | 12  0.01364  9.86861e-04
 13  0.08442 -1.66051e-02 | 14  0.00369  6.66230e-03 | 15  0.01635 -3.13596e-02
 16  0.01662 -1.68176e-02 | 17 -0.03553  1.20821e-02 | 18  0.05447  9.07589e-03
 19  0.07202  5.89574e-03 | 20 -0.05151 -6.13788e-04 | 21 -0.03715  3.83112e-02
 22  0.10903  2.08465e-01 | 23 -0.03925  6.45891e-02 | 24 -0.11888  1.74686e-02
 25 -0.07796  3.87800e-02 | 26 -0.03076  7.77670e-02 | 27 -0.01040  5.99198e-02
 28 -0.00936  2.42402e-02 | 29 -0.01704 -2.29189e-03 | 30 -0.02382 -8.04663e-03
 31 -0.04178 -1.30260e-01 | 32 -0.62522  1.13338e-04 | 33  0.03718 -2.84773e-02
 34  0.53165 -7.93846e-02 | 35 -0.05125 -2.47054e-01 | 36  0.02091 -2.60288e-01
 37 -0.56675  1.30833e-04 | 38  0.03950  1.34294e-01 | 39  0.62891 -1.19861e-01
 40 -0.08273 -5.31615e-02 | 41 -0.28022 -1.52473e-02 | 42 -0.63371  3.99256e-05
 43  1.01411  1.21611e-02 | 44  0.17469  8.84581e-04 | 45  0.19284  2.21681e-02
 46  0.00311  1.52854e-05 | 47  0.01098  5.14843e-05 | 48  0.04202  1.58657e-01
 49 -0.17287  5.76164e-02 | 50  0.11943 -5.22386e-03 | 51 -0.07728  1.18241e-02
 52  0.00102  2.65729e-02 | 53  0.03538  8.46978e-02 | 54 -0.10619  2.09309e-01
 55  0.01206  4.22466e-02 | 56  0.37292  3.34558e-02 | 57  0.00419  2.80991e-01
57 variables; iteration 160; function evaluation 206; phase 3
Function value 3.6641351e+02; maximum gradient component mag 3.2666e-03
Var    Value     Gradient |Var    Value     Gradient |Var    Value     Gradient
  1  0.15215 -1.63964e-04 |  2 -0.01086 -8.86544e-05 |  3  0.00837 -7.78541e-05
  4  0.05592 -4.42570e-05 |  5  0.04606 -4.83932e-05 |  6  0.00580 -1.04536e-04
  7 -0.00762 -1.46584e-04 |  8  0.01442 -1.25531e-04 |  9  0.00539 -1.15113e-04
 10 -0.04469 -7.42554e-05 | 11  0.00870 -2.24145e-05 | 12  0.01361  3.94030e-05
 13  0.08443  3.58470e-04 | 14  0.00365  1.53941e-04 | 15  0.01637  2.49478e-04
 16  0.01662  1.79782e-04 | 17 -0.03555 -9.31276e-06 | 18  0.05449  2.53789e-04
 19  0.07201  5.37920e-05 | 20 -0.05150 -1.33301e-05 | 21 -0.03715 -1.63651e-04
 22  0.10903 -3.20915e-04 | 23 -0.03925 -9.30717e-05 | 24 -0.11886 -1.15530e-04
 25 -0.07795 -1.38875e-04 | 26 -0.03077 -1.29235e-04 | 27 -0.01040 -1.28238e-04
 28 -0.00936 -8.03212e-05 | 29 -0.01703 -5.40878e-05 | 30 -0.02381 -2.67276e-05
 31 -0.04178 -1.59823e-04 | 32 -0.62659  1.07372e-06 | 33  0.03719  2.50256e-04
 34  0.53165  2.74055e-06 | 35 -0.05125  4.53516e-05 | 36  0.02089 -1.09617e-04
 37 -0.56848  2.16654e-05 | 38  0.03949 -2.12487e-04 | 39  0.62919 -1.91349e-04
 40 -0.08285  3.22767e-05 | 41 -0.28022  3.05133e-05 | 42 -0.63370  1.53532e-05
 43  1.01353  4.13633e-05 | 44  0.06146 -2.59950e-06 | 45  0.19284  1.77544e-04
 46  0.00158  1.91422e-06 | 47  0.02067  1.39411e-06 | 48  0.04192  3.26655e-03
 49 -0.17265  2.04323e-03 | 50  0.11940 -1.93667e-04 | 51 -0.07746  4.71420e-05
 52  0.00103  8.99152e-05 | 53  0.03534  1.68477e-04 | 54 -0.10603 -3.34070e-05
 55  0.01202 -6.54238e-05 | 56  0.37074 -1.87420e-05 | 57  0.00422  6.55874e-05
57 variables; iteration 180; function evaluation 226; phase 3
Function value 3.6641351e+02; maximum gradient component mag 1.1071e-03
Var    Value     Gradient |Var    Value     Gradient |Var    Value     Gradient
  1  0.15215 -4.81156e-04 |  2 -0.01086 -9.68623e-05 |  3  0.00837 -5.57406e-05
  4  0.05592  1.21684e-04 |  5  0.04606  7.93248e-05 |  6  0.00580 -4.59860e-05
  7 -0.00762 -7.28045e-05 |  8  0.01442 -6.15614e-05 |  9  0.00539 -4.86148e-05
 10 -0.04469 -3.31310e-05 | 11  0.00870 -4.62204e-05 | 12  0.01361  6.93988e-05
 13  0.08443  2.47061e-04 | 14  0.00365  2.08276e-04 | 15  0.01637  2.40619e-04
 16  0.01662  2.55011e-04 | 17 -0.03555  3.35364e-05 | 18  0.05449  4.86129e-04
 19  0.07201  8.82835e-05 | 20 -0.05150  7.41176e-06 | 21 -0.03715 -1.88238e-04
 22  0.10903 -5.37622e-04 | 23 -0.03925 -1.88899e-04 | 24 -0.11886 -3.05215e-04
 25 -0.07795 -2.89254e-04 | 26 -0.03077 -3.48219e-04 | 27 -0.01040 -2.37237e-04
 28 -0.00936 -9.83260e-05 | 29 -0.01703 -6.28273e-05 | 30 -0.02381 -1.13946e-05
 31 -0.04178 -2.32483e-04 | 32 -0.62661 -9.93692e-07 | 33  0.03719  5.06949e-04
 34  0.53165  8.44893e-05 | 35 -0.05125  2.03109e-04 | 36  0.02089  3.24805e-05
 37 -0.56878 -1.44077e-06 | 38  0.03949 -6.84782e-04 | 39  0.62919 -2.94889e-04
 40 -0.08285  2.43202e-05 | 41 -0.28022  4.96728e-05 | 42 -0.63370  2.81006e-05
 43  1.01353  4.54870e-05 | 44  0.06159 -3.33370e-06 | 45  0.19284  3.61924e-04
 46 -0.00935 -4.95941e-05 | 47  0.02026 -1.24132e-06 | 48  0.04192  1.10713e-03
 49 -0.17295  9.40487e-04 | 50  0.11940 -2.34021e-04 | 51 -0.07603 -1.77369e-04
 52  0.00103  7.12455e-04 | 53  0.03534  1.12141e-05 | 54 -0.10603 -3.50055e-04
 55  0.01202 -1.67598e-04 | 56  0.37074 -6.45672e-05 | 57  0.00422 -4.39020e-04
57 variables; iteration 200; function evaluation 248; phase 3
Function value 3.6641350e+02; maximum gradient component mag 7.9655e-02
Var    Value     Gradient |Var    Value     Gradient |Var    Value     Gradient
  1  0.15215  1.50094e-03 |  2 -0.01086 -2.95971e-04 |  3  0.00837  6.06777e-05
  4  0.05592  1.01752e-03 |  5  0.04606  7.40485e-04 |  6  0.00580  1.80472e-04
  7 -0.00762 -2.29496e-05 |  8  0.01442  2.76575e-04 |  9  0.00539  2.11992e-04
 10 -0.04469 -1.05617e-04 | 11  0.00870 -5.11502e-04 | 12  0.01361  2.46841e-04
 13  0.08443  1.21550e-04 | 14  0.00365  5.10589e-04 | 15  0.01637  5.09811e-04
 16  0.01662  6.11996e-04 | 17 -0.03555 -8.68792e-05 | 18  0.05449  3.70229e-03
 19  0.07201  3.52655e-04 | 20 -0.05150 -3.64821e-04 | 21 -0.03715 -7.64267e-04
 22  0.10903 -2.32138e-03 | 23 -0.03925  7.44840e-04 | 24 -0.11886 -1.36151e-03
 25 -0.07795 -1.36669e-03 | 26 -0.03077 -2.06766e-03 | 27 -0.01040 -1.37183e-03
 28 -0.00936 -8.43374e-04 | 29 -0.01703 -5.15838e-04 | 30 -0.02381  3.31678e-05
 31 -0.04178  1.81038e-05 | 32 -0.62666 -5.28220e-06 | 33  0.03719  1.61914e-03
 34  0.53165  7.18426e-04 | 35 -0.05125  2.08850e-03 | 36  0.02089  1.56407e-03
 37 -0.56894 -1.40252e-05 | 38  0.03949 -3.87807e-03 | 39  0.62919 -6.81737e-04
 40 -0.08285 -1.56869e-04 | 41 -0.28022  3.06547e-04 | 42 -0.63370  1.36623e-04
 43  1.01353  6.91653e-05 | 44  0.06145 -1.32248e-05 | 45  0.19284  1.19350e-03
 46  0.00359  1.09722e-05 | 47  0.01837 -1.20125e-05 | 48  0.04192  7.96551e-02
 49 -0.17648  3.33155e-02 | 50  0.11940 -1.41724e-02 | 51 -0.06157  8.85847e-03
 52  0.00103  1.43664e-02 | 53  0.03533 -7.10336e-04 | 54 -0.10603 -3.00614e-03
 55  0.01202 -8.73551e-04 | 56  0.37071 -4.74805e-04 | 57  0.00422 -4.21682e-03
57 variables; iteration 220; function evaluation 274; phase 3
Function value 3.6641349e+02; maximum gradient component mag 5.1154e-02
Var    Value     Gradient |Var    Value     Gradient |Var    Value     Gradient
  1  0.15216  2.71198e-03 |  2 -0.01086 -2.47930e-04 |  3  0.00837 -8.93486e-05
  4  0.05592  5.21541e-05 |  5  0.04606  3.31027e-05 |  6  0.00580 -5.45737e-05
  7 -0.00762 -1.97440e-04 |  8  0.01442 -2.31188e-05 |  9  0.00539 -2.78082e-05
 10 -0.04469 -1.93849e-04 | 11  0.00870 -3.19427e-04 | 12  0.01361 -4.63824e-05
 13  0.08443  3.91230e-05 | 14  0.00365 -3.16349e-05 | 15  0.01637 -2.04207e-05
 16  0.01662 -1.59547e-04 | 17 -0.03555 -2.53362e-04 | 18  0.05449  1.54463e-03
 19  0.07201 -4.57480e-05 | 20 -0.05150 -3.40005e-04 | 21 -0.03715 -2.50535e-04
 22  0.10903  1.31067e-04 | 23 -0.03925  1.10678e-03 | 24 -0.11886 -1.38343e-04
 25 -0.07795 -2.37411e-04 | 26 -0.03077 -3.34158e-04 | 27 -0.01040 -2.55784e-04
 28 -0.00936 -2.98972e-04 | 29 -0.01703 -2.92562e-04 | 30 -0.02381 -5.76360e-05
 31 -0.04178  1.39477e-04 | 32 -0.62661 -8.18445e-07 | 33  0.03719  8.12819e-05
 34  0.53165  7.57718e-05 | 35 -0.05125  3.09754e-04 | 36  0.02089  2.13419e-04
 37 -0.56878 -1.24405e-06 | 38  0.03949 -5.51581e-04 | 39  0.62919 -1.14052e-04
 40 -0.08286 -1.66980e-05 | 41 -0.28022  9.51404e-05 | 42 -0.63370  1.44330e-05
 43  1.01353  1.86088e-05 | 44  0.06148 -6.50718e-07 | 45  0.19284  1.44396e-04
 46  0.00136  8.87975e-07 | 47  0.02028 -8.48575e-07 | 48  0.04192  5.11543e-02
 49 -0.18488  1.79967e-02 | 50  0.11939 -1.02385e-02 | 51 -0.03773  7.32435e-03
 52  0.00103  8.28568e-03 | 53  0.03534  1.40585e-05 | 54 -0.10603 -3.58990e-04
 55  0.01202 -1.10880e-04 | 56  0.37074 -5.70758e-05 | 57  0.00422 -4.49486e-04
57 variables; iteration 240; function evaluation 301; phase 3
Function value 3.6641346e+02; maximum gradient component mag 1.2314e-01
Var    Value     Gradient |Var    Value     Gradient |Var    Value     Gradient
  1  0.15216  9.77853e-03 |  2 -0.01086 -5.95281e-04 |  3  0.00837 -1.24259e-04
  4  0.05592  1.79743e-05 |  5  0.04606  8.13885e-05 |  6  0.00580 -5.45199e-05
  7 -0.00762 -4.96831e-04 |  8  0.01442  5.45474e-06 |  9  0.00539  1.07412e-05
 10 -0.04469 -5.23157e-04 | 11  0.00870 -9.39029e-04 | 12  0.01361 -3.38851e-04
 13  0.08443 -4.79959e-04 | 14  0.00365 -4.21628e-04 | 15  0.01637 -5.58481e-04
 16  0.01662 -9.73207e-04 | 17 -0.03555 -8.31248e-04 | 18  0.05449  3.83919e-03
 19  0.07201 -4.00626e-04 | 20 -0.05150 -1.01308e-03 | 21 -0.03715 -3.02892e-04
 22  0.10903  1.81834e-03 | 23 -0.03925  3.87813e-03 | 24 -0.11886  5.48426e-05
 25 -0.07795 -2.31413e-04 | 26 -0.03077 -2.86968e-04 | 27 -0.01040 -2.19126e-04
 28 -0.00936 -6.39804e-04 | 29 -0.01703 -7.70970e-04 | 30 -0.02381 -1.63841e-04
 31 -0.04178  1.03795e-04 | 32 -0.62660 -5.09417e-07 | 33  0.03719  3.05452e-05
 34  0.53165  4.48546e-05 | 35 -0.05125  2.23966e-04 | 36  0.02089  7.22320e-04
 37 -0.56877 -6.72670e-07 | 38  0.03949 -7.34614e-04 | 39  0.62919  9.15059e-05
 40 -0.08286  2.17311e-04 | 41 -0.28022  6.55896e-05 | 42 -0.63370  5.31536e-06
 43  1.01353  1.11942e-05 | 44  0.06148 -1.76400e-07 | 45  0.19284  8.06258e-05
 46  0.00127  4.51799e-07 | 47  0.02035 -4.89453e-07 | 48  0.04190  1.23137e-01
 49 -0.20085  2.94272e-02 | 50  0.11939 -3.19590e-02 | 51 -0.01183  2.34035e-02
 52  0.00103  2.47934e-02 | 53  0.03534  2.20367e-05 | 54 -0.10603 -2.14904e-04
 55  0.01202 -6.62940e-05 | 56  0.37074 -3.36671e-05 | 57  0.00422 -2.48621e-04
57 variables; iteration 260; function evaluation 327; phase 3
Function value 3.6641325e+02; maximum gradient component mag 3.2319e-01
Var    Value     Gradient |Var    Value     Gradient |Var    Value     Gradient
  1  0.15216  3.55247e-02 |  2 -0.01086 -1.92440e-03 |  3  0.00836 -2.90236e-04
  4  0.05592 -4.00465e-05 |  5  0.04606  2.82726e-04 |  6  0.00580 -7.47757e-05
  7 -0.00762 -1.64703e-03 |  8  0.01442  1.07968e-04 |  9  0.00539  1.45994e-04
 10 -0.04469 -1.74812e-03 | 11  0.00870 -3.21067e-03 | 12  0.01361 -1.31631e-03
 13  0.08443 -2.08159e-03 | 14  0.00365 -1.74154e-03 | 15  0.01637 -2.31204e-03
 16  0.01662 -3.78927e-03 | 17 -0.03555 -2.94611e-03 | 18  0.05449  1.26394e-02
 19  0.07200 -1.73020e-03 | 20 -0.05150 -3.56221e-03 | 21 -0.03716 -7.20448e-04
 22  0.10903  7.42184e-03 | 23 -0.03924  1.39565e-02 | 24 -0.11886  5.64764e-04
 25 -0.07796 -4.18784e-04 | 26 -0.03077 -4.07632e-04 | 27 -0.01040 -3.20550e-04
 28 -0.00936 -2.00812e-03 | 29 -0.01703 -2.58452e-03 | 30 -0.02381 -5.53805e-04
 31 -0.04178  2.43082e-04 | 32 -0.62660 -1.24886e-07 | 33  0.03719 -1.70825e-04
 34  0.53166  4.74093e-05 | 35 -0.05125  3.10917e-04 | 36  0.02089  2.63560e-03
 37 -0.56876 -7.99144e-09 | 38  0.03949 -1.78767e-03 | 39  0.62919  6.91983e-04
 40 -0.08286  9.83807e-04 | 41 -0.28022 -1.54507e-06 | 42 -0.63370 -2.88045e-06
 43  1.01353  1.97318e-06 | 44  0.06148 -1.54861e-07 | 45  0.19284 -3.69416e-05
 46  0.00119  1.17630e-07 | 47  0.02041 -1.32328e-07 | 48  0.04173  3.23189e-01
 49 -0.25168  2.70159e-02 | 50  0.11933 -1.12228e-01 | 51  0.01833  8.17680e-02
 52  0.00105  8.59639e-02 | 53  0.03534 -2.72543e-05 | 54 -0.10603 -5.37816e-05
 55  0.01202  1.08483e-05 | 56  0.37078 -7.95301e-06 | 57  0.00421 -6.17620e-06
Warning: the following parameters had issues
  selparm[15] is within 0.1% of upper bound: 2.00000e+01 < 8.99921e+01 < 9.00000e+01


 - final statistics:
57 variables; iteration 276; function evaluation 346
Function value 3.6641e+02; maximum gradient component mag 1.2434e-05
Exit code = 1;  converg criter 1.0000e-04
Var    Value     Gradient |Var    Value     Gradient |Var    Value     Gradient
  1  0.15217 -3.93860e-06 |  2 -0.01086  1.54091e-06 |  3  0.00836  9.42590e-07
  4  0.05592  6.29803e-07 |  5  0.04606 -3.38978e-07 |  6  0.00580  1.02525e-06
  7 -0.00762  1.45693e-06 |  8  0.01442  1.83075e-06 |  9  0.00539  1.65547e-06
 10 -0.04469  8.51814e-07 | 11  0.00870 -7.55535e-07 | 12  0.01361 -4.33420e-07
 13  0.08444 -2.56358e-06 | 14  0.00365 -5.87313e-07 | 15  0.01638 -2.14642e-06
 16  0.01662 -1.77328e-06 | 17 -0.03555  4.58446e-08 | 18  0.05451  5.73170e-08
 19  0.07200  1.53316e-07 | 20 -0.05150  4.34992e-07 | 21 -0.03716  1.25044e-06
 22  0.10903  2.90413e-06 | 23 -0.03922  5.61859e-07 | 24 -0.11887  5.87272e-08
 25 -0.07796 -8.30994e-07 | 26 -0.03078 -2.24552e-06 | 27 -0.01040 -7.18080e-07
 28 -0.00936  3.96629e-07 | 29 -0.01704  5.73120e-07 | 30 -0.02381  6.94672e-07
 31 -0.04178 -9.85600e-06 | 32 -0.62660 -5.12084e-10 | 33  0.03718  1.24337e-05
 34  0.53167 -6.40132e-07 | 35 -0.05125 -2.04216e-06 | 36  0.02089 -5.80372e-07
 37 -0.56876 -1.21460e-09 | 38  0.03948 -1.59079e-06 | 39  0.62919 -7.06679e-07
 40 -0.08286 -3.03181e-07 | 41 -0.28023  2.04121e-06 | 42 -0.63371 -7.92602e-07
 43  1.01353  4.16090e-08 | 44  0.06148  1.24668e-08 | 45  0.19284  1.87514e-07
 46  0.00117  4.55251e-10 | 47  0.02043 -2.11605e-10 | 48  0.04142 -1.13007e-06
 49 -0.34996 -1.60175e-09 | 50  0.11923 -1.56351e-08 | 51  0.02872 -6.14482e-07
 52  0.00107 -1.26292e-06 | 53  0.03534  6.67182e-07 | 54 -0.10604 -1.56697e-06
 55  0.01202 -5.14111e-07 | 56  0.37085 -2.01718e-07 | 57  0.00420 -8.14634e-07
Estimating row 1 out of 57 for hessian
Estimating row 2 out of 57 for hessian
Estimating row 3 out of 57 for hessian
Estimating row 4 out of 57 for hessian
Estimating row 5 out of 57 for hessian
Estimating row 6 out of 57 for hessian
Estimating row 7 out of 57 for hessian
Estimating row 8 out of 57 for hessian
Estimating row 9 out of 57 for hessian
Estimating row 10 out of 57 for hessian
Estimating row 11 out of 57 for hessian
Estimating row 12 out of 57 for hessian
Estimating row 13 out of 57 for hessian
Estimating row 14 out of 57 for hessian
Estimating row 15 out of 57 for hessian
Estimating row 16 out of 57 for hessian
Estimating row 17 out of 57 for hessian
Estimating row 18 out of 57 for hessian
Estimating row 19 out of 57 for hessian
Estimating row 20 out of 57 for hessian
Estimating row 21 out of 57 for hessian
Estimating row 22 out of 57 for hessian
Estimating row 23 out of 57 for hessian
Estimating row 24 out of 57 for hessian
Estimating row 25 out of 57 for hessian
Estimating row 26 out of 57 for hessian
Estimating row 27 out of 57 for hessian
Estimating row 28 out of 57 for hessian
Estimating row 29 out of 57 for hessian
Estimating row 30 out of 57 for hessian
Estimating row 31 out of 57 for hessian
Estimating row 32 out of 57 for hessian
Estimating row 33 out of 57 for hessian
Estimating row 34 out of 57 for hessian
Estimating row 35 out of 57 for hessian
Estimating row 36 out of 57 for hessian
Estimating row 37 out of 57 for hessian
Estimating row 38 out of 57 for hessian
Estimating row 39 out of 57 for hessian
Estimating row 40 out of 57 for hessian
Estimating row 41 out of 57 for hessian
Estimating row 42 out of 57 for hessian
Estimating row 43 out of 57 for hessian
Estimating row 44 out of 57 for hessian
Estimating row 45 out of 57 for hessian
Estimating row 46 out of 57 for hessian
Estimating row 47 out of 57 for hessian
Estimating row 48 out of 57 for hessian
Estimating row 49 out of 57 for hessian
Estimating row 50 out of 57 for hessian
Estimating row 51 out of 57 for hessian
Estimating row 52 out of 57 for hessian
Estimating row 53 out of 57 for hessian
Estimating row 54 out of 57 for hessian
Estimating row 55 out of 57 for hessian
Estimating row 56 out of 57 for hessian
Estimating row 57 out of 57 for hessian
size of file gradfil1.tmp = 0
size of file gradfil2.tmp = 0
size of file varssave.tmp = 0
size of file cmpdiff.tmp = 0
