
Initial statistics: 1 variables; iteration 0; function evaluation 0; phase 1
Function value 5.0147026e+02; maximum gradient component mag -8.4251e+02
Var    Value     Gradient |Var    Value     Gradient |Var    Value     Gradient
  1  0.15837 -8.42513e+02 |

 - final statistics:
1 variables; iteration 9; function evaluation 11
Function value 4.8321e+02; maximum gradient component mag -5.7227e+00
Exit code = 1;  converg criter 1.0000e+01
Var    Value     Gradient |Var    Value     Gradient |Var    Value     Gradient
  1  0.29916 -5.72273e+00 |

Initial statistics: 12 variables; iteration 0; function evaluation 0; phase 2
Function value 4.8320503e+02; maximum gradient component mag 4.4895e+02
Var    Value     Gradient |Var    Value     Gradient |Var    Value     Gradient
  1  0.29916 -5.72273e+00 |  2 -0.04342  4.48948e+02 |  3 -0.62927  6.36496e-03
  4  0.02201  3.28023e+02 |  5 -0.56493  1.45377e-02 |  6 -0.28362  5.45679e+01
  7  0.98630  9.35340e-02 |  8  0.06149 -2.21785e-04 |  9  0.05821  1.05795e+02
 10 -0.22104  1.20079e+01 | 11  0.04178  3.35227e+01 | 12 -0.11446  3.09700e+01

 - final statistics:
12 variables; iteration 14; function evaluation 21
Function value 4.7591e+02; maximum gradient component mag 8.9500e+00
Exit code = 1;  converg criter 1.0000e+01
Var    Value     Gradient |Var    Value     Gradient |Var    Value     Gradient
  1  0.56048 -5.87319e-01 |  2 -0.05661  4.36382e+00 |  3 -0.62364 -7.11184e-04
  4  0.00697 -7.45980e-02 |  5 -0.57360  8.49451e-04 |  6 -0.29724  1.73483e-01
  7  0.97387 -9.28645e-03 |  8  0.06209  1.78126e-04 |  9  0.04748  8.95001e+00
 10 -0.18695 -7.45451e-01 | 11  0.03791 -2.61645e-01 | 12 -0.13147  5.01945e-01

Initial statistics: 56 variables; iteration 0; function evaluation 0; phase 3
Function value 4.7591467e+02; maximum gradient component mag 4.1191e+02
Var    Value     Gradient |Var    Value     Gradient |Var    Value     Gradient
  1  0.56048 -5.87319e-01 |  2  0.00000  4.46774e+01 |  3  0.00000  4.66981e+00
  4  0.00000 -4.89970e+01 |  5  0.00000 -3.14977e+01 |  6  0.00000  3.96192e+01
  7  0.00000  1.04760e+02 |  8  0.00000  1.40071e+02 |  9  0.00000  1.67283e+02
 10  0.00000  1.67448e+02 | 11  0.00000  4.53158e+01 | 12  0.00000 -1.23516e+02
 13  0.00000 -2.62043e+02 | 14  0.00000 -2.48962e+02 | 15  0.00000 -2.33861e+02
 16  0.00000 -2.08052e+02 | 17  0.00000 -2.21376e+02 | 18  0.00000 -3.71150e+02
 19  0.00000 -3.33062e+02 | 20  0.00000 -8.35229e+01 | 21  0.00000 -4.53869e+01
 22  0.00000 -9.24423e+01 | 23  0.00000  1.57222e+02 | 24  0.00000  4.11906e+02
 25  0.00000  4.02059e+02 | 26  0.00000  3.31279e+02 | 27  0.00000  1.99061e+02
 28  0.00000  6.68789e+01 | 29  0.00000  2.16183e+01 | 30 -0.05661  4.36382e+00
 31 -0.62364 -7.11184e-04 | 32  0.03661  2.46392e+01 | 33  0.53204 -3.84046e-02
 34 -0.05270  1.13283e+02 | 35  0.00697 -7.45980e-02 | 36 -0.57360  8.49451e-04
 37  0.04045  2.16988e+01 | 38  0.63422  5.00356e-01 | 39 -0.08768 -1.84604e+01
 40 -0.29724  1.73483e-01 | 41 -0.63506  4.95133e+00 | 42  0.97387 -9.28645e-03
 43  0.06209  1.78126e-04 | 44  0.19333 -4.33543e+01 | 45  0.00116 -2.97751e-06
 46  0.02001 -8.62436e-05 | 47  0.04748  8.95001e+00 | 48 -0.18695 -7.45451e-01
 49  0.12623 -1.44398e+01 | 50 -0.08888 -2.29388e-01 | 51 -0.00339 -1.43304e+01
 52  0.03791 -2.61645e-01 | 53 -0.13147  5.01945e-01 | 54  0.00689 -1.50684e+01
 55  0.41494  1.63256e+00 | 56  0.00104  6.39414e+01 |

Intermediate statistics: 56 variables; iteration 20; function evaluation 27; phase 3
Function value 4.0465242e+02; maximum gradient component mag -7.0061e+02
Var    Value     Gradient |Var    Value     Gradient |Var    Value     Gradient
  1  0.55263  5.12131e-01 |  2 -0.02609 -1.44923e+01 |  3  0.00833  3.20812e+00
  4  0.08562  4.43201e+01 |  5  0.07409  3.75977e+01 |  6  0.02198  5.03465e+00
  7 -0.00192 -1.53527e+01 |  8  0.00303 -3.44211e+01 |  9  0.02464 -4.40545e+01
 10 -0.07689 -5.54559e+01 | 11  0.00414 -7.32130e+01 | 12  0.00833 -1.53051e+01
 13  0.14175  5.45065e+01 | 14 -0.06497 -2.91311e+01 | 15  0.05611 -3.82285e+01
 16  0.03215 -8.40444e+01 | 17 -0.23614 -8.83043e+01 | 18  0.11199  2.85372e+01
 19  0.09503  1.02405e+02 | 20 -0.14493 -3.16829e+01 | 21 -0.01837  3.48497e+01
 22  0.14238  1.54960e+02 | 23 -0.01212  5.55682e+01 | 24 -0.09204  4.86285e+01
 25 -0.05710  6.61321e+01 | 26 -0.01369  7.74145e+01 | 27 -0.00185  4.14065e+01
 28 -0.03385  4.91392e+00 | 29 -0.02787 -2.57107e+00 | 30 -0.05719  6.56054e+02
 31 -0.62364  7.25177e-03 | 32  0.01850 -7.00611e+02 | 33  0.54783  6.82528e+01
 34 -0.04727  3.23133e+02 | 35  0.00583  1.33234e+02 | 36 -0.57360  1.66090e-03
 37  0.03083 -1.83782e+02 | 38  0.65695 -6.61996e+00 | 39 -0.24988 -3.29094e-01
 40 -0.30301  1.30877e+00 | 41 -0.68356 -7.30832e+00 | 42  0.97569 -1.37011e-01
 43  0.06209  2.16885e-04 | 44  0.20459  1.51838e+00 | 45  0.00116 -4.74075e-07
 46  0.02001 -3.45946e-05 | 47  0.01860 -2.80552e+01 | 48 -0.14158 -4.66674e+00
 49  0.13032  7.54822e+01 | 50 -0.07554 -5.17066e-01 | 51 -0.01270 -3.62751e+01
 52  0.04144 -3.58964e+01 | 53 -0.11487  2.70303e+01 | 54  0.03322  6.35051e+01
 55  0.42513  3.82371e+00 | 56 -0.02651  2.79062e+01 |
56 variables; iteration 40; function evaluation 56; phase 3
Function value 3.7851498e+02; maximum gradient component mag -1.4944e+02
Var    Value     Gradient |Var    Value     Gradient |Var    Value     Gradient
  1  0.20856  1.48332e+01 |  2 -0.01431 -3.53379e+00 |  3  0.00669 -4.89292e+00
  4  0.06047 -6.59966e+00 |  5  0.04480 -8.85332e+00 |  6  0.01433  6.65938e-01
  7 -0.00553  3.01280e-01 |  8  0.02139  3.81788e+00 |  9 -0.00145  8.49562e+00
 10 -0.01270  3.36659e+01 | 11  0.00048 -2.89337e+00 | 12  0.00403 -9.10566e+00
 13  0.11302 -1.11459e+01 | 14 -0.05536 -3.49563e+01 | 15  0.04459 -1.57446e+00
 16  0.04631 -1.70637e+00 | 17 -0.15705 -5.90414e+01 | 18  0.10032  1.03194e+01
 19  0.06465 -1.87188e+01 | 20 -0.09982 -3.03917e+01 | 21 -0.00948  2.08374e+01
 22  0.12226  5.52563e+01 | 23 -0.03235  1.32318e+01 | 24 -0.10317  2.47496e+01
 25 -0.07707  3.04911e+01 | 26 -0.01896  5.85720e+01 | 27 -0.00083  4.24133e+01
 28 -0.02776  7.23070e+00 | 29 -0.02555 -1.61682e+00 | 30 -0.05540  3.79721e+01
 31 -0.62382 -1.31333e-03 | 32  0.03020 -9.49168e+01 | 33  0.53829 -1.13371e+01
 34 -0.05516  4.77944e+00 | 35  0.00277 -1.49441e+02 | 36 -0.57369 -6.20659e-03
 37  0.03584  1.15024e+02 | 38  0.66700 -2.81562e+01 | 39 -0.21253 -1.02340e+00
 40 -0.30036 -3.24698e+01 | 41 -0.68650 -5.28942e+00 | 42  1.04436  3.49533e-01
 43  0.06193  1.12464e-04 | 44  0.20037 -4.17496e+00 | 45  0.00116 -7.33039e-08
 46  0.02003 -2.09028e-05 | 47  0.01564  7.24981e+01 | 48 -0.13446  1.08660e+02
 49  0.12233  4.67563e+01 | 50 -0.11698  4.81895e+00 | 51 -0.00954 -1.96933e+01
 52  0.04225 -2.13317e+01 | 53 -0.13374 -1.19460e-01 | 54  0.02450  2.76421e+01
 55  0.48348  9.14154e-01 | 56 -0.01828  9.15475e+00 |
56 variables; iteration 60; function evaluation 87; phase 3
Function value 3.6764057e+02; maximum gradient component mag -4.2446e+01
Var    Value     Gradient |Var    Value     Gradient |Var    Value     Gradient
  1  0.16226 -7.27613e+00 |  2 -0.01609 -2.70675e+00 |  3  0.00896  6.42588e-01
  4  0.05822  3.03672e+00 |  5  0.04860 -2.72371e-01 |  6  0.00524 -4.73900e+00
  7 -0.00830 -7.97452e+00 |  8  0.01319 -1.38849e+01 |  9  0.00373 -1.38822e+01
 10 -0.04420 -7.20748e+00 | 11  0.00657 -8.71088e+00 | 12  0.01347 -4.45523e+00
 13  0.08610 -1.40621e+00 | 14  0.00293 -6.26796e-02 | 15  0.02004  2.81775e+00
 16  0.01616  5.56707e+00 | 17 -0.03274  1.02306e+01 | 18  0.06062  2.30813e+01
 19  0.07178  2.35569e+01 | 20 -0.05732  3.20375e+00 | 21 -0.03596  6.56233e+00
 22  0.11273  1.35518e+01 | 23 -0.03454 -2.57456e+00 | 24 -0.12451 -4.06672e+00
 25 -0.08204 -2.33031e+00 | 26 -0.03116  1.87878e+00 | 27 -0.00943  2.47905e+00
 28 -0.02860  8.87635e-01 | 29 -0.02289  4.60873e-01 | 30 -0.04801 -1.07205e+01
 31 -0.62697 -3.23725e-04 | 32  0.03459  1.56946e+00 | 33  0.55484 -4.29338e+00
 34 -0.05860 -3.57142e+01 | 35  0.01318 -3.46556e+01 | 36 -0.58038 -1.73366e-03
 37  0.03687  2.55925e+01 | 38  0.66802 -8.64361e+00 | 39 -0.27044 -1.04323e-01
 40 -0.28767 -4.58767e+00 | 41 -0.65600  9.31037e-01 | 42  0.99728  5.29938e-01
 43  0.06185  1.72024e-04 | 44  0.19930  6.88423e+00 | 45  0.00119  1.38549e-06
 46  0.02018  2.41789e-06 | 47  0.01088 -4.24459e+01 | 48 -0.13446 -2.64353e+01
 49  0.11224  2.79552e+01 | 50 -0.08437 -2.42240e+00 | 51 -0.00284 -1.60755e+01
 52  0.04054 -4.45407e+00 | 53 -0.13396 -4.20320e+00 | 54  0.01801  3.46213e+00
 55  0.50199 -1.47260e-02 | 56 -0.00146 -2.00417e+00 |
56 variables; iteration 80; function evaluation 116; phase 3
Function value 3.6700289e+02; maximum gradient component mag 8.7458e+01
Var    Value     Gradient |Var    Value     Gradient |Var    Value     Gradient
  1  0.15112  7.84241e+00 |  2 -0.01078 -1.33453e-01 |  3  0.01021 -4.63542e-02
  4  0.05496 -4.11014e-01 |  5  0.04705 -4.66407e-01 |  6  0.00469 -3.13113e-01
  7 -0.00691  2.73746e-01 |  8  0.01435 -2.77953e-01 |  9  0.00494 -3.36180e-02
 10 -0.04443  3.27643e-01 | 11  0.00924  9.29845e-01 | 12  0.01267  3.70677e-01
 13  0.08470  1.72138e+00 | 14  0.00187 -1.32496e-01 | 15  0.01700  4.75264e-01
 16  0.01620 -1.02263e+00 | 17 -0.03530 -8.58455e-01 | 18  0.05398 -4.42523e+00
 19  0.07148 -8.36084e-01 | 20 -0.05102  3.24867e-01 | 21 -0.03766 -6.74496e-02
 22  0.10841  1.70905e+00 | 23 -0.03775  1.08447e+00 | 24 -0.11980  6.42928e-01
 25 -0.07773  3.25998e-01 | 26 -0.03091 -4.93713e-01 | 27 -0.00912 -6.16640e-01
 28 -0.02714 -2.72420e-01 | 29 -0.02321 -2.12607e-01 | 30 -0.04157  6.34722e-01
 31 -0.63510 -1.03294e-03 | 32  0.03747 -5.61536e-01 | 33  0.53105  4.90627e-02
 34 -0.04945  8.45970e+00 | 35  0.01708  4.80913e+00 | 36 -0.58836 -2.56007e-04
 37  0.03747  7.28974e-01 | 38  0.67229  4.58341e+00 | 39 -0.15193 -1.23551e+00
 40 -0.28277  7.25020e-01 | 41 -0.65221  5.65682e-02 | 42  1.01329 -5.04975e-03
 43  0.06184  1.65228e-04 | 44  0.19577  6.72567e-02 | 45  0.00113  1.27587e-06
 46  0.01843 -3.21904e-07 | 47  0.04027  8.74581e+01 | 48 -0.15885  5.80689e+01
 49  0.11939 -1.66468e-01 | 50 -0.18313  2.13816e+00 | 51 -0.00075  1.56486e+00
 52  0.03907  6.54451e-01 | 53 -0.09838  2.99883e+00 | 54  0.01487 -3.96371e-01
 55  0.26970  1.40805e-01 | 56  0.01157  2.38981e+00 |
56 variables; iteration 100; function evaluation 142; phase 3
Function value 3.6672033e+02; maximum gradient component mag 1.8438e+00
Var    Value     Gradient |Var    Value     Gradient |Var    Value     Gradient
  1  0.15191 -7.15721e-02 |  2 -0.01109  2.82189e-02 |  3  0.00963  9.73784e-03
  4  0.05512  8.61157e-03 |  5  0.04734  7.32814e-02 |  6  0.00485  6.51606e-02
  7 -0.00759  4.66056e-02 |  8  0.01461  5.80237e-02 |  9  0.00501  8.13077e-02
 10 -0.04431  7.28335e-02 | 11  0.00868  1.19866e-01 | 12  0.01362  8.43592e-02
 13  0.08439  1.68422e-01 | 14  0.00321  3.62642e-02 | 15  0.01629 -2.03565e-02
 16  0.01675 -8.78021e-02 | 17 -0.03638 -2.63318e-02 | 18  0.05588 -2.46147e-01
 19  0.07057 -2.35031e-01 | 20 -0.05148 -7.80810e-02 | 21 -0.03741 -5.88869e-02
 22  0.10855 -2.20480e-01 | 23 -0.03722 -5.14030e-02 | 24 -0.12035  1.56926e-02
 25 -0.07822  1.97388e-02 | 26 -0.03085  2.28985e-02 | 27 -0.00911  1.63991e-02
 28 -0.02736  1.59170e-02 | 29 -0.02311  1.37378e-02 | 30 -0.04241  2.09315e-02
 31 -0.62313  6.91499e-05 | 32  0.03705  1.29144e-01 | 33  0.53574  8.32264e-02
 34 -0.05104  1.08736e-01 | 35  0.02124 -4.13555e-01 | 36 -0.56588  1.79949e-04
 37  0.03959  2.38812e-01 | 38  0.62877 -1.21619e-01 | 39 -0.08237 -7.61473e-02
 40 -0.28332  8.26590e-05 | 41 -0.65304  2.14966e-03 | 42  1.01344 -2.48913e-03
 43  0.06145  2.37385e-06 | 44  0.19595 -1.05360e-02 | 45  0.00114 -2.16894e-08
 46  0.01869 -2.13123e-06 | 47  0.03298  1.84375e+00 | 48 -0.15155  1.78360e+00
 49  0.11701  2.61009e-03 | 50 -0.14347  1.03951e-01 | 51 -0.00031 -7.32476e-03
 52  0.03930  1.66637e-01 | 53 -0.10405  4.94489e-01 | 54  0.01535 -3.95892e-02
 55  0.34334 -2.42790e-02 | 56  0.00907 -1.37101e-01 |
56 variables; iteration 120; function evaluation 162; phase 3
Function value 3.6671911e+02; maximum gradient component mag 1.6816e-02
Var    Value     Gradient |Var    Value     Gradient |Var    Value     Gradient
  1  0.15193  7.60256e-04 |  2 -0.01110 -3.12583e-04 |  3  0.00963 -1.31015e-04
  4  0.05514  2.77716e-04 |  5  0.04731 -5.12491e-04 |  6  0.00484 -5.61767e-04
  7 -0.00758 -5.84527e-04 |  8  0.01462 -4.72849e-04 |  9  0.00501 -4.55306e-04
 10 -0.04431 -8.55375e-05 | 11  0.00867 -1.52186e-04 | 12  0.01365  1.75271e-04
 13  0.08436 -2.64139e-05 | 14  0.00324  2.58195e-04 | 15  0.01629  5.24864e-04
 16  0.01680  6.42347e-04 | 17 -0.03645  3.77769e-04 | 18  0.05594  2.14103e-03
 19  0.07058  1.99210e-03 | 20 -0.05149  5.10482e-04 | 21 -0.03742  1.86393e-05
 22  0.10859  2.07744e-04 | 23 -0.03722  5.24608e-05 | 24 -0.12035 -4.25075e-04
 25 -0.07822 -3.27574e-04 | 26 -0.03085 -5.74441e-04 | 27 -0.00910 -4.32820e-04
 28 -0.02740 -2.31837e-04 | 29 -0.02316 -1.83174e-05 | 30 -0.04238  2.66428e-03
 31 -0.62389 -1.42969e-06 | 32  0.03706 -2.15086e-03 | 33  0.53550  3.25709e-04
 34 -0.05103  3.96215e-03 | 35  0.02123  1.76906e-03 | 36 -0.56857 -8.17222e-07
 37  0.03959 -1.08309e-03 | 38  0.62894  3.44208e-04 | 39 -0.08246 -2.50491e-05
 40 -0.28334  8.02815e-04 | 41 -0.65306 -1.71953e-04 | 42  1.01356  1.18404e-06
 43  0.06144 -2.97678e-07 | 44  0.19596 -5.67908e-05 | 45  0.00115 -1.15571e-08
 46  0.01895 -7.08132e-07 | 47  0.03389  1.68165e-02 | 48 -0.15246  1.66864e-02
 49  0.11732 -8.51806e-04 | 50 -0.14815  2.17855e-04 | 51 -0.00042  5.05403e-04
 52  0.03933  4.61661e-04 | 53 -0.10681  1.42204e-03 | 54  0.01540  3.88619e-05
 55  0.37076  1.24489e-04 | 56  0.00860  2.32355e-04 |
56 variables; iteration 140; function evaluation 183; phase 3
Function value 3.6671910e+02; maximum gradient component mag 1.3927e-01
Var    Value     Gradient |Var    Value     Gradient |Var    Value     Gradient
  1  0.15193  1.34749e-02 |  2 -0.01110 -4.51713e-04 |  3  0.00963  3.03091e-04
  4  0.05515  2.90406e-03 |  5  0.04731  4.54088e-04 |  6  0.00484  1.98341e-03
  7 -0.00758  3.41266e-03 |  8  0.01463  8.41601e-03 |  9  0.00501  7.56067e-03
 10 -0.04431  4.51886e-03 | 11  0.00867 -1.03560e-03 | 12  0.01365 -4.52790e-03
 13  0.08435 -3.04754e-02 | 14  0.00325 -5.70341e-03 | 15  0.01628 -1.60914e-02
 16  0.01680 -6.31809e-03 | 17 -0.03646 -1.74732e-03 | 18  0.05594  1.03942e-02
 19  0.07058  3.31875e-03 | 20 -0.05149  1.37045e-03 | 21 -0.03742  1.83326e-03
 22  0.10859  9.09173e-03 | 23 -0.03722  5.54859e-03 | 24 -0.12034  4.33373e-03
 25 -0.07822  5.70827e-03 | 26 -0.03085  3.00857e-03 | 27 -0.00910  1.96039e-03
 28 -0.02740 -3.56745e-05 | 29 -0.02316 -5.86563e-05 | 30 -0.04238  9.89628e-03
 31 -0.62546 -1.38781e-04 | 32  0.03706 -9.74038e-03 | 33  0.53549  4.49932e-04
 34 -0.05102  2.49909e-02 | 35  0.02123  1.26524e-02 | 36 -0.56749  8.41516e-05
 37  0.03959 -9.69376e-03 | 38  0.62894  9.34980e-04 | 39 -0.08246  4.08364e-04
 40 -0.28333 -6.26311e-04 | 41 -0.65305  1.32343e-04 | 42  1.01355 -2.15490e-04
 43  0.06130 -9.15122e-06 | 44  0.19596 -4.75855e-04 | 45  0.00122  3.71963e-07
 46  0.02609  4.06360e-05 | 47  0.03390  1.39273e-01 | 48 -0.15345  1.05758e-01
 49  0.11732 -1.38568e-02 | 50 -0.13253  6.87902e-03 | 51 -0.00042  4.53564e-03
 52  0.03933 -7.48874e-04 | 53 -0.10681  2.29134e-03 | 54  0.01540  1.65020e-03
 55  0.37072  8.00216e-05 | 56  0.00860 -8.06214e-04 |
56 variables; iteration 160; function evaluation 207; phase 3
Function value 3.6671908e+02; maximum gradient component mag 4.6535e-02
Var    Value     Gradient |Var    Value     Gradient |Var    Value     Gradient
  1  0.15193 -3.64283e-04 |  2 -0.01110 -2.72224e-04 |  3  0.00963 -3.22859e-04
  4  0.05515  3.35385e-04 |  5  0.04731 -1.31333e-03 |  6  0.00484 -1.86819e-03
  7 -0.00758 -2.51822e-03 |  8  0.01462 -4.22223e-03 |  9  0.00501 -4.20737e-03
 10 -0.04431 -1.78831e-03 | 11  0.00867 -1.08559e-03 | 12  0.01365  1.12108e-03
 13  0.08437  4.77821e-03 | 14  0.00324  5.09877e-04 | 15  0.01629  3.11124e-03
 16  0.01679  1.92903e-03 | 17 -0.03645 -3.77981e-05 | 18  0.05594  7.62687e-04
 19  0.07058  1.66412e-03 | 20 -0.05149 -1.33756e-04 | 21 -0.03742  2.56513e-05
 22  0.10859  2.09372e-03 | 23 -0.03722  7.65774e-04 | 24 -0.12035 -9.83457e-04
 25 -0.07822 -3.82359e-04 | 26 -0.03085  6.72980e-04 | 27 -0.00910  5.38673e-04
 28 -0.02740 -3.70501e-04 | 29 -0.02316 -1.26000e-04 | 30 -0.04238 -1.74714e-03
 31 -0.62386  5.96130e-07 | 32  0.03706  3.46360e-03 | 33  0.53550  3.36721e-04
 34 -0.05103  2.34918e-03 | 35  0.02123 -1.17006e-03 | 36 -0.56872 -1.25837e-05
 37  0.03959 -2.87147e-04 | 38  0.62894 -5.59127e-05 | 39 -0.08246 -7.13465e-05
 40 -0.28334  9.64946e-04 | 41 -0.65306 -4.77786e-04 | 42  1.01356  9.43853e-05
 43  0.06155  1.02693e-05 | 44  0.19596  1.12647e-03 | 45  0.00102 -7.50370e-07
 46  0.01278 -3.51284e-05 | 47  0.03390  4.65348e-02 | 48 -0.15603  3.37283e-02
 49  0.11732 -4.74980e-03 | 50 -0.10357  3.15448e-03 | 51 -0.00042  4.86484e-03
 52  0.03933 -8.33966e-06 | 53 -0.10681  3.23442e-04 | 54  0.01540 -9.55353e-04
 55  0.37076 -1.15503e-05 | 56  0.00860 -9.93210e-04 |
56 variables; iteration 180; function evaluation 231; phase 3
Function value 3.6671907e+02; maximum gradient component mag 4.5761e-02
Var    Value     Gradient |Var    Value     Gradient |Var    Value     Gradient
  1  0.15193  8.09920e-04 |  2 -0.01110 -3.24855e-04 |  3  0.00963 -2.56022e-04
  4  0.05514 -5.68620e-04 |  5  0.04731 -6.06559e-04 |  6  0.00484 -9.08565e-04
  7 -0.00758 -1.23856e-03 |  8  0.01462 -1.90674e-03 |  9  0.00501 -1.63071e-03
 10 -0.04431 -7.96304e-04 | 11  0.00867  1.02275e-04 | 12  0.01365  1.09994e-03
 13  0.08437  5.49387e-03 | 14  0.00324  1.52501e-03 | 15  0.01629  3.56095e-03
 16  0.01679  1.83200e-03 | 17 -0.03645  9.21688e-04 | 18  0.05594  2.18502e-03
 19  0.07058  2.44102e-03 | 20 -0.05149  2.91682e-04 | 21 -0.03742 -5.70561e-04
 22  0.10859 -2.47849e-03 | 23 -0.03722 -6.94565e-04 | 24 -0.12035 -1.57681e-03
 25 -0.07822 -1.95927e-03 | 26 -0.03085 -1.85323e-03 | 27 -0.00910 -1.24230e-03
 28 -0.02740 -4.34528e-04 | 29 -0.02316 -2.81871e-05 | 30 -0.04238 -1.10940e-04
 31 -0.62373  1.22436e-05 | 32  0.03706  4.99110e-04 | 33  0.53550  2.22778e-04
 34 -0.05103  1.00375e-03 | 35  0.02123 -1.94880e-03 | 36 -0.56876 -1.59202e-05
 37  0.03959  2.35373e-03 | 38  0.62894 -5.13021e-05 | 39 -0.08246 -6.84830e-05
 40 -0.28334  7.07933e-04 | 41 -0.65306 -2.00101e-04 | 42  1.01356  7.81875e-05
 43  0.06174  1.40894e-06 | 44  0.19596  2.71372e-04 | 45  0.00123 -1.56866e-06
 46 -0.01225 -1.58204e-04 | 47  0.03390  4.57610e-02 | 48 -0.15930  3.01617e-02
 49  0.11732 -4.66809e-03 | 50 -0.07878  4.33155e-03 | 51 -0.00042  5.94696e-03
 52  0.03933  2.62360e-04 | 53 -0.10682 -4.02596e-05 | 54  0.01540 -5.90124e-04
 55  0.37076 -4.33259e-05 | 56  0.00860 -1.05030e-03 |
56 variables; iteration 200; function evaluation 253; phase 3
Function value 3.6671906e+02; maximum gradient component mag 5.0631e-02
Var    Value     Gradient |Var    Value     Gradient |Var    Value     Gradient
  1  0.15193  4.74190e-03 |  2 -0.01110  1.04408e-04 |  3  0.00963  2.73201e-04
  4  0.05514  5.80884e-04 |  5  0.04731  9.20122e-04 |  6  0.00484  1.33627e-03
  7 -0.00758  1.66008e-03 |  8  0.01462  3.21429e-03 |  9  0.00501  2.90125e-03
 10 -0.04431  1.38984e-03 | 11  0.00867 -1.05836e-04 | 12  0.01365 -1.48871e-03
 13  0.08436 -8.01577e-03 | 14  0.00324 -1.81015e-03 | 15  0.01629 -4.88171e-03
 16  0.01680 -2.64237e-03 | 17 -0.03645 -1.04463e-03 | 18  0.05594  8.56853e-04
 19  0.07058 -1.84944e-03 | 20 -0.05149 -4.21959e-04 | 21 -0.03742  2.67411e-04
 22  0.10859  2.34198e-03 | 23 -0.03722  2.27020e-03 | 24 -0.12034  1.67872e-03
 25 -0.07822  1.80108e-03 | 26 -0.03085  1.14109e-03 | 27 -0.00910  6.74579e-04
 28 -0.02740  7.85792e-05 | 29 -0.02316  2.36031e-05 | 30 -0.04238  1.84847e-03
 31 -0.62409 -1.95159e-05 | 32  0.03706 -2.17535e-03 | 33  0.53550  2.80106e-06
 34 -0.05103  2.20301e-03 | 35  0.02123  3.27220e-03 | 36 -0.56829  2.04051e-05
 37  0.03959 -2.86916e-03 | 38  0.62894  1.56057e-04 | 39 -0.08246  1.78503e-04
 40 -0.28333 -6.94350e-04 | 41 -0.65305  2.42000e-04 | 42  1.01356 -9.57699e-05
 43  0.06173  7.24197e-05 | 44  0.19596 -4.31581e-04 | 45 -0.00142 -1.18105e-05
 46  0.00875 -5.65182e-05 | 47  0.03390  5.06310e-02 | 48 -0.16256  2.96959e-02
 49  0.11732 -8.36668e-03 | 50 -0.06103  5.76061e-03 | 51 -0.00042  5.15023e-03
 52  0.03933 -1.49554e-04 | 53 -0.10682 -6.49564e-05 | 54  0.01540  6.05422e-04
 55  0.37077  4.38264e-06 | 56  0.00860  1.76693e-04 |
56 variables; iteration 220; function evaluation 278; phase 3
Function value 3.6671905e+02; maximum gradient component mag 1.3046e-01
Var    Value     Gradient |Var    Value     Gradient |Var    Value     Gradient
  1  0.15193  7.59258e-03 |  2 -0.01110 -6.37018e-04 |  3  0.00963 -2.38234e-04
  4  0.05514 -3.51395e-04 |  5  0.04731 -4.45440e-04 |  6  0.00484 -8.17924e-04
  7 -0.00758 -1.50895e-03 |  8  0.01462 -1.92328e-03 |  9  0.00501 -1.74710e-03
 10 -0.04431 -1.38205e-03 | 11  0.00867 -9.30391e-04 | 12  0.01365  4.93136e-04
 13  0.08437  4.18339e-03 | 14  0.00324  5.66532e-04 | 15  0.01629  2.25794e-03
 16  0.01679  4.91992e-04 | 17 -0.03645 -2.34614e-04 | 18  0.05594  3.47911e-03
 19  0.07058  3.94937e-04 | 20 -0.05149 -9.25255e-04 | 21 -0.03742 -4.39690e-04
 22  0.10859  8.03070e-04 | 23 -0.03722  3.11709e-03 | 24 -0.12035 -8.25214e-04
 25 -0.07822 -1.27564e-03 | 26 -0.03085 -9.25692e-04 | 27 -0.00910 -8.21379e-04
 28 -0.02740 -9.02239e-04 | 29 -0.02316 -1.69418e-04 | 30 -0.04238 -9.96071e-04
 31 -0.62374  1.18174e-05 | 32  0.03706  1.24772e-03 | 33  0.53551  2.27970e-05
 34 -0.05103 -1.19996e-03 | 35  0.02123 -1.08682e-03 | 36 -0.56871 -1.18132e-05
 37  0.03959  1.03865e-03 | 38  0.62894  1.12622e-04 | 39 -0.08246  1.84913e-04
 40 -0.28334  4.22273e-04 | 41 -0.65306 -1.54865e-04 | 42  1.01356  5.77898e-05
 43  0.06184  1.49276e-04 | 44  0.19596  2.47599e-04 | 45 -0.01083 -5.53055e-05
 46  0.02186  1.73701e-05 | 47  0.03390  1.30462e-01 | 48 -0.16896  6.49888e-02
 49  0.11732 -2.55550e-02 | 50 -0.03661  2.01300e-02 | 51 -0.00042  2.36260e-02
 52  0.03933  9.65022e-05 | 53 -0.10682  4.16933e-05 | 54  0.01540 -3.85152e-04
 55  0.37077 -3.01294e-06 | 56  0.00860 -1.07865e-04 |
56 variables; iteration 240; function evaluation 304; phase 3
Function value 3.6671896e+02; maximum gradient component mag 1.5691e-01
Var    Value     Gradient |Var    Value     Gradient |Var    Value     Gradient
  1  0.15193  1.53635e-02 |  2 -0.01110 -7.84102e-04 |  3  0.00963 -3.63078e-05
  4  0.05514  1.59440e-04 |  5  0.04731  3.59869e-04 |  6  0.00484  3.68810e-04
  7 -0.00758 -1.56598e-04 |  8  0.01462  1.05845e-03 |  9  0.00501  9.83375e-04
 10 -0.04431 -3.65049e-04 | 11  0.00867 -1.44545e-03 | 12  0.01365 -1.07876e-03
 13  0.08436 -3.51845e-03 | 14  0.00324 -1.33076e-03 | 15  0.01629 -2.59554e-03
 16  0.01680 -2.42336e-03 | 17 -0.03645 -1.49661e-03 | 18  0.05594  5.53000e-03
 19  0.07058 -1.58777e-03 | 20 -0.05149 -1.72784e-03 | 21 -0.03742 -1.86727e-04
 22  0.10859  4.00027e-03 | 23 -0.03722  6.77064e-03 | 24 -0.12035  8.51238e-04
 25 -0.07822  3.74610e-04 | 26 -0.03085  1.14814e-04 | 27 -0.00910 -3.13872e-04
 28 -0.02740 -1.11767e-03 | 29 -0.02316 -2.38340e-04 | 30 -0.04238  4.31788e-04
 31 -0.62400 -1.10013e-05 | 32  0.03706 -7.75642e-04 | 33  0.53550 -1.15217e-04
 34 -0.05103  1.84620e-04 | 35  0.02123  2.09722e-03 | 36 -0.56843  9.52891e-06
 37  0.03959 -1.63077e-03 | 38  0.62894  3.61720e-04 | 39 -0.08246  4.69391e-04
 40 -0.28334 -3.18281e-04 | 41 -0.65306  9.14337e-05 | 42  1.01356 -2.87229e-05
 43  0.06012 -1.16776e-04 | 44  0.19596 -1.91347e-04 | 45  0.03859  1.67746e-04
 46  0.01838 -3.62899e-06 | 47  0.03387  1.56908e-01 | 48 -0.18590  5.46937e-02
 49  0.11731 -4.31234e-02 | 50 -0.00152  3.29157e-02 | 51 -0.00041  3.70116e-02
 52  0.03933 -1.45002e-04 | 53 -0.10682  9.11712e-05 | 54  0.01540  3.04841e-04
 55  0.37077  2.08141e-05 | 56  0.00860  4.62262e-04 |
56 variables; iteration 260; function evaluation 326; phase 3
Function value 3.6671783e+02; maximum gradient component mag -2.9547e-01
Var    Value     Gradient |Var    Value     Gradient |Var    Value     Gradient
  1  0.15193 -2.73515e-02 |  2 -0.01111  2.65516e-03 |  3  0.00963  3.35930e-03
  4  0.05513 -8.74380e-03 |  5  0.04732  2.70620e-02 |  6  0.00484  3.57479e-02
  7 -0.00757  4.24759e-02 |  8  0.01462  5.16300e-02 |  9  0.00502  3.98385e-02
 10 -0.04432  2.82814e-04 | 11  0.00867 -1.32078e-02 | 12  0.01364 -4.29155e-02
 13  0.08435 -8.54099e-02 | 14  0.00326 -3.18004e-02 | 15  0.01626 -7.08260e-02
 16  0.01680 -5.05409e-02 | 17 -0.03643 -1.99190e-02 | 18  0.05593 -1.13829e-01
 19  0.07056 -1.19628e-01 | 20 -0.05149 -1.17260e-02 | 21 -0.03739  3.28109e-02
 22  0.10858  6.28010e-02 | 23 -0.03722  2.75544e-02 | 24 -0.12032  4.76273e-02
 25 -0.07822  4.50654e-02 | 26 -0.03085  5.63818e-02 | 27 -0.00911  3.53013e-02
 28 -0.02739  1.64853e-02 | 29 -0.02316  1.14112e-03 | 30 -0.04240 -8.81637e-02
 31 -0.61920  4.24270e-04 | 32  0.03705  5.69089e-02 | 33  0.53562 -2.73650e-02
 34 -0.05106 -2.95473e-01 | 35  0.02123  6.70511e-03 | 36 -0.56446  3.28350e-04
 37  0.03959 -3.32190e-02 | 38  0.62894  9.71966e-04 | 39 -0.08245  6.42483e-03
 40 -0.28334 -4.11079e-02 | 41 -0.65305  1.12432e-02 | 42  1.01344 -2.47318e-03
 43  0.04955  3.44713e-05 | 44  0.19595 -9.77403e-03 | 45  0.20961  1.05573e-03
 46 -0.01343 -1.20351e-04 | 47  0.03399 -1.27614e-01 | 48 -0.23710 -1.21423e-02
 49  0.11735  1.02992e-01 | 50  0.03197 -6.69130e-02 | 51 -0.00046 -9.14012e-02
 52  0.03934 -2.52165e-02 | 53 -0.10692 -2.28953e-02 | 54  0.01541  3.06661e-02
 55  0.37112  9.86584e-04 | 56  0.00864  8.83514e-02 |
Warning: the following parameters had issues
  selparm[15] is within 0.1% of upper bound: 2.00000e+01 < 8.99921e+01 < 9.00000e+01


 - final statistics:
56 variables; iteration 275; function evaluation 345
Function value 3.6672e+02; maximum gradient component mag 7.4147e-05
Exit code = 1;  converg criter 1.0000e-04
Var    Value     Gradient |Var    Value     Gradient |Var    Value     Gradient
  1  0.15193  1.87769e-06 |  2 -0.01110 -3.41089e-06 |  3  0.00963 -3.52305e-06
  4  0.05514  3.54675e-06 |  5  0.04731 -6.28001e-06 |  6  0.00484 -1.13320e-05
  7 -0.00758 -1.52020e-05 |  8  0.01462 -2.23804e-05 |  9  0.00501 -2.75373e-05
 10 -0.04431 -9.72326e-06 | 11  0.00867 -1.02698e-05 | 12  0.01365  4.91262e-06
 13  0.08437  3.01435e-05 | 14  0.00324  1.38564e-05 | 15  0.01629  3.54919e-05
 16  0.01680  2.80298e-05 | 17 -0.03645  1.69181e-05 | 18  0.05594  4.12374e-05
 19  0.07057  5.51480e-05 | 20 -0.05149  1.52650e-05 | 21 -0.03742 -2.33872e-06
 22  0.10859 -1.54201e-05 | 23 -0.03721 -1.34886e-05 | 24 -0.12035 -1.78566e-05
 25 -0.07822 -1.61585e-05 | 26 -0.03085 -1.70223e-05 | 27 -0.00910 -1.00569e-05
 28 -0.02740 -3.94827e-06 | 29 -0.02316 -1.37483e-07 | 30 -0.04238  1.51331e-05
 31 -0.62387 -3.25461e-08 | 32  0.03706  1.39388e-05 | 33  0.53551  7.36318e-06
 34 -0.05103  7.41473e-05 | 35  0.02123 -1.10191e-06 | 36 -0.56856 -2.08492e-07
 37  0.03959  4.75200e-06 | 38  0.62894  4.09057e-07 | 39 -0.08246 -2.13682e-06
 40 -0.28334  1.80939e-05 | 41 -0.65306 -6.96408e-06 | 42  1.01356  6.25397e-07
 43  0.06144 -5.04169e-07 | 44  0.19596  9.03627e-06 | 45  0.00114 -2.42911e-08
 46  0.01904 -1.76363e-07 | 47  0.03390  1.56607e-06 | 48 -0.23849  2.23719e-06
 49  0.11732  6.03659e-06 | 50  0.03298  1.15550e-06 | 51 -0.00044  7.62033e-06
 52  0.03933 -5.19302e-07 | 53 -0.10682  4.12314e-06 | 54  0.01540 -6.71402e-06
 55  0.37079 -2.05679e-07 | 56  0.00860 -2.27462e-05 |
Estimating row 1 out of 56 for hessian
Estimating row 2 out of 56 for hessian
Estimating row 3 out of 56 for hessian
Estimating row 4 out of 56 for hessian
Estimating row 5 out of 56 for hessian
Estimating row 6 out of 56 for hessian
Estimating row 7 out of 56 for hessian
Estimating row 8 out of 56 for hessian
Estimating row 9 out of 56 for hessian
Estimating row 10 out of 56 for hessian
Estimating row 11 out of 56 for hessian
Estimating row 12 out of 56 for hessian
Estimating row 13 out of 56 for hessian
Estimating row 14 out of 56 for hessian
Estimating row 15 out of 56 for hessian
Estimating row 16 out of 56 for hessian
Estimating row 17 out of 56 for hessian
Estimating row 18 out of 56 for hessian
Estimating row 19 out of 56 for hessian
Estimating row 20 out of 56 for hessian
Estimating row 21 out of 56 for hessian
Estimating row 22 out of 56 for hessian
Estimating row 23 out of 56 for hessian
Estimating row 24 out of 56 for hessian
Estimating row 25 out of 56 for hessian
Estimating row 26 out of 56 for hessian
Estimating row 27 out of 56 for hessian
Estimating row 28 out of 56 for hessian
Estimating row 29 out of 56 for hessian
Estimating row 30 out of 56 for hessian
Estimating row 31 out of 56 for hessian
Estimating row 32 out of 56 for hessian
Estimating row 33 out of 56 for hessian
Estimating row 34 out of 56 for hessian
Estimating row 35 out of 56 for hessian
Estimating row 36 out of 56 for hessian
Estimating row 37 out of 56 for hessian
Estimating row 38 out of 56 for hessian
Estimating row 39 out of 56 for hessian
Estimating row 40 out of 56 for hessian
Estimating row 41 out of 56 for hessian
Estimating row 42 out of 56 for hessian
Estimating row 43 out of 56 for hessian
Estimating row 44 out of 56 for hessian
Estimating row 45 out of 56 for hessian
Estimating row 46 out of 56 for hessian
Estimating row 47 out of 56 for hessian
Estimating row 48 out of 56 for hessian
Estimating row 49 out of 56 for hessian
Estimating row 50 out of 56 for hessian
Estimating row 51 out of 56 for hessian
Estimating row 52 out of 56 for hessian
Estimating row 53 out of 56 for hessian
Estimating row 54 out of 56 for hessian
Estimating row 55 out of 56 for hessian
Estimating row 56 out of 56 for hessian
size of file gradfil1.tmp = 0
size of file gradfil2.tmp = 0
size of file varssave.tmp = 0
size of file cmpdiff.tmp = 0
