
Initial statistics: 1 variables; iteration 0; function evaluation 0; phase 1
Function value 4.9370000e+02; maximum gradient component mag -1.0103e+03
Var    Value     Gradient |Var    Value     Gradient |Var    Value     Gradient
  1  0.13927 -1.01032e+03 |

 - final statistics:
1 variables; iteration 8; function evaluation 10
Function value 4.7552e+02; maximum gradient component mag -8.0792e+00
Exit code = 1;  converg criter 1.0000e+01
Var    Value     Gradient |Var    Value     Gradient |Var    Value     Gradient
  1  0.21882 -8.07924e+00 |

Initial statistics: 12 variables; iteration 0; function evaluation 0; phase 2
Function value 4.7552441e+02; maximum gradient component mag 4.9976e+02
Var    Value     Gradient |Var    Value     Gradient |Var    Value     Gradient
  1  0.21882 -8.07924e+00 |  2 -0.04010  4.99759e+02 |  3 -0.61972  7.70572e-03
  4  0.02853  3.61759e+02 |  5 -0.58222  1.15443e-02 |  6 -0.28046  8.01578e+01
  7  0.97875 -2.20048e-01 |  8  0.06166 -1.47656e-04 |  9  0.01609  5.19329e+01
 10 -0.14900  8.53406e+00 | 11  0.04165  6.17073e+01 | 12 -0.09017  1.67584e+02

 - final statistics:
12 variables; iteration 17; function evaluation 36
Function value 4.6417e+02; maximum gradient component mag 8.3050e+00
Exit code = 1;  converg criter 1.0000e+01
Var    Value     Gradient |Var    Value     Gradient |Var    Value     Gradient
  1  0.68059 -1.07780e-01 |  2 -0.05749 -8.26977e-01 |  3 -0.55690  3.81026e-03
  4  0.01072  5.64059e+00 |  5 -0.59973 -4.02365e-04 |  6 -0.30054  1.29380e-01
  7  0.98328 -9.94315e-02 |  8  0.06490  1.62532e-04 |  9 -0.00744  8.30496e+00
 10 -0.12807  5.14892e+00 | 11  0.03779 -3.70251e+00 | 12 -0.12316 -3.37432e+00

Initial statistics: 55 variables; iteration 0; function evaluation 0; phase 3
Function value 4.6416687e+02; maximum gradient component mag 3.9361e+02
Var    Value     Gradient |Var    Value     Gradient |Var    Value     Gradient
  1  0.68059 -1.07780e-01 |  2  0.00000  3.59653e+01 |  3  0.00000 -4.21549e+00
  4  0.00000 -5.27065e+01 |  5  0.00000 -3.97440e+01 |  6  0.00000  3.36418e+01
  7  0.00000  1.06525e+02 |  8  0.00000  1.59454e+02 |  9  0.00000  2.09157e+02
 10  0.00000  2.05351e+02 | 11  0.00000  8.67675e+01 | 12  0.00000 -8.43576e+01
 13  0.00000 -2.23715e+02 | 14  0.00000 -2.13542e+02 | 15  0.00000 -2.02445e+02
 16  0.00000 -1.76684e+02 | 17  0.00000 -2.00185e+02 | 18  0.00000 -3.61941e+02
 19  0.00000 -3.27214e+02 | 20  0.00000 -8.21153e+01 | 21  0.00000 -5.94484e+01
 22  0.00000 -1.12617e+02 | 23  0.00000  1.13494e+02 | 24  0.00000  3.93608e+02
 25  0.00000  3.71369e+02 | 26  0.00000  2.85869e+02 | 27  0.00000  1.20607e+02
 28  0.00000  1.91212e+01 | 29 -0.05749 -8.26977e-01 | 30 -0.55690  3.81026e-03
 31  0.03756  3.56433e+01 | 32  0.49905 -1.37057e+00 | 33 -0.04285  2.39998e+02
 34  0.01072  5.64059e+00 | 35 -0.59973 -4.02365e-04 | 36  0.04052  7.18165e+00
 37  0.60065  2.68834e+00 | 38 -0.08003 -1.43846e+01 | 39 -0.30054  1.29380e-01
 40 -0.63996  1.30507e+01 | 41  0.98328 -9.94315e-02 | 42  0.06490  1.62532e-04
 43  0.13793  3.31289e+01 | 44  0.00131 -1.73411e-05 | 45  0.05834 -1.53214e-04
 46 -0.00744  8.30496e+00 | 47 -0.12807  5.14892e+00 | 48  0.11868 -2.15681e+01
 49 -0.13417  6.83609e-01 | 50  0.00315 -7.71283e+00 | 51  0.03779 -3.70251e+00
 52 -0.12316 -3.37432e+00 | 53  0.01355 -1.24980e-01 | 54 -0.00180 -7.50010e-02
 55  0.01709  7.14546e+01 |

Intermediate statistics: 55 variables; iteration 20; function evaluation 26; phase 3
Function value 3.8087338e+02; maximum gradient component mag 5.5787e+02
Var    Value     Gradient |Var    Value     Gradient |Var    Value     Gradient
  1  0.67861  1.79004e-01 |  2 -0.00769  3.48585e+01 |  3  0.01156  3.11928e+01
  4  0.04783  2.77523e+01 |  5  0.05283  4.10493e+01 |  6  0.01724  5.14670e+01
  7  0.00319  5.96856e+01 |  8  0.01218  7.83329e+01 |  9  0.00644  1.00971e+02
 10 -0.02121  8.72729e+01 | 11  0.01946  7.06199e+01 | 12 -0.02811  1.13422e+01
 13  0.12186 -2.37583e+01 | 14 -0.14270 -3.83238e+01 | 15  0.07093 -2.44749e+01
 16 -0.02223  1.66257e+00 | 17  0.02030  6.37875e+01 | 18  0.08119  2.88603e+01
 19  0.03972 -1.02406e+01 | 20 -0.00868  5.42809e+01 | 21 -0.04029  2.86323e+01
 22  0.12382 -1.49023e+00 | 23 -0.03803  6.51862e+00 | 24 -0.13129  1.04987e+01
 25 -0.08423  1.29565e+01 | 26 -0.05095  1.67042e+01 | 27 -0.03562  4.28964e+01
 28 -0.00052  3.59380e+01 | 29 -0.05078  5.57869e+02 | 30 -0.55695  3.29966e-02
 31  0.02784 -5.34737e+02 | 32  0.50506  6.09579e+01 | 33 -0.04315  3.99779e+02
 34  0.00533 -1.52392e+02 | 35 -0.59972 -4.29910e-03 | 36  0.04087  1.54858e+02
 37  0.62012 -2.39423e+01 | 38 -0.11135 -1.96289e+01 | 39 -0.30269  1.51947e+01
 40 -0.68456 -1.98442e-01 | 41  0.98238  1.00519e-01 | 42  0.06490  1.40158e-04
 43  0.12826 -2.75824e+00 | 44  0.00131 -2.07008e-05 | 45  0.05834 -2.16040e-04
 46 -0.00791  4.20911e+00 | 47 -0.12918 -1.68061e+01 | 48  0.11724 -4.10606e+01
 49 -0.13742 -2.51783e+00 | 50 -0.01159  2.03226e+01 | 51  0.03353 -3.07716e+02
 52 -0.68123 -1.38999e-02 | 53  0.02713  1.66609e+01 | 54  0.00387 -4.97800e+00
 55  0.01580 -4.00347e+01 |
55 variables; iteration 40; function evaluation 52; phase 3
Function value 3.7424450e+02; maximum gradient component mag -3.1792e+02
Var    Value     Gradient |Var    Value     Gradient |Var    Value     Gradient
  1  0.63227  2.72350e-01 |  2 -0.00602  2.67215e+01 |  3  0.00429  1.31390e+01
  4  0.04300  2.02968e+00 |  5  0.04256  1.27430e+01 |  6  0.01006  3.27881e+01
  7  0.00249  5.78003e+01 |  8  0.01843  8.72627e+01 |  9 -0.00418  7.81380e+01
 10 -0.02722  6.15904e+01 | 11  0.01036  3.84686e+01 | 12 -0.01270 -1.50562e+01
 13  0.09944 -9.07152e+01 | 14 -0.07975 -4.97776e+01 | 15  0.05948 -5.48047e+01
 16 -0.01825 -1.94498e+01 | 17  0.02201  2.90698e+01 | 18  0.06569 -3.73978e+01
 19  0.03991 -4.00441e+01 | 20 -0.01422  4.64737e+01 | 21 -0.04383  2.77878e+01
 22  0.11844  6.82902e+01 | 23 -0.00295  4.53654e+01 | 24 -0.10941  3.09077e+01
 25 -0.09632  4.67521e+00 | 26 -0.07030 -3.83173e+00 | 27 -0.03573  3.12247e+01
 28 -0.00636  2.11454e+01 | 29 -0.06701  3.08631e+02 | 30 -0.55903  2.04911e-02
 31  0.02126 -3.17917e+02 | 32  0.54969  5.06545e+01 | 33 -0.04693  2.85562e+02
 34  0.00631 -5.14059e+01 | 35 -0.59953 -2.69616e-03 | 36  0.03723  2.91474e+01
 37  0.59638 -9.23743e+00 | 38 -0.08299  2.36058e+00 | 39 -0.30761 -1.01668e+01
 40 -0.66964  1.09035e+01 | 41  0.95389  5.74754e-02 | 42  0.06485  1.45057e-04
 43  0.12719 -5.55040e+00 | 44  0.00131 -1.98671e-05 | 45  0.05843 -2.22440e-04
 46  0.00719  1.31644e+02 | 47 -0.12758  1.80723e+02 | 48  0.13066  1.26261e+01
 49 -0.27177  4.62764e+00 | 50 -0.01813  1.24753e+01 | 51  0.03588 -1.15882e+02
 52 -0.74793 -8.76340e-03 | 53  0.02490  7.61012e+00 | 54 -0.08768 -3.31372e-01
 55  0.01698  8.21428e+00 |
55 variables; iteration 60; function evaluation 92; phase 3
Function value 3.5728813e+02; maximum gradient component mag 1.6427e+02
Var    Value     Gradient |Var    Value     Gradient |Var    Value     Gradient
  1  0.14968  9.15351e-01 |  2 -0.01488  2.28233e+00 |  3  0.01310  8.15608e+00
  4  0.04737  4.55048e+00 |  5  0.04887  2.50257e+00 |  6  0.00634 -2.00379e-01
  7  0.00130  6.00218e-01 |  8  0.01456 -6.86571e+00 |  9  0.00369 -2.39080e+00
 10 -0.04755 -9.43520e+00 | 11  0.00967  3.05917e+00 | 12  0.01260  1.06892e+00
 13  0.08388 -4.46875e+00 | 14 -0.00710 -1.32053e+01 | 15  0.02439  6.46722e-01
 16  0.02195  1.67936e+01 | 17 -0.03228  1.33236e+01 | 18  0.06220  2.86368e+01
 19  0.07136  2.01907e+01 | 20 -0.04651  7.02509e+00 | 21 -0.03031  2.04967e+00
 22  0.11056 -7.69315e+00 | 23 -0.02185 -1.04663e+01 | 24 -0.13497 -1.60128e+01
 25 -0.07874 -1.26860e+01 | 26 -0.02952 -6.03987e+00 | 27 -0.06582 -4.02751e+00
 28 -0.02225 -1.52044e+00 | 29 -0.05091 -1.89330e+01 | 30 -0.62513 -2.73865e-04
 31  0.03266  1.06735e+01 | 32  0.54537 -2.51539e-01 | 33 -0.05359 -4.69118e+01
 34  0.02044 -7.95497e+01 | 35 -0.59114 -2.85884e-03 | 36  0.03919  6.95897e+01
 37  0.60440 -1.02389e+01 | 38 -0.08254 -1.00281e+01 | 39 -0.29618 -1.66916e+01
 40 -0.68428  5.58219e-01 | 41  1.11966  3.50626e-01 | 42  0.06303  2.33369e-04
 43  0.12283  2.42103e+00 | 44  0.00145 -9.33658e-07 | 45  0.06038 -9.03155e-05
 46  0.01871  1.40480e+02 | 47 -0.13438  1.64269e+02 | 48  0.12518 -2.35605e+00
 49 -0.39887  1.49581e+00 | 50 -0.00089  5.83616e+00 | 51  0.03658  4.06723e+01
 52 -0.81907 -1.06045e-02 | 53  0.01714 -5.70465e+00 | 54 -0.11923 -3.93119e-02
 55  0.02903 -4.96945e+01 |
55 variables; iteration 80; function evaluation 112; phase 3
Function value 3.5533696e+02; maximum gradient component mag 4.8155e+00
Var    Value     Gradient |Var    Value     Gradient |Var    Value     Gradient
  1  0.13092 -2.16638e-01 |  2 -0.01112 -3.11635e-03 |  3  0.01069 -2.18738e-03
  4  0.04494  6.80785e-03 |  5  0.04697  1.18915e-02 |  6  0.00473  1.21813e-02
  7 -0.00300  3.60075e-03 |  8  0.01987  5.44398e-03 |  9 -0.00107 -1.87152e-02
 10 -0.03917 -2.02734e-02 | 11  0.00592 -1.76139e-02 | 12  0.01390  2.21918e-02
 13  0.07382  6.29835e-02 | 14  0.00375  3.81850e-02 | 15  0.01565  4.75374e-03
 16  0.01689 -4.17742e-02 | 17 -0.03506 -1.64464e-02 | 18  0.05289  4.81475e-02
 19  0.07071  1.04148e-01 | 20 -0.04465  4.08198e-02 | 21 -0.02757  8.89464e-03
 22  0.10113 -2.31763e-02 | 23 -0.02608  1.66148e-02 | 24 -0.12226  4.32194e-04
 25 -0.07117 -9.18981e-03 | 26 -0.02789 -2.33204e-02 | 27 -0.05882  2.35517e-03
 28 -0.01418  1.51743e-02 | 29 -0.03828 -1.41893e-01 | 30 -0.59537  1.19516e-03
 31  0.03827  1.14076e-01 | 32  0.50321 -1.58263e-02 | 33 -0.03910 -1.51357e-01
 34  0.03137 -9.24407e-02 | 35 -0.57965  5.20470e-05 | 36  0.04099  3.13224e-02
 37  0.59930 -1.68984e-02 | 38 -0.07641 -2.49186e-02 | 39 -0.28521 -2.58023e-03
 40 -0.67257 -1.29654e-02 | 41  0.97342 -3.17549e-04 | 42  0.06173  4.27368e-06
 43  0.12230  2.27140e-02 | 44  0.00160  8.55414e-07 | 45  0.06406 -1.12039e-05
 46  0.02030  3.44185e+00 | 47 -0.13542  4.81550e+00 | 48  0.12189  7.84170e-03
 49 -0.46018  2.75653e-02 | 50  0.00642 -8.75236e-02 | 51  0.03637 -4.04826e-01
 52 -0.81810 -1.07045e-02 | 53  0.01532  2.56158e-02 | 54 -0.10833 -1.03519e-03
 55  0.06181  1.70946e-01 |
55 variables; iteration 100; function evaluation 132; phase 3
Function value 3.5533616e+02; maximum gradient component mag -1.2119e+00
Var    Value     Gradient |Var    Value     Gradient |Var    Value     Gradient
  1  0.13089  3.05871e-02 |  2 -0.01110 -1.00931e-02 |  3  0.01068 -1.52811e-02
  4  0.04493 -1.69907e-02 |  5  0.04696 -2.35869e-02 |  6  0.00472 -1.11428e-02
  7 -0.00298 -1.93510e-02 |  8  0.01986 -2.95449e-02 |  9 -0.00106  1.31111e-03
 10 -0.03917  4.69007e-03 | 11  0.00594  6.62037e-03 | 12  0.01390  2.35489e-02
 13  0.07380  3.39024e-03 | 14  0.00373 -2.85632e-03 | 15  0.01565  1.64817e-02
 16  0.01687 -6.19970e-04 | 17 -0.03497  4.92661e-02 | 18  0.05280  5.13420e-02
 19  0.07075  3.21839e-02 | 20 -0.04465  2.11125e-02 | 21 -0.02755  1.53248e-02
 22  0.10116  3.00442e-03 | 23 -0.02628  5.40959e-03 | 24 -0.12216  1.72656e-02
 25 -0.07112  2.13885e-02 | 26 -0.02787  2.04578e-02 | 27 -0.05881 -3.79571e-04
 28 -0.01422  4.88262e-03 | 29 -0.03821  1.77859e-01 | 30 -0.60786  3.71986e-05
 31  0.03829 -1.61551e-01 | 32  0.50296  6.47101e-03 | 33 -0.03908  1.89493e-02
 34  0.03140  4.58996e-02 | 35 -0.58102 -5.31417e-05 | 36  0.04100 -4.14447e-02
 37  0.59927 -8.30887e-03 | 38 -0.07640 -1.59927e-02 | 39 -0.28517  2.34811e-02
 40 -0.67250  9.63800e-04 | 41  0.97363  6.94286e-04 | 42  0.06168 -2.07097e-05
 43  0.12230  3.46722e-02 | 44  0.00146  1.69312e-07 | 45  0.06515  2.41727e-06
 46  0.02266 -1.00908e+00 | 47 -0.13757 -1.21193e+00 | 48  0.12264 -1.34976e-02
 49 -0.44798 -1.15752e-02 | 50  0.00618 -3.90310e-02 | 51  0.03637  9.61650e-02
 52 -0.81094 -1.02752e-02 | 53  0.01532  3.18720e-02 | 54 -0.10969 -8.67372e-04
 55  0.06169 -1.43349e-02 |
55 variables; iteration 120; function evaluation 153; phase 3
Function value 3.5533485e+02; maximum gradient component mag 1.3222e+00
Var    Value     Gradient |Var    Value     Gradient |Var    Value     Gradient
  1  0.13090 -4.60222e-02 |  2 -0.01111  5.69600e-03 |  3  0.01069  1.45813e-02
  4  0.04493  1.77887e-02 |  5  0.04698  3.75240e-02 |  6  0.00471  1.95446e-02
  7 -0.00298  3.25279e-02 |  8  0.01987  4.44351e-02 |  9 -0.00108  2.54264e-02
 10 -0.03916  2.62977e-02 | 11  0.00595  3.52591e-02 | 12  0.01388 -6.25534e-03
 13  0.07381  3.06209e-03 | 14  0.00375  3.14822e-03 | 15  0.01562 -1.94951e-02
 16  0.01693 -7.90511e-03 | 17 -0.03507 -7.06299e-02 | 18  0.05283 -6.59351e-02
 19  0.07076 -2.61413e-02 | 20 -0.04468 -3.90056e-02 | 21 -0.02756 -3.65804e-02
 22  0.10117  5.93965e-03 | 23 -0.02624  5.86793e-03 | 24 -0.12219 -1.94822e-03
 25 -0.07113 -1.93806e-03 | 26 -0.02789 -2.06935e-02 | 27 -0.05878  9.49511e-03
 28 -0.01421  1.86820e-03 | 29 -0.03824 -1.59470e-01 | 30 -0.60955 -1.12135e-04
 31  0.03828  1.39149e-01 | 32  0.50303 -8.41883e-03 | 33 -0.03908  4.05210e-02
 34  0.03137 -3.97364e-02 | 35 -0.54708  3.46235e-03 | 36  0.04099  7.61850e-02
 37  0.59936  3.18249e-02 | 38 -0.07642  2.79156e-02 | 39 -0.28519  1.74361e-02
 40 -0.67256 -2.21434e-02 | 41  0.97332 -2.46061e-04 | 42  0.06184  3.05033e-05
 43  0.12228 -5.23168e-02 | 44 -0.00058 -9.53941e-06 | 45  0.05916 -7.53307e-05
 46  0.02202  1.06404e+00 | 47 -0.13806  1.32222e+00 | 48  0.12245  8.07039e-02
 49 -0.35394  2.04203e-02 | 50  0.00629  4.66504e-02 | 51  0.03637 -4.69961e-01
 52 -0.64841 -5.21597e-03 | 53  0.01531 -2.62544e-02 | 54 -0.11923 -1.06869e-03
 55  0.06170  9.61183e-03 |
55 variables; iteration 140; function evaluation 176; phase 3
Function value 3.5533318e+02; maximum gradient component mag 5.9449e+00
Var    Value     Gradient |Var    Value     Gradient |Var    Value     Gradient
  1  0.13090  2.35005e-01 |  2 -0.01110 -1.91632e-02 |  3  0.01068 -1.96200e-02
  4  0.04494 -9.42388e-03 |  5  0.04694 -3.79367e-02 |  6  0.00472 -1.23906e-02
  7 -0.00298 -1.62794e-02 |  8  0.01984 -1.37456e-02 |  9 -0.00105  4.12942e-02
 10 -0.03916  4.96877e-04 | 11  0.00593 -6.05690e-02 | 12  0.01390 -6.75252e-02
 13  0.07378 -1.43134e-01 | 14  0.00377 -6.29709e-02 | 15  0.01562 -8.56735e-02
 16  0.01689 -5.30771e-02 | 17 -0.03498 -5.09148e-04 | 18  0.05280 -5.58197e-03
 19  0.07074 -8.09434e-02 | 20 -0.04465 -2.66159e-02 | 21 -0.02752  6.65168e-03
 22  0.10115  6.01744e-03 | 23 -0.02631  1.52743e-02 | 24 -0.12212  5.12057e-02
 25 -0.07113  4.40285e-02 | 26 -0.02786  6.49989e-02 | 27 -0.05883 -2.93302e-02
 28 -0.01426 -3.86279e-02 | 29 -0.03824  3.73221e-01 | 30 -0.60844  1.41139e-06
 31  0.03828 -2.55761e-01 | 32  0.50324  8.72369e-02 | 33 -0.03911  4.54134e-02
 34  0.03140  1.25613e-01 | 35 -0.59215 -8.67058e-04 | 36  0.04100 -1.03489e-01
 37  0.59935 -1.72825e-02 | 38 -0.07649 -9.54550e-02 | 39 -0.28517  1.79666e-02
 40 -0.67249  1.10596e-02 | 41  0.97289 -3.35960e-03 | 42  0.05727  1.22054e-04
 43  0.12229  2.53672e-02 | 44  0.00866  3.34703e-05 | 45  0.14752  6.96757e-04
 46  0.02271  3.38751e-01 | 47 -0.14257  1.91944e-01 | 48  0.12265 -1.53834e-01
 49 -0.23894  1.02380e-02 | 50  0.00619  3.23506e-02 | 51  0.03608  5.94494e+00
 52 -0.36492  2.72444e-02 | 53  0.01508 -3.11306e-02 | 54 -0.11934 -1.75697e-03
 55  0.06168 -3.64036e-02 |
55 variables; iteration 160; function evaluation 196; phase 3
Function value 3.5533051e+02; maximum gradient component mag 2.2051e-02
Var    Value     Gradient |Var    Value     Gradient |Var    Value     Gradient
  1  0.13090  4.00596e-03 |  2 -0.01109 -6.21384e-04 |  3  0.01070 -3.45830e-05
  4  0.04495  9.90940e-05 |  5  0.04697 -5.07851e-05 |  6  0.00471  4.56829e-05
  7 -0.00298  2.98546e-05 |  8  0.01984 -4.17866e-04 |  9 -0.00108  9.61732e-04
 10 -0.03916 -3.59829e-04 | 11  0.00592 -7.18923e-04 | 12  0.01389 -5.33410e-04
 13  0.07379 -2.45942e-03 | 14  0.00374 -4.69157e-04 | 15  0.01563 -2.19771e-03
 16  0.01688 -1.35050e-03 | 17 -0.03500  7.89405e-04 | 18  0.05279  1.42066e-03
 19  0.07075  4.40765e-04 | 20 -0.04465  3.40115e-04 | 21 -0.02748  2.20103e-04
 22  0.10109  1.05318e-03 | 23 -0.02630  1.04663e-03 | 24 -0.12217 -2.23950e-04
 25 -0.07115  2.15736e-04 | 26 -0.02792 -9.72803e-05 | 27 -0.05873 -4.04507e-04
 28 -0.01414 -2.37948e-04 | 29 -0.03829  3.96967e-03 | 30 -0.60807 -1.98471e-07
 31  0.03827 -3.38536e-03 | 32  0.50336  8.12696e-05 | 33 -0.03907 -4.78014e-03
 34  0.03139  6.42701e-03 | 35 -0.58059 -1.90377e-05 | 36  0.04099 -4.23890e-03
 37  0.59927  7.82650e-04 | 38 -0.07639  9.22232e-04 | 39 -0.28518  2.02880e-03
 40 -0.67251  6.77286e-05 | 41  0.97345 -3.72111e-06 | 42  0.07629 -1.49547e-05
 43  0.12229 -1.51998e-04 | 44  0.00809  2.19740e-05 | 45  0.03901 -2.17422e-04
 46  0.02242  2.20509e-02 | 47 -0.14383  2.07972e-02 | 48  0.12257 -1.37193e-03
 49 -0.21630  4.82415e-04 | 50  0.00625  1.26344e-03 | 51  0.03355  4.74871e-03
 52 -0.26596  2.78118e-04 | 53  0.01305  1.59933e-03 | 54 -0.06242 -3.09128e-04
 55  0.06156  1.39578e-04 |
55 variables; iteration 180; function evaluation 224; phase 3
Function value 3.5533050e+02; maximum gradient component mag 1.3378e-02
Var    Value     Gradient |Var    Value     Gradient |Var    Value     Gradient
  1  0.13090  1.12436e-03 |  2 -0.01109 -2.19869e-04 |  3  0.01070  2.02510e-05
  4  0.04495  2.15983e-04 |  5  0.04698  3.17013e-04 |  6  0.00471  1.65867e-04
  7 -0.00298  1.07222e-04 |  8  0.01984 -1.06503e-04 |  9 -0.00108  2.54144e-04
 10 -0.03916 -3.37726e-04 | 11  0.00592 -4.63507e-04 | 12  0.01389 -2.75017e-04
 13  0.07379 -6.89669e-05 | 14  0.00374 -2.51180e-05 | 15  0.01563 -4.80376e-04
 16  0.01688 -2.91874e-04 | 17 -0.03500  1.02833e-04 | 18  0.05278  4.51048e-04
 19  0.07075  1.42052e-05 | 20 -0.04465 -5.90583e-05 | 21 -0.02748 -9.96304e-05
 22  0.10109 -3.37146e-04 | 23 -0.02630  5.00914e-05 | 24 -0.12217 -2.29585e-04
 25 -0.07115 -2.04874e-04 | 26 -0.02792 -2.41845e-04 | 27 -0.05873 -1.99229e-04
 28 -0.01413 -7.40926e-05 | 29 -0.03829 -3.98451e-05 | 30 -0.60807 -5.54300e-08
 31  0.03827 -1.69750e-05 | 32  0.50336 -2.69547e-04 | 33 -0.03907 -2.37806e-03
 34  0.03139  1.74909e-03 | 35 -0.58036 -6.43227e-07 | 36  0.04099 -1.13955e-03
 37  0.59927  1.67033e-04 | 38 -0.07639  6.86038e-04 | 39 -0.28518  2.24234e-04
 40 -0.67251  9.51640e-05 | 41  0.97344 -2.96797e-05 | 42  0.06168 -7.44664e-06
 43  0.12229 -1.35680e-03 | 44  0.00295  7.12957e-06 | 45  0.06575  1.03227e-05
 46  0.02243  1.33778e-02 | 47 -0.14386  1.28151e-02 | 48  0.12257 -8.48738e-04
 49 -0.21587 -1.26937e-04 | 50  0.00625 -2.52636e-04 | 51  0.03354 -4.00823e-03
 52 -0.26571  4.34561e-04 | 53  0.01304  6.73311e-04 | 54 -0.06173 -3.05741e-04
 55  0.06156  4.73208e-04 |
55 variables; iteration 200; function evaluation 244; phase 3
Function value 3.5533049e+02; maximum gradient component mag -1.8955e-01
Var    Value     Gradient |Var    Value     Gradient |Var    Value     Gradient
  1  0.13090  2.01176e-02 |  2 -0.01109  4.29743e-03 |  3  0.01069  2.03955e-03
  4  0.04495  4.75724e-04 |  5  0.04697 -2.78371e-03 |  6  0.00472  7.74221e-04
  7 -0.00298  8.00176e-04 |  8  0.01984  4.03117e-03 |  9 -0.00108  2.61996e-03
 10 -0.03916  1.90759e-03 | 11  0.00592 -6.20808e-04 | 12  0.01390  1.85557e-03
 13  0.07379 -1.12220e-02 | 14  0.00374 -4.98263e-04 | 15  0.01562 -7.21873e-03
 16  0.01688 -2.37235e-03 | 17 -0.03499  1.53990e-02 | 18  0.05278  1.16529e-02
 19  0.07075  5.68707e-03 | 20 -0.04465  6.82438e-03 | 21 -0.02748  4.56715e-03
 22  0.10109  4.87431e-03 | 23 -0.02630  9.34911e-03 | 24 -0.12218 -3.07741e-03
 25 -0.07115 -6.14640e-04 | 26 -0.02792  2.05961e-03 | 27 -0.05872  1.35639e-03
 28 -0.01414  1.01879e-03 | 29 -0.03830  1.85687e-02 | 30 -0.60770  3.23471e-05
 31  0.03827 -1.16052e-02 | 32  0.50338  5.98085e-03 | 33 -0.03907  7.56312e-04
 34  0.03139  3.64039e-02 | 35 -0.58181 -1.13139e-04 | 36  0.04099 -1.89103e-02
 37  0.59931  8.25731e-03 | 38 -0.07641 -1.02100e-02 | 39 -0.28518 -1.48978e-03
 40 -0.67250  2.16021e-03 | 41  0.97361  6.59918e-04 | 42  0.06242  3.59205e-04
 43  0.12230  2.89001e-02 | 44 -0.01951 -9.75203e-05 | 45  0.06145 -4.47986e-05
 46  0.02247  9.73485e-02 | 47 -0.14486  7.17551e-02 | 48  0.12258 -1.52163e-02
 49 -0.20438  5.30792e-03 | 50  0.00625  7.62625e-03 | 51  0.03349 -1.89550e-01
 52 -0.26506 -8.57466e-03 | 53  0.01301  1.03219e-02 | 54 -0.04860 -2.42471e-04
 55  0.06156 -3.93591e-03 |
55 variables; iteration 220; function evaluation 267; phase 3
Function value 3.5533044e+02; maximum gradient component mag 1.2531e-01
Var    Value     Gradient |Var    Value     Gradient |Var    Value     Gradient
  1  0.13090  1.01592e-02 |  2 -0.01109  1.29890e-04 |  3  0.01070  2.57106e-04
  4  0.04495 -1.36383e-04 |  5  0.04698  6.82448e-04 |  6  0.00471  4.57192e-04
  7 -0.00298 -7.04202e-04 |  8  0.01984  1.17922e-03 |  9 -0.00108  1.30561e-05
 10 -0.03916  8.76573e-04 | 11  0.00592  7.51196e-04 | 12  0.01389  1.36950e-03
 13  0.07380  8.15519e-03 | 14  0.00374  8.28545e-04 | 15  0.01563  3.90180e-03
 16  0.01688  4.40972e-04 | 17 -0.03501 -3.24732e-03 | 18  0.05279  1.44342e-03
 19  0.07075 -4.08828e-03 | 20 -0.04465 -3.27966e-03 | 21 -0.02748 -1.56389e-03
 22  0.10109 -1.95832e-03 | 23 -0.02630  4.95829e-03 | 24 -0.12217  9.36697e-04
 25 -0.07115 -1.95786e-04 | 26 -0.02792 -1.45307e-03 | 27 -0.05873 -7.83921e-04
 28 -0.01414  2.19653e-04 | 29 -0.03830 -8.08025e-04 | 30 -0.60809 -1.92575e-06
 31  0.03827  7.21662e-04 | 32  0.50336  1.13211e-03 | 33 -0.03907  1.07252e-02
 34  0.03139 -1.53988e-02 | 35 -0.58004  2.37898e-05 | 36  0.04099  7.94823e-03
 37  0.59927 -4.17214e-03 | 38 -0.07639 -3.93582e-03 | 39 -0.28518 -1.75015e-03
 40 -0.67251 -6.86147e-04 | 41  0.97344 -3.68396e-06 | 42  0.06503  2.11293e-04
 43  0.12229 -1.63735e-03 | 44  0.00143 -9.47326e-06 | 45  0.06231 -2.67837e-05
 46  0.02241  1.25306e-01 | 47 -0.14944  9.91650e-02 | 48  0.12256 -2.82171e-02
 49 -0.16387  1.36046e-02 | 50  0.00625  1.32819e-02 | 51  0.03355 -9.28141e-03
 52 -0.26591 -6.74961e-04 | 53  0.01305 -3.04368e-03 | 54  0.01008  4.97080e-05
 55  0.06156  2.03270e-05 |
55 variables; iteration 240; function evaluation 299; phase 3
Function value 3.5533043e+02; maximum gradient component mag 3.6827e-02
Var    Value     Gradient |Var    Value     Gradient |Var    Value     Gradient
  1  0.13090 -2.08143e-05 |  2 -0.01109 -1.05380e-03 |  3  0.01070 -1.01841e-05
  4  0.04495 -1.03231e-04 |  5  0.04697  6.13573e-04 |  6  0.00471  1.28981e-03
  7 -0.00298  3.52803e-03 |  8  0.01984  3.35780e-03 |  9 -0.00108  4.10565e-03
 10 -0.03916  3.64294e-04 | 11  0.00592 -4.18695e-04 | 12  0.01389 -1.44115e-03
 13  0.07379 -2.17273e-04 | 14  0.00374 -2.31944e-03 | 15  0.01563 -2.55279e-03
 16  0.01688 -4.03347e-03 | 17 -0.03501 -6.57622e-03 | 18  0.05279 -5.56654e-03
 19  0.07075 -1.66089e-03 | 20 -0.04465 -8.76054e-04 | 21 -0.02748 -9.45201e-05
 22  0.10109  7.73108e-04 | 23 -0.02630  1.29509e-03 | 24 -0.12217  2.54993e-03
 25 -0.07115  2.03044e-03 | 26 -0.02792  3.17049e-05 | 27 -0.05872  7.89390e-04
 28 -0.01413  5.80956e-04 | 29 -0.03829  3.51705e-03 | 30 -0.60802  3.96004e-06
 31  0.03827 -4.18693e-04 | 32  0.50336  1.05211e-03 | 33 -0.03907 -3.95022e-03
 34  0.03139  3.85978e-03 | 35 -0.58088 -4.23595e-05 | 36  0.04099 -6.19417e-03
 37  0.59927  8.56739e-04 | 38 -0.07638  7.28615e-03 | 39 -0.28518  2.62291e-03
 40 -0.67251 -2.17207e-04 | 41  0.97342 -1.06495e-04 | 42  0.06172  5.74522e-05
 43  0.12229 -6.26622e-03 | 44  0.01180  4.77524e-05 | 45  0.06798  4.07530e-05
 46  0.02241  8.19388e-03 | 47 -0.15215  9.93519e-03 | 48  0.12256 -1.10320e-03
 49 -0.14757  1.34131e-03 | 50  0.00625 -3.57281e-04 | 51  0.03356  3.68268e-02
 52 -0.26603  1.61726e-03 | 53  0.01306 -3.31127e-03 | 54  0.04460  2.12981e-04
 55  0.06156 -3.47560e-03 |
55 variables; iteration 260; function evaluation 321; phase 3
Function value 3.5533043e+02; maximum gradient component mag 3.8144e-02
Var    Value     Gradient |Var    Value     Gradient |Var    Value     Gradient
  1  0.13090  9.92701e-03 |  2 -0.01109 -4.47376e-03 |  3  0.01069 -2.61466e-03
  4  0.04495 -8.38057e-04 |  5  0.04697 -3.71811e-04 |  6  0.00471  3.09163e-04
  7 -0.00298  4.27184e-03 |  8  0.01983  3.84221e-03 |  9 -0.00108  8.09013e-03
 10 -0.03916  2.81961e-03 | 11  0.00592 -1.44197e-03 | 12  0.01389 -1.80413e-03
 13  0.07380  2.47280e-03 | 14  0.00373 -5.18641e-03 | 15  0.01563 -1.33894e-03
 16  0.01688 -9.97159e-03 | 17 -0.03501 -1.30349e-02 | 18  0.05279 -1.56466e-02
 19  0.07075 -1.16041e-02 | 20 -0.04465 -2.27317e-03 | 21 -0.02748 -1.54019e-04
 22  0.10109  1.48093e-03 | 23 -0.02630  2.33616e-03 | 24 -0.12217  7.07797e-03
 25 -0.07115  3.50727e-03 | 26 -0.02792  1.73893e-03 | 27 -0.05872  1.87694e-03
 28 -0.01413  6.50267e-04 | 29 -0.03830  2.05294e-02 | 30 -0.60825 -1.28855e-05
 31  0.03826 -5.99848e-05 | 32  0.50339  9.32933e-03 | 33 -0.03908 -3.04804e-02
 34  0.03139  2.67224e-02 | 35 -0.58204 -1.33389e-04 | 36  0.04099 -2.96327e-02
 37  0.59924  3.78352e-03 | 38 -0.07637  2.17320e-02 | 39 -0.28517  8.19223e-03
 40 -0.67250  9.71593e-04 | 41  0.97345 -2.14178e-06 | 42  0.06178  1.14196e-06
 43  0.12229  2.61594e-03 | 44 -0.00376 -2.38021e-05 | 45  0.06255 -3.11418e-05
 46  0.02244  3.81439e-02 | 47 -0.15211  2.36005e-02 | 48  0.12257 -1.14065e-02
 49 -0.14793  3.80606e-03 | 50  0.00625  7.53697e-03 | 51  0.03355 -9.86207e-03
 52 -0.26593 -9.46142e-04 | 53  0.01305 -5.55264e-03 | 54  0.03205  1.57873e-04
 55  0.06155 -9.09926e-03 |
Warning: the following parameters had issues
  selparm[15] is within 0.1% of upper bound: 2.00000e+01 < 8.99696e+01 < 9.00000e+01


 - final statistics:
55 variables; iteration 273; function evaluation 334
Function value 3.5533e+02; maximum gradient component mag -1.6144e-05
Exit code = 1;  converg criter 1.0000e-04
Var    Value     Gradient |Var    Value     Gradient |Var    Value     Gradient
  1  0.13090 -8.54764e-06 |  2 -0.01109  6.58187e-07 |  3  0.01070  1.11167e-06
  4  0.04495  8.39191e-07 |  5  0.04697  1.71150e-06 |  6  0.00471  7.85083e-07
  7 -0.00298  1.23864e-06 |  8  0.01984  1.98144e-06 |  9 -0.00108  1.22726e-06
 10 -0.03916  1.23352e-06 | 11  0.00592  1.95605e-06 | 12  0.01389  1.65149e-06
 13  0.07379  8.22741e-06 | 14  0.00374  1.21121e-06 | 15  0.01563  2.22907e-06
 16  0.01688  9.64749e-07 | 17 -0.03500 -3.02987e-06 | 18  0.05279 -1.38355e-06
 19  0.07075 -1.80119e-07 | 20 -0.04465 -1.34206e-06 | 21 -0.02748 -9.42058e-07
 22  0.10109 -3.07167e-06 | 23 -0.02630 -1.17813e-06 | 24 -0.12217  2.66085e-07
 25 -0.07115 -2.95182e-07 | 26 -0.02792 -1.39113e-06 | 27 -0.05873  6.41867e-07
 28 -0.01414  1.08343e-06 | 29 -0.03829 -4.51238e-06 | 30 -0.60807  4.41812e-09
 31  0.03827  2.75337e-06 | 32  0.50336 -8.93837e-07 | 33 -0.03907  1.32102e-05
 34  0.03139 -1.61438e-05 | 35 -0.58035  2.40539e-08 | 36  0.04099  7.35469e-06
 37  0.59927 -3.96039e-06 | 38 -0.07639 -3.38432e-06 | 39 -0.28518 -2.39751e-06
 40 -0.67251 -7.24176e-07 | 41  0.97345 -7.69198e-08 | 42  0.06172  1.82142e-08
 43  0.12229 -6.57979e-06 | 44  0.00139 -1.37985e-08 | 45  0.06494 -1.32671e-08
 46  0.02243 -6.07484e-06 | 47 -0.15307  1.01471e-06 | 48  0.12257  1.60412e-06
 49 -0.14284  2.40848e-07 | 50  0.00625 -2.72253e-06 | 51  0.03355 -8.40087e-06
 52 -0.26592 -7.55929e-07 | 53  0.01305 -3.84612e-06 | 54  0.00003  2.70272e-09
 55  0.06156 -4.89893e-07 |
Estimating row 1 out of 55 for hessian
Estimating row 2 out of 55 for hessian
Estimating row 3 out of 55 for hessian
Estimating row 4 out of 55 for hessian
Estimating row 5 out of 55 for hessian
Estimating row 6 out of 55 for hessian
Estimating row 7 out of 55 for hessian
Estimating row 8 out of 55 for hessian
Estimating row 9 out of 55 for hessian
Estimating row 10 out of 55 for hessian
Estimating row 11 out of 55 for hessian
Estimating row 12 out of 55 for hessian
Estimating row 13 out of 55 for hessian
Estimating row 14 out of 55 for hessian
Estimating row 15 out of 55 for hessian
Estimating row 16 out of 55 for hessian
Estimating row 17 out of 55 for hessian
Estimating row 18 out of 55 for hessian
Estimating row 19 out of 55 for hessian
Estimating row 20 out of 55 for hessian
Estimating row 21 out of 55 for hessian
Estimating row 22 out of 55 for hessian
Estimating row 23 out of 55 for hessian
Estimating row 24 out of 55 for hessian
Estimating row 25 out of 55 for hessian
Estimating row 26 out of 55 for hessian
Estimating row 27 out of 55 for hessian
Estimating row 28 out of 55 for hessian
Estimating row 29 out of 55 for hessian
Estimating row 30 out of 55 for hessian
Estimating row 31 out of 55 for hessian
Estimating row 32 out of 55 for hessian
Estimating row 33 out of 55 for hessian
Estimating row 34 out of 55 for hessian
Estimating row 35 out of 55 for hessian
Estimating row 36 out of 55 for hessian
Estimating row 37 out of 55 for hessian
Estimating row 38 out of 55 for hessian
Estimating row 39 out of 55 for hessian
Estimating row 40 out of 55 for hessian
Estimating row 41 out of 55 for hessian
Estimating row 42 out of 55 for hessian
Estimating row 43 out of 55 for hessian
Estimating row 44 out of 55 for hessian
Estimating row 45 out of 55 for hessian
Estimating row 46 out of 55 for hessian
Estimating row 47 out of 55 for hessian
Estimating row 48 out of 55 for hessian
Estimating row 49 out of 55 for hessian
Estimating row 50 out of 55 for hessian
Estimating row 51 out of 55 for hessian
Estimating row 52 out of 55 for hessian
Estimating row 53 out of 55 for hessian
Estimating row 54 out of 55 for hessian
Estimating row 55 out of 55 for hessian
size of file gradfil1.tmp = 0
size of file gradfil2.tmp = 0
size of file varssave.tmp = 0
size of file cmpdiff.tmp = 0
