
Initial statistics: 1 variables; iteration 0; function evaluation 0; phase 1
Function value 5.2407625e+02; maximum gradient component mag -9.8788e+02
Var    Value     Gradient |Var    Value     Gradient |Var    Value     Gradient
  1  0.15837 -9.87883e+02 |

 - final statistics:
1 variables; iteration 9; function evaluation 11
Function value 5.0273e+02; maximum gradient component mag -7.8310e+00
Exit code = 1;  converg criter 1.0000e+01
Var    Value     Gradient |Var    Value     Gradient |Var    Value     Gradient
  1  0.29479 -7.83096e+00 |

Initial statistics: 12 variables; iteration 0; function evaluation 0; phase 2
Function value 5.0272630e+02; maximum gradient component mag 4.4308e+02
Var    Value     Gradient |Var    Value     Gradient |Var    Value     Gradient
  1  0.29479 -7.83096e+00 |  2 -0.04342  4.43081e+02 |  3 -0.62927  4.79787e-03
  4  0.02201  2.85911e+02 |  5 -0.56493  1.14970e-02 |  6 -0.28362  1.22797e+02
  7  0.98630  8.41226e-02 |  8  0.06149 -2.18745e-04 |  9  0.05821  8.98029e+01
 10 -0.22104  8.18310e+00 | 11  0.04178  2.51553e+01 | 12 -0.11446  6.89919e+01

 - final statistics:
12 variables; iteration 18; function evaluation 25
Function value 4.9517e+02; maximum gradient component mag -6.0458e+00
Exit code = 1;  converg criter 1.0000e+01
Var    Value     Gradient |Var    Value     Gradient |Var    Value     Gradient
  1  0.69134 -1.52699e-01 |  2 -0.05691 -6.04582e+00 |  3 -0.60618  8.54422e-05
  4  0.00863 -1.61832e+00 |  5 -0.56717 -5.35030e-05 |  6 -0.30372 -8.00360e-01
  7  1.02910  4.34966e-02 |  8  0.06177 -5.51148e-05 |  9  0.03359  2.24279e-01
 10 -0.14382  2.72583e+00 | 11  0.04284  7.46236e-01 | 12 -0.14983 -3.33523e-01

Initial statistics: 58 variables; iteration 0; function evaluation 0; phase 3
Function value 4.9516518e+02; maximum gradient component mag 4.1670e+02
Var    Value     Gradient |Var    Value     Gradient |Var    Value     Gradient
  1  0.69134 -1.52699e-01 |  2  0.00000  4.13488e+01 |  3  0.00000  1.78600e+00
  4  0.00000 -5.32013e+01 |  5  0.00000 -3.51386e+01 |  6  0.00000  3.50029e+01
  7  0.00000  1.02999e+02 |  8  0.00000  1.39046e+02 |  9  0.00000  1.65730e+02
 10  0.00000  1.65869e+02 | 11  0.00000  4.15891e+01 | 12  0.00000 -1.28732e+02
 13  0.00000 -2.67438e+02 | 14  0.00000 -2.54528e+02 | 15  0.00000 -2.38724e+02
 16  0.00000 -2.13689e+02 | 17  0.00000 -2.26848e+02 | 18  0.00000 -3.72878e+02
 19  0.00000 -3.33729e+02 | 20  0.00000 -8.71158e+01 | 21  0.00000 -5.36113e+01
 22  0.00000 -1.05161e+02 | 23  0.00000  1.49336e+02 | 24  0.00000  4.14818e+02
 25  0.00000  4.16696e+02 | 26  0.00000  3.58997e+02 | 27  0.00000  2.48214e+02
 28  0.00000  1.36387e+02 | 29  0.00000  2.87039e+01 | 30  0.00000 -3.88344e+01
 31  0.00000 -3.68938e+01 | 32 -0.05691 -6.04582e+00 | 33 -0.60618  8.54422e-05
 34  0.03661  2.91340e+01 | 35  0.53204 -3.78369e+00 | 36 -0.05270  1.01952e+02
 37  0.00863 -1.61832e+00 | 38 -0.56717 -5.35030e-05 | 39  0.04045  7.02445e+00
 40  0.63422 -4.29050e+00 | 41 -0.08768 -2.16443e+01 | 42 -0.30372 -8.00360e-01
 43 -0.63506  3.54237e+00 | 44  0.97090 -4.34966e-02 | 45  0.06177 -5.51148e-05
 46  0.19333 -3.58403e+01 | 47  0.00116 -3.44772e-06 | 48  0.02001 -8.70522e-05
 49  0.03359  2.24279e-01 | 50 -0.14382  2.72583e+00 | 51  0.12623  3.41044e+00
 52 -0.08888  4.34740e-01 | 53 -0.00339 -3.14183e+01 | 54  0.04284  7.46236e-01
 55 -0.14983 -3.33523e-01 | 56  0.00689 -1.18784e+01 | 57  0.41494  1.98698e+00
 58  0.00104  1.33783e+02 |

Intermediate statistics: 58 variables; iteration 20; function evaluation 26; phase 3
Function value 4.1680016e+02; maximum gradient component mag 4.1360e+02
Var    Value     Gradient |Var    Value     Gradient |Var    Value     Gradient
  1  0.68929  1.32749e-01 |  2 -0.03886 -2.50025e+01 |  3 -0.00339 -1.24369e+01
  4  0.08009  2.65427e+01 |  5  0.06232  1.09574e+01 |  6  0.00476 -1.88969e+01
  7 -0.02391 -3.75646e+01 |  8  0.00049 -4.53385e+01 |  9  0.01924 -3.33825e+01
 10 -0.06991 -4.47602e+01 | 11  0.00520 -6.55558e+01 | 12 -0.01905 -3.09582e+01
 13  0.13885  2.76797e+01 | 14 -0.05016 -3.73769e+01 | 15  0.01434 -7.19857e+01
 16  0.04297 -9.81360e+01 | 17 -0.21201 -8.54767e+01 | 18  0.10320 -8.31881e+00
 19  0.08629  4.37367e+01 | 20 -0.17648 -5.79619e+01 | 21 -0.05961 -2.22043e+01
 22  0.14312  8.04350e+01 | 23 -0.04935  1.55118e+01 | 24 -0.06988  7.58977e+01
 25 -0.05169  8.58230e+01 | 26 -0.01870  9.00310e+01 | 27 -0.00833  5.65168e+01
 28 -0.00606  3.47558e+01 | 29  0.02526  3.42093e+01 | 30  0.07083  4.61774e+01
 31  0.05632  3.01438e+01 | 32 -0.05519  4.13595e+02 | 33 -0.60621  1.51155e-02
 34  0.02993 -3.02532e+02 | 35  0.56832  9.73040e+01 | 36 -0.04969  3.53799e+02
 37  0.01479  2.31225e+02 | 38 -0.56717  6.86677e-03 | 39  0.03458 -2.60637e+02
 40  0.65470  1.18321e+01 | 41 -0.15870 -2.73523e+00 | 42 -0.29196  8.97192e+01
 43 -0.66053 -2.56718e+01 | 44  0.97274 -1.46126e-01 | 45  0.06177  3.43233e-05
 46  0.19929 -5.63499e+00 | 47  0.00116 -1.30236e-06 | 48  0.02001 -4.94357e-05
 49  0.02421 -2.78159e+01 | 50 -0.14357  2.22295e+01 | 51  0.13423  1.36738e+02
 52 -0.09362  1.59454e+00 | 53 -0.01224 -4.16107e+01 | 54  0.04883  6.62393e+01
 55 -0.12118  1.54826e+01 | 56  0.00941 -5.37206e+01 | 57  0.44582  1.74789e+00
 58 -0.02682  1.37667e+00 |
58 variables; iteration 40; function evaluation 49; phase 3
Function value 3.9565187e+02; maximum gradient component mag 1.8104e+02
Var    Value     Gradient |Var    Value     Gradient |Var    Value     Gradient
  1  0.53251  7.23339e-01 |  2 -0.02146  2.84309e+00 |  3 -0.00416 -2.71889e+00
  4  0.04717 -2.15870e+00 |  5  0.05027  1.71486e+01 |  6  0.00850  2.29073e+01
  7 -0.00430  3.24988e+01 |  8  0.01249  4.59863e+01 |  9 -0.01075  2.95593e+01
 10 -0.02647  3.27092e+01 | 11  0.00540 -1.70655e+00 | 12 -0.03312 -2.68982e+01
 13  0.11735 -2.76024e+01 | 14 -0.08066 -3.66152e+01 | 15  0.05296 -1.47597e+01
 16  0.02328 -3.71970e+01 | 17 -0.12298 -5.67022e+01 | 18  0.08874 -5.92545e+01
 19  0.06311 -4.69810e+01 | 20 -0.11618 -3.72904e+01 | 21 -0.03304 -8.12182e+00
 22  0.12068  2.00557e+01 | 23 -0.02979  2.61772e+01 | 24 -0.09472  4.25210e+01
 25 -0.06971  4.52160e+01 | 26 -0.03579  4.19560e+01 | 27 -0.01581  3.20171e+01
 28 -0.00201  2.72882e+01 | 29  0.01782  1.38649e+01 | 30  0.05483  8.46260e+00
 31  0.04033  7.08011e+00 | 32 -0.05963  1.25210e+02 | 33 -0.60808  4.97244e-03
 34  0.02928 -1.20957e+02 | 35  0.54810  2.23221e+01 | 36 -0.05667  1.16749e+02
 37  0.00400  1.22767e+02 | 38 -0.56728  6.15336e-03 | 39  0.03181 -1.35627e+02
 40  0.67862  2.02433e+01 | 41 -0.23579 -4.31106e-02 | 42 -0.29791  1.94768e+01
 43 -0.65734 -6.95159e+00 | 44  1.05421  5.01790e-01 | 45  0.06174 -6.76577e-05
 46  0.20300  8.77175e+00 | 47  0.00116 -1.97796e-06 | 48  0.02004 -4.10469e-05
 49  0.03568  1.81038e+02 | 50 -0.15359  1.33125e+02 | 51  0.12568 -2.76909e+01
 52 -0.14550  6.11445e+00 | 53 -0.01512 -7.13724e+00 | 54  0.04792  5.92756e+00
 55 -0.15204  6.95144e-01 | 56  0.01659  7.53603e+00 | 57  0.52251  2.12077e+00
 58 -0.02726  6.38504e+00 |
58 variables; iteration 60; function evaluation 89; phase 3
Function value 3.8428076e+02; maximum gradient component mag 3.7404e+01
Var    Value     Gradient |Var    Value     Gradient |Var    Value     Gradient
  1  0.18478  3.74038e+01 |  2 -0.02918 -3.06106e-01 |  3  0.01034  1.30215e+01
  4  0.05297  5.40418e+00 |  5  0.03817  2.80379e-01 |  6  0.00509  5.18970e+00
  7  0.00051  1.24239e+01 |  8 -0.01243 -7.49096e+00 |  9  0.00778  9.09525e+00
 10 -0.05898 -2.08477e+00 | 11  0.00160  7.50177e+00 | 12  0.01270  1.01017e+01
 13  0.08261  7.11589e+00 | 14 -0.00355  1.75252e+00 | 15  0.02027  2.97365e+00
 16  0.00769 -2.35668e+00 | 17 -0.03441  5.38388e+00 | 18  0.05943  5.36307e+00
 19  0.06264 -1.08388e+01 | 20 -0.05491 -2.61745e+00 | 21 -0.04023 -7.12637e+00
 22  0.10663 -2.95431e+01 | 23 -0.02997 -3.16058e+00 | 24 -0.13773 -1.30299e+01
 25 -0.08399 -6.40144e+00 | 26 -0.04070 -1.04657e+01 | 27 -0.01308 -8.65654e+00
 28 -0.02184 -1.22901e+01 | 29  0.01502 -4.36842e+00 | 30  0.05675 -4.34247e+00
 31  0.01906 -1.21832e+01 | 32 -0.05099 -7.62711e+00 | 33 -0.62470  1.11933e-03
 34  0.03479  2.58783e+01 | 35  0.55870  1.23039e-01 | 36 -0.06375 -3.28788e+01
 37  0.01240 -2.13476e+01 | 38 -0.57410 -3.07158e-04 | 39  0.03813  2.62667e+01
 40  0.66865 -2.50946e+00 | 41 -0.28222 -5.88931e-02 | 42 -0.29274 -7.83487e+00
 43 -0.64420  2.36446e-02 | 44  1.00119 -6.26669e-01 | 45  0.06175  8.83081e-05
 46  0.19505 -6.63475e+00 | 47  0.00116  1.90047e-07 | 48  0.02025 -1.50814e-05
 49  0.04349  2.16609e+01 | 50 -0.16675  1.23908e+01 | 51  0.12558  3.23934e+00
 52 -0.13341  1.01979e+00 | 53 -0.00200  2.60159e+01 | 54  0.04346  3.74567e+00
 55 -0.14064 -5.27414e+00 | 56  0.00957 -4.87091e+00 | 57  0.48904  4.66943e-03
 58 -0.00520  6.64220e+00 |
58 variables; iteration 80; function evaluation 109; phase 3
Function value 3.8263368e+02; maximum gradient component mag 4.4939e+00
Var    Value     Gradient |Var    Value     Gradient |Var    Value     Gradient
  1  0.15838  7.37050e-02 |  2 -0.02225 -4.55353e-02 |  3  0.00277 -1.29451e-01
  4  0.05327 -8.57052e-02 |  5  0.04256  1.98171e-05 |  6  0.00160 -8.67024e-02
  7 -0.01443 -1.26718e-01 |  8  0.00793 -8.80068e-02 |  9  0.00099 -1.45497e-01
 10 -0.05132 -1.02011e-01 | 11  0.00514 -1.09435e-01 | 12  0.00706 -3.87278e-02
 13  0.08279  1.91616e-01 | 14 -0.00407  1.44798e-01 | 15  0.01311  1.15126e-01
 16  0.01342  4.75251e-02 | 17 -0.04206  1.35965e-01 | 18  0.05222  2.90872e-01
 19  0.06822  4.06172e-01 | 20 -0.05779  1.09561e-01 | 21 -0.04364 -1.01753e-01
 22  0.10883 -2.17742e-01 | 23 -0.04176 -1.39747e-01 | 24 -0.12497  2.89696e-02
 25 -0.08388 -9.04417e-02 | 26 -0.03437 -8.63583e-02 | 27 -0.01351 -3.39002e-02
 28 -0.01504 -1.15313e-01 | 29  0.01106 -9.59678e-02 | 30  0.05112 -1.02386e-01
 31  0.02684 -3.46776e-02 | 32 -0.04333  2.88549e-01 | 33 -0.62462  4.38086e-04
 34  0.03664 -9.81918e-02 | 35  0.53182  1.25797e-01 | 36 -0.05260  7.62158e-01
 37  0.01808 -4.75551e-02 | 38 -0.56993  3.56759e-04 | 39  0.03843 -2.68068e-03
 40  0.67240 -1.88903e-02 | 41 -0.30214 -2.53138e-02 | 42 -0.28358  1.79698e-01
 43 -0.63503 -3.52374e-02 | 44  1.01357 -2.12998e-03 | 45  0.06147 -8.53489e-06
 46  0.19332  2.27234e-02 | 47  0.00116 -5.10353e-08 | 48  0.02020  1.33381e-06
 49  0.04981  4.49391e+00 | 50 -0.17500  3.67396e+00 | 51  0.12370 -6.88325e-02
 52 -0.19680  1.64559e-01 | 53 -0.00225 -1.44263e-01 | 54  0.04176  6.04095e-02
 55 -0.11473 -3.00309e-02 | 56  0.00684 -1.44869e-01 | 57  0.41739  6.53060e-03
 58  0.00092 -1.40814e-01 |
58 variables; iteration 100; function evaluation 135; phase 3
Function value 3.8259536e+02; maximum gradient component mag 1.8727e+02
Var    Value     Gradient |Var    Value     Gradient |Var    Value     Gradient
  1  0.15830  7.96400e+00 |  2 -0.02243 -4.67117e-01 |  3  0.00279 -1.91785e-01
  4  0.05327 -2.70052e-01 |  5  0.04222 -3.68321e-01 |  6  0.00175  2.65494e-01
  7 -0.01408  5.39622e-01 |  8  0.00779  6.32968e-01 |  9  0.00094  3.78853e-01
 10 -0.05111 -1.84130e-01 | 11  0.00493 -1.08404e+00 | 12  0.00719 -8.14705e-01
 13  0.08270 -1.07704e+00 | 14 -0.00387 -1.64966e-01 | 15  0.01291 -5.43810e-01
 16  0.01333 -7.59139e-01 | 17 -0.04214 -5.40753e-01 | 18  0.05210  6.13210e-01
 19  0.06826  1.02312e+00 | 20 -0.05792  4.08805e-01 | 21 -0.04317  2.71975e-01
 22  0.10856  6.14562e-01 | 23 -0.04241  1.50314e+00 | 24 -0.12431  1.12354e+00
 25 -0.08348  1.01791e+00 | 26 -0.03427  7.14596e-01 | 27 -0.01379  1.74256e-01
 28 -0.01480 -2.80564e-02 | 29  0.01097 -3.95600e-01 | 30  0.05111 -2.43482e-01
 31  0.02683 -1.67410e-01 | 32 -0.04330  3.44841e+00 | 33 -0.59183  4.52441e-03
 34  0.03665 -2.16773e+00 | 35  0.53268  5.62174e-01 | 36 -0.05280  1.21108e-01
 37  0.01816  6.57003e+00 | 38 -0.56090  2.09416e-03 | 39  0.03851 -8.22381e-01
 40  0.67016  5.20026e+00 | 41 -0.14359 -1.21319e+00 | 42 -0.28332  1.64776e+00
 43 -0.63478 -3.24347e-01 | 44  1.01185 -4.12790e-02 | 45  0.06162  5.14463e-05
 46  0.19324 -3.79822e-01 | 47  0.00113  3.18171e-07 | 48  0.01849 -7.41763e-06
 49  0.06092  1.87267e+02 | 50 -0.20054  4.78161e+01 | 51  0.12694 -8.08004e+00
 52 -0.46532  1.05926e-01 | 53 -0.00364  2.50557e+00 | 54  0.04193  6.43460e-02
 55 -0.11326  5.98671e-02 | 56  0.00698  1.63169e-01 | 57  0.40224 -3.02122e-02
 58  0.00190  1.23598e+00 |
58 variables; iteration 120; function evaluation 158; phase 3
Function value 3.8237523e+02; maximum gradient component mag -1.6241e+00
Var    Value     Gradient |Var    Value     Gradient |Var    Value     Gradient
  1  0.15831 -8.27634e-03 |  2 -0.02217  8.02049e-03 |  3  0.00253  2.51627e-02
  4  0.05333  2.88278e-02 |  5  0.04268  1.84707e-02 |  6  0.00146  1.17889e-02
  7 -0.01446  4.12081e-03 |  8  0.00777 -8.80847e-03 |  9  0.00092 -7.92892e-03
 10 -0.05110 -2.79042e-03 | 11  0.00503 -3.38725e-02 | 12  0.00740 -1.25889e-02
 13  0.08304 -1.04234e-01 | 14 -0.00405  3.72669e-03 | 15  0.01293 -1.25226e-02
 16  0.01328  2.15073e-02 | 17 -0.04178  1.18127e-02 | 18  0.05214  1.62414e-01
 19  0.06813  9.08591e-02 | 20 -0.05820  5.34881e-03 | 21 -0.04334 -5.50478e-03
 22  0.10872 -1.00068e-01 | 23 -0.04241 -2.00660e-02 | 24 -0.12499 -2.22373e-02
 25 -0.08379 -1.26157e-03 | 26 -0.03436 -5.95585e-03 | 27 -0.01360  3.49204e-03
 28 -0.01481  6.76089e-03 | 29  0.01148  1.77008e-02 | 30  0.05098  2.14951e-02
 31  0.02706  1.14241e-02 | 32 -0.04340 -3.52022e-02 | 33 -0.62261  6.23634e-04
 34  0.03662  8.88671e-02 | 35  0.53199  2.10387e-02 | 36 -0.05267  1.24439e-01
 37  0.02202 -1.05227e-01 | 38 -0.56336  1.16823e-04 | 39  0.04045  1.00161e-01
 40  0.63420 -1.63868e-02 | 41 -0.08766 -5.37303e-03 | 42 -0.28359  9.39985e-03
 43 -0.63503 -8.66626e-04 | 44  1.01361 -1.23224e-03 | 45  0.06152  1.12999e-05
 46  0.19332 -1.10904e-03 | 47  0.00115  6.35523e-08 | 48  0.01937 -3.48968e-06
 49  0.06044 -1.62407e+00 | 50 -0.20113 -6.18117e-01 | 51  0.12687  2.20027e-02
 52 -0.42436 -2.47155e-03 | 53 -0.00366 -5.41100e-02 | 54  0.04177 -8.48187e-02
 55 -0.11372 -1.05838e-01 | 56  0.00687 -7.28726e-03 | 57  0.40914 -5.23514e-02
 58  0.00126 -1.61000e-01 |
58 variables; iteration 140; function evaluation 178; phase 3
Function value 3.8237423e+02; maximum gradient component mag -1.6964e-01
Var    Value     Gradient |Var    Value     Gradient |Var    Value     Gradient
  1  0.15837 -1.37749e-03 |  2 -0.02219  2.57750e-04 |  3  0.00251 -2.23089e-04
  4  0.05333  7.63401e-04 |  5  0.04268  1.78810e-03 |  6  0.00146  1.38705e-03
  7 -0.01447  1.71872e-03 |  8  0.00778  3.97229e-03 |  9  0.00092  2.67922e-03
 10 -0.05111  1.30384e-03 | 11  0.00504  4.66851e-04 | 12  0.00736  1.64715e-04
 13  0.08309 -8.50964e-03 | 14 -0.00411 -2.71394e-03 | 15  0.01297 -7.05693e-03
 16  0.01326 -9.29950e-03 | 17 -0.04175 -2.39284e-03 | 18  0.05216 -1.22668e-02
 19  0.06810 -8.17222e-03 | 20 -0.05820 -1.76551e-03 | 21 -0.04338  8.51013e-04
 22  0.10873  7.91313e-03 | 23 -0.04229  7.76102e-04 | 24 -0.12499  8.84232e-03
 25 -0.08383  5.78826e-03 | 26 -0.03437  4.28833e-03 | 27 -0.01361  4.18607e-03
 28 -0.01480  1.88043e-03 | 29  0.01147  1.83140e-03 | 30  0.05100  2.25815e-03
 31  0.02705  4.93962e-04 | 32 -0.04342 -7.47472e-03 | 33 -0.62956 -2.53296e-05
 34  0.03661  6.02679e-03 | 35  0.53205 -4.10996e-03 | 36 -0.05270 -2.66533e-02
 37  0.02201 -1.57362e-02 | 38 -0.56601 -8.27773e-05 | 39  0.04045  1.61104e-02
 40  0.63422 -9.70845e-04 | 41 -0.08768 -1.38903e-03 | 42 -0.28362 -3.49933e-03
 43 -0.63507  2.13719e-04 | 44  1.01368  7.04550e-05 | 45  0.06148  1.43595e-06
 46  0.19333 -2.93328e-04 | 47  0.00119  2.11598e-07 | 48  0.02118  6.84582e-06
 49  0.05819 -1.69637e-01 | 50 -0.19310 -4.93142e-02 | 51  0.12622  2.69886e-03
 52 -0.42962 -2.51387e-03 | 53 -0.00338 -4.95391e-04 | 54  0.04179  1.40428e-03
 55 -0.11445  4.95521e-03 | 56  0.00689  6.96986e-04 | 57  0.41487  4.35183e-04
 58  0.00105  7.17004e-03 |
58 variables; iteration 160; function evaluation 200; phase 3
Function value 3.8237402e+02; maximum gradient component mag 9.4256e-01
Var    Value     Gradient |Var    Value     Gradient |Var    Value     Gradient
  1  0.15836  1.64207e-02 |  2 -0.02219 -1.98969e-03 |  3  0.00251  1.01050e-03
  4  0.05333  8.88596e-03 |  5  0.04268  9.40564e-03 |  6  0.00146  5.50000e-03
  7 -0.01448  6.37551e-03 |  8  0.00779  2.54196e-02 |  9  0.00091  1.77405e-02
 10 -0.05111  1.29925e-02 | 11  0.00503  2.79864e-03 | 12  0.00738 -8.06112e-04
 13  0.08307 -6.38778e-02 | 14 -0.00409 -1.43821e-02 | 15  0.01297 -3.60116e-02
 16  0.01325 -4.12947e-02 | 17 -0.04174 -1.40118e-02 | 18  0.05216 -3.38744e-02
 19  0.06810 -1.88877e-02 | 20 -0.05820 -4.89104e-03 | 21 -0.04339 -1.15959e-03
 22  0.10874  4.12295e-02 | 23 -0.04229  1.41041e-02 | 24 -0.12499  1.44965e-02
 25 -0.08383  1.93622e-02 | 26 -0.03437  1.88848e-02 | 27 -0.01362  1.23578e-02
 28 -0.01480  1.35960e-02 | 29  0.01146  7.30022e-03 | 30  0.05101  1.32386e-02
 31  0.02705  5.45531e-03 | 32 -0.04342  3.34073e-02 | 33 -0.63100 -1.51545e-04
 34  0.03661 -3.46139e-02 | 35  0.53208  3.15812e-04 | 36 -0.05271 -7.97933e-02
 37  0.02201  1.07352e-02 | 38 -0.56640 -1.12083e-04 | 39  0.04045 -1.38095e-02
 40  0.63422  1.07487e-03 | 41 -0.08767  2.17830e-03 | 42 -0.28362 -7.39128e-03
 43 -0.63507  4.23438e-04 | 44  1.01363 -7.92931e-04 | 45  0.06180  1.77096e-05
 46  0.19333  1.19952e-03 | 47  0.00029 -5.95671e-06 | 48 -0.01119 -1.59480e-04
 49  0.05822  9.42565e-01 | 50 -0.19336  2.85456e-01 | 51  0.12623 -3.64713e-02
 52 -0.32670  1.27892e-03 | 53 -0.00339  1.28318e-02 | 54  0.04179 -9.20619e-03
 55 -0.11446 -2.64200e-03 | 56  0.00689  4.97494e-03 | 57  0.41491 -2.75576e-04
 58  0.00105  9.56431e-03 |
58 variables; iteration 180; function evaluation 223; phase 3
Function value 3.8237391e+02; maximum gradient component mag 1.5585e+00
Var    Value     Gradient |Var    Value     Gradient |Var    Value     Gradient
  1  0.15837  7.86794e-03 |  2 -0.02219  1.85629e-04 |  3  0.00251 -2.11872e-04
  4  0.05332 -4.27395e-03 |  5  0.04268 -4.28438e-03 |  6  0.00147 -1.91450e-03
  7 -0.01446 -2.69843e-03 |  8  0.00777 -1.24311e-02 |  9  0.00092 -8.49605e-03
 10 -0.05112 -8.07840e-03 | 11  0.00504 -2.49603e-03 | 12  0.00735 -8.21345e-05
 13  0.08311  2.93995e-02 | 14 -0.00413  5.13486e-03 | 15  0.01298  1.52847e-02
 16  0.01326  1.73676e-02 | 17 -0.04176  5.06518e-03 | 18  0.05217  1.93885e-02
 19  0.06810  5.05398e-03 | 20 -0.05820  1.86585e-04 | 21 -0.04338  1.29506e-03
 22  0.10873 -1.43448e-02 | 23 -0.04228 -6.49167e-04 | 24 -0.12499 -3.50937e-03
 25 -0.08383 -8.35289e-03 | 26 -0.03437 -9.54021e-03 | 27 -0.01361 -5.52345e-03
 28 -0.01481 -7.50496e-03 | 29  0.01147 -3.83215e-03 | 30  0.05100 -6.61122e-03
 31  0.02705 -3.78191e-03 | 32 -0.04342 -3.03448e-02 | 33 -0.62880  4.21910e-05
 34  0.03661  2.73303e-02 | 35  0.53202 -3.72744e-03 | 36 -0.05269  2.91815e-02
 37  0.02201 -9.75621e-03 | 38 -0.56407  6.71996e-05 | 39  0.04045  1.33368e-02
 40  0.63422  5.54049e-04 | 41 -0.08768 -6.64152e-04 | 42 -0.28362 -6.14185e-04
 43 -0.63506  3.00805e-04 | 44  1.01369  4.36294e-04 | 45  0.06136 -2.80493e-06
 46  0.19333 -1.02323e-03 | 47  0.00174  2.93316e-06 | 48  0.02730  4.30551e-05
 49  0.05819  1.55846e+00 | 50 -0.19467  4.62938e-01 | 51  0.12622 -4.59707e-02
 52 -0.26153  1.42113e-02 | 53 -0.00338  3.54816e-02 | 54  0.04179  5.20352e-03
 55 -0.11444  3.97405e-03 | 56  0.00689 -2.02725e-03 | 57  0.41484 -1.73622e-04
 58  0.00104 -3.02272e-03 |
58 variables; iteration 200; function evaluation 248; phase 3
Function value 3.8237386e+02; maximum gradient component mag 5.1510e-01
Var    Value     Gradient |Var    Value     Gradient |Var    Value     Gradient
  1  0.15837  3.34654e-03 |  2 -0.02219 -1.19189e-04 |  3  0.00251  3.26348e-05
  4  0.05333 -2.06590e-04 |  5  0.04268 -1.95202e-04 |  6  0.00146 -1.26448e-04
  7 -0.01447 -3.52070e-04 |  8  0.00778 -8.19838e-04 |  9  0.00092 -4.01166e-04
 10 -0.05111 -6.23496e-04 | 11  0.00504 -5.17339e-04 | 12  0.00736 -3.07950e-04
 13  0.08310  1.29416e-03 | 14 -0.00412  1.58147e-04 | 15  0.01297  7.72697e-04
 16  0.01326  8.21467e-04 | 17 -0.04175  5.63097e-05 | 18  0.05217  2.49052e-03
 19  0.06810 -2.20863e-04 | 20 -0.05820 -4.32882e-04 | 21 -0.04338  2.71533e-05
 22  0.10873 -2.19214e-04 | 23 -0.04228  1.23222e-03 | 24 -0.12499  1.13356e-04
 25 -0.08383 -4.76369e-04 | 26 -0.03437 -6.16490e-04 | 27 -0.01361 -3.72252e-04
 28 -0.01480 -6.65627e-04 | 29  0.01147 -3.65991e-04 | 30  0.05100 -2.89281e-04
 31  0.02705 -1.78802e-04 | 32 -0.04342 -2.50672e-03 | 33 -0.62927  4.98426e-07
 34  0.03661  2.21680e-03 | 35  0.53204 -3.87157e-04 | 36 -0.05270  6.61275e-04
 37  0.02201  6.59444e-05 | 38 -0.56487  4.70549e-06 | 39  0.04045  9.98112e-05
 40  0.63422  1.42920e-04 | 41 -0.08768  9.68985e-05 | 42 -0.28362 -3.37256e-04
 43 -0.63506  4.98316e-05 | 44  1.01367  3.24554e-05 | 45  0.05169  7.68128e-05
 46  0.19333 -3.40578e-05 | 47  0.00362 -2.51974e-06 | 48  0.07577  2.66781e-04
 49  0.05820  5.15095e-01 | 50 -0.19687  1.45919e-01 | 51  0.12623 -1.77607e-02
 52 -0.21450  7.86332e-03 | 53 -0.00339  1.08805e-02 | 54  0.04179  5.01018e-04
 55 -0.11446  1.40409e-04 | 56  0.00689 -1.18837e-04 | 57  0.41493 -4.73042e-05
 58  0.00104 -4.00516e-04 |
58 variables; iteration 220; function evaluation 274; phase 3
Function value 3.8237383e+02; maximum gradient component mag 3.2712e-01
Var    Value     Gradient |Var    Value     Gradient |Var    Value     Gradient
  1  0.15837  6.20381e-03 |  2 -0.02219 -6.57313e-04 |  3  0.00251  5.67806e-04
  4  0.05333  3.64340e-03 |  5  0.04268  3.71381e-03 |  6  0.00146  1.63994e-03
  7 -0.01447  1.03351e-03 |  8  0.00778  8.02364e-03 |  9  0.00091  5.33141e-03
 10 -0.05111  5.15371e-03 | 11  0.00504  1.18221e-03 | 12  0.00736  1.04823e-04
 13  0.08309 -1.54860e-02 | 14 -0.00411 -2.15194e-03 | 15  0.01297 -7.96757e-03
 16  0.01326 -1.16506e-02 | 17 -0.04175 -4.90761e-03 | 18  0.05217 -6.19582e-03
 19  0.06810 -4.32217e-03 | 20 -0.05820 -2.10690e-03 | 21 -0.04339 -3.25988e-03
 22  0.10874  6.37322e-03 | 23 -0.04228  3.35894e-03 | 24 -0.12499  3.40186e-03
 25 -0.08383  5.43258e-03 | 26 -0.03437  6.10581e-03 | 27 -0.01362  3.11537e-03
 28 -0.01480  4.21268e-03 | 29  0.01147  1.05270e-03 | 30  0.05101  3.19917e-03
 31  0.02705  1.74691e-03 | 32 -0.04342  3.39346e-02 | 33 -0.62960 -2.76040e-05
 34  0.03661 -2.65762e-02 | 35  0.53206  5.92389e-03 | 36 -0.05270 -1.70055e-02
 37  0.02201  1.49546e-02 | 38 -0.56548 -4.16093e-05 | 39  0.04045 -1.79289e-02
 40  0.63421  1.03206e-04 | 41 -0.08767  6.14358e-04 | 42 -0.28361  5.00665e-03
 43 -0.63506 -9.41526e-04 | 44  1.01366 -2.90211e-04 | 45  0.04789 -2.55128e-05
 46  0.19333  4.37094e-04 | 47  0.00619  1.84332e-05 | 48  0.05911  1.12761e-04
 49  0.05821  3.27125e-01 | 50 -0.19904  8.86646e-02 | 51  0.12623 -8.05769e-03
 52 -0.18574  7.18767e-03 | 53 -0.00339 -8.12996e-04 | 54  0.04179 -1.18952e-03
 55 -0.11447 -3.96506e-03 | 56  0.00689 -1.13905e-03 | 57  0.41501 -1.08543e-04
 58  0.00104  2.57545e-04 |
58 variables; iteration 240; function evaluation 299; phase 3
Function value 3.8237381e+02; maximum gradient component mag 4.6757e-01
Var    Value     Gradient |Var    Value     Gradient |Var    Value     Gradient
  1  0.15837  4.69615e-03 |  2 -0.02219 -1.60553e-04 |  3  0.00251 -2.97827e-04
  4  0.05333 -1.19696e-03 |  5  0.04268 -1.19027e-03 |  6  0.00146 -6.35129e-04
  7 -0.01447 -6.65757e-04 |  8  0.00778 -2.37051e-03 |  9  0.00092 -1.52295e-03
 10 -0.05111 -1.91797e-03 | 11  0.00504 -1.12189e-03 | 12  0.00736 -4.20237e-04
 13  0.08310  3.25158e-03 | 14 -0.00412 -5.27440e-05 | 15  0.01297  1.32370e-03
 16  0.01326  2.40302e-03 | 17 -0.04175  9.47689e-04 | 18  0.05217  3.64554e-03
 19  0.06810  8.70858e-04 | 20 -0.05820  2.98467e-05 | 21 -0.04338  1.10893e-03
 22  0.10873  6.95591e-04 | 23 -0.04228  2.00146e-03 | 24 -0.12500 -1.08500e-03
 25 -0.08383 -1.65831e-03 | 26 -0.03437 -1.72847e-03 | 27 -0.01361 -7.37645e-04
 28 -0.01480 -1.26548e-03 | 29  0.01147 -2.95315e-04 | 30  0.05100 -8.69231e-04
 31  0.02705 -6.19666e-04 | 32 -0.04342 -1.20584e-02 | 33 -0.62918  8.65758e-06
 34  0.03661  9.06648e-03 | 35  0.53204 -2.21330e-03 | 36 -0.05270  4.93013e-03
 37  0.02201 -5.13679e-03 | 38 -0.56477  1.24467e-05 | 39  0.04045  6.30640e-03
 40  0.63422  6.90783e-05 | 41 -0.08768 -4.79888e-06 | 42 -0.28362 -2.24756e-03
 43 -0.63506  4.09800e-04 | 44  1.01368  8.18012e-05 | 45  0.04793 -4.10723e-05
 46  0.19333 -6.56254e-05 | 47  0.00275  6.01151e-07 | 48  0.04872  1.47410e-05
 49  0.05820  4.67573e-01 | 50 -0.20228  1.15970e-01 | 51  0.12623 -2.38836e-02
 52 -0.15705  1.56082e-02 | 53 -0.00339  1.70973e-02 | 54  0.04179 -1.00270e-04
 55 -0.11446  1.29793e-03 | 56  0.00689  7.52403e-04 | 57  0.41492  5.94416e-05
 58  0.00104  1.26627e-04 |
58 variables; iteration 260; function evaluation 325; phase 3
Function value 3.8237380e+02; maximum gradient component mag 9.6076e-02
Var    Value     Gradient |Var    Value     Gradient |Var    Value     Gradient
  1  0.15837  1.24085e-03 |  2 -0.02219 -7.36449e-05 |  3  0.00251 -7.04421e-05
  4  0.05333 -1.94372e-04 |  5  0.04268 -1.67309e-04 |  6  0.00146 -8.93031e-05
  7 -0.01447 -1.23414e-04 |  8  0.00778 -3.28548e-04 |  9  0.00092 -2.17852e-04
 10 -0.05111 -3.06428e-04 | 11  0.00504 -2.29795e-04 | 12  0.00736 -9.10983e-05
 13  0.08310  4.61890e-04 | 14 -0.00412 -1.38885e-05 | 15  0.01297  1.73582e-04
 16  0.01326  3.06778e-04 | 17 -0.04175  9.27736e-05 | 18  0.05217  7.74235e-04
 19  0.06810  5.08234e-05 | 20 -0.05820 -6.81328e-05 | 21 -0.04338  1.37936e-04
 22  0.10873  2.00634e-04 | 23 -0.04228  5.19021e-04 | 24 -0.12499 -1.32408e-04
 25 -0.08383 -2.38237e-04 | 26 -0.03437 -2.34824e-04 | 27 -0.01361 -9.31639e-05
 28 -0.01480 -1.93379e-04 | 29  0.01147 -5.69085e-05 | 30  0.05100 -1.15192e-04
 31  0.02705 -8.70137e-05 | 32 -0.04342 -1.60649e-03 | 33 -0.62926  1.53342e-06
 34  0.03661  1.22576e-03 | 35  0.53204 -2.86980e-04 | 36 -0.05270  7.07655e-04
 37  0.02201 -6.11061e-04 | 38 -0.56491  1.75378e-06 | 39  0.04045  7.66076e-04
 40  0.63422  1.91184e-05 | 41 -0.08768  1.32729e-05 | 42 -0.28362 -2.80442e-04
 43 -0.63506  4.75608e-05 | 44  1.01367  1.25820e-05 | 45  0.04796 -1.03742e-06
 46  0.19333  2.98773e-06 | 47 -0.01062 -5.70197e-05 | 48  0.04804  5.50422e-06
 49  0.05821  9.60763e-02 | 50 -0.20630  2.20989e-02 | 51  0.12623 -5.94697e-03
 52 -0.13367  4.09602e-03 | 53 -0.00339  3.97348e-03 | 54  0.04179 -2.41387e-06
 55 -0.11446  1.55288e-04 | 56  0.00689  9.13063e-05 | 57  0.41494  6.72662e-06
 58  0.00104 -1.29036e-05 |
58 variables; iteration 280; function evaluation 352; phase 3
Function value 3.8237379e+02; maximum gradient component mag 1.1015e-01
Var    Value     Gradient |Var    Value     Gradient |Var    Value     Gradient
  1  0.15837  2.16292e-03 |  2 -0.02219 -1.16312e-04 |  3  0.00251 -1.37221e-05
  4  0.05333 -3.15061e-05 |  5  0.04268 -1.95390e-05 |  6  0.00146 -2.60193e-05
  7 -0.01447 -1.36222e-04 |  8  0.00778 -1.14403e-04 |  9  0.00092 -7.94186e-05
 10 -0.05111 -1.67222e-04 | 11  0.00504 -2.13672e-04 | 12  0.00736 -8.38444e-05
 13  0.08310  1.52050e-04 | 14 -0.00412 -4.25871e-05 | 15  0.01297  2.02176e-05
 16  0.01326 -9.67277e-05 | 17 -0.04175 -1.63712e-04 | 18  0.05217  9.39549e-04
 19  0.06810 -1.46613e-04 | 20 -0.05820 -2.49232e-04 | 21 -0.04338 -8.65763e-05
 22  0.10873  3.07840e-04 | 23 -0.04228  8.30732e-04 | 24 -0.12499  6.91581e-05
 25 -0.08383 -5.32463e-05 | 26 -0.03437 -5.59676e-05 | 27 -0.01361 -1.54219e-05
 28 -0.01480 -1.12928e-04 | 29  0.01147 -1.08172e-04 | 30  0.05100 -1.00642e-04
 31  0.02705 -1.01301e-04 | 32 -0.04342  5.74143e-05 | 33 -0.62927  6.26100e-07
 34  0.03661  6.73589e-06 | 35  0.53204  1.91380e-05 | 36 -0.05270  1.60317e-04
 37  0.02201  2.30984e-04 | 38 -0.56493  5.07807e-07 | 39  0.04045 -1.75573e-04
 40  0.63422  4.27637e-05 | 41 -0.08768  4.28388e-05 | 42 -0.28362  7.75982e-05
 43 -0.63506 -1.29472e-05 | 44  1.01367  3.45002e-06 | 45  0.04799 -5.87621e-06
 46  0.19333 -2.29672e-05 | 47  0.01225  3.69027e-05 | 48  0.04660 -7.80273e-07
 49  0.05821  1.10146e-01 | 50 -0.21127  2.21699e-02 | 51  0.12623 -8.42658e-03
 52 -0.11381  6.32042e-03 | 53 -0.00339  5.37830e-03 | 54  0.04179  9.44103e-05
 55 -0.11446  3.51250e-05 | 56  0.00689 -4.34753e-05 | 57  0.41494  2.33755e-06
 58  0.00104 -2.08425e-06 |
58 variables; iteration 300; function evaluation 377; phase 3
Function value 3.8237378e+02; maximum gradient component mag 6.7897e-02
Var    Value     Gradient |Var    Value     Gradient |Var    Value     Gradient
  1  0.15837  1.53938e-03 |  2 -0.02219 -8.92935e-05 |  3  0.00251 -2.10629e-05
  4  0.05333 -2.51588e-05 |  5  0.04268 -8.91393e-06 |  6  0.00146 -1.78560e-05
  7 -0.01447 -9.09128e-05 |  8  0.00778 -4.52455e-05 |  9  0.00092 -3.03075e-05
 10 -0.05111 -1.07385e-04 | 11  0.00504 -1.64415e-04 | 12  0.00736 -7.13712e-05
 13  0.08310 -1.29399e-05 | 14 -0.00412 -6.03336e-05 | 15  0.01297 -5.62367e-05
 16  0.01326 -1.17811e-04 | 17 -0.04175 -1.18752e-04 | 18  0.05217  6.16070e-04
 19  0.06810 -1.13550e-04 | 20 -0.05820 -1.72235e-04 | 21 -0.04338 -3.96264e-05
 22  0.10873  3.14527e-04 | 23 -0.04228  6.21712e-04 | 24 -0.12499  3.60614e-05
 25 -0.08383 -2.72206e-05 | 26 -0.03437 -1.76392e-05 | 27 -0.01361  6.81298e-06
 28 -0.01480 -5.67395e-05 | 29  0.01147 -5.34397e-05 | 30  0.05100 -3.71451e-05
 31  0.02705 -5.04232e-05 | 32 -0.04342 -4.41012e-05 | 33 -0.62927  2.41032e-07
 34  0.03661  4.89189e-05 | 35  0.53204 -5.12154e-06 | 36 -0.05270  6.21954e-05
 37  0.02201  1.11182e-04 | 38 -0.56493  2.18111e-07 | 39  0.04045 -7.42348e-05
 40  0.63422  2.98560e-05 | 41 -0.08768  3.42140e-05 | 42 -0.28362  6.70932e-06
 43 -0.63506 -2.17760e-06 | 44  1.01367  1.64535e-06 | 45  0.04989 -1.97474e-05
 46  0.19333 -1.84082e-06 | 47  0.00597 -3.04388e-06 | 48  0.04648  2.06555e-06
 49  0.05821  6.78974e-02 | 50 -0.21586  1.21949e-02 | 51  0.12623 -6.16240e-03
 52 -0.10044  4.62269e-03 | 53 -0.00339  3.89696e-03 | 54  0.04179  2.08879e-05
 55 -0.11446  8.55013e-06 | 56  0.00689 -4.70726e-06 | 57  0.41494 -5.76526e-08
 58  0.00104 -7.84287e-06 |
58 variables; iteration 320; function evaluation 399; phase 3
Function value 3.8237378e+02; maximum gradient component mag 5.7090e-02
Var    Value     Gradient |Var    Value     Gradient |Var    Value     Gradient
  1  0.15837  1.59849e-03 |  2 -0.02219 -6.62480e-05 |  3  0.00251  1.67674e-04
  4  0.05333  8.14648e-05 |  5  0.04268  7.79865e-05 |  6  0.00146  1.06793e-04
  7 -0.01447 -1.95802e-04 |  8  0.00778 -6.14010e-04 |  9  0.00092 -4.68499e-04
 10 -0.05111 -2.01693e-04 | 11  0.00504  7.94493e-05 | 12  0.00736  1.21861e-04
 13  0.08310  2.97228e-03 | 14 -0.00412  9.48825e-04 | 15  0.01297  1.86750e-03
 16  0.01326  1.12082e-03 | 17 -0.04175 -1.49794e-04 | 18  0.05217  2.40159e-03
 19  0.06810 -3.67666e-04 | 20 -0.05820 -5.21121e-04 | 21 -0.04338 -8.38487e-04
 22  0.10873 -2.62600e-03 | 23 -0.04228 -2.03426e-04 | 24 -0.12499  7.64381e-04
 25 -0.08383 -7.79756e-05 | 26 -0.03437 -3.31106e-04 | 27 -0.01361 -3.76539e-04
 28 -0.01480 -6.29268e-04 | 29  0.01147 -7.01024e-04 | 30  0.05100 -6.35982e-04
 31  0.02705 -3.45789e-04 | 32 -0.04342  4.55761e-03 | 33 -0.62925  2.66168e-06
 34  0.03661 -2.59021e-03 | 35  0.53204  1.02365e-03 | 36 -0.05270  4.15229e-04
 37  0.02201  3.14899e-03 | 38 -0.56490  2.34915e-06 | 39  0.04045 -3.45157e-03
 40  0.63422  9.08167e-05 | 41 -0.08768 -3.07648e-05 | 42 -0.28362  1.88198e-03
 43 -0.63506 -3.32992e-04 | 44  1.01367  2.35537e-05 | 45  0.06210  2.53636e-04
 46  0.19333 -2.12515e-04 | 47  0.00176  4.25273e-06 | 48  0.02258  1.74376e-05
 49  0.05821  5.70902e-02 | 50 -0.21960  9.32290e-03 | 51  0.12623 -5.51515e-03
 52 -0.09178  4.38558e-03 | 53 -0.00339  2.96669e-03 | 54  0.04179  1.44140e-03
 55 -0.11446 -9.33139e-05 | 56  0.00689 -1.00713e-03 | 57  0.41494 -3.77426e-05
 58  0.00104 -3.79304e-04 |
58 variables; iteration 340; function evaluation 419; phase 3
Function value 3.8237378e+02; maximum gradient component mag 3.5486e-03
Var    Value     Gradient |Var    Value     Gradient |Var    Value     Gradient
  1  0.15837  1.72865e-04 |  2 -0.02219  7.40755e-06 |  3  0.00251  4.80723e-05
  4  0.05333  3.51963e-05 |  5  0.04268  1.73338e-05 |  6  0.00146  1.78986e-05
  7 -0.01447 -2.78473e-05 |  8  0.00778 -1.05731e-04 |  9  0.00092 -7.81450e-05
 10 -0.05111 -2.17793e-05 | 11  0.00504  4.01114e-05 | 12  0.00736  3.58568e-05
 13  0.08310  4.89378e-04 | 14 -0.00412  1.51649e-04 | 15  0.01297  3.07632e-04
 16  0.01326  1.70309e-04 | 17 -0.04175 -3.14716e-05 | 18  0.05217  3.31812e-04
 19  0.06810 -3.49449e-05 | 20 -0.05820 -7.38279e-05 | 21 -0.04338 -1.47088e-04
 22  0.10873 -4.54436e-04 | 23 -0.04228 -7.95227e-05 | 24 -0.12499  1.23669e-04
 25 -0.08383 -8.05802e-06 | 26 -0.03437 -5.84264e-05 | 27 -0.01361 -6.61223e-05
 28 -0.01480 -9.94459e-05 | 29  0.01147 -1.18739e-04 | 30  0.05100 -1.23955e-04
 31  0.02705 -7.30968e-05 | 32 -0.04342  7.77360e-04 | 33 -0.62927  4.04995e-07
 34  0.03661 -4.55756e-04 | 35  0.53204  1.68198e-04 | 36 -0.05270  6.56165e-05
 37  0.02201  5.00182e-04 | 38 -0.56493  4.13130e-07 | 39  0.04045 -5.39175e-04
 40  0.63422  1.27038e-05 | 41 -0.08768 -8.30659e-06 | 42 -0.28362  3.12125e-04
 43 -0.63506 -5.18558e-05 | 44  1.01367  3.02519e-06 | 45  0.06149 -1.12867e-06
 46  0.19333 -4.92714e-05 | 47  0.00116  8.68000e-09 | 48  0.01993 -4.94856e-07
 49  0.05821  3.54855e-03 | 50 -0.22082  5.80598e-04 | 51  0.12623 -2.21050e-04
 52 -0.08930  2.85594e-04 | 53 -0.00339  1.15874e-04 | 54  0.04179  2.42376e-04
 55 -0.11446  5.87725e-06 | 56  0.00689 -1.65562e-04 | 57  0.41494 -3.11324e-06
 58  0.00104 -3.28545e-05 |
Warning: the following parameters had issues
  selparm[15] is within 0.1% of upper bound: 2.00000e+01 < 8.99919e+01 < 9.00000e+01


 - final statistics:
58 variables; iteration 345; function evaluation 424
Function value 3.8237e+02; maximum gradient component mag 6.2882e-05
Exit code = 1;  converg criter 1.0000e-04
Var    Value     Gradient |Var    Value     Gradient |Var    Value     Gradient
  1  0.15837 -9.79983e-09 |  2 -0.02219 -4.83751e-07 |  3  0.00251 -6.01386e-07
  4  0.05333 -5.33009e-07 |  5  0.04268  2.99988e-08 |  6  0.00146  1.75769e-07
  7 -0.01447  1.54718e-07 |  8  0.00778  5.46907e-07 |  9  0.00092  2.06973e-07
 10 -0.05111  2.87343e-08 | 11  0.00504 -4.16140e-07 | 12  0.00736 -2.81347e-07
 13  0.08310 -1.21036e-07 | 14 -0.00412  3.82499e-07 | 15  0.01297  1.33041e-07
 16  0.01326  4.31688e-07 | 17 -0.04175  2.20584e-07 | 18  0.05217  8.86743e-07
 19  0.06810 -9.57010e-07 | 20 -0.05820 -2.21574e-07 | 21 -0.04338  7.13261e-08
 22  0.10873 -2.09013e-07 | 23 -0.04228  1.37096e-07 | 24 -0.12499  5.08526e-07
 25 -0.08383  2.73761e-07 | 26 -0.03437  4.60254e-07 | 27 -0.01361  2.89748e-07
 28 -0.01480  9.54558e-08 | 29  0.01147  1.72337e-07 | 30  0.05100  7.30111e-07
 31  0.02705  6.07176e-07 | 32 -0.04342  1.68631e-06 | 33 -0.62928  1.08060e-10
 34  0.03661 -9.58756e-07 | 35  0.53204  3.92928e-07 | 36 -0.05270 -1.34307e-06
 37  0.02201  1.45375e-06 | 38 -0.56493 -1.47464e-09 | 39  0.04045 -2.06061e-06
 40  0.63422 -1.59199e-08 | 41 -0.08768  2.19554e-08 | 42 -0.28362  5.97587e-07
 43 -0.63506 -2.26385e-07 | 44  1.01367  1.88747e-08 | 45  0.06149  6.68676e-09
 46  0.19333  3.40850e-07 | 47  0.00116  8.52821e-10 | 48  0.02001 -5.35503e-10
 49  0.05821  6.28816e-05 | 50 -0.22104  9.87660e-06 | 51  0.12623 -9.06862e-06
 52 -0.08889  4.91139e-06 | 53 -0.00339  3.33191e-06 | 54  0.04179  5.56796e-08
 55 -0.11446 -7.32362e-07 | 56  0.00689 -2.05010e-07 | 57  0.41494 -9.62331e-08
 58  0.00104 -7.46876e-07 |
Estimating row 1 out of 58 for hessian
Estimating row 2 out of 58 for hessian
Estimating row 3 out of 58 for hessian
Estimating row 4 out of 58 for hessian
Estimating row 5 out of 58 for hessian
Estimating row 6 out of 58 for hessian
Estimating row 7 out of 58 for hessian
Estimating row 8 out of 58 for hessian
Estimating row 9 out of 58 for hessian
Estimating row 10 out of 58 for hessian
Estimating row 11 out of 58 for hessian
Estimating row 12 out of 58 for hessian
Estimating row 13 out of 58 for hessian
Estimating row 14 out of 58 for hessian
Estimating row 15 out of 58 for hessian
Estimating row 16 out of 58 for hessian
Estimating row 17 out of 58 for hessian
Estimating row 18 out of 58 for hessian
Estimating row 19 out of 58 for hessian
Estimating row 20 out of 58 for hessian
Estimating row 21 out of 58 for hessian
Estimating row 22 out of 58 for hessian
Estimating row 23 out of 58 for hessian
Estimating row 24 out of 58 for hessian
Estimating row 25 out of 58 for hessian
Estimating row 26 out of 58 for hessian
Estimating row 27 out of 58 for hessian
Estimating row 28 out of 58 for hessian
Estimating row 29 out of 58 for hessian
Estimating row 30 out of 58 for hessian
Estimating row 31 out of 58 for hessian
Estimating row 32 out of 58 for hessian
Estimating row 33 out of 58 for hessian
Estimating row 34 out of 58 for hessian
Estimating row 35 out of 58 for hessian
Estimating row 36 out of 58 for hessian
Estimating row 37 out of 58 for hessian
Estimating row 38 out of 58 for hessian
Estimating row 39 out of 58 for hessian
Estimating row 40 out of 58 for hessian
Estimating row 41 out of 58 for hessian
Estimating row 42 out of 58 for hessian
Estimating row 43 out of 58 for hessian
Estimating row 44 out of 58 for hessian
Estimating row 45 out of 58 for hessian
Estimating row 46 out of 58 for hessian
Estimating row 47 out of 58 for hessian
Estimating row 48 out of 58 for hessian
Estimating row 49 out of 58 for hessian
Estimating row 50 out of 58 for hessian
Estimating row 51 out of 58 for hessian
Estimating row 52 out of 58 for hessian
Estimating row 53 out of 58 for hessian
Estimating row 54 out of 58 for hessian
Estimating row 55 out of 58 for hessian
Estimating row 56 out of 58 for hessian
Estimating row 57 out of 58 for hessian
Estimating row 58 out of 58 for hessian
size of file gradfil1.tmp = 0
size of file gradfil2.tmp = 0
size of file varssave.tmp = 0
size of file cmpdiff.tmp = 0
