
Initial statistics: 1 variables; iteration 0; function evaluation 0; phase 1
Function value 6.4095221e+02; maximum gradient component mag -1.2821e+05
Var    Value     Gradient |Var    Value     Gradient |Var    Value     Gradient
  1  0.06041 -1.28214e+05 |

 - final statistics:
1 variables; iteration 19; function evaluation 21
Function value 4.8262e+02; maximum gradient component mag -7.6754e+00
Exit code = 1;  converg criter 1.0000e+01
Var    Value     Gradient |Var    Value     Gradient |Var    Value     Gradient
  1  0.19207 -7.67540e+00 |

Initial statistics: 12 variables; iteration 0; function evaluation 0; phase 2
Function value 4.8261527e+02; maximum gradient component mag 2.0890e+02
Var    Value     Gradient |Var    Value     Gradient |Var    Value     Gradient
  1  0.19207 -7.67540e+00 |  2 -0.17102  7.60158e+01 |  3 -0.56347 -2.22616e-03
  4 -0.05540  2.08899e+02 |  5 -0.58315  1.85482e-02 |  6 -0.38017  1.92255e+01
  7  0.61396  3.65973e-01 |  8  0.05685  5.13683e-04 |  9 -0.39702  8.19150e+00
 10 -0.06477  2.40523e+01 | 11  0.06178  1.71622e+02 | 12 -0.54365  3.66255e-02

 - final statistics:
12 variables; iteration 10; function evaluation 17
Function value 4.7667e+02; maximum gradient component mag -2.7773e+00
Exit code = 1;  converg criter 1.0000e+01
Var    Value     Gradient |Var    Value     Gradient |Var    Value     Gradient
  1  0.41572 -4.26672e-01 |  2 -0.17703 -1.32804e+00 |  3 -0.54914 -8.80669e-03
  4 -0.07208 -2.77726e+00 |  5 -0.58979  2.10084e-03 |  6 -0.40782  1.26991e+00
  7  0.60091 -1.14451e-01 |  8  0.04127 -4.44773e-02 |  9 -0.40940  1.87646e-01
 10 -0.06424 -1.27665e+00 | 11  0.02670 -2.39748e-01 | 12 -0.56379  6.74826e-03

Initial statistics: 55 variables; iteration 0; function evaluation 0; phase 3
Function value 4.7666613e+02; maximum gradient component mag -5.9109e+02
Var    Value     Gradient |Var    Value     Gradient |Var    Value     Gradient
  1  0.41572 -4.26672e-01 |  2  0.00000  5.24456e+01 |  3  0.00000  3.85330e+01
  4  0.00000 -8.67840e+01 |  5  0.00000 -1.13002e+02 |  6  0.00000 -9.29207e+01
  7  0.00000  6.07794e+01 |  8  0.00000  5.64383e+01 |  9  0.00000  1.59944e+02
 10  0.00000  2.15088e+02 | 11  0.00000  3.06132e+02 | 12  0.00000  9.33484e+01
 13  0.00000 -9.22871e+01 | 14  0.00000 -2.29460e+02 | 15  0.00000 -2.21042e+02
 16  0.00000 -1.57148e+02 | 17  0.00000 -1.56136e+02 | 18  0.00000 -1.28889e+02
 19  0.00000 -5.91094e+02 | 20  0.00000 -5.18907e+02 | 21  0.00000 -3.37653e+01
 22  0.00000 -1.54679e+00 | 23  0.00000 -1.64157e+02 | 24  0.00000  3.42666e+02
 25  0.00000  4.39972e+02 | 26  0.00000  4.43142e+02 | 27  0.00000  3.64357e+02
 28  0.00000  1.42921e+01 | 29 -0.17703 -1.32804e+00 | 30 -0.54914 -8.80669e-03
 31  0.01910 -1.63495e+01 | 32  0.65984  2.44508e+01 | 33 -0.09733  2.62817e+02
 34 -0.07208 -2.77726e+00 | 35 -0.58979  2.10084e-03 | 36  0.06366  2.34942e+01
 37  0.67737  2.26622e+01 | 38 -0.35262 -6.01552e-02 | 39 -0.40782  1.26991e+00
 40 -0.62161  6.44960e+00 | 41  0.60091 -1.14451e-01 | 42  0.04127 -4.44773e-02
 43  0.13067  7.35541e+00 | 44 -0.00568 -2.47093e-03 | 45  0.12692 -5.50647e-03
 46 -0.40940  1.87646e-01 | 47 -0.06424 -1.27665e+00 | 48 -0.01459  4.39182e-01
 49  0.05892  3.26959e+00 | 50 -0.02934  1.53061e+02 | 51  0.02670 -2.39748e-01
 52 -0.56379  6.74826e-03 | 53  0.04531  4.28877e+01 | 54  0.44957  2.18734e+01
 55 -0.06210  4.37061e+02 |

Intermediate statistics: 55 variables; iteration 20; function evaluation 35; phase 3
Function value 4.0100786e+02; maximum gradient component mag 8.5516e+02
Var    Value     Gradient |Var    Value     Gradient |Var    Value     Gradient
  1  0.10463 -2.99116e+01 |  2 -0.03946 -5.88805e+01 |  3 -0.03567 -5.86542e+00
  4  0.04549 -5.64541e+01 |  5  0.02956 -5.43929e+01 |  6  0.03677 -5.36490e+01
  7 -0.02534  2.52421e+01 |  8  0.01958  4.53229e+01 |  9  0.00151  7.71509e+01
 10  0.01095  2.57277e+02 | 11 -0.01328  2.52192e+02 | 12  0.01631  1.63825e+02
 13  0.01408 -1.10056e+01 | 14  0.04810 -6.91858e+01 | 15  0.00693 -1.52167e+02
 16 -0.00021 -1.76876e+02 | 17  0.03226 -2.03590e+02 | 18 -0.08331 -3.10377e+02
 19  0.05370 -3.92333e+02 | 20  0.02434 -4.60328e+02 | 21 -0.03444 -2.26010e+02
 22 -0.03378 -8.86498e+00 | 23  0.08853  4.45385e+02 | 24 -0.01988  2.96694e+02
 25 -0.03988  3.21333e+02 | 26 -0.03987  2.81691e+02 | 27 -0.03046  2.28800e+02
 28 -0.02915 -4.63067e+00 | 29 -0.16521 -4.86959e+02 | 30 -0.54912 -1.31258e-01
 31  0.02533 -9.15301e+00 | 32  0.60863 -3.66157e+02 | 33 -0.09287 -4.86318e+02
 34 -0.06799 -2.08052e+02 | 35 -0.58978 -1.94934e-02 | 36  0.05818  3.37662e+01
 37  0.65407 -1.38238e+02 | 38 -0.35554 -1.50325e-01 | 39 -0.64733 -1.94895e+00
 40 -0.83338 -4.75583e-01 | 41  0.50873 -2.07485e+00 | 42  0.04361 -2.80879e-02
 43  0.10318  7.13475e+00 | 44 -0.00555 -2.13388e-03 | 45  0.12695 -1.28814e-02
 46 -0.24852 -1.29724e+01 | 47 -0.09128 -3.10086e+01 | 48  0.16792  3.74633e+00
 49  0.05997 -1.86570e+01 | 50 -0.05242  2.74674e+01 | 51  0.04519  1.51084e+02
 52 -0.56363  3.94378e-02 | 53  0.06683  9.55465e+01 | 54  0.48357  1.10136e+02
 55 -0.05522  8.55164e+02 |
55 variables; iteration 40; function evaluation 64; phase 3
Function value 3.6219700e+02; maximum gradient component mag -1.1731e+03
Var    Value     Gradient |Var    Value     Gradient |Var    Value     Gradient
  1  0.06653 -1.17312e+03 |  2  0.00003 -2.21360e+01 |  3 -0.02097  1.07421e+01
  4  0.02089 -1.28825e+02 |  5  0.03996 -4.12688e+01 |  6  0.04764 -3.58372e+01
  7 -0.01800  1.03024e+01 |  8  0.00782 -7.69784e+01 |  9  0.00468 -1.23008e+02
 10 -0.00278  8.97680e+01 | 11 -0.02523  1.09313e+02 | 12  0.02131  2.00819e+02
 13  0.00926 -3.45873e+01 | 14  0.05726  1.07333e+02 | 15 -0.00692 -1.11492e+02
 16 -0.00234 -4.66658e+01 | 17  0.02263  5.20799e+01 | 18 -0.03066 -1.58492e+02
 19  0.04894 -8.50194e+00 | 20  0.03830 -2.34372e+02 | 21 -0.02347 -3.71395e+02
 22 -0.04030 -2.25817e+02 | 23  0.08463  5.55042e+02 | 24 -0.03826  1.68310e+02
 25 -0.07599  1.43767e+02 | 26 -0.05420  1.64016e+02 | 27 -0.04494  7.42075e+01
 28 -0.01710  2.23931e+01 | 29 -0.20854 -4.75771e+02 | 30 -0.54943 -9.90710e-02
 31 -0.01431  4.51887e+01 | 32  0.69572 -2.58180e+02 | 33 -0.11476 -2.64269e+02
 34 -0.06626 -4.48925e+02 | 35 -0.58972 -3.99214e-02 | 36  0.05500  9.03580e+01
 37  0.64925 -2.68671e+02 | 38 -0.37617 -1.28415e-01 | 39 -0.54591 -1.04118e+01
 40 -1.53426 -1.07806e-01 | 41  0.47128 -1.07116e+01 | 42  0.06355  7.97607e-04
 43  0.09976  2.79108e+01 | 44 -0.00444 -4.89906e-05 | 45  0.12727 -4.44038e-03
 46 -0.05690  5.93932e+01 | 47 -0.10599  1.45721e+02 | 48  0.74270  8.64714e-03
 49  0.02055  3.59697e+01 | 50 -0.04874 -7.81517e+01 | 51  0.04900  1.07496e+02
 52 -0.56291  2.82923e-02 | 53  0.05244  6.36535e+01 | 54  0.50548  7.92364e+01
 55 -0.06822  2.47722e+02 |
55 variables; iteration 60; function evaluation 90; phase 3
Function value 3.2303859e+02; maximum gradient component mag -7.8183e+01
Var    Value     Gradient |Var    Value     Gradient |Var    Value     Gradient
  1  0.06045  5.49081e+01 |  2  0.00574  1.73764e+01 |  3 -0.03989  1.33526e+01
  4  0.05456  6.68289e+00 |  5  0.03148 -2.84662e+00 |  6  0.04498 -3.74095e+00
  7 -0.03539  1.90066e+00 |  8  0.01990  1.02505e+01 |  9  0.01116  3.86695e+00
 10 -0.00719  1.31305e-01 | 11 -0.02673 -5.32528e+00 | 12  0.01226 -1.97670e+01
 13  0.01993 -2.03386e+01 | 14  0.03479 -1.99226e+01 | 15  0.01216  1.35495e+00
 16 -0.00221  6.51596e+00 | 17  0.00715  4.87839e+00 | 18 -0.01351  1.99527e+01
 19  0.04095  1.21785e+01 | 20  0.03897 -6.11058e+00 | 21  0.00066 -2.86206e+01
 22 -0.00979 -1.04271e+01 | 23  0.05674 -6.58948e+00 | 24 -0.05174  4.72832e+00
 25 -0.06453  9.66452e+00 | 26 -0.06068  1.10695e+01 | 27 -0.03660  7.90336e-01
 28 -0.04322  8.95865e-01 | 29 -0.17568 -3.62089e+00 | 30 -0.57042 -2.68683e-05
 31  0.01251 -2.99493e+00 | 32  0.67154 -1.82183e+01 | 33 -0.11397 -7.81834e+01
 34 -0.05706 -1.27792e+01 | 35 -0.58800 -1.27255e-03 | 36  0.06298  3.90799e+00
 37  0.67839 -4.64454e+00 | 38 -0.48670 -3.11888e-03 | 39 -0.37113 -7.67243e-01
 40 -1.33721 -2.60030e-01 | 41  0.56954  1.15805e+00 | 42  0.09129  1.07963e-03
 43  0.09915 -4.84970e+00 | 44 -0.00023  1.41506e-04 | 45  0.12452 -3.17835e-03
 46 -0.21954 -3.54370e+00 | 47 -0.09200  1.03045e+01 | 48  0.12317  1.27308e+00
 49  0.03798 -2.76383e+00 | 50 -0.03069  8.82056e+00 | 51  0.03093 -1.00109e+01
 52 -0.55700 -1.72776e-03 | 53  0.03893  8.25560e+00 | 54  0.56204 -1.48694e+00
 55 -0.09733 -2.76467e+01 |
55 variables; iteration 80; function evaluation 110; phase 3
Function value 3.2011437e+02; maximum gradient component mag 2.3084e+01
Var    Value     Gradient |Var    Value     Gradient |Var    Value     Gradient
  1  0.05869  2.30839e+01 |  2  0.00623 -1.15261e-01 |  3 -0.04156  3.26554e-01
  4  0.05616  2.08690e+00 |  5  0.03319  1.73189e+00 |  6  0.04625  1.00207e+00
  7 -0.03559  9.26567e-01 |  8  0.01821  9.71286e-01 |  9  0.01211  2.09777e+00
 10 -0.00752  3.71019e-01 | 11 -0.02519 -1.55154e-01 | 12  0.01345  2.56461e-01
 13  0.02127 -9.40509e-01 | 14  0.03552 -4.54465e+00 | 15  0.01092 -1.41296e+00
 16 -0.00324 -1.35212e+00 | 17  0.00714 -2.46592e+00 | 18 -0.01416  3.06630e+00
 19  0.04036  7.15745e-01 | 20  0.03870  1.80725e+00 | 21  0.00298  9.96728e-01
 22 -0.00916  9.99720e-01 | 23  0.05728 -5.15004e+00 | 24 -0.05241  1.21198e-01
 25 -0.07004 -1.61524e-02 | 26 -0.05933 -9.55642e-01 | 27 -0.03453 -9.68016e-01
 28 -0.04719 -4.02955e-01 | 29 -0.17124  8.77958e-01 | 30 -0.57288  2.09142e-05
 31  0.01785 -2.49569e-01 | 32  0.65856 -3.11874e-01 | 33 -0.09685 -6.95320e-01
 34 -0.05516  6.80500e+00 | 35 -0.57808  1.09114e-03 | 36  0.06383 -1.54607e+00
 37  0.68056  4.36670e+00 | 38 -0.40694 -2.11447e-03 | 39 -0.36879 -1.17022e+00
 40 -1.33846 -1.91298e-01 | 41  0.58368 -3.52485e-02 | 42  0.26110  1.36595e-03
 43  0.10394  7.53481e-01 | 44  0.00914  4.50905e-05 | 45  0.20828  7.49776e-04
 46 -0.10685  1.52378e+00 | 47 -0.14822  1.11337e+01 | 48  0.14866 -4.14638e-01
 49  0.04047  3.40683e+00 | 50 -0.03216  2.63084e+00 | 51  0.04262 -1.86352e-01
 52 -0.52951 -1.09202e-05 | 53  0.03976 -2.51957e-01 | 54  0.45453 -7.66447e-02
 55 -0.05333  1.09487e+01 |
55 variables; iteration 100; function evaluation 131; phase 3
Function value 3.1970765e+02; maximum gradient component mag 6.9502e-01
Var    Value     Gradient |Var    Value     Gradient |Var    Value     Gradient
  1  0.05881  2.76692e-01 |  2  0.00633  1.56535e-01 |  3 -0.04174 -2.67433e-01
  4  0.05592  3.99737e-02 |  5  0.03309 -3.06476e-02 |  6  0.04641 -5.70572e-02
  7 -0.03583 -1.16377e-01 |  8  0.01835 -3.36983e-01 |  9  0.01205 -4.40348e-01
 10 -0.00746  5.33911e-02 | 11 -0.02525 -9.90762e-03 | 12  0.01341  9.75236e-02
 13  0.02121  1.54657e-01 | 14  0.03593  4.60605e-02 | 15  0.01087  5.77731e-02
 16 -0.00316  3.63727e-01 | 17  0.00743  6.45377e-01 | 18 -0.01452  2.33076e-01
 19  0.04051  6.95020e-01 | 20  0.03871 -3.50782e-01 | 21  0.00289  5.08236e-02
 22 -0.00935 -5.82859e-02 | 23  0.05774 -4.41761e-01 | 24 -0.05245 -2.18231e-01
 25 -0.06974 -8.13689e-02 | 26 -0.05958 -2.05127e-01 | 27 -0.03463  5.99315e-03
 28 -0.04725  1.30406e-02 | 29 -0.17177  1.75866e-01 | 30 -0.57602 -1.49022e-04
 31  0.01727  1.78558e-02 | 32  0.65915  1.27175e-01 | 33 -0.09710 -1.61958e-01
 34 -0.05495 -1.94494e-01 | 35 -0.58866 -5.09460e-04 | 36  0.06396  2.58196e-02
 37  0.67870 -1.29723e-01 | 38 -0.24755 -2.37657e-02 | 39 -0.36795  6.93676e-02
 40 -1.33724 -4.06651e-02 | 41  0.57678 -3.64663e-02 | 42  0.05980  4.39149e-04
 43  0.10223  2.10352e-01 | 44  0.03531  1.94885e-04 | 45  0.19973  8.34626e-04
 46 -0.07683 -1.41046e-01 | 47 -0.42984  1.45207e-02 | 48  0.15501 -7.62299e-03
 49  0.04520  1.03362e-01 | 50 -0.03410  5.94735e-02 | 51  0.04161 -1.69281e-01
 52 -0.54149 -6.99407e-04 | 53  0.03950 -4.10323e-02 | 54  0.46609 -2.45400e-03
 55 -0.05612  2.04174e-01 |
55 variables; iteration 120; function evaluation 151; phase 3
Function value 3.1970655e+02; maximum gradient component mag -2.0993e-02
Var    Value     Gradient |Var    Value     Gradient |Var    Value     Gradient
  1  0.05879 -1.86536e-02 |  2  0.00629  6.04919e-03 |  3 -0.04162  6.55007e-03
  4  0.05590 -2.90826e-03 |  5  0.03309  2.41310e-04 |  6  0.04640  7.55833e-03
  7 -0.03584  4.66075e-03 |  8  0.01836  8.79045e-03 |  9  0.01207  1.20696e-02
 10 -0.00747  1.10466e-02 | 11 -0.02524  1.39255e-02 | 12  0.01342  6.77375e-03
 13  0.02122  3.23453e-03 | 14  0.03595  1.11935e-03 | 15  0.01088 -1.13423e-02
 16 -0.00318 -1.17313e-02 | 17  0.00740 -1.80037e-02 | 18 -0.01452 -4.72342e-03
 19  0.04050 -1.36633e-02 | 20  0.03874 -2.98795e-03 | 21  0.00286 -2.09934e-02
 22 -0.00936 -9.51787e-03 | 23  0.05776  1.16260e-03 | 24 -0.05245  1.00761e-02
 25 -0.06976 -2.24864e-03 | 26 -0.05958  3.02752e-03 | 27 -0.03463  1.46429e-04
 28 -0.04733  2.27808e-04 | 29 -0.17176 -1.28797e-03 | 30 -0.57440 -5.39212e-05
 31  0.01726  3.38921e-04 | 32  0.65907 -4.33654e-03 | 33 -0.09706 -4.65529e-03
 34 -0.05480  3.13009e-03 | 35 -0.58411 -1.60911e-04 | 36  0.06405 -1.03308e-03
 37  0.67814  2.27523e-03 | 38 -0.22386 -5.28355e-04 | 39 -0.36799  2.18905e-03
 40 -1.33701  2.03994e-03 | 41  0.57619 -1.64707e-04 | 42  0.05861  8.37456e-04
 43  0.10198 -5.53275e-03 | 44  0.02516  1.80573e-04 | 45  0.15223 -6.74658e-06
 46 -0.07589  3.75675e-04 | 47 -0.52191 -3.17632e-04 | 48  0.15537  1.62320e-04
 49  0.04429  3.32135e-03 | 50 -0.03407  7.37549e-03 | 51  0.04178  2.75442e-03
 52 -0.53578 -3.13773e-04 | 53  0.03965  2.10361e-03 | 54  0.46585 -3.71663e-03
 55 -0.05615 -1.24026e-02 |
55 variables; iteration 140; function evaluation 171; phase 3
Function value 3.1970655e+02; maximum gradient component mag -4.6959e-04
Var    Value     Gradient |Var    Value     Gradient |Var    Value     Gradient
  1  0.05879 -4.69590e-04 |  2  0.00629 -1.95125e-05 |  3 -0.04163 -2.02202e-06
  4  0.05590  2.90115e-05 |  5  0.03309  2.64810e-05 |  6  0.04640 -1.16882e-06
  7 -0.03584 -1.56737e-07 |  8  0.01836 -3.69886e-06 |  9  0.01207  7.94738e-05
 10 -0.00747 -9.72304e-06 | 11 -0.02525  6.57230e-06 | 12  0.01342 -6.55182e-05
 13  0.02122 -4.37502e-06 | 14  0.03595  8.44008e-05 | 15  0.01088  5.23646e-05
 16 -0.00318 -2.28633e-05 | 17  0.00740  2.23982e-05 | 18 -0.01452  3.86005e-05
 19  0.04050 -1.06750e-04 | 20  0.03874 -3.19336e-05 | 21  0.00286 -9.77180e-06
 22 -0.00936  1.13735e-05 | 23  0.05776  1.14983e-05 | 24 -0.05245 -2.56928e-06
 25 -0.06976 -1.16508e-05 | 26 -0.05958 -1.41484e-05 | 27 -0.03463 -8.07090e-05
 28 -0.04732  2.58311e-05 | 29 -0.17176  5.05479e-05 | 30 -0.57371  1.02339e-06
 31  0.01726 -1.57579e-05 | 32  0.65907  3.50567e-05 | 33 -0.09706  8.50026e-05
 34 -0.05479 -1.34750e-04 | 35 -0.58207  3.79410e-08 | 36  0.06406  5.61819e-05
 37  0.67813 -6.87642e-05 | 38 -0.22363 -2.64164e-07 | 39 -0.36800  7.95158e-06
 40 -1.33703  4.70433e-06 | 41  0.57626  4.13340e-06 | 42  0.05837  5.05401e-06
 43  0.10200 -1.81921e-05 | 44 -0.00250  5.14358e-07 | 45  0.15149 -2.06496e-07
 46 -0.07588  1.46154e-05 | 47 -0.51717 -6.53761e-08 | 48  0.15537  4.41028e-06
 49  0.04427 -5.90813e-07 | 50 -0.03407 -1.72494e-05 | 51  0.04177 -4.15560e-05
 52 -0.53127  1.70295e-07 | 53  0.03964 -3.82536e-07 | 54  0.46588 -2.02666e-05
 55 -0.05615 -7.83414e-05 |

 - final statistics:
55 variables; iteration 141; function evaluation 172
Function value 3.1971e+02; maximum gradient component mag 6.6874e-05
Exit code = 1;  converg criter 1.0000e-04
Var    Value     Gradient |Var    Value     Gradient |Var    Value     Gradient
  1  0.05879  2.36214e-05 |  2  0.00629  1.56691e-05 |  3 -0.04163  2.13347e-05
  4  0.05590 -2.03598e-05 |  5  0.03309 -1.33675e-05 |  6  0.04640  1.12108e-05
  7 -0.03584  7.29411e-06 |  8  0.01836  1.91728e-05 |  9  0.01207 -2.49544e-05
 10 -0.00747  2.32559e-06 | 11 -0.02525 -1.83720e-05 | 12  0.01342  4.33217e-05
 13  0.02122  2.12968e-05 | 14  0.03595 -2.58026e-05 | 15  0.01088 -2.38125e-05
 16 -0.00318  5.57132e-06 | 17  0.00740 -3.71449e-05 | 18 -0.01452 -4.01225e-05
 19  0.04050  3.67117e-05 | 20  0.03874  6.68737e-05 | 21  0.00286 -8.92105e-06
 22 -0.00936 -2.54160e-05 | 23  0.05776 -1.60413e-05 | 24 -0.05245 -1.61987e-05
 25 -0.06976 -1.41705e-05 | 26 -0.05958  1.08242e-06 | 27 -0.03463  4.41839e-05
 28 -0.04732 -1.01886e-05 | 29 -0.17176 -2.31568e-05 | 30 -0.57372  3.10700e-07
 31  0.01726  8.96328e-06 | 32  0.65907 -8.63167e-06 | 33 -0.09706 -2.37496e-05
 34 -0.05479  1.10903e-05 | 35 -0.58207 -1.33052e-07 | 36  0.06406 -1.68932e-05
 37  0.67813 -7.30396e-06 | 38 -0.22363 -9.98280e-07 | 39 -0.36800 -5.47394e-06
 40 -1.33703  6.80593e-07 | 41  0.57626 -6.08241e-07 | 42  0.05837 -1.61578e-06
 43  0.10200  4.69347e-06 | 44 -0.00258 -6.01918e-09 | 45  0.15150 -1.87213e-08
 46 -0.07588  5.09512e-06 | 47 -0.51717 -5.80183e-08 | 48  0.15537 -2.07954e-06
 49  0.04427  1.46390e-06 | 50 -0.03407  2.66234e-06 | 51  0.04177  1.82462e-05
 52 -0.53127  5.25601e-08 | 53  0.03964  3.18396e-07 | 54  0.46588  3.53213e-06
 55 -0.05615  1.12710e-05 |
Estimating row 1 out of 55 for hessian
Estimating row 2 out of 55 for hessian
Estimating row 3 out of 55 for hessian
Estimating row 4 out of 55 for hessian
Estimating row 5 out of 55 for hessian
Estimating row 6 out of 55 for hessian
Estimating row 7 out of 55 for hessian
Estimating row 8 out of 55 for hessian
Estimating row 9 out of 55 for hessian
Estimating row 10 out of 55 for hessian
Estimating row 11 out of 55 for hessian
Estimating row 12 out of 55 for hessian
Estimating row 13 out of 55 for hessian
Estimating row 14 out of 55 for hessian
Estimating row 15 out of 55 for hessian
Estimating row 16 out of 55 for hessian
Estimating row 17 out of 55 for hessian
Estimating row 18 out of 55 for hessian
Estimating row 19 out of 55 for hessian
Estimating row 20 out of 55 for hessian
Estimating row 21 out of 55 for hessian
Estimating row 22 out of 55 for hessian
Estimating row 23 out of 55 for hessian
Estimating row 24 out of 55 for hessian
Estimating row 25 out of 55 for hessian
Estimating row 26 out of 55 for hessian
Estimating row 27 out of 55 for hessian
Estimating row 28 out of 55 for hessian
Estimating row 29 out of 55 for hessian
Estimating row 30 out of 55 for hessian
Estimating row 31 out of 55 for hessian
Estimating row 32 out of 55 for hessian
Estimating row 33 out of 55 for hessian
Estimating row 34 out of 55 for hessian
Estimating row 35 out of 55 for hessian
Estimating row 36 out of 55 for hessian
Estimating row 37 out of 55 for hessian
Estimating row 38 out of 55 for hessian
Estimating row 39 out of 55 for hessian
Estimating row 40 out of 55 for hessian
Estimating row 41 out of 55 for hessian
Estimating row 42 out of 55 for hessian
Estimating row 43 out of 55 for hessian
Estimating row 44 out of 55 for hessian
Estimating row 45 out of 55 for hessian
Estimating row 46 out of 55 for hessian
Estimating row 47 out of 55 for hessian
Estimating row 48 out of 55 for hessian
Estimating row 49 out of 55 for hessian
Estimating row 50 out of 55 for hessian
Estimating row 51 out of 55 for hessian
Estimating row 52 out of 55 for hessian
Estimating row 53 out of 55 for hessian
Estimating row 54 out of 55 for hessian
Estimating row 55 out of 55 for hessian
size of file gradfil1.tmp = 0
size of file gradfil2.tmp = 0
size of file varssave.tmp = 0
size of file cmpdiff.tmp = 0
