
Initial statistics: 1 variables; iteration 0; function evaluation 0; phase 1
Function value 6.0831781e+02; maximum gradient component mag -2.0523e+04
Var    Value     Gradient |Var    Value     Gradient |Var    Value     Gradient
  1  0.07332 -2.05226e+04 |

 - final statistics:
1 variables; iteration 14; function evaluation 17
Function value 4.8382e+02; maximum gradient component mag -6.5173e+00
Exit code = 1;  converg criter 1.0000e+01
Var    Value     Gradient |Var    Value     Gradient |Var    Value     Gradient
  1  0.29088 -6.51733e+00 |

Initial statistics: 12 variables; iteration 0; function evaluation 0; phase 2
Function value 4.8381901e+02; maximum gradient component mag 1.7665e+02
Var    Value     Gradient |Var    Value     Gradient |Var    Value     Gradient
  1  0.29088 -6.51733e+00 |  2 -0.17367  1.71706e+00 |  3 -0.56310 -1.55340e-02
  4 -0.05803  1.76646e+02 |  5 -0.58508  1.51551e-02 |  6 -0.39554  1.90502e+01
  7  0.57837  5.64671e+00 |  8  0.06013  2.32093e-03 |  9 -0.07605  1.29045e+01
 10 -0.52701  5.78897e-04 | 11  0.05730  1.40722e+02 | 12 -0.55137  3.50588e-02

 - final statistics:
12 variables; iteration 11; function evaluation 20
Function value 4.8016e+02; maximum gradient component mag -7.1259e-01
Exit code = 1;  converg criter 1.0000e+01
Var    Value     Gradient |Var    Value     Gradient |Var    Value     Gradient
  1  0.46424 -7.12594e-01 |  2 -0.17539 -2.39354e-01 |  3 -0.48890 -3.45874e-02
  4 -0.07032  1.85290e-02 |  5 -0.59336  1.14803e-03 |  6 -0.42929 -7.10087e-01
  7  0.52400  3.73874e-02 |  8 -0.24524 -6.84113e-02 |  9 -0.08257  1.31011e-01
 10 -0.51513 -2.35573e-03 | 11  0.03622 -3.01729e-01 | 12 -0.59615  4.17343e-03

Initial statistics: 58 variables; iteration 0; function evaluation 0; phase 3
Function value 4.8016195e+02; maximum gradient component mag -6.2022e+02
Var    Value     Gradient |Var    Value     Gradient |Var    Value     Gradient
  1  0.46424 -7.12594e-01 |  2  0.00000  4.54375e+01 |  3  0.00000  3.19788e+01
  4  0.00000 -9.61927e+01 |  5  0.00000 -1.25077e+02 |  6  0.00000 -1.07330e+02
  7  0.00000  4.73651e+01 |  8  0.00000  3.19212e+01 |  9  0.00000  1.17323e+02
 10  0.00000  1.74025e+02 | 11  0.00000  2.63929e+02 | 12  0.00000  4.55582e+01
 13  0.00000 -1.36168e+02 | 14  0.00000 -2.75602e+02 | 15  0.00000 -2.73547e+02
 16  0.00000 -2.10960e+02 | 17  0.00000 -2.09216e+02 | 18  0.00000 -1.74210e+02
 19  0.00000 -6.20223e+02 | 20  0.00000 -5.36668e+02 | 21  0.00000 -4.54474e+01
 22  0.00000 -6.16375e+00 | 23  0.00000 -1.93730e+02 | 24  0.00000  3.61973e+02
 25  0.00000  4.65148e+02 | 26  0.00000  4.92871e+02 | 27  0.00000  4.51558e+02
 28  0.00000  2.18571e+02 | 29  0.00000  1.92192e+02 | 30  0.00000  5.89359e+01
 31  0.00000  1.17494e+01 | 32 -0.17539 -2.39354e-01 | 33 -0.48890 -3.45874e-02
 34  0.01745 -3.51635e+01 | 35  0.66252 -2.48848e+00 | 36 -0.10352  8.62886e+01
 37 -0.07032  1.85290e-02 | 38 -0.59336  1.14803e-03 | 39  0.06281  1.52674e+01
 40  0.67223  1.54162e+01 | 41 -0.22940 -2.10793e+00 | 42 -0.42929 -7.10087e-01
 43 -0.63151  1.75826e+00 | 44  0.52400  3.73874e-02 | 45 -0.24524 -6.84113e-02
 46  0.12998 -3.43688e+00 | 47 -0.02328 -3.69726e-02 | 48  0.06685  2.03822e+00
 49 -0.08257  1.31011e-01 | 50 -0.51513 -2.35573e-03 | 51  0.14910 -1.10511e+01
 52  0.05012 -4.03435e+00 | 53 -0.04164  1.15519e+02 | 54  0.03622 -3.01729e-01
 55 -0.59615  4.17343e-03 | 56  0.04304  5.43691e+01 | 57  0.46066  3.19975e+01
 58 -0.07006  4.69110e+02 |

Intermediate statistics: 58 variables; iteration 20; function evaluation 26; phase 3
Function value 3.9588030e+02; maximum gradient component mag -3.6947e+02
Var    Value     Gradient |Var    Value     Gradient |Var    Value     Gradient
  1  0.38613  1.68620e+00 |  2 -0.01421  2.76875e+00 |  3 -0.05943 -1.48012e+01
  4  0.05551 -1.33774e+00 |  5  0.03071 -9.92827e+00 |  6  0.05318  1.11805e+01
  7 -0.03277  1.31795e+01 |  8  0.02076  4.77027e+01 |  9  0.00132  8.54441e+01
 10  0.00371  1.10800e+02 | 11 -0.02756  9.37570e+01 | 12  0.00664  1.14313e+01
 13  0.00823 -6.85716e+01 | 14  0.05113 -9.77989e+01 | 15  0.00819 -1.40691e+02
 16  0.00474 -1.29578e+02 | 17  0.05333 -1.37679e+02 | 18 -0.15943 -2.09059e+02
 19  0.05712 -3.69469e+02 | 20  0.02363 -3.07598e+02 | 21 -0.01870 -8.93936e+01
 22 -0.02768 -2.13070e+01 | 23  0.07544  1.32170e+00 | 24 -0.01830  1.69140e+02
 25 -0.03777  1.93686e+02 | 26 -0.03981  2.04864e+02 | 27 -0.02133  2.10689e+02
 28  0.00321  1.19101e+02 | 29 -0.01093  8.76600e+01 | 30  0.01483  3.71042e+01
 31 -0.01019 -4.98129e+00 | 32 -0.19744  2.37744e+02 | 33 -0.48944  1.22043e-01
 34 -0.01216 -7.45018e+01 | 35  0.74297  1.40854e+02 | 36 -0.20612 -1.15209e+01
 37 -0.05786  9.88066e+01 | 38 -0.59335  5.82367e-03 | 39  0.06384 -3.54923e+01
 40  0.66212  2.80052e+01 | 41 -0.28056 -4.33909e-01 | 42 -0.55167 -6.19698e+00
 43 -0.68614 -2.02336e+00 | 44  0.53852 -2.40372e+00 | 45 -0.24388 -2.55454e-02
 46  0.12768  2.93379e+00 | 47 -0.02276 -1.27017e-01 | 48 -0.00879 -1.29038e+01
 49 -0.10771  2.89180e-01 | 50 -0.51517 -7.67848e-05 | 51  0.14120 -8.42587e+00
 52  0.08152  1.00021e+01 | 53 -0.05209  1.00918e+02 | 54  0.04225  2.65334e+01
 55 -0.59611  3.03182e-03 | 56  0.03109  9.41898e+00 | 57  0.45681  2.16760e+01
 58 -0.07936  2.78307e+02 |
58 variables; iteration 40; function evaluation 63; phase 3
Function value 3.7021355e+02; maximum gradient component mag 3.4275e+02
Var    Value     Gradient |Var    Value     Gradient |Var    Value     Gradient
  1  0.09049 -3.63284e+01 |  2 -0.02687 -6.73028e+01 |  3 -0.06491 -3.99080e+01
  4  0.05291 -1.10310e+01 |  5  0.04378  2.62641e+01 |  6  0.04167 -1.94290e+00
  7 -0.01243  5.24647e+01 |  8  0.02275  5.58178e+01 |  9  0.00222  4.79675e+01
 10  0.00273  9.14038e+01 | 11 -0.03445  1.24041e+01 | 12  0.00272 -9.66331e+01
 13  0.01996 -7.40677e+01 | 14  0.04604 -1.08780e+02 | 15  0.01145 -1.43454e+02
 16  0.00212 -1.43767e+02 | 17  0.02097 -1.64533e+02 | 18 -0.04794 -2.57342e+02
 19  0.04990 -2.40534e+02 | 20  0.03698 -2.47623e+02 | 21 -0.02863 -1.92918e+02
 22 -0.03110 -2.71717e+01 | 23  0.08988  3.42747e+02 | 24 -0.01936  2.38079e+02
 25 -0.05229  2.21161e+02 | 26 -0.06557  1.61995e+02 | 27 -0.03898  1.66006e+02
 28  0.00192  1.71317e+02 | 29 -0.01936  1.03706e+02 | 30  0.01799  8.88836e+01
 31 -0.02487 -4.05466e+00 | 32 -0.11947 -4.01403e+01 | 33 -0.49847 -2.44009e-02
 34  0.09437  6.14314e+01 | 35  0.61615 -1.89319e+02 | 36 -0.17884 -8.97173e+01
 37 -0.02625 -7.63222e+00 | 38 -0.59323 -2.37312e-03 | 39  0.09672  3.94786e+01
 40  0.61779 -6.41703e+01 | 41 -1.19225  1.00907e-02 | 42 -1.02087  9.96887e-02
 43 -0.88814 -2.70573e-02 | 44  0.54670 -3.28683e+00 | 45 -0.26518 -2.65202e-03
 46  0.12478  6.78872e+00 | 47 -0.05965 -6.64253e-03 | 48 -0.00364 -1.29942e+01
 49  0.01102  5.09123e+01 | 50 -0.51590  1.42850e-02 | 51  0.21680 -1.89928e+00
 52 -0.02643 -2.90601e-01 | 53 -0.05064  2.22486e+01 | 54  0.03419  3.07128e+01
 55 -0.59557  2.41768e-03 | 56  0.00465 -2.67114e+01 | 57  0.47073  2.04175e+01
 58 -0.07697  1.83997e+02 |
58 variables; iteration 60; function evaluation 102; phase 3
Function value 3.4922580e+02; maximum gradient component mag 2.1609e+02
Var    Value     Gradient |Var    Value     Gradient |Var    Value     Gradient
  1  0.09350  4.14805e+01 |  2 -0.01574 -3.44781e+01 |  3 -0.07133 -3.57318e+01
  4  0.06075  1.42203e+01 |  5  0.04284  2.12620e+01 |  6  0.04974  2.52404e+00
  7 -0.01981  1.81485e+01 |  8  0.01783 -1.02689e+01 |  9 -0.00100 -3.76486e+01
 10 -0.00329 -1.38464e+01 | 11 -0.04314 -4.47595e+01 | 12  0.00646 -7.89005e+01
 13  0.02369 -3.19410e+01 | 14  0.04584 -5.48926e+01 | 15  0.01800 -5.66194e+01
 16  0.00724 -6.30999e+01 | 17  0.00780 -1.31801e+02 | 18 -0.03346 -1.38427e+02
 19  0.05783  1.40951e+00 | 20  0.03904 -9.16677e+01 | 21 -0.02077 -8.99093e+01
 22 -0.02460  9.59863e+00 | 23  0.08468  2.16089e+02 | 24 -0.03939  1.08362e+02
 25 -0.06039  1.23193e+02 | 26 -0.07514  8.18113e+01 | 27 -0.03590  1.19622e+02
 28 -0.00265  1.04092e+02 | 29 -0.02103  6.38049e+01 | 30  0.01595  6.04012e+01
 31 -0.00914  2.07625e+00 | 32 -0.15759 -2.02724e+02 | 33 -0.65317 -1.15868e-02
 34  0.05525  8.42149e+01 | 35  0.65270 -2.06022e+02 | 36 -0.18596 -6.76097e+01
 37 -0.05608 -1.86195e+02 | 38 -0.59183 -1.46409e-02 | 39  0.07933  8.16456e+01
 40  0.62972 -9.23863e+01 | 41 -0.12546  2.91043e+00 | 42 -0.89713  3.12469e-01
 43 -0.19452  4.18173e+00 | 44  0.58417  2.63910e+00 | 45 -0.32602  5.51274e-02
 46  0.13305  1.28171e+00 | 47 -0.18394  1.63108e-01 | 48  0.02236 -1.74135e-01
 49  0.01567 -1.14879e+00 | 50 -0.51263 -4.50576e-03 | 51  0.21225  3.23899e+00
 52 -0.12939 -6.57712e-01 | 53 -0.04960 -3.50876e+01 | 54  0.03790 -2.02721e+00
 55 -0.59438  5.77298e-04 | 56  0.02225  3.30858e+00 | 57  0.48925  7.89475e+00
 58 -0.09694  3.41570e+01 |
58 variables; iteration 80; function evaluation 129; phase 3
Function value 3.3018388e+02; maximum gradient component mag 1.7086e+01
Var    Value     Gradient |Var    Value     Gradient |Var    Value     Gradient
  1  0.07050  7.05766e-01 |  2  0.00137 -1.30764e+01 |  3 -0.04095 -4.45608e+00
  4  0.05939 -6.83306e+00 |  5  0.03699 -5.28423e+00 |  6  0.04863 -3.48851e+00
  7 -0.03580 -1.34021e+00 |  8  0.01810 -1.33985e+00 |  9  0.00939 -6.50053e+00
 10 -0.00554  4.27540e+00 | 11 -0.02724  7.81171e+00 | 12  0.01490  6.59677e+00
 13  0.02532  1.70862e+01 | 14  0.04147  3.66125e+00 | 15  0.01329 -6.85122e-01
 16 -0.00029  3.61267e+00 | 17  0.00900 -2.28451e+00 | 18 -0.01813 -1.56493e+01
 19  0.04317 -8.89713e+00 | 20  0.03983 -7.67232e+00 | 21 -0.00077 -6.64769e+00
 22 -0.01328 -7.47521e+00 | 23  0.06244  5.37894e+00 | 24 -0.05430  3.07472e+00
 25 -0.06720  2.24725e+00 | 26 -0.06613  3.55295e+00 | 27 -0.03224  1.39364e+01
 28 -0.00592  8.46597e+00 | 29 -0.01710  6.90871e+00 | 30  0.00622  4.65345e+00
 31 -0.04471 -1.51565e+00 | 32 -0.19123 -2.59123e+00 | 33 -1.63630 -3.50505e-01
 34  0.00203  7.04266e+00 | 35  0.71954 -6.04934e+00 | 36 -0.27697 -1.95414e+00
 37 -0.05232 -4.53409e+00 | 38 -0.51986  6.64498e-03 | 39  0.06730  3.98408e+00
 40  0.66022 -7.60274e+00 | 41 -0.15619  2.49310e+00 | 42 -0.38752  3.32493e+00
 43 -0.62363  9.28068e-01 | 44  0.54886 -4.02663e-01 | 45 -0.57941 -4.04254e-03
 46  0.12188 -1.27202e+00 | 47 -0.28121 -1.48564e-03 | 48  0.11369  2.63174e-01
 49  0.03426  1.10345e+01 | 50 -0.49273  4.19708e-03 | 51  0.36078  1.01552e+00
 52 -0.40146  1.58176e-01 | 53 -0.03270 -6.70684e+00 | 54  0.04093 -2.02291e+00
 55 -0.56834 -8.68092e-04 | 56  0.03803  2.44337e+00 | 57  0.58390  1.53908e+00
 58 -0.17470 -4.88193e+00 |
58 variables; iteration 100; function evaluation 160; phase 3
Function value 3.2520706e+02; maximum gradient component mag 6.5034e+01
Var    Value     Gradient |Var    Value     Gradient |Var    Value     Gradient
  1  0.07071 -1.22190e+01 |  2  0.00666  5.20594e+01 |  3 -0.04490  2.49023e+01
  4  0.06229  4.16977e+01 |  5  0.03607  3.01982e+01 |  6  0.04778  2.51091e+01
  7 -0.03563  2.01811e+01 |  8  0.01781  2.31005e+01 |  9  0.00878  2.29654e+01
 10 -0.00570  1.81929e+01 | 11 -0.02889  4.76082e+00 | 12  0.01467 -1.10470e+00
 13  0.02239 -1.11550e+01 | 14  0.04331  6.38889e+00 | 15  0.01356 -3.93085e+00
 16 -0.00042 -5.90424e+00 | 17  0.00998 -7.02837e+00 | 18 -0.01703 -1.84009e+01
 19  0.04301 -3.79046e+01 | 20  0.04007 -3.82056e+01 | 21 -0.00177 -2.84895e+01
 22 -0.01188 -1.89797e+01 | 23  0.06295 -5.56956e+01 | 24 -0.05282 -1.55774e+01
 25 -0.06795 -1.51473e+01 | 26 -0.06501 -7.65561e+00 | 27 -0.03499 -2.19107e+01
 28 -0.00703 -8.56527e+00 | 29 -0.01636  5.41852e+00 | 30  0.00497  3.83715e+00
 31 -0.04419  8.76659e+00 | 32 -0.18445  5.17932e+01 | 33 -1.22737  7.59253e-03
 34  0.00590  3.43174e-01 | 35  0.68720  5.07688e+01 | 36 -0.11468  1.88923e+00
 37 -0.06004 -1.41192e+01 | 38 -0.84407 -1.24734e-02 | 39  0.06122  4.37165e+00
 40  0.67779 -2.56055e+00 | 41 -0.33574 -1.24709e-02 | 42 -0.39209 -7.01923e-02
 43 -0.63469 -7.61077e-01 | 44  0.70621  3.79363e-01 | 45 -1.08693  2.28488e-02
 46  0.14790  2.31854e+00 | 47 -1.39319  4.42276e-03 | 48  0.07006  8.67357e-02
 49  0.03426  6.50342e+01 | 50 -0.52388  1.37963e-02 | 51  0.17971 -2.65138e+01
 52 -0.41061  6.30678e-01 | 53 -0.03938 -2.09592e+01 | 54  0.04908 -1.91610e+01
 55 -0.46435 -2.09687e-02 | 56  0.04192 -1.07864e+01 | 57  0.54754 -1.95907e+01
 58 -0.12043 -3.38882e+01 |
58 variables; iteration 120; function evaluation 183; phase 3
Function value 3.2300466e+02; maximum gradient component mag -1.5442e+01
Var    Value     Gradient |Var    Value     Gradient |Var    Value     Gradient
  1  0.06994 -3.99640e+00 |  2  0.00285 -7.72026e-01 |  3 -0.04302 -1.52677e-01
  4  0.06190 -4.53300e-01 |  5  0.03694 -3.02265e-01 |  6  0.04963 -1.82473e-01
  7 -0.03797 -3.42354e-02 |  8  0.01822 -7.17050e-02 |  9  0.00935 -5.93180e-01
 10 -0.00593  3.16438e-01 | 11 -0.02761  3.79803e-01 | 12  0.01530 -1.80309e-02
 13  0.02442  7.84073e-01 | 14  0.04151  1.76360e-01 | 15  0.01407  2.54007e-01
 16 -0.00020  6.20860e-01 | 17  0.00934  3.13890e-01 | 18 -0.01618 -3.45953e-02
 19  0.04377  2.90616e-01 | 20  0.04075  2.19256e-01 | 21 -0.00100 -2.92413e-02
 22 -0.01241 -4.08254e-01 | 23  0.06530 -6.75836e-01 | 24 -0.05558 -2.29146e-01
 25 -0.07300 -5.58892e-01 | 26 -0.06483 -3.00815e-01 | 27 -0.03277  3.56377e-01
 28 -0.00489  3.89024e-01 | 29 -0.01692  3.35036e-01 | 30  0.00621  2.85342e-01
 31 -0.04733  1.39684e-01 | 32 -0.17355  4.16364e-01 | 33 -1.13137  1.49368e-02
 34  0.01674  2.35697e-01 | 35  0.66181  5.21270e-01 | 36 -0.10209  8.92732e-01
 37 -0.05762 -7.64330e-01 | 38 -0.58595 -1.33593e-04 | 39  0.06288  3.61031e-01
 40  0.67501 -4.41885e-01 | 41 -0.35191 -7.64687e-03 | 42 -0.39061  1.27932e-01
 43 -0.62827  4.26151e-02 | 44  0.60525  1.28955e-01 | 45 -1.75705  1.13427e-03
 46  0.13211 -4.93158e-01 | 47 -1.28608  6.51388e-03 | 48  0.08451  4.70371e-01
 49  0.03409 -1.54420e+01 | 50 -0.48795 -1.55892e-02 | 51  0.20564  2.68237e-01
 52 -0.39880 -2.73483e-01 | 53 -0.03505 -9.62179e-01 | 54  0.05720 -9.59667e-01
 55 -0.55971 -1.47954e-03 | 56  0.04534 -8.90575e-03 | 57  0.47236 -4.33169e-01
 58 -0.06909 -1.17343e+00 |
58 variables; iteration 140; function evaluation 203; phase 3
Function value 3.2298486e+02; maximum gradient component mag -4.5446e+00
Var    Value     Gradient |Var    Value     Gradient |Var    Value     Gradient
  1  0.06996 -8.22737e-01 |  2  0.00300 -1.44511e-01 |  3 -0.04307 -7.37009e-02
  4  0.06190 -1.55287e-01 |  5  0.03699 -2.16598e-02 |  6  0.04964 -2.45290e-02
  7 -0.03796 -1.80970e-02 |  8  0.01821 -2.41856e-03 |  9  0.00937 -1.22922e-01
 10 -0.00594  6.15926e-02 | 11 -0.02767 -9.05395e-02 | 12  0.01534  1.81039e-01
 13  0.02435  9.59540e-02 | 14  0.04156  2.39007e-01 | 15  0.01410  3.29115e-01
 16 -0.00022  2.25151e-01 | 17  0.00937  3.38277e-01 | 18 -0.01616  1.02838e-01
 19  0.04379  1.76092e-01 | 20  0.04075  7.02207e-02 | 21 -0.00103 -1.09682e-02
 22 -0.01239  7.70881e-03 | 23  0.06534  2.70010e-01 | 24 -0.05563 -1.01389e-01
 25 -0.07290 -1.25865e-01 | 26 -0.06481 -1.77057e-01 | 27 -0.03289 -3.83296e-01
 28 -0.00495 -2.36788e-01 | 29 -0.01697 -2.05525e-01 | 30  0.00619 -1.29619e-01
 31 -0.04739 -3.92763e-02 | 32 -0.17344  1.04527e-01 | 33 -1.14522  1.34529e-02
 34  0.01683  3.10829e-02 | 35  0.66161 -1.55126e-01 | 36 -0.10210 -1.37935e-01
 37 -0.05761  2.63943e-01 | 38 -0.59770 -9.14857e-04 | 39  0.06288  5.79455e-02
 40  0.67508  1.04576e-01 | 41 -0.35650 -6.66710e-03 | 42 -0.39070  8.62799e-02
 43 -0.62868 -1.16668e-02 | 44  0.63796  2.80395e-02 | 45 -1.71338 -1.84418e-04
 46  0.13561  1.54818e-01 | 47 -1.42042  4.04461e-03 | 48  0.04163  1.73697e-02
 49  0.03397 -4.54460e+00 | 50 -0.44650 -1.49488e-02 | 51  0.20526  3.76992e-02
 52 -0.39286 -1.30351e-01 | 53 -0.03505 -3.83120e-01 | 54  0.05708  1.68601e-02
 55 -0.50058  3.95364e-03 | 56  0.04524 -6.70443e-03 | 57  0.47346  7.83874e-02
 58 -0.06925  6.96692e-02 |
58 variables; iteration 160; function evaluation 226; phase 3
Function value 3.2297684e+02; maximum gradient component mag 1.9651e+01
Var    Value     Gradient |Var    Value     Gradient |Var    Value     Gradient
  1  0.06996  8.43282e-01 |  2  0.00302  2.35583e-01 |  3 -0.04313  5.55801e-02
  4  0.06196  3.04107e-01 |  5  0.03699  2.68141e-01 |  6  0.04963  1.50464e-01
  7 -0.03795  7.46945e-02 |  8  0.01816  1.76290e-02 |  9  0.00939  1.71873e-01
 10 -0.00596 -6.02686e-02 | 11 -0.02765 -8.07164e-02 | 12  0.01533 -2.47747e-02
 13  0.02434 -3.05634e-01 | 14  0.04156 -1.74863e-01 | 15  0.01409 -2.42659e-01
 16 -0.00023 -4.04353e-01 | 17  0.00933 -5.89465e-01 | 18 -0.01616 -4.28854e-01
 19  0.04378 -3.33671e-01 | 20  0.04073 -6.35345e-01 | 21 -0.00101 -1.93153e-01
 22 -0.01236  1.13138e-01 | 23  0.06528  1.37511e-01 | 24 -0.05558  2.59739e-01
 25 -0.07281  4.94037e-01 | 26 -0.06478  4.26542e-01 | 27 -0.03287  2.95870e-01
 28 -0.00494  2.27795e-01 | 29 -0.01696  1.42308e-01 | 30  0.00618  8.35152e-02
 31 -0.04744 -4.40320e-03 | 32 -0.17348  5.95172e-02 | 33 -1.25037  7.29630e-03
 34  0.01675 -8.22111e-02 | 35  0.66161 -1.52334e-01 | 36 -0.10208  2.43728e-01
 37 -0.05768 -7.08499e-01 | 38 -0.55186  3.34460e-03 | 39  0.06279  6.26867e-02
 40  0.67498 -5.07011e-01 | 41 -0.34992 -7.83415e-03 | 42 -0.39088 -5.54645e-02
 43 -0.62845  1.00478e-02 | 44  0.63057 -4.84692e-02 | 45 -1.46727  3.48156e-03
 46  0.13459  9.26526e-02 | 47 -1.57221  2.49909e-03 | 48  0.04311  2.31940e-02
 49  0.03232  1.96514e+01 | 50 -0.31061  3.53076e-01 | 51  0.20427 -1.68783e-01
 52 -0.35613  3.21684e-01 | 53 -0.03502  2.08173e-01 | 54  0.05738  2.72450e-01
 55 -0.50033  3.98951e-03 | 56  0.04546 -5.61507e-02 | 57  0.47282  6.16843e-03
 58 -0.06925 -2.17809e-01 |
58 variables; iteration 180; function evaluation 249; phase 3
Function value 3.2295080e+02; maximum gradient component mag 1.0937e+01
Var    Value     Gradient |Var    Value     Gradient |Var    Value     Gradient
  1  0.06995  2.26395e+00 |  2  0.00303  2.95539e-01 |  3 -0.04312  9.87037e-02
  4  0.06193  3.71505e-01 |  5  0.03700  3.90087e-01 |  6  0.04963  3.75940e-01
  7 -0.03797  1.74899e-01 |  8  0.01818  3.24675e-01 |  9  0.00941  5.04464e-01
 10 -0.00594  3.82724e-01 | 11 -0.02763  2.76925e-01 | 12  0.01535  3.72172e-01
 13  0.02433 -1.81514e-01 | 14  0.04158  2.38439e-02 | 15  0.01409 -1.37440e-01
 16 -0.00025 -4.41356e-01 | 17  0.00934 -4.23599e-01 | 18 -0.01614 -2.26922e-01
 19  0.04377 -5.43160e-01 | 20  0.04073 -6.20976e-01 | 21 -0.00100 -1.61116e-01
 22 -0.01233  9.80966e-02 | 23  0.06527 -5.30422e-01 | 24 -0.05562 -4.28285e-02
 25 -0.07287  1.45847e-01 | 26 -0.06478  3.45124e-02 | 27 -0.03287 -1.62232e-01
 28 -0.00493 -1.27464e-01 | 29 -0.01697 -1.40346e-01 | 30  0.00618 -1.07555e-01
 31 -0.04747 -4.68042e-02 | 32 -0.17365  2.03540e+00 | 33 -1.57607 -5.69854e-02
 34  0.01655 -5.71281e-01 | 35  0.66199  1.04295e+00 | 36 -0.10221  3.32359e-01
 37 -0.05765 -3.56660e-02 | 38 -0.56875  1.45660e-03 | 39  0.06279 -1.95652e-01
 40  0.67499 -1.98154e-01 | 41 -0.32641 -1.26563e-02 | 42 -0.39080 -7.37163e-03
 43 -0.62852  1.08258e-03 | 44  0.63156 -5.13825e-02 | 45 -1.51680  2.97552e-03
 46  0.13463  6.43053e-02 | 47 -1.86939  1.38015e-04 | 48  0.04174 -5.84754e-02
 49  0.02582  1.09372e+01 | 50 -0.26753  4.00172e-01 | 51  0.20138 -7.07702e-02
 52 -0.23790  4.74957e-01 | 53 -0.03485  4.33578e-01 | 54  0.05761  3.65900e-01
 55 -0.68021 -5.33741e-03 | 56  0.04557 -1.97923e-01 | 57  0.47168 -7.31826e-02
 58 -0.06897  2.20737e-01 |
58 variables; iteration 200; function evaluation 271; phase 3
Function value 3.2293477e+02; maximum gradient component mag 4.4798e+00
Var    Value     Gradient |Var    Value     Gradient |Var    Value     Gradient
  1  0.06997 -5.55662e-01 |  2  0.00298 -8.52536e-02 |  3 -0.04309 -5.75269e-02
  4  0.06191 -6.65982e-02 |  5  0.03694 -8.73638e-02 |  6  0.04964  2.05448e-03
  7 -0.03796 -2.04354e-03 |  8  0.01821  2.23841e-02 |  9  0.00938 -2.49979e-02
 10 -0.00595  1.85360e-02 | 11 -0.02767  4.10505e-02 | 12  0.01531  5.88657e-03
 13  0.02435  1.30012e-01 | 14  0.04156  1.74635e-01 | 15  0.01410  2.30726e-01
 16 -0.00021  1.86696e-01 | 17  0.00935  1.60019e-01 | 18 -0.01616  9.29919e-02
 19  0.04379  2.73462e-01 | 20  0.04076  2.30395e-01 | 21 -0.00105 -8.24936e-02
 22 -0.01240 -1.07576e-01 | 23  0.06535 -4.98914e-03 | 24 -0.05561 -1.54274e-01
 25 -0.07290 -1.55948e-01 | 26 -0.06486 -1.96667e-01 | 27 -0.03289 -1.99072e-01
 28 -0.00497 -1.86707e-01 | 29 -0.01698 -1.20036e-01 | 30  0.00620 -1.11858e-03
 31 -0.04721  4.12220e-02 | 32 -0.17354  6.58890e-01 | 33 -1.45866 -2.85744e-03
 34  0.01670 -1.24968e-01 | 35  0.66179  2.88916e-01 | 36 -0.10216  1.40640e-01
 37 -0.05767  1.13433e-02 | 38 -0.53536  6.03188e-03 | 39  0.06281 -8.73228e-03
 40  0.67505 -3.69816e-03 | 41 -0.32111 -1.42062e-02 | 42 -0.39077  6.32371e-02
 43 -0.62877 -2.32593e-02 | 44  0.60205 -2.79247e-01 | 45 -1.79079  6.05149e-04
 46  0.13042 -3.58333e-02 | 47 -1.75108  1.29506e-03 | 48  0.04914  5.41977e-03
 49  0.02172  4.47985e+00 | 50 -0.27306  1.72632e-02 | 51  0.19936 -3.42956e-02
 52 -0.19000  3.88061e-02 | 53 -0.03484 -1.01674e-01 | 54  0.05717 -1.52158e-01
 55 -0.55078 -8.23379e-04 | 56  0.04531 -4.65044e-02 | 57  0.47325 -8.82235e-02
 58 -0.06934 -6.35001e-01 |
58 variables; iteration 220; function evaluation 295; phase 3
Function value 3.2290304e+02; maximum gradient component mag 7.2283e+00
Var    Value     Gradient |Var    Value     Gradient |Var    Value     Gradient
  1  0.06999 -4.42165e+00 |  2  0.00286 -1.04351e+00 |  3 -0.04292 -2.87806e-01
  4  0.06179 -1.03411e+00 |  5  0.03691 -8.15258e-01 |  6  0.04967 -4.56885e-01
  7 -0.03802 -2.93060e-01 |  8  0.01830 -1.01858e-01 |  9  0.00933 -6.96244e-01
 10 -0.00590  3.14430e-01 | 11 -0.02775 -6.38609e-02 | 12  0.01529  1.43498e-01
 13  0.02435  9.31123e-01 | 14  0.04157  1.38100e+00 | 15  0.01417  1.93932e+00
 16 -0.00015  1.97123e+00 | 17  0.00943  2.25601e+00 | 18 -0.01615  1.16511e+00
 19  0.04383  1.72942e+00 | 20  0.04082  2.18635e+00 | 21 -0.00109  6.34154e-01
 22 -0.01253 -3.76716e-01 | 23  0.06557  7.62810e-01 | 24 -0.05577 -1.47614e+00
 25 -0.07307 -1.75172e+00 | 26 -0.06499 -1.89280e+00 | 27 -0.03299 -2.11531e+00
 28 -0.00500 -1.37907e+00 | 29 -0.01703 -9.11977e-01 | 30  0.00622 -3.63852e-01
 31 -0.04683  6.20284e-02 | 32 -0.17328  8.41570e-01 | 33 -1.04042  4.92381e-02
 34  0.01704  1.35760e-01 | 35  0.66149  8.77228e-02 | 36 -0.10215 -4.16766e-01
 37 -0.05746  2.53896e+00 | 38 -0.58348  3.95016e-04 | 39  0.06305 -5.72538e-02
 40  0.67522  1.50831e+00 | 41 -0.31945 -1.32490e-02 | 42 -0.39034  4.25656e-01
 43 -0.62969 -1.22406e-01 | 44  0.61973  2.97026e-01 | 45 -1.80273 -1.26278e-01
 46  0.13316  5.07141e-02 | 47 -1.90129 -9.72311e-02 | 48  0.04595  3.93163e-02
 49  0.01279  7.22827e+00 | 50 -0.30178  9.06454e-02 | 51  0.19529  7.63198e-02
 52 -0.12552  6.55239e-01 | 53 -0.03473 -8.24308e-01 | 54  0.05649 -2.45360e-01
 55 -0.43041  2.43970e-02 | 56  0.04478 -8.18828e-02 | 57  0.47521  1.86050e-01
 58 -0.06956 -4.53559e-01 |
58 variables; iteration 240; function evaluation 337; phase 3
Function value 3.2239706e+02; maximum gradient component mag 5.3998e+01
Var    Value     Gradient |Var    Value     Gradient |Var    Value     Gradient
  1  0.06985  5.39976e+01 |  2  0.00261 -8.27996e+00 |  3 -0.04256 -4.62741e+00
  4  0.06142 -6.16353e+00 |  5  0.03758 -2.98870e+00 |  6  0.05027 -1.18027e+00
  7 -0.03968 -3.74475e+00 |  8  0.01859  2.35880e-01 |  9  0.00972  1.09153e+00
 10 -0.00552  4.34140e+00 | 11 -0.02802  2.92496e+00 | 12  0.01629  1.38062e+01
 13  0.02406  1.93037e+00 | 14  0.04224  7.80342e+00 | 15  0.01465  8.10625e+00
 16 -0.00046  2.21377e+00 | 17  0.00981  7.77430e+00 | 18 -0.01541  5.16292e+00
 19  0.04368 -2.89135e+00 | 20  0.04044 -2.10179e+00 | 21 -0.00125  2.22997e+00
 22 -0.01229  5.31643e+00 | 23  0.06543  6.53658e+00 | 24 -0.05319  7.14051e+00
 25 -0.07301  2.08799e+00 | 26 -0.06493 -3.31248e+00 | 27 -0.03372 -1.16342e+01
 28 -0.00545 -1.20841e+01 | 29 -0.01729 -9.51664e+00 | 30  0.00654 -6.82210e+00
 31 -0.05066 -4.86424e+00 | 32 -0.17138  2.57877e+01 | 33 -1.35860  3.09247e-03
 34  0.01777 -1.02849e+01 | 35  0.66213  6.65049e+00 | 36 -0.10285 -7.34055e+00
 37 -0.05450  2.10435e+01 | 38 -1.30456  4.98941e-03 | 39  0.06493 -5.62465e+00
 40  0.66792  9.07427e+00 | 41 -0.16670  3.33405e+00 | 42 -0.38651  3.95618e+00
 43 -0.63503 -6.93401e-01 | 44  0.64585  1.62888e-01 | 45 -1.64408 -5.14299e-03
 46  0.14138  6.62047e+00 | 47 -1.98761 -8.18294e-02 | 48  0.06603 -4.27961e-01
 49 -0.02881  2.43662e+01 | 50 -0.22962  3.52775e+00 | 51  0.17143  7.24056e-01
 52 -0.03180 -2.18207e+00 | 53 -0.03709 -5.79784e+00 | 54  0.05812  1.74517e+01
 55 -1.73613 -1.96459e+00 | 56  0.04587 -3.25591e-01 | 57  0.47447  7.05196e+00
 58 -0.06941  1.99617e+01 |
58 variables; iteration 260; function evaluation 358; phase 3
Function value 3.2144059e+02; maximum gradient component mag 8.9030e-01
Var    Value     Gradient |Var    Value     Gradient |Var    Value     Gradient
  1  0.07039  2.07785e-01 |  2  0.00231  2.49411e-02 |  3 -0.04329  2.05843e-03
  4  0.06157  1.42538e-01 |  5  0.03691  2.23894e-01 |  6  0.04974  1.56663e-01
  7 -0.03842  1.21993e-01 |  8  0.01823  1.47237e-01 |  9  0.00918  1.82248e-01
 10 -0.00600  4.43697e-01 | 11 -0.02821  2.93201e-01 | 12  0.01516  6.71783e-01
 13  0.02415  1.63847e-01 | 14  0.04169  5.61954e-01 | 15  0.01419  4.07456e-01
 16 -0.00005 -7.39005e-03 | 17  0.00939  1.71646e-01 | 18 -0.01526  3.08318e-01
 19  0.04364  7.53808e-02 | 20  0.04034 -1.83911e-01 | 21 -0.00153 -4.69568e-02
 22 -0.01324 -7.91539e-02 | 23  0.06572 -5.28062e-01 | 24 -0.05263 -4.96612e-01
 25 -0.07385 -2.41787e-01 | 26 -0.06508 -4.80673e-01 | 27 -0.03314 -7.20716e-01
 28 -0.00514 -4.85532e-01 | 29 -0.01703 -4.87157e-01 | 30  0.00657 -3.27634e-01
 31 -0.04603 -4.33172e-02 | 32 -0.17359  8.90304e-01 | 33 -0.76607 -7.93392e-03
 34  0.01671 -3.35308e-01 | 35  0.66198  3.56222e-01 | 36 -0.10241 -3.31459e-01
 37 -0.05765 -9.28884e-02 | 38 -1.31200  5.03252e-03 | 39  0.06288 -8.52768e-02
 40  0.67425 -3.26053e-01 | 41 -0.25859 -7.51436e-02 | 42 -0.39189  1.02889e-01
 43 -0.62931  3.52135e-03 | 44  0.59286  1.05788e-01 | 45 -1.82484  8.86113e-04
 46  0.13131 -2.15753e-01 | 47 -1.80537  9.91581e-04 | 48  0.26641  4.20788e-03
 49 -0.07474  2.18683e-01 | 50 -0.33150  1.56430e-01 | 51  0.14941 -1.64002e-01
 52  0.04739  6.30606e-02 | 53 -0.04025  1.83205e-01 | 54  0.05706  4.83994e-01
 55 -1.30052  5.84514e-03 | 56  0.04502 -1.55028e-01 | 57  0.47300  1.41626e-01
 58 -0.06987  6.37884e-01 |
58 variables; iteration 280; function evaluation 379; phase 3
Function value 3.2143101e+02; maximum gradient component mag -1.6613e+00
Var    Value     Gradient |Var    Value     Gradient |Var    Value     Gradient
  1  0.07038 -1.66130e+00 |  2  0.00231  7.67247e-02 |  3 -0.04330  4.42517e-02
  4  0.06157  9.53505e-02 |  5  0.03690  1.44824e-01 |  6  0.04978  1.25777e-01
  7 -0.03848  7.85199e-02 |  8  0.01823  9.53027e-02 |  9  0.00918  8.81940e-02
 10 -0.00601  1.34051e-01 | 11 -0.02827  4.79139e-02 | 12  0.01516  2.11097e-01
 13  0.02420  1.09369e-01 | 14  0.04173  2.30895e-01 | 15  0.01418  1.94136e-01
 16 -0.00003  6.47009e-02 | 17  0.00939  7.31355e-02 | 18 -0.01530  9.67863e-03
 19  0.04366  2.70815e-02 | 20  0.04034 -1.96881e-01 | 21 -0.00160 -1.89819e-01
 22 -0.01331 -1.18565e-01 | 23  0.06577 -2.66553e-01 | 24 -0.05254 -1.48104e-01
 25 -0.07392 -1.19821e-01 | 26 -0.06515 -1.70262e-01 | 27 -0.03312 -2.75077e-01
 28 -0.00513 -1.83444e-01 | 29 -0.01701 -1.44705e-01 | 30  0.00662 -5.64215e-02
 31 -0.04592  3.52229e-02 | 32 -0.17358  5.73249e-01 | 33 -0.47990  1.62123e-02
 34  0.01676 -1.12877e-01 | 35  0.66177  2.30413e-01 | 36 -0.10234  1.03267e-01
 37 -0.05732 -5.02351e-01 | 38 -1.15807  1.22700e-02 | 39  0.06311  1.20324e-01
 40  0.67286 -3.58902e-01 | 41 -0.20990 -1.14183e-01 | 42 -0.39203  4.08205e-02
 43 -0.62941 -9.02062e-03 | 44  0.58875 -1.39209e-02 | 45 -1.81718  9.26450e-04
 46  0.13076  1.55738e-01 | 47 -1.78851  1.08383e-03 | 48  0.30687  2.47601e-03
 49 -0.07478  4.16565e-02 | 50 -0.38143  5.30870e-02 | 51  0.14951  5.29186e-02
 52  0.04793  3.98936e-02 | 53 -0.04037 -1.72637e-01 | 54  0.05697  8.36359e-03
 55 -1.39775  3.08410e-03 | 56  0.04501 -5.99967e-02 | 57  0.47319 -3.48082e-02
 58 -0.06999 -1.47076e-01 |
58 variables; iteration 300; function evaluation 399; phase 3
Function value 3.2142632e+02; maximum gradient component mag -4.3309e-02
Var    Value     Gradient |Var    Value     Gradient |Var    Value     Gradient
  1  0.07037 -4.33095e-02 |  2  0.00232  1.45257e-02 |  3 -0.04330  8.56706e-03
  4  0.06158  1.34339e-02 |  5  0.03689  1.03449e-02 |  6  0.04978  9.24446e-03
  7 -0.03850  6.78157e-03 |  8  0.01822  7.77545e-03 |  9  0.00918  1.01882e-02
 10 -0.00601  8.30642e-03 | 11 -0.02828  4.74536e-03 | 12  0.01517  7.36398e-03
 13  0.02422  8.60238e-04 | 14  0.04174 -4.34582e-05 | 15  0.01417 -2.71938e-03
 16 -0.00004 -1.69252e-03 | 17  0.00938  1.79437e-04 | 18 -0.01532  2.75368e-03
 19  0.04367 -1.06597e-02 | 20  0.04034 -4.02215e-03 | 21 -0.00161 -3.03783e-03
 22 -0.01334 -8.47393e-03 | 23  0.06577 -2.71347e-02 | 24 -0.05256 -1.72716e-02
 25 -0.07395 -1.28807e-02 | 26 -0.06518 -9.77404e-03 | 27 -0.03310 -8.47993e-03
 28 -0.00512 -2.76184e-03 | 29 -0.01700 -4.16224e-04 | 30  0.00664 -1.08416e-03
 31 -0.04584  4.06647e-03 | 32 -0.17361  6.69528e-03 | 33 -0.56621  1.96912e-04
 34  0.01674 -2.85383e-04 | 35  0.66181  1.21076e-02 | 36 -0.10234  1.96265e-02
 37 -0.05714  9.66295e-04 | 38 -1.41523  3.98424e-05 | 39  0.06322 -2.00647e-03
 40  0.67221  6.61767e-04 | 41 -0.19875  6.93740e-03 | 42 -0.39211 -1.50294e-03
 43 -0.62933  3.84973e-04 | 44  0.58726  6.50911e-04 | 45 -1.78738  1.08463e-03
 46  0.13043 -1.32243e-02 | 47 -1.83774  8.17931e-04 | 48  0.36499  2.19279e-03
 49 -0.07464  3.62855e-02 | 50 -0.50434  1.90064e-03 | 51  0.14951 -3.90439e-03
 52  0.04797  4.95008e-03 | 53 -0.04037  2.16968e-02 | 54  0.05694 -1.04637e-02
 55 -1.36702  4.04073e-03 | 56  0.04500 -1.36053e-03 | 57  0.47327 -4.56811e-03
 58 -0.07000 -1.24046e-02 |
58 variables; iteration 320; function evaluation 419; phase 3
Function value 3.2142594e+02; maximum gradient component mag 2.8091e-02
Var    Value     Gradient |Var    Value     Gradient |Var    Value     Gradient
  1  0.07037 -2.12968e-03 |  2  0.00231 -1.17028e-02 |  3 -0.04330 -5.56178e-03
  4  0.06158 -1.09195e-02 |  5  0.03689 -9.67013e-03 |  6  0.04978 -7.48343e-03
  7 -0.03850 -5.38611e-03 |  8  0.01822 -5.15764e-03 |  9  0.00918 -2.18800e-04
 10 -0.00601  5.84176e-04 | 11 -0.02828  2.17002e-03 | 12  0.01517  9.85443e-03
 13  0.02422  9.40667e-03 | 14  0.04174  4.50363e-03 | 15  0.01417 -9.06523e-04
 16 -0.00004 -1.27917e-03 | 17  0.00938  4.06972e-04 | 18 -0.01532  6.00936e-03
 19  0.04367  6.63396e-03 | 20  0.04034  8.53200e-03 | 21 -0.00161  5.24413e-03
 22 -0.01334  4.93384e-03 | 23  0.06577  6.22560e-03 | 24 -0.05256  1.88297e-03
 25 -0.07395 -2.45466e-03 | 26 -0.06518 -3.48043e-03 | 27 -0.03310  1.30554e-03
 28 -0.00512  1.32983e-04 | 29 -0.01700 -2.62028e-04 | 30  0.00664 -1.93539e-03
 31 -0.04584 -2.33010e-03 | 32 -0.17361 -2.50551e-02 | 33 -0.57384 -3.91518e-04
 34  0.01674 -3.45187e-04 | 35  0.66182 -9.50014e-03 | 36 -0.10234 -2.14331e-02
 37 -0.05715 -8.74349e-03 | 38 -1.41522  4.05492e-05 | 39  0.06321 -7.66039e-04
 40  0.67225 -9.78919e-03 | 41 -0.19933 -2.13282e-03 | 42 -0.39211  9.11498e-05
 43 -0.62933  6.33225e-04 | 44  0.58760  4.68340e-03 | 45 -1.84023  8.05171e-04
 46  0.13048 -1.70087e-02 | 47 -1.79999  1.02086e-03 | 48  0.30420  2.52309e-03
 49 -0.07469  1.48527e-02 | 50 -0.52406  1.77940e-04 | 51  0.14948 -4.08543e-03
 52  0.04802  1.57474e-03 | 53 -0.04038  7.50959e-03 | 54  0.05694  2.72798e-02
 55 -1.47597 -1.39607e-03 | 56  0.04500  1.15151e-03 | 57  0.47325  9.90453e-03
 58 -0.07000  2.80914e-02 |
58 variables; iteration 340; function evaluation 455; phase 3
Function value 3.2140753e+02; maximum gradient component mag -6.7843e+00
Var    Value     Gradient |Var    Value     Gradient |Var    Value     Gradient
  1  0.07038 -6.78425e+00 |  2  0.00230 -1.01340e+00 |  3 -0.04329 -6.75117e-01
  4  0.06157 -1.17977e+00 |  5  0.03688 -1.03883e+00 |  6  0.04978 -1.10765e+00
  7 -0.03851 -6.43601e-01 |  8  0.01823 -9.54899e-01 |  9  0.00918 -9.60962e-01
 10 -0.00602 -6.70595e-01 | 11 -0.02828 -4.99673e-01 | 12  0.01516 -3.92245e-01
 13  0.02420 -6.60613e-02 | 14  0.04173  1.97814e-01 | 15  0.01418  3.59390e-01
 16 -0.00003  3.19915e-01 | 17  0.00939  5.24932e-01 | 18 -0.01530  5.36062e-01
 19  0.04367  1.05792e+00 | 20  0.04034  1.24066e+00 | 21 -0.00161  7.69532e-01
 22 -0.01333  6.91199e-01 | 23  0.06577  1.40000e+00 | 24 -0.05253  4.65636e-01
 25 -0.07396  4.93335e-01 | 26 -0.06518  4.06870e-01 | 27 -0.03311  4.97647e-01
 28 -0.00514  2.80451e-01 | 29 -0.01700  8.64347e-02 | 30  0.00664  7.33541e-04
 31 -0.04583 -8.24293e-02 | 32 -0.17360 -9.96756e-01 | 33 -0.54990  1.41491e-03
 34  0.01675 -1.62434e-02 | 35  0.66184 -7.38196e-01 | 36 -0.10235 -1.41559e+00
 37 -0.05724 -2.60096e-02 | 38 -1.42105 -4.68256e-04 | 39  0.06315  1.16264e-01
 40  0.67262  1.37395e-01 | 41 -0.20317 -4.30832e-02 | 42 -0.39208  3.01586e-02
 43 -0.62946 -1.43672e-02 | 44  0.59203 -9.09389e-01 | 45 -1.85857 -2.99701e-02
 46  0.13129  3.76953e+00 | 47 -1.75836  1.25322e-03 | 48  0.05924  1.25375e-01
 49 -0.07599 -2.77999e-01 | 50 -0.38766  4.56527e-02 | 51  0.14903 -2.08498e-03
 52  0.04915  1.37835e-01 | 53 -0.04042  2.11435e-01 | 54  0.05688  1.16796e+00
 55 -1.63698 -1.15813e-01 | 56  0.04495  9.70040e-02 | 57  0.47313  5.51877e-01
 58 -0.06997  1.75869e+00 |
58 variables; iteration 360; function evaluation 481; phase 3
Function value 3.2138863e+02; maximum gradient component mag -7.5336e-01
Var    Value     Gradient |Var    Value     Gradient |Var    Value     Gradient
  1  0.07041 -7.53365e-01 |  2  0.00228 -2.40202e-03 |  3 -0.04330  5.86331e-03
  4  0.06156 -9.99715e-04 |  5  0.03690  2.78878e-02 |  6  0.04980  3.59034e-02
  7 -0.03848  1.73055e-02 |  8  0.01823  8.92554e-03 |  9  0.00914 -5.75518e-02
 10 -0.00601 -1.66775e-02 | 11 -0.02832 -4.83598e-02 | 12  0.01514 -1.08026e-01
 13  0.02420 -4.52664e-02 | 14  0.04175 -5.23226e-02 | 15  0.01418 -9.96052e-02
 16 -0.00001 -7.47222e-02 | 17  0.00939 -1.37178e-01 | 18 -0.01533 -2.03855e-01
 19  0.04369 -5.46404e-02 | 20  0.04034 -1.99092e-01 | 21 -0.00166 -1.98754e-01
 22 -0.01337 -4.30965e-02 | 23  0.06582  2.05184e-01 | 24 -0.05250  1.31782e-01
 25 -0.07396  1.09624e-01 | 26 -0.06524  1.30023e-01 | 27 -0.03315  2.10669e-01
 28 -0.00515  2.00541e-01 | 29 -0.01701  1.45271e-01 | 30  0.00664  1.11358e-01
 31 -0.04565  2.57783e-02 | 32 -0.17358 -3.11383e-01 | 33 -0.56492  2.49627e-04
 34  0.01677  6.23753e-02 | 35  0.66171 -2.19466e-01 | 36 -0.10232  4.87687e-02
 37 -0.05714 -4.87873e-01 | 38 -1.41684 -4.13695e-05 | 39  0.06323  1.17453e-01
 40  0.67207 -3.33743e-01 | 41 -0.19861 -9.14100e-03 | 42 -0.39227 -4.96987e-02
 43 -0.62930  1.05859e-02 | 44  0.62467 -2.19364e-02 | 45 -1.70173 -2.85156e-04
 46  0.13399 -1.61189e-02 | 47 -1.90905 -1.79876e-02 | 48  0.04215 -3.91183e-02
 49 -0.07513 -1.96363e-01 | 50 -0.49080  3.36435e-03 | 51  0.14932  1.20258e-02
 52  0.04839 -8.89265e-02 | 53 -0.04046 -4.87104e-02 | 54  0.05683 -9.23125e-02
 55 -1.46956 -8.07449e-04 | 56  0.04495  4.44580e-02 | 57  0.47370 -7.80661e-03
 58 -0.07018 -3.01885e-01 |
58 variables; iteration 380; function evaluation 501; phase 3
Function value 3.2138802e+02; maximum gradient component mag -1.5744e-02
Var    Value     Gradient |Var    Value     Gradient |Var    Value     Gradient
  1  0.07041 -1.57437e-02 |  2  0.00229 -9.14222e-03 |  3 -0.04329 -3.96692e-03
  4  0.06157 -6.02931e-03 |  5  0.03689 -7.09689e-03 |  6  0.04979 -5.22698e-03
  7 -0.03848 -4.06789e-03 |  8  0.01823 -3.47320e-03 |  9  0.00916  5.62375e-04
 10 -0.00601 -2.02524e-03 | 11 -0.02831  2.86946e-03 | 12  0.01515  9.44186e-03
 13  0.02420  5.28532e-03 | 14  0.04174  3.36792e-04 | 15  0.01418  2.92639e-04
 16 -0.00002  3.02900e-04 | 17  0.00939  1.74446e-03 | 18 -0.01532  5.58922e-03
 19  0.04368  2.82502e-03 | 20  0.04034  1.03468e-02 | 21 -0.00164  4.63033e-03
 22 -0.01336  2.37646e-03 | 23  0.06581 -1.68961e-03 | 24 -0.05253  4.32751e-03
 25 -0.07398  7.58679e-04 | 26 -0.06523 -9.37989e-05 | 27 -0.03315  6.44275e-04
 28 -0.00515 -4.52296e-03 | 29 -0.01702 -2.42454e-03 | 30  0.00664 -1.69360e-03
 31 -0.04567 -1.76906e-03 | 32 -0.17361 -3.47987e-03 | 33 -0.56863 -6.75612e-07
 34  0.01674 -3.45152e-03 | 35  0.66182 -1.28198e-04 | 36 -0.10235 -9.35713e-03
 37 -0.05717  1.88627e-03 | 38 -1.41552  1.50730e-05 | 39  0.06321 -2.73475e-03
 40  0.67222 -7.58223e-04 | 41 -0.19930  1.73346e-04 | 42 -0.39218  2.11691e-03
 43 -0.62938  1.32342e-04 | 44  0.63280  1.82546e-03 | 45 -1.74266 -2.94309e-04
 46  0.13515  7.17010e-03 | 47 -1.85256 -4.49657e-04 | 48  0.04110  1.00283e-03
 49 -0.07478 -3.58101e-04 | 50 -0.52444  1.48547e-04 | 51  0.14946 -4.86523e-04
 52  0.04815  9.09786e-04 | 53 -0.04043 -5.13560e-03 | 54  0.05691  1.30517e-02
 55 -1.45905  1.47229e-05 | 56  0.04498  1.24365e-03 | 57  0.47331  5.07395e-03
 58 -0.07006  1.40808e-02 |

 - final statistics:
58 variables; iteration 387; function evaluation 508
Function value 3.2139e+02; maximum gradient component mag -3.0625e-05
Exit code = 1;  converg criter 1.0000e-04
Var    Value     Gradient |Var    Value     Gradient |Var    Value     Gradient
  1  0.07041 -3.06255e-05 |  2  0.00229 -2.07294e-05 |  3 -0.04329 -6.04450e-06
  4  0.06157 -1.60276e-05 |  5  0.03689 -1.68034e-05 |  6  0.04979 -1.36521e-05
  7 -0.03848 -1.08128e-05 |  8  0.01823 -1.10991e-05 |  9  0.00916 -4.82957e-06
 10 -0.00601  2.12437e-06 | 11 -0.02831  1.16328e-05 | 12  0.01515  1.09374e-05
 13  0.02420  1.21298e-05 | 14  0.04174  6.52979e-06 | 15  0.01418  5.05490e-07
 16 -0.00002 -1.31032e-06 | 17  0.00939  9.74840e-06 | 18 -0.01532  1.07558e-05
 19  0.04368  9.64623e-06 | 20  0.04034  9.85611e-06 | 21 -0.00164  5.70847e-06
 22 -0.01336  7.98104e-06 | 23  0.06581 -5.53101e-06 | 24 -0.05254  1.28855e-05
 25 -0.07398  6.06291e-06 | 26 -0.06523  2.31343e-06 | 27 -0.03315  4.41908e-06
 28 -0.00515 -8.01769e-06 | 29 -0.01702 -6.25075e-06 | 30  0.00664 -4.97609e-06
 31 -0.04567 -4.22595e-06 | 32 -0.17361 -7.51214e-06 | 33 -0.56864 -1.10246e-08
 34  0.01674 -6.63554e-06 | 35  0.66181 -3.61037e-07 | 36 -0.10235 -1.81999e-05
 37 -0.05717  1.99510e-06 | 38 -1.41570  1.82591e-08 | 39  0.06321 -4.57139e-06
 40  0.67222 -3.17677e-06 | 41 -0.19932  2.96520e-07 | 42 -0.39218  3.96879e-06
 43 -0.62939  6.88393e-08 | 44  0.63282 -1.24102e-06 | 45 -1.74063  8.15830e-08
 46  0.13514  1.51383e-06 | 47 -1.85092  2.34458e-07 | 48  0.04108  7.40430e-07
 49 -0.07478 -4.35934e-06 | 50 -0.52650  1.70688e-07 | 51  0.14946  1.07017e-06
 52  0.04814 -1.33836e-06 | 53 -0.04043 -1.27318e-05 | 54  0.05691  2.27487e-05
 55 -1.45929 -3.38962e-09 | 56  0.04498  3.40201e-06 | 57  0.47331  9.13761e-06
 58 -0.07006  2.71169e-05 |
Estimating row 1 out of 58 for hessian
Estimating row 2 out of 58 for hessian
Estimating row 3 out of 58 for hessian
Estimating row 4 out of 58 for hessian
Estimating row 5 out of 58 for hessian
Estimating row 6 out of 58 for hessian
Estimating row 7 out of 58 for hessian
Estimating row 8 out of 58 for hessian
Estimating row 9 out of 58 for hessian
Estimating row 10 out of 58 for hessian
Estimating row 11 out of 58 for hessian
Estimating row 12 out of 58 for hessian
Estimating row 13 out of 58 for hessian
Estimating row 14 out of 58 for hessian
Estimating row 15 out of 58 for hessian
Estimating row 16 out of 58 for hessian
Estimating row 17 out of 58 for hessian
Estimating row 18 out of 58 for hessian
Estimating row 19 out of 58 for hessian
Estimating row 20 out of 58 for hessian
Estimating row 21 out of 58 for hessian
Estimating row 22 out of 58 for hessian
Estimating row 23 out of 58 for hessian
Estimating row 24 out of 58 for hessian
Estimating row 25 out of 58 for hessian
Estimating row 26 out of 58 for hessian
Estimating row 27 out of 58 for hessian
Estimating row 28 out of 58 for hessian
Estimating row 29 out of 58 for hessian
Estimating row 30 out of 58 for hessian
Estimating row 31 out of 58 for hessian
Estimating row 32 out of 58 for hessian
Estimating row 33 out of 58 for hessian
Estimating row 34 out of 58 for hessian
Estimating row 35 out of 58 for hessian
Estimating row 36 out of 58 for hessian
Estimating row 37 out of 58 for hessian
Estimating row 38 out of 58 for hessian
Estimating row 39 out of 58 for hessian
Estimating row 40 out of 58 for hessian
Estimating row 41 out of 58 for hessian
Estimating row 42 out of 58 for hessian
Estimating row 43 out of 58 for hessian
Estimating row 44 out of 58 for hessian
Estimating row 45 out of 58 for hessian
Estimating row 46 out of 58 for hessian
Estimating row 47 out of 58 for hessian
Estimating row 48 out of 58 for hessian
Estimating row 49 out of 58 for hessian
Estimating row 50 out of 58 for hessian
Estimating row 51 out of 58 for hessian
Estimating row 52 out of 58 for hessian
Estimating row 53 out of 58 for hessian
Estimating row 54 out of 58 for hessian
Estimating row 55 out of 58 for hessian
Estimating row 56 out of 58 for hessian
Estimating row 57 out of 58 for hessian
Estimating row 58 out of 58 for hessian
size of file gradfil1.tmp = 0
size of file gradfil2.tmp = 0
size of file varssave.tmp = 0
size of file cmpdiff.tmp = 0
