
Initial statistics: 1 variables; iteration 0; function evaluation 0; phase 1
Function value 7.9226478e+02; maximum gradient component mag -1.6476e+05
Var    Value     Gradient |Var    Value     Gradient |Var    Value     Gradient
  1  0.05958 -1.64764e+05 |

 - final statistics:
1 variables; iteration 4; function evaluation 8
Function value 7.7849e+02; maximum gradient component mag 1.4220e-01
Exit code = 1;  converg criter 1.0000e+01
Var    Value     Gradient |Var    Value     Gradient |Var    Value     Gradient
  1  0.05969  1.42200e-01 |

Initial statistics: 11 variables; iteration 0; function evaluation 0; phase 2
Function value 7.7849222e+02; maximum gradient component mag -3.2882e+02
Var    Value     Gradient |Var    Value     Gradient |Var    Value     Gradient
  1  0.05969  1.42200e-01 |  2 -0.17298 -3.28818e+02 |  3 -0.56788 -4.14245e-02
  4 -0.06251  5.01579e+01 |  5 -0.56691  7.90957e-02 |  6 -0.37714  2.97898e+01
  7  0.76130 -8.64416e-01 |  8 -0.03025  1.01857e+02 |  9 -0.52427  3.46268e-03
 10  0.05422  1.07455e+02 | 11 -0.55402  1.01421e-02 |

Intermediate statistics: 11 variables; iteration 20; function evaluation 59; phase 2
Function value 7.7050724e+02; maximum gradient component mag -5.4423e+03
Var    Value     Gradient |Var    Value     Gradient |Var    Value     Gradient
  1  0.05893 -5.44227e+03 |  2 -0.15809 -6.88551e+01 |  3 -0.47077 -5.03405e-02
  4 -0.05669 -4.94108e+02 |  5 -1.44222 -2.18805e-02 |  6 -0.39906 -1.58079e-01
  7  1.37701  1.94736e+00 |  8 -0.13642  4.73650e+01 |  9 -0.10683  4.35398e+01
 10  0.02703 -1.27543e+01 | 11 -0.16924  3.93710e+00 |
11 variables; iteration 40; function evaluation 80; phase 2
Function value 7.6667845e+02; maximum gradient component mag -1.4468e+03
Var    Value     Gradient |Var    Value     Gradient |Var    Value     Gradient
  1  0.05931 -1.44678e+03 |  2 -0.15962 -2.19708e+01 |  3 -1.55289  1.40704e-02
  4 -0.06023 -1.48595e+02 |  5 -0.84750 -1.16826e-02 |  6 -0.39888 -2.86503e-01
  7  1.01445 -9.12701e-02 |  8 -0.43169  1.25855e+00 |  9 -0.05489  5.23636e+00
 10  0.03439  2.65553e+00 | 11 -0.18479  7.63651e-01 |
Maximum number of function evaluations exceeded

 - final statistics:
11 variables; iteration 59; function evaluation 100
Function value 7.6652e+02; maximum gradient component mag -8.2545e+02
Exit code = 3;  converg criter 1.0000e+01
Var    Value     Gradient |Var    Value     Gradient |Var    Value     Gradient
  1  0.05923 -8.25447e+02 |  2 -0.15956 -1.12426e+01 |  3 -1.58683  2.77075e-03
  4 -0.05945 -8.24697e+01 |  5 -0.61995  2.25060e-02 |  6 -0.39874 -1.56107e-01
  7  1.02597  4.13186e-03 |  8 -0.73497 -4.26712e-01 |  9 -0.03767 -1.31972e+01
 10  0.03348 -5.81666e-01 | 11 -0.18273  1.56908e-01 |

Initial statistics: 55 variables; iteration 0; function evaluation 0; phase 3
Function value 7.6652393e+02; maximum gradient component mag 2.5671e+03
Var    Value     Gradient |Var    Value     Gradient |Var    Value     Gradient
  1  0.05923 -8.25447e+02 |  2  0.00000 -3.71347e+02 |  3  0.00000 -4.93655e+02
  4  0.00000 -8.25161e+02 |  5  0.00000 -9.88619e+02 |  6  0.00000 -1.10274e+03
  7  0.00000 -7.18407e+02 |  8  0.00000 -8.08268e+02 |  9  0.00000 -9.73610e+02
 10  0.00000 -2.51688e+02 | 11  0.00000 -2.84271e+02 | 12  0.00000 -8.76326e+02
 13  0.00000 -1.20862e+03 | 14  0.00000 -1.26802e+03 | 15  0.00000 -8.84843e+02
 16  0.00000 -4.00423e+02 | 17  0.00000 -4.39758e+02 | 18  0.00000 -2.48048e+02
 19  0.00000 -1.11122e+03 | 20  0.00000 -1.38799e+03 | 21  0.00000  1.93364e+03
 22  0.00000  2.39448e+02 | 23  0.00000 -1.31227e+02 | 24  0.00000  2.56710e+03
 25  0.00000  2.33856e+03 | 26  0.00000  2.26803e+03 | 27  0.00000  1.94806e+03
 28  0.00000  1.31952e+03 | 29  0.00000  1.09988e+03 | 30  0.00000  6.89260e+02
 31  0.00000  3.70746e+02 | 32 -0.15956 -1.12426e+01 | 33 -0.41317 -2.77075e-03
 34  0.01836 -1.76770e+01 | 35  0.68107 -4.00104e+01 | 36 -0.10603 -6.48207e+01
 37 -0.05945 -8.24697e+01 | 38 -0.61995  2.25060e-02 | 39  0.05888  3.69910e+02
 40  0.70419  1.45931e+02 | 41 -0.41135 -5.97281e-03 | 42 -0.39874 -1.56107e-01
 43 -0.63227  1.16817e+00 | 44  0.97403 -4.13186e-03 | 45  0.02708  8.01217e+00
 46 -0.73497 -4.26712e-01 | 47 -0.03767 -1.31972e+01 | 48  0.15728  4.84748e-04
 49  0.02071  3.37745e+00 | 50 -0.03020  7.52744e+02 | 51  0.03348 -5.81666e-01
 52 -0.18273  1.56908e-01 | 53  0.03830 -1.63982e+01 | 54  0.48490 -2.19065e+00
 55 -0.06473  1.78933e+02 |

Intermediate statistics: 55 variables; iteration 20; function evaluation 29; phase 3
Function value 4.0628403e+02; maximum gradient component mag -1.1302e+04
Var    Value     Gradient |Var    Value     Gradient |Var    Value     Gradient
  1  0.05642 -1.13022e+04 |  2 -0.00860  3.37427e+02 |  3 -0.04533  3.55651e+02
  4  0.05862  4.29491e+02 |  5  0.03319  4.28055e+02 |  6  0.04575  4.75555e+02
  7 -0.02218  4.26951e+02 |  8  0.01084  4.04398e+02 |  9  0.01128  4.20606e+02
 10 -0.00726  3.94406e+02 | 11 -0.01512  2.90240e+02 | 12  0.01415  1.26460e+02
 13  0.01829 -1.08552e+02 | 14  0.03801 -2.49509e+02 | 15 -0.00526 -3.43322e+02
 16 -0.00997 -3.33731e+02 | 17  0.01049 -4.63102e+02 | 18 -0.02516 -5.41177e+02
 19  0.02616 -1.11961e+03 | 20  0.03880 -1.01158e+03 | 21 -0.01508 -9.57955e+02
 22  0.00388 -3.89724e+02 | 23  0.04116 -3.12339e+02 | 24 -0.05839  1.30117e+02
 25 -0.05391  1.50364e+02 | 26 -0.04742  2.30347e+02 | 27 -0.02031  3.16602e+02
 28 -0.00854  2.69598e+02 | 29 -0.02098  2.29973e+02 | 30 -0.01161  2.46522e+02
 31  0.02846  3.28234e+02 | 32 -0.17287  1.36189e+01 | 33 -0.41351  4.26018e-02
 34  0.00928 -3.10358e+01 | 35  0.68043 -2.07543e+01 | 36 -0.10780 -1.18693e+01
 37 -0.05502 -1.50685e+03 | 38 -0.61997 -7.09282e-02 | 39  0.02088  3.57622e+02
 40  0.62311 -7.54440e+02 | 41 -0.41138 -1.15601e-01 | 42 -0.35539 -1.05487e+00
 43 -0.62198 -2.58757e+00 | 44  0.97392  2.05555e-02 | 45  0.01290  6.29482e+00
 46 -0.73367 -1.64579e-02 | 47 -0.00771  1.30777e-01 | 48  0.15727  8.18868e-04
 49  0.06694 -2.03987e-02 | 50  0.10930  5.35483e+00 | 51  0.05155  3.19643e+01
 52 -0.18820  7.81821e+00 | 53  0.03366 -2.44745e+01 | 54  0.48994  8.74487e+00
 55 -0.03638  2.87226e+01 |
55 variables; iteration 40; function evaluation 52; phase 3
Function value 4.0128322e+02; maximum gradient component mag -8.2803e+02
Var    Value     Gradient |Var    Value     Gradient |Var    Value     Gradient
  1  0.05656  6.83076e+01 |  2 -0.01008  1.75875e+02 |  3 -0.04131  2.01614e+02
  4  0.05298  2.52684e+02 |  5  0.03329  2.68681e+02 |  6  0.04630  3.60303e+02
  7 -0.02362  2.70630e+02 |  8  0.00955  2.82527e+02 |  9  0.01175  3.06637e+02
 10 -0.00746  3.14637e+02 | 11 -0.01691  2.04634e+02 | 12  0.01506  1.75422e+02
 13  0.02409  3.39195e+01 | 14  0.03479 -1.34765e+02 | 15  0.00011 -2.47217e+02
 16 -0.01226 -3.12530e+02 | 17  0.00837 -4.04189e+02 | 18 -0.02877 -5.30063e+02
 19  0.02963 -8.28027e+02 | 20  0.03762 -7.43494e+02 | 21 -0.01769 -7.27735e+02
 22  0.00610 -1.74743e+02 | 23  0.04468 -3.11215e+01 | 24 -0.05774  1.43933e+02
 25 -0.05779  1.35131e+02 | 26 -0.04669  2.24520e+02 | 27 -0.02210  2.57138e+02
 28 -0.00618  1.89069e+02 | 29 -0.02234  8.20058e+01 | 30 -0.01125  6.89933e+01
 31  0.02601  1.08198e+02 | 32 -0.18158  3.69739e+01 | 33 -0.41769  4.53848e-02
 34  0.00242 -4.59018e+01 | 35  0.69050  8.08058e+00 | 36 -0.10452  6.66608e+01
 37 -0.05902 -2.06111e+02 | 38 -0.62029 -1.17455e-02 | 39  0.02884 -2.00799e+01
 40  0.63786 -1.89154e+02 | 41 -0.41142 -2.84447e-02 | 42 -0.36017 -1.87494e+00
 43 -0.64039 -5.54829e+00 | 44  0.97058  2.07847e-01 | 45 -0.11462 -5.72487e+00
 46 -0.75915  2.67587e-02 | 47 -0.05139  9.70581e-01 | 48  0.15724  8.37044e-04
 49  0.54543  2.27975e-02 | 50  0.11240  3.22401e+00 | 51  0.04074  3.16581e+01
 52 -0.15697  3.13827e+01 | 53  0.02657 -1.60484e+01 | 54  0.46967  1.60641e+01
 55 -0.03731  9.38685e+01 |
55 variables; iteration 60; function evaluation 85; phase 3
Function value 3.8518860e+02; maximum gradient component mag -1.7161e+04
Var    Value     Gradient |Var    Value     Gradient |Var    Value     Gradient
  1  0.05628 -1.71606e+04 |  2 -0.00211 -1.46846e+02 |  3 -0.04773  2.27290e+01
  4  0.05655 -1.66513e+02 |  5  0.03140 -8.66611e+01 |  6  0.03939 -1.87374e+02
  7 -0.02911 -3.33138e+00 |  8  0.01413 -1.36548e+02 |  9  0.01200 -1.61383e+02
 10 -0.01173 -9.72917e+01 | 11 -0.01446 -4.33039e+01 | 12  0.01435 -1.14275e+02
 13  0.02187 -1.01712e+02 | 14  0.02941 -1.31304e+02 | 15  0.00628 -7.42430e+01
 16 -0.00921 -5.77685e+01 | 17  0.00405 -1.35447e+02 | 18 -0.01516 -6.52067e+01
 19  0.03523 -2.43387e+02 | 20  0.03471 -3.72656e+02 | 21 -0.01169 -4.66800e+02
 22  0.00941  2.91857e+02 | 23  0.05270  2.94687e+02 | 24 -0.06995  2.62638e+02
 25 -0.05600  2.73502e+02 | 26 -0.05292  2.66380e+02 | 27 -0.02720  2.71665e+02
 28 -0.01047  2.78288e+02 | 29 -0.01705  2.75366e+02 | 30 -0.00972  2.77997e+02
 31  0.02301  2.78350e+02 | 32 -0.18069 -2.67342e+02 | 33 -0.48766 -1.09406e-01
 34  0.00996  7.27636e+01 | 35  0.70385 -1.41157e+02 | 36 -0.12488 -1.30767e+02
 37 -0.07712 -1.98517e+03 | 38 -0.72137 -2.52767e-02 | 39  0.01807  6.22726e+02
 40  0.67156 -8.39586e+02 | 41 -0.57258 -6.35325e-03 | 42 -0.35610 -4.52210e+00
 43 -0.60762 -1.72365e-01 | 44  1.05607  2.42823e-01 | 45 -0.08742  1.18205e+01
 46 -1.93819  1.84762e+00 | 47 -0.07923  5.49201e-02 | 48  0.18496  1.77662e+00
 49  1.02260 -8.73572e-02 | 50  0.17143  1.69555e-01 | 51  0.06064  2.23145e+00
 52 -0.21636  1.29128e+00 | 53  0.04427 -1.24950e+00 | 54  0.45705 -8.94581e-01
 55 -0.04204 -9.02085e+00 |
55 variables; iteration 80; function evaluation 109; phase 3
Function value 3.8418800e+02; maximum gradient component mag -4.9537e+02
Var    Value     Gradient |Var    Value     Gradient |Var    Value     Gradient
  1  0.05564 -4.95367e+02 |  2 -0.00344 -1.17948e+01 |  3 -0.04943 -1.84662e+00
  4  0.05783 -1.85873e+01 |  5  0.02928 -9.86398e+00 |  6  0.04163 -1.65831e+01
  7 -0.03493 -1.25386e+00 |  8  0.01268 -9.78142e+00 |  9  0.01384 -1.18586e+01
 10 -0.01154 -4.71403e+00 | 11 -0.01360 -1.42206e+00 | 12  0.01491 -4.31820e+00
 13  0.02170 -2.41326e+00 | 14  0.02946  1.84522e-02 | 15  0.00513  1.50294e+00
 16 -0.01012  5.00045e+00 | 17  0.00491  3.59459e+00 | 18 -0.01579  6.74162e+00
 19  0.03481  1.52069e+00 | 20  0.03545 -2.72972e+00 | 21 -0.00972  4.88546e+00
 22  0.00875  1.09979e+01 | 23  0.04961  1.07606e+01 | 24 -0.06576  5.47099e+00
 25 -0.05583  6.95871e+00 | 26 -0.05107  6.32827e+00 | 27 -0.02613  6.16071e+00
 28 -0.01014  7.62268e+00 | 29 -0.01638  6.97334e+00 | 30 -0.00942  6.57960e+00
 31  0.02324  6.78922e+00 | 32 -0.17988 -1.31101e+01 | 33 -0.57494  2.02390e-05
 34  0.01022  3.36877e+00 | 35  0.69787 -7.04783e+00 | 36 -0.11934 -2.74530e+00
 37 -0.06788 -5.21324e+01 | 38 -0.56568  1.38063e-02 | 39  0.02603  2.04430e+01
 40  0.67044 -1.93546e+01 | 41 -0.39327  3.26380e-03 | 42 -0.35538 -4.58001e-01
 43 -0.60642  4.66751e-02 | 44  0.79662 -2.91286e-01 | 45 -0.11688  2.86765e+00
 46 -1.94476 -8.98630e-02 | 47 -0.13209  6.86403e-03 | 48  0.18573  4.78311e-02
 49  1.61315 -5.69785e-03 | 50  0.22208  5.75085e-02 | 51  0.06147 -4.93648e-01
 52 -0.29159  1.19788e-01 | 53  0.04560  1.39248e-01 | 54  0.47180 -3.30995e-01
 55 -0.03968 -9.21016e-01 |
55 variables; iteration 100; function evaluation 131; phase 3
Function value 3.8414049e+02; maximum gradient component mag 3.0003e+02
Var    Value     Gradient |Var    Value     Gradient |Var    Value     Gradient
  1  0.05559  3.00027e+02 |  2 -0.00303  4.85352e+00 |  3 -0.05013  5.66851e-01
  4  0.05867  4.30449e+00 |  5  0.02887  2.32662e+00 |  6  0.04251  4.47430e+00
  7 -0.03671  1.14004e-01 |  8  0.01275  3.16172e+00 |  9  0.01403  3.22958e+00
 10 -0.01150  1.43302e+00 | 11 -0.01367  4.86667e-01 | 12  0.01496  1.61850e+00
 13  0.02177  1.42615e+00 | 14  0.02950  1.78494e+00 | 15  0.00519  6.44433e-01
 16 -0.01024  1.51273e-02 | 17  0.00495  1.17887e+00 | 18 -0.01598 -7.80092e-02
 19  0.03485  2.24582e+00 | 20  0.03569  4.86588e+00 | 21 -0.00989  4.45871e+00
 22  0.00872 -4.38388e+00 | 23  0.04941 -4.20825e+00 | 24 -0.06536 -4.32066e+00
 25 -0.05585 -4.35472e+00 | 26 -0.05099 -4.42608e+00 | 27 -0.02609 -4.34202e+00
 28 -0.01018 -4.31272e+00 | 29 -0.01630 -4.24895e+00 | 30 -0.00932 -4.30503e+00
 31  0.02328 -4.21040e+00 | 32 -0.18051  5.43292e+00 | 33 -0.62473 -1.94647e-03
 34  0.00955 -1.40345e+00 | 35  0.70034  2.92647e+00 | 36 -0.12156  2.39607e+00
 37 -0.06740  3.34104e+01 | 38 -0.65483  1.23372e-03 | 39  0.02623 -1.08767e+01
 40  0.67001  1.37105e+01 | 41 -0.41414  5.02408e-03 | 42 -0.35517  5.76432e-02
 43 -0.60660  7.05589e-03 | 44  0.72969 -2.15470e-02 | 45 -0.14631 -2.56970e-02
 46 -1.94391 -3.39089e-02 | 47 -0.13795  6.02438e-03 | 48  0.18545 -2.55938e-02
 49  1.71383 -1.45397e-02 | 50  0.24414  4.82109e-02 | 51  0.06135  1.48534e-01
 52 -0.31162  8.62256e-02 | 53  0.04556 -6.47849e-02 | 54  0.47482  3.46967e-02
 55 -0.03974  1.78890e-01 |
55 variables; iteration 120; function evaluation 157; phase 3
Function value 3.8411493e+02; maximum gradient component mag -2.1925e+02
Var    Value     Gradient |Var    Value     Gradient |Var    Value     Gradient
  1  0.05566 -2.19254e+02 |  2 -0.00338 -4.76805e+00 |  3 -0.04980 -1.27522e-03
  4  0.05825 -6.04417e+00 |  5  0.02921 -1.93621e+00 |  6  0.04194 -5.28060e+00
  7 -0.03547  1.63318e+00 |  8  0.01265 -2.78686e+00 |  9  0.01389 -3.50550e+00
 10 -0.01152 -1.11444e+00 | 11 -0.01365  7.72334e-02 | 12  0.01491 -1.91612e+00
 13  0.02176 -1.37029e+00 | 14  0.02940 -2.19032e+00 | 15  0.00524 -5.27276e-01
 16 -0.01019 -9.71414e-02 | 17  0.00488 -1.85504e+00 | 18 -0.01590  5.92621e-01
 19  0.03481 -3.28220e+00 | 20  0.03556 -5.58806e+00 | 21 -0.00975 -3.02592e+00
 22  0.00872  5.09838e+00 | 23  0.04933  5.34443e+00 | 24 -0.06522  5.18156e+00
 25 -0.05588  4.74539e+00 | 26 -0.05103  4.45075e+00 | 27 -0.02612  4.47079e+00
 28 -0.01020  4.03097e+00 | 29 -0.01635  3.46010e+00 | 30 -0.00938  3.24675e+00
 31  0.02324  3.21429e+00 | 32 -0.18040 -5.10707e+00 | 33 -0.55985  2.52898e-03
 34  0.00963  1.11515e+00 | 35  0.69976 -2.91175e+00 | 36 -0.12116 -2.01177e+00
 37 -0.06840 -2.84110e+01 | 38 -0.72121 -4.81822e-03 | 39  0.02536  8.36923e+00
 40  0.67044 -1.19094e+01 | 41 -0.36401  1.43423e-02 | 42 -0.35522 -1.56890e-02
 43 -0.60673 -5.66880e-03 | 44  0.74033 -1.14672e-01 | 45 -0.14165  6.84599e-01
 46 -1.94440  5.29864e-02 | 47 -0.15804 -6.98154e-02 | 48  0.18577  6.76789e-02
 49  2.05933  1.52049e-02 | 50  0.21169  9.42757e-01 | 51  0.06131  3.20602e-01
 52 -0.32083  7.46861e-02 | 53  0.04552 -5.31696e-02 | 54  0.47595  1.55569e-01
 55 -0.03994  3.24586e-01 |
55 variables; iteration 140; function evaluation 217; phase 3
Function value 3.4920510e+02; maximum gradient component mag -1.3818e+03
Var    Value     Gradient |Var    Value     Gradient |Var    Value     Gradient
  1  0.05777 -1.38181e+03 |  2 -0.00587 -1.47877e+02 |  3 -0.04497 -6.26202e+01
  4  0.05135 -9.77896e+01 |  5  0.03979 -4.37335e+01 |  6  0.03561 -9.66211e+01
  7 -0.02102 -6.92884e+00 |  8  0.01186 -5.66934e+01 |  9  0.01205 -5.71986e+01
 10 -0.00836 -2.95647e+01 | 11 -0.02621 -3.74386e+01 | 12  0.01346 -3.73322e+01
 13  0.02030 -3.24104e+01 | 14  0.03544 -2.74599e+01 | 15  0.00695 -1.99005e+01
 16 -0.00570 -9.54910e+00 | 17  0.00236 -4.30698e+01 | 18 -0.01469 -1.42700e+01
 19  0.03844 -3.38321e+01 | 20  0.03484 -7.63750e+01 | 21 -0.01080 -1.61446e+02
 22 -0.00112  1.75679e+02 | 23  0.05911  2.34529e+02 | 24 -0.05317  1.08831e+02
 25 -0.06401  1.34032e+02 | 26 -0.06424  1.14030e+02 | 27 -0.03387  1.03320e+02
 28 -0.01322  8.12186e+01 | 29 -0.02010  5.61777e+01 | 30 -0.00222  4.71618e+01
 31  0.02806  4.13073e+01 | 32 -0.20881 -9.47419e+01 | 33 -0.16819 -1.21565e+01
 34 -0.01424  1.97284e+01 | 35  0.71986 -4.26596e+01 | 36 -0.18409 -1.82217e+01
 37 -0.07533 -2.16252e+02 | 38 -0.22533 -2.27875e+01 | 39  0.03890  1.88203e+01
 40  0.66611 -1.04626e+02 | 41 -0.09788 -1.97449e+00 | 42 -0.37419 -2.02608e+00
 43 -0.63377 -1.05423e+00 | 44  0.80142  3.64204e-01 | 45 -0.10620 -5.90985e+00
 46 -1.98155  5.97681e+00 | 47 -0.27209  4.17046e-01 | 48  0.20434  2.05756e+01
 49  4.00430 -3.94268e+00 | 50 -0.02817 -6.44656e+00 | 51  0.05744  3.28811e+01
 52 -0.40751  1.14861e-01 | 53  0.03828 -1.29197e+01 | 54  0.49297  9.19539e+00
 55 -0.06528  2.07138e+01 |
55 variables; iteration 160; function evaluation 238; phase 3
Function value 3.4106785e+02; maximum gradient component mag -5.5904e+02
Var    Value     Gradient |Var    Value     Gradient |Var    Value     Gradient
  1  0.05801 -5.59044e+02 |  2  0.00381  1.61131e+00 |  3 -0.04259  7.28834e+00
  4  0.05473  3.49783e+00 |  5  0.03178  5.37495e+00 |  6  0.04468  2.98159e+00
  7 -0.03471  7.95736e+00 |  8  0.01474  3.84764e+00 |  9  0.01173  6.14776e+00
 10 -0.00928  3.02003e+00 | 11 -0.02451  5.94316e+00 | 12  0.01268  5.88653e-01
 13  0.01996 -4.87403e-01 | 14  0.03469 -2.69127e+00 | 15  0.00731 -1.58369e+00
 16 -0.00595 -7.66853e-01 | 17  0.00518 -2.58045e+00 | 18 -0.01553  3.09700e-01
 19  0.03795 -1.18332e+01 | 20  0.03636 -4.74462e+00 | 21  0.00347 -8.13842e+00
 22 -0.01007 -1.26970e+01 | 23  0.05544 -1.61334e+01 | 24 -0.05546 -4.42046e+00
 25 -0.06806 -2.78877e+00 | 26 -0.06422 -1.74387e+00 | 27 -0.03350  8.18900e-01
 28 -0.01442  2.10306e+00 | 29 -0.01981  5.20206e+00 | 30 -0.00340  6.54594e+00
 31  0.02686  7.49132e+00 | 32 -0.19150  2.49449e+00 | 33 -0.24926  4.17085e+00
 34  0.00064  4.62282e-01 | 35  0.73109  1.58182e+00 | 36 -0.25135 -1.91796e+00
 37 -0.08610 -6.11574e+01 | 38 -0.14276  4.69469e-01 | 39  0.04324  2.11626e+01
 40  0.68127 -2.45492e+01 | 41 -0.22842 -3.40719e-01 | 42 -0.37283 -2.96506e-01
 43 -0.62787  5.11953e-03 | 44  0.74154 -1.05335e-02 | 45 -0.01629 -8.08509e-02
 46 -1.97076 -8.54248e-01 | 47 -0.27749  5.49783e-01 | 48  0.15666  7.07487e-01
 49  4.01342  1.27003e+00 | 50 -0.02644 -4.71598e+00 | 51  0.05486 -4.73927e-01
 52 -0.37320  8.59695e-02 | 53  0.03941 -6.73030e-01 | 54  0.49093 -3.56732e-01
 55 -0.06225 -6.97744e+00 |
55 variables; iteration 180; function evaluation 258; phase 3
Function value 3.4091314e+02; maximum gradient component mag -6.6265e+02
Var    Value     Gradient |Var    Value     Gradient |Var    Value     Gradient
  1  0.05770 -6.62648e+02 |  2  0.00427 -1.57698e+01 |  3 -0.04420 -8.93355e+00
  4  0.05504 -1.32447e+01 |  5  0.03169 -9.60327e+00 |  6  0.04457 -1.50107e+01
  7 -0.03595 -4.97556e+00 |  8  0.01506 -9.78559e+00 |  9  0.01198 -9.67054e+00
 10 -0.00921 -5.78896e+00 | 11 -0.02422 -1.66748e+00 | 12  0.01292 -3.18181e+00
 13  0.02005 -2.49456e+00 | 14  0.03450 -3.28062e+00 | 15  0.00723 -6.39241e-01
 16 -0.00620 -1.80023e-01 | 17  0.00495 -2.39677e+00 | 18 -0.01578  9.68833e-01
 19  0.03815  3.84496e-01 | 20  0.03587 -1.99452e+00 | 21  0.00339  5.39293e-01
 22 -0.00902  8.82901e+00 | 23  0.05497  1.00546e+01 | 24 -0.05519  1.06171e+01
 25 -0.06729  1.30909e+01 | 26 -0.06370  1.18502e+01 | 27 -0.03329  1.30373e+01
 28 -0.01421  1.08588e+01 | 29 -0.01972  1.06172e+01 | 30 -0.00344  9.64531e+00
 31  0.02667  8.71919e+00 | 32 -0.18921 -1.18187e+01 | 33 -0.36989  2.06698e-01
 34  0.00293  3.34281e+00 | 35  0.73321 -6.12556e+00 | 36 -0.25133 -1.99796e+00
 37 -0.08265 -6.15537e+01 | 38 -0.14590  3.56804e+00 | 39  0.04741  2.97496e+01
 40  0.68445 -2.07615e+01 | 41 -0.25644 -1.17836e-01 | 42 -0.37208  1.81544e-01
 43 -0.62780 -6.37836e-02 | 44  0.72537 -3.62088e-02 | 45 -0.02523 -1.25258e-02
 46 -1.97247 -4.86561e-01 | 47 -0.28384  4.32363e-01 | 48  0.15717  1.50953e-01
 49  4.00831  2.93329e-01 | 50 -0.02586 -2.34483e-01 | 51  0.05535  1.41226e-01
 52 -0.44964  1.80596e-02 | 53  0.03944 -5.11675e-01 | 54  0.48826 -4.37516e-02
 55 -0.06188 -2.50389e+00 |
55 variables; iteration 200; function evaluation 280; phase 3
Function value 3.3975269e+02; maximum gradient component mag -2.3326e+02
Var    Value     Gradient |Var    Value     Gradient |Var    Value     Gradient
  1  0.05867 -2.33255e+02 |  2  0.00326 -1.86350e+00 |  3 -0.04210  5.10881e+00
  4  0.05403  7.27102e-01 |  5  0.03224  4.48013e+00 |  6  0.04471  2.53536e+00
  7 -0.03338  8.12096e+00 |  8  0.01467  2.84626e+00 |  9  0.01122  4.42255e+00
 10 -0.00897  4.05900e+00 | 11 -0.02550  4.35712e+00 | 12  0.01251  9.85045e-01
 13  0.01991 -8.29223e-02 | 14  0.03513 -2.72617e+00 | 15  0.00784 -6.58505e-01
 16 -0.00534 -1.01102e+00 | 17  0.00536 -3.70499e+00 | 18 -0.01559 -4.01442e-01
 19  0.03869 -4.65621e+00 | 20  0.03623 -6.55645e+00 | 21  0.00335  4.48571e+00
 22 -0.00986 -1.59414e+00 | 23  0.05640 -6.13047e+00 | 24 -0.05522 -2.99602e+00
 25 -0.06888 -3.72649e+00 | 26 -0.06544 -3.34778e+00 | 27 -0.03434 -2.74154e+00
 28 -0.01467 -1.54329e+00 | 29 -0.02025 -1.37175e-01 | 30 -0.00318  7.74888e-01
 31  0.02703  1.07957e+00 | 32 -0.18964 -2.30540e+00 | 33 -1.66810 -5.59419e-01
 34  0.00259  5.43567e-01 | 35  0.73312 -1.49117e+00 | 36 -0.42004 -2.04176e-02
 37 -0.07158 -2.54230e+01 | 38 -0.18891  4.10533e+00 | 39  0.05201  5.33879e+00
 40  0.69776 -1.04027e+01 | 41 -0.32918  2.96094e-03 | 42 -0.37437 -1.47775e-01
 43 -0.62963 -9.76973e-03 | 44  0.91540  2.75545e-02 | 45  0.00500 -2.73338e-01
 46 -1.97149 -2.38421e-01 | 47 -0.57212 -2.42267e-03 | 48  0.15701  6.39725e-02
 49  4.01574  4.64167e-01 | 50 -0.02777 -1.59385e+00 | 51  0.05462 -3.25609e-01
 52 -1.60020 -5.77062e-02 | 53  0.03892  1.24161e-01 | 54  0.48809 -1.98879e-02
 55 -0.06353 -1.89169e+00 |
55 variables; iteration 220; function evaluation 300; phase 3
Function value 3.3941697e+02; maximum gradient component mag -2.8549e+02
Var    Value     Gradient |Var    Value     Gradient |Var    Value     Gradient
  1  0.05864 -2.85491e+02 |  2  0.00438  4.76987e+00 |  3 -0.04278  4.87646e+00
  4  0.05424  1.43877e+00 |  5  0.03186  2.54804e+00 |  6  0.04526  1.26525e+00
  7 -0.03532  3.29688e+00 |  8  0.01512  1.38891e+00 |  9  0.01123  8.79869e-01
 10 -0.00897  1.41072e+00 | 11 -0.02558  1.72981e+00 | 12  0.01262 -1.41203e-01
 13  0.01996 -7.29258e-01 | 14  0.03538 -2.12861e+00 | 15  0.00773 -1.22648e+00
 16 -0.00540 -1.38148e+00 | 17  0.00546 -3.36592e+00 | 18 -0.01576 -2.59632e+00
 19  0.03871 -7.15513e+00 | 20  0.03635 -9.40707e+00 | 21  0.00263 -6.97992e+00
 22 -0.00975 -2.62156e+00 | 23  0.05642 -5.66094e+00 | 24 -0.05492  5.90787e-01
 25 -0.06875  6.28089e-01 | 26 -0.06537  1.47440e+00 | 27 -0.03426  1.60209e+00
 28 -0.01461  2.62926e+00 | 29 -0.02016  3.81990e+00 | 30 -0.00301  4.47697e+00
 31  0.02715  4.56595e+00 | 32 -0.18910  1.91677e+00 | 33 -1.34875  3.34683e-03
 34  0.00316  4.32804e-01 | 35  0.73403  1.54383e+00 | 36 -0.49185 -5.97919e-03
 37 -0.06243 -3.44139e+01 | 38 -0.37798  1.28660e-03 | 39  0.05866  1.16265e+01
 40  0.70248 -1.37710e+01 | 41 -0.18536  9.34187e-01 | 42 -0.37437 -9.42401e-02
 43 -0.62989 -5.35449e-02 | 44  0.66460 -1.39027e-01 | 45  0.01587  8.33662e-01
 46 -1.97171  3.91885e-02 | 47 -0.63001 -4.19133e-03 | 48  0.15731  4.27022e-01
 49  4.01531  1.46206e-01 | 50 -0.02797 -1.89473e+00 | 51  0.05369 -2.34362e+00
 52 -1.72104 -6.95766e-01 | 53  0.03820 -3.13418e-01 | 54  0.48483 -1.11675e+00
 55 -0.06342 -4.55107e+00 |
55 variables; iteration 240; function evaluation 320; phase 3
Function value 3.3922686e+02; maximum gradient component mag 1.3522e+01
Var    Value     Gradient |Var    Value     Gradient |Var    Value     Gradient
  1  0.05953  1.35223e+01 |  2  0.00385  1.69033e+00 |  3 -0.04368  5.27882e-01
  4  0.05439  5.90248e-01 |  5  0.03184  4.18505e-02 |  6  0.04582  2.78307e-01
  7 -0.03575 -5.54540e-01 |  8  0.01553  4.86948e-02 |  9  0.01092 -7.54294e-02
 10 -0.00868 -2.18232e-01 | 11 -0.02670 -1.23971e-01 | 12  0.01245 -1.42450e-01
 13  0.01986 -5.02707e-01 | 14  0.03609 -9.31974e-01 | 15  0.00828 -9.83760e-01
 16 -0.00460 -1.19988e+00 | 17  0.00600 -1.19897e+00 | 18 -0.01562 -1.24332e+00
 19  0.03943 -1.03175e+00 | 20  0.03694 -2.51680e-01 | 21  0.00206 -1.23721e+00
 22 -0.01019  1.10093e+00 | 23  0.05787  1.07695e+00 | 24 -0.05456  6.99354e-01
 25 -0.06934  4.52742e-01 | 26 -0.06675  7.37509e-01 | 27 -0.03502  8.18217e-01
 28 -0.01487  5.88732e-01 | 29 -0.02054  4.77043e-01 | 30 -0.00270  3.32711e-01
 31  0.02757  2.61324e-01 | 32 -0.18918  7.57795e-01 | 33 -1.32834  4.30109e-03
 34  0.00323 -1.97203e-01 | 35  0.73351  3.93845e-01 | 36 -0.58934 -4.51242e-03
 37 -0.06237  1.60412e+00 | 38 -0.32830  4.00036e-01 | 39  0.05912  3.23155e-02
 40  0.70348  6.11142e-01 | 41 -0.25645  1.80889e-01 | 42 -0.37645  3.84259e-02
 43 -0.63172 -2.67856e-03 | 44  0.76851 -5.15447e-03 | 45  0.02545  6.94690e-02
 46 -1.97016 -5.68845e-02 | 47 -0.66125 -4.96658e-03 | 48  0.15725 -9.58701e-02
 49  4.01961  2.52087e-02 | 50 -0.02972  9.39278e-02 | 51  0.05405  1.99635e-01
 52 -1.59031 -5.21593e-02 | 53  0.03827 -9.99228e-03 | 54  0.48731  7.05724e-02
 55 -0.06534  7.81918e-01 |
55 variables; iteration 260; function evaluation 340; phase 3
Function value 3.3920126e+02; maximum gradient component mag -3.0938e-01
Var    Value     Gradient |Var    Value     Gradient |Var    Value     Gradient
  1  0.05951 -2.87463e-01 |  2  0.00368  6.83572e-02 |  3 -0.04367  1.72783e-02
  4  0.05438  1.58600e-01 |  5  0.03190  8.75912e-02 |  6  0.04573  1.49019e-01
  7 -0.03550 -1.09327e-03 |  8  0.01549  1.25976e-01 |  9  0.01093 -1.63911e-03
 10 -0.00868  1.56190e-01 | 11 -0.02665  1.36565e-01 | 12  0.01244  1.56588e-01
 13  0.01985  1.54301e-01 | 14  0.03607  1.48300e-01 | 15  0.00828  8.13097e-02
 16 -0.00460  3.88059e-02 | 17  0.00600  3.04721e-02 | 18 -0.01559 -9.66097e-02
 19  0.03941 -1.19199e-01 | 20  0.03690 -1.49807e-01 | 21  0.00220 -5.76273e-02
 22 -0.01027 -1.85343e-01 | 23  0.05782 -3.09379e-01 | 24 -0.05465 -1.84551e-01
 25 -0.06924 -1.22841e-01 | 26 -0.06673 -1.48011e-01 | 27 -0.03501 -6.41712e-02
 28 -0.01487 -4.95462e-02 | 29 -0.02054 -1.63949e-02 | 30 -0.00274 -3.08327e-03
 31  0.02754 -1.48843e-02 | 32 -0.18922  4.00090e-02 | 33 -1.35719  3.12400e-03
 34  0.00320  4.19329e-03 | 35  0.73346  3.96178e-02 | 36 -0.55666 -4.43905e-03
 37 -0.06234  4.86706e-02 | 38 -0.53600  3.04077e-03 | 39  0.05897 -3.42041e-02
 40  0.70461 -2.84431e-02 | 41 -0.39280  1.36910e-03 | 42 -0.37640  8.25094e-04
 43 -0.63163 -6.50907e-04 | 44  0.84015  1.07262e-02 | 45  0.02721 -1.46871e-02
 46 -1.97028 -3.71515e-03 | 47 -0.75212 -7.54960e-03 | 48  0.15730 -2.77112e-03
 49  4.01927 -4.73395e-03 | 50 -0.02961  2.96185e-02 | 51  0.05404 -4.02788e-02
 52 -1.45290 -4.92704e-04 | 53  0.03828  9.07417e-03 | 54  0.48800 -1.10402e-02
 55 -0.06547 -1.18809e-01 |
55 variables; iteration 280; function evaluation 360; phase 3
Function value 3.3920081e+02; maximum gradient component mag -8.0978e-01
Var    Value     Gradient |Var    Value     Gradient |Var    Value     Gradient
  1  0.05951 -8.09776e-01 |  2  0.00368  9.98395e-02 |  3 -0.04364  8.30896e-02
  4  0.05436  4.75105e-02 |  5  0.03190  3.48317e-02 |  6  0.04571  4.07078e-02
  7 -0.03546  3.04024e-02 |  8  0.01546 -3.00311e-02 |  9  0.01095  1.09440e-01
 10 -0.00869 -9.18703e-02 | 11 -0.02666 -1.08584e-01 | 12  0.01244 -2.42997e-02
 13  0.01985 -1.99681e-02 | 14  0.03606 -1.99119e-02 | 15  0.00828 -1.87264e-02
 16 -0.00460 -3.86991e-02 | 17  0.00600 -2.11875e-03 | 18 -0.01559 -3.10936e-02
 19  0.03941  1.00528e-01 | 20  0.03690 -1.78246e-01 | 21  0.00218 -2.25667e-01
 22 -0.01028 -1.72814e-01 | 23  0.05783 -3.68402e-02 | 24 -0.05463  3.40865e-02
 25 -0.06925  5.35457e-02 | 26 -0.06673  4.56106e-03 | 27 -0.03502  3.47198e-02
 28 -0.01487  7.97926e-02 | 29 -0.02054  7.58231e-02 | 30 -0.00274  8.32165e-02
 31  0.02754  1.04825e-01 | 32 -0.18921  1.72955e-02 | 33 -1.40003  6.82011e-04
 34  0.00320 -2.18114e-03 | 35  0.73345  4.89979e-03 | 36 -0.55353 -4.45071e-03
 37 -0.06237 -1.06967e-01 | 38 -0.54049  2.47704e-03 | 39  0.05894  1.38360e-02
 40  0.70467 -4.46463e-02 | 41 -0.41613 -4.63630e-04 | 42 -0.37640 -4.61605e-03
 43 -0.63163 -9.05393e-04 | 44  0.76237 -3.28857e-04 | 45  0.02205 -1.97216e-03
 46 -1.97026 -3.39279e-04 | 47 -0.75962 -7.82372e-03 | 48  0.15729 -6.95116e-03
 49  4.01932 -2.43845e-03 | 50 -0.02962  3.96882e-02 | 51  0.05406  9.29711e-03
 52 -1.44392  1.95919e-04 | 53  0.03828 -1.04871e-02 | 54  0.48788 -7.76245e-04
 55 -0.06543  3.56214e-02 |
55 variables; iteration 300; function evaluation 380; phase 3
Function value 3.3920079e+02; maximum gradient component mag -1.1558e+00
Var    Value     Gradient |Var    Value     Gradient |Var    Value     Gradient
  1  0.05951 -1.15580e+00 |  2  0.00369  2.75431e-02 |  3 -0.04366 -3.45081e-03
  4  0.05437  1.53183e-02 |  5  0.03190 -8.68162e-03 |  6  0.04572 -5.48921e-04
  7 -0.03548 -3.19305e-02 |  8  0.01549  2.82784e-02 |  9  0.01094  1.75409e-02
 10 -0.00869 -5.93185e-02 | 11 -0.02665  2.20594e-02 | 12  0.01244  1.41962e-02
 13  0.01985  5.94325e-02 | 14  0.03606  8.71419e-02 | 15  0.00828  7.44565e-02
 16 -0.00460  8.64158e-02 | 17  0.00600  8.42301e-02 | 18 -0.01558  1.11720e-01
 19  0.03940  5.90275e-02 | 20  0.03691  1.05151e-01 | 21  0.00219 -4.56157e-02
 22 -0.01027 -8.88259e-02 | 23  0.05782 -9.22628e-02 | 24 -0.05462 -7.86385e-03
 25 -0.06925 -6.08474e-02 | 26 -0.06673 -1.28622e-01 | 27 -0.03502 -8.39449e-02
 28 -0.01487 -6.73225e-02 | 29 -0.02054 -5.28303e-02 | 30 -0.00274 -2.99032e-02
 31  0.02754 -2.72813e-02 | 32 -0.18922 -1.06693e-01 | 33 -1.39621  9.61149e-04
 34  0.00319  1.98889e-02 | 35  0.73346 -4.51156e-02 | 36 -0.55437 -4.44744e-03
 37 -0.06237 -7.34175e-02 | 38 -0.53736  2.86437e-03 | 39  0.05896  5.31686e-02
 40  0.70467 -5.87070e-03 | 41 -0.40983 -6.02428e-05 | 42 -0.37641 -2.03872e-03
 43 -0.63162  1.35825e-03 | 44  0.76062  3.16237e-04 | 45  0.02160 -1.27170e-02
 46 -1.97027  1.35467e-02 | 47 -0.75525 -7.66237e-03 | 48  0.15729 -4.74891e-03
 49  4.01930 -1.44518e-02 | 50 -0.02962 -1.64753e-02 | 51  0.05404 -4.39382e-02
 52 -1.44920 -1.97982e-04 | 53  0.03827  1.72087e-02 | 54  0.48796 -8.96075e-03
 55 -0.06546 -5.84610e-02 |
55 variables; iteration 320; function evaluation 400; phase 3
Function value 3.3920000e+02; maximum gradient component mag -4.0174e-01
Var    Value     Gradient |Var    Value     Gradient |Var    Value     Gradient
  1  0.05951 -4.01745e-01 |  2  0.00368  1.22281e-02 |  3 -0.04365  2.38602e-03
  4  0.05436  7.10147e-03 |  5  0.03190 -2.02054e-04 |  6  0.04571 -2.30916e-03
  7 -0.03547 -1.23749e-02 |  8  0.01548 -4.45619e-03 |  9  0.01094 -2.42857e-03
 10 -0.00868 -2.57309e-03 | 11 -0.02666 -2.00476e-03 | 12  0.01244 -9.58465e-04
 13  0.01985 -5.75925e-03 | 14  0.03606 -2.57462e-03 | 15  0.00828 -7.23744e-03
 16 -0.00460 -1.19167e-03 | 17  0.00600 -4.37807e-03 | 18 -0.01558 -2.61102e-04
 19  0.03941 -5.21413e-03 | 20  0.03690  1.11959e-02 | 21  0.00219  1.94583e-02
 22 -0.01027 -8.34787e-03 | 23  0.05782 -1.58545e-02 | 24 -0.05463  1.02998e-03
 25 -0.06925  4.72499e-03 | 26 -0.06673 -1.13732e-02 | 27 -0.03502  4.70354e-03
 28 -0.01487  2.48617e-03 | 29 -0.02054  6.64059e-03 | 30 -0.00274  9.04117e-03
 31  0.02754  7.94580e-03 | 32 -0.18922 -3.66364e-03 | 33 -1.43315 -2.38309e-03
 34  0.00320  2.70205e-03 | 35  0.73345  1.41188e-03 | 36 -0.54599 -4.49615e-03
 37 -0.06236 -3.83074e-02 | 38 -0.58105 -1.01091e-03 | 39  0.05896  1.97254e-02
 40  0.70464 -1.39814e-02 | 41 -0.36634  5.36285e-03 | 42 -0.37641  4.60218e-04
 43 -0.63163  4.74759e-05 | 44  0.76613  3.36125e-04 | 45  0.02238 -2.88226e-03
 46 -1.97025  2.19111e-03 | 47 -0.57867 -2.70258e-03 | 48  0.15729  6.27065e-04
 49  4.01933 -1.66190e-03 | 50 -0.02963 -3.50265e-03 | 51  0.05405 -4.34289e-03
 52 -1.39309  2.88288e-03 | 53  0.03828  8.25315e-04 | 54  0.48793 -1.71527e-03
 55 -0.06545 -6.77506e-03 |
55 variables; iteration 340; function evaluation 420; phase 3
Function value 3.3919972e+02; maximum gradient component mag -4.1560e-01
Var    Value     Gradient |Var    Value     Gradient |Var    Value     Gradient
  1  0.05951 -4.15603e-01 |  2  0.00368 -3.78648e-03 |  3 -0.04365 -8.02149e-05
  4  0.05436 -4.14252e-03 |  5  0.03190 -2.53737e-03 |  6  0.04571 -4.62597e-03
  7 -0.03546 -7.80943e-04 |  8  0.01548 -3.54342e-03 |  9  0.01094 -3.67243e-03
 10 -0.00869 -2.32444e-03 | 11 -0.02666 -1.08210e-03 | 12  0.01244 -2.43516e-03
 13  0.01985 -2.30420e-03 | 14  0.03606 -2.74092e-03 | 15  0.00828 -1.65573e-03
 16 -0.00460 -1.17639e-03 | 17  0.00600 -2.32023e-03 | 18 -0.01558 -1.36263e-03
 19  0.03941 -4.42609e-03 | 20  0.03690 -5.79174e-03 | 21  0.00219 -8.40030e-03
 22 -0.01027  5.49270e-03 | 23  0.05782  5.10301e-03 | 24 -0.05463  5.85079e-03
 25 -0.06925  5.79591e-03 | 26 -0.06672  5.83892e-03 | 27 -0.03502  5.87667e-03
 28 -0.01487  6.08863e-03 | 29 -0.02054  6.24927e-03 | 30 -0.00274  6.39319e-03
 31  0.02754  6.45186e-03 | 32 -0.18921 -6.49868e-03 | 33 -1.41173 -2.35969e-04
 34  0.00320  1.80237e-03 | 35  0.73345 -3.39311e-03 | 36 -0.54805 -4.48108e-03
 37 -0.06236 -4.54112e-02 | 38 -0.57696 -7.44919e-04 | 39  0.05896  1.49674e-02
 40  0.70466 -1.86895e-02 | 41 -0.40896 -2.85986e-07 | 42 -0.37641 -8.85382e-05
 43 -0.63163 -4.60428e-06 | 44  0.76557 -1.44207e-05 | 45  0.02243  2.23544e-04
 46 -1.97025  9.25816e-05 | 47 -0.52430 -1.83154e-05 | 48  0.15729  1.30983e-04
 49  4.01933  1.14831e-06 | 50 -0.02963 -7.66524e-04 | 51  0.05405 -7.43203e-05
 52 -1.44658 -1.15515e-06 | 53  0.03828  4.24269e-05 | 54  0.48792 -1.65637e-05
 55 -0.06545 -1.24735e-04 |
55 variables; iteration 360; function evaluation 440; phase 3
Function value 3.3919972e+02; maximum gradient component mag -3.9983e-01
Var    Value     Gradient |Var    Value     Gradient |Var    Value     Gradient
  1  0.05951 -3.99829e-01 |  2  0.00368 -2.65256e-03 |  3 -0.04365 -3.41252e-03
  4  0.05436  2.04259e-04 |  5  0.03190 -4.39296e-03 |  6  0.04571 -6.62722e-03
  7 -0.03546 -1.99372e-03 |  8  0.01548 -8.97097e-03 |  9  0.01094  7.45475e-03
 10 -0.00869 -1.39463e-02 | 11 -0.02666 -9.39854e-03 | 12  0.01244 -1.54563e-02
 13  0.01985 -1.83388e-02 | 14  0.03606 -1.63136e-02 | 15  0.00828 -1.40330e-02
 16 -0.00460 -8.89659e-03 | 17  0.00600 -1.23825e-02 | 18 -0.01558  1.05362e-03
 19  0.03941  5.52146e-03 | 20  0.03690  7.03292e-03 | 21  0.00219  9.47529e-03
 22 -0.01027  5.55670e-03 | 23  0.05782  1.28222e-02 | 24 -0.05463  1.70884e-02
 25 -0.06925  1.10843e-02 | 26 -0.06672  1.03010e-02 | 27 -0.03502  1.15131e-02
 28 -0.01487  8.24717e-03 | 29 -0.02054  9.58047e-03 | 30 -0.00274  1.07713e-02
 31  0.02754  9.65162e-03 | 32 -0.18921 -9.98443e-03 | 33 -1.41261 -3.11375e-04
 34  0.00320  3.30378e-03 | 35  0.73346 -4.21643e-03 | 36 -0.54793 -4.48194e-03
 37 -0.06236 -4.73995e-02 | 38 -0.57710 -7.54725e-04 | 39  0.05896  1.80078e-02
 40  0.70465 -2.01065e-02 | 41 -0.40936 -2.80346e-05 | 42 -0.37641 -6.47083e-04
 43 -0.63163  1.18555e-04 | 44  0.76549  2.95013e-05 | 45  0.02240 -4.43496e-04
 46 -1.97024  3.31654e-03 | 47 -0.52371  2.26202e-05 | 48  0.15729  2.06576e-03
 49  4.01933 -1.57415e-03 | 50 -0.02963 -4.01486e-03 | 51  0.05405  8.71603e-04
 52 -1.44626  2.27922e-05 | 53  0.03828  4.18203e-05 | 54  0.48792  2.07849e-04
 55 -0.06545  3.05581e-04 |
55 variables; iteration 380; function evaluation 491; phase 3
Function value 3.3820262e+02; maximum gradient component mag 8.3690e+01
Var    Value     Gradient |Var    Value     Gradient |Var    Value     Gradient
  1  0.05967  4.52654e+01 |  2  0.00331  2.96943e+01 |  3 -0.04281  2.25023e+01
  4  0.05357  2.53406e+01 |  5  0.03225  2.86194e+01 |  6  0.04595  3.17446e+01
  7 -0.03557  2.22282e+01 |  8  0.01623  3.32145e+01 |  9  0.01014  2.94857e+01
 10 -0.00837  3.23377e+01 | 11 -0.02689  2.44694e+01 | 12  0.01247  2.15521e+01
 13  0.02012  1.46760e+01 | 14  0.03630  5.99945e+00 | 15  0.00855  3.45525e+00
 16 -0.00446 -2.34206e+00 | 17  0.00647 -5.02285e+00 | 18 -0.01588 -1.10199e+01
 19  0.03948 -3.17121e+01 | 20  0.03703 -3.68971e+01 | 21  0.00155 -2.80743e+01
 22 -0.00986 -2.24086e+01 | 23  0.05825 -5.83631e+01 | 24 -0.05581 -2.69424e+01
 25 -0.06938 -2.41548e+01 | 26 -0.06684 -1.84048e+01 | 27 -0.03521 -2.23600e+01
 28 -0.01473 -1.35837e+01 | 29 -0.02066 -1.00474e+01 | 30 -0.00288 -7.23253e+00
 31  0.02755 -6.99516e+00 | 32 -0.18782  8.36896e+01 | 33 -1.51130 -8.03010e-02
 34  0.00444 -4.90521e+00 | 35  0.72928  7.20189e+01 | 36 -0.13939 -1.69018e+00
 37 -0.06306  5.34849e+00 | 38 -0.42228  6.00754e-02 | 39  0.05808 -3.22414e+00
 40  0.70551  2.46961e+00 | 41 -0.29746  5.20031e-02 | 42 -0.37635  1.99429e-01
 43 -0.63220 -5.62716e-02 | 44  0.84941  2.59335e-03 | 45  0.04564  1.99944e-01
 46 -1.97069 -1.01721e+00 | 47 -0.66157 -4.92504e-03 | 48  0.15698  4.57540e-01
 49  4.01981  8.60032e-01 | 50 -0.02945 -5.69085e+00 | 51  0.05369 -4.30908e+00
 52 -1.72477 -2.73748e-02 | 53  0.03804 -1.05002e+01 | 54  0.48778 -7.73742e+00
 55 -0.06556 -3.53398e+01 |
55 variables; iteration 400; function evaluation 517; phase 3
Function value 3.3683386e+02; maximum gradient component mag 3.7411e+00
Var    Value     Gradient |Var    Value     Gradient |Var    Value     Gradient
  1  0.05962 -2.80712e+00 |  2  0.00256 -1.76888e+00 |  3 -0.04523 -5.41554e-01
  4  0.05588 -5.59821e-02 |  5  0.03161 -6.80238e-01 |  6  0.04647 -8.05224e-01
  7 -0.03756 -4.24069e-01 |  8  0.01593  4.23216e-01 |  9  0.01049 -3.72278e-01
 10 -0.00891 -1.93249e+00 | 11 -0.02720 -2.09680e-01 | 12  0.01245 -1.71844e+00
 13  0.01996 -1.57744e+00 | 14  0.03625 -1.36313e+00 | 15  0.00852 -8.06992e-01
 16 -0.00416 -3.81423e-01 | 17  0.00629  1.80914e-02 | 18 -0.01566  7.24072e-01
 19  0.04004  3.74113e+00 | 20  0.03758  2.91928e+00 | 21  0.00152  2.20566e-01
 22 -0.01052  8.27887e-01 | 23  0.05899  2.53664e+00 | 24 -0.05437  1.21210e+00
 25 -0.06908  2.40368e+00 | 26 -0.06715 -3.03730e-01 | 27 -0.03489  8.72932e-01
 28 -0.01479 -6.08360e-01 | 29 -0.02048 -6.52756e-01 | 30 -0.00252 -6.96580e-01
 31  0.02785 -9.45257e-01 | 32 -0.17312 -3.33624e+00 | 33 -1.31599  5.21731e-03
 34  0.01802  2.90126e-01 | 35  0.68027 -2.82495e+00 | 36 -0.10627 -2.23018e+00
 37 -0.06258 -4.41747e-01 | 38 -1.47119 -4.00213e-03 | 39  0.05890  3.73042e-01
 40  0.70439 -6.30084e-02 | 41 -0.79289 -9.31205e-03 | 42 -0.37727 -1.10053e-01
 43 -0.63226  8.54989e-03 | 44  0.71442 -6.16874e-03 | 45  0.02182 -2.81277e-02
 46 -1.96964  3.25565e-01 | 47 -1.30343  5.86433e-03 | 48  0.15726  2.35710e-01
 49  4.02068 -7.84444e-02 | 50 -0.03016 -1.04653e+00 | 51  0.05358  1.85184e+00
 52 -1.69710 -5.21907e-01 | 53  0.03868  4.93537e-02 | 54  0.48789  8.99537e-01
 55 -0.06441  3.65782e+00 |
55 variables; iteration 420; function evaluation 537; phase 3
Function value 3.3680748e+02; maximum gradient component mag 2.5099e-01
Var    Value     Gradient |Var    Value     Gradient |Var    Value     Gradient
  1  0.05964  2.50990e-01 |  2  0.00273  4.06971e-02 |  3 -0.04531  9.71690e-03
  4  0.05568  6.68977e-02 |  5  0.03165  2.11785e-02 |  6  0.04651  2.12489e-02
  7 -0.03748  2.25819e-02 |  8  0.01574  2.81156e-02 |  9  0.01054  7.95923e-02
 10 -0.00881 -8.22939e-02 | 11 -0.02730 -1.15269e-02 | 12  0.01249 -7.29545e-02
 13  0.01999 -7.63031e-02 | 14  0.03631 -7.98980e-02 | 15  0.00852 -5.88875e-02
 16 -0.00415 -3.91312e-02 | 17  0.00632 -3.25961e-02 | 18 -0.01566  2.62784e-02
 19  0.03997  9.30762e-02 | 20  0.03753  1.31925e-01 | 21  0.00159  3.50007e-02
 22 -0.01051 -7.85937e-02 | 23  0.05903 -4.20428e-02 | 24 -0.05435  2.76331e-02
 25 -0.06942 -3.22273e-02 | 26 -0.06695  4.92127e-02 | 27 -0.03498 -1.05565e-02
 28 -0.01474 -1.30669e-02 | 29 -0.02047 -9.95825e-03 | 30 -0.00251 -1.05217e-03
 31  0.02792 -1.30605e-02 | 32 -0.17348 -5.54924e-02 | 33 -1.42572  2.64797e-04
 34  0.01761  7.90517e-03 | 35  0.68113 -5.45603e-02 | 36 -0.10655  2.17314e-02
 37 -0.06258  2.64573e-02 | 38 -1.38678  2.68396e-03 | 39  0.05884 -2.82888e-02
 40  0.70438  7.63536e-04 | 41 -0.40207  4.26502e-04 | 42 -0.37722 -4.79297e-03
 43 -0.63235  1.22233e-03 | 44  0.75985 -2.91822e-04 | 45  0.02754 -4.64464e-04
 46 -1.96984  2.24653e-02 | 47 -1.45934  1.03392e-03 | 48  0.15728  1.79657e-02
 49  4.02042 -1.30620e-02 | 50 -0.03010 -6.14177e-03 | 51  0.05391 -2.28806e-02
 52 -1.48149 -2.91969e-03 | 53  0.03898  8.09154e-03 | 54  0.48945 -4.88106e-03
 55 -0.06462 -3.28840e-02 |

 - final statistics:
55 variables; iteration 440; function evaluation 557
Function value 3.3681e+02; maximum gradient component mag 8.7589e-05
Exit code = 1;  converg criter 1.0000e-04
Var    Value     Gradient |Var    Value     Gradient |Var    Value     Gradient
  1  0.05964  8.75887e-05 |  2  0.00273  2.67692e-05 |  3 -0.04530  2.62579e-05
  4  0.05567  8.11438e-06 |  5  0.03165  1.52044e-05 |  6  0.04651  6.29204e-06
  7 -0.03749  1.58011e-05 |  8  0.01574  1.89351e-05 |  9  0.01054 -2.07437e-05
 10 -0.00880  3.29854e-05 | 11 -0.02730 -5.43273e-06 | 12  0.01250  8.93963e-06
 13  0.01999 -1.43966e-08 | 14  0.03631 -1.99223e-05 | 15  0.00852 -1.07655e-05
 16 -0.00415 -3.10267e-05 | 17  0.00632 -1.70152e-05 | 18 -0.01566 -5.62671e-05
 19  0.03996  8.25121e-06 | 20  0.03753  1.37347e-05 | 21  0.00159 -5.08449e-06
 22 -0.01050  1.15900e-05 | 23  0.05903 -1.15697e-06 | 24 -0.05436  1.59627e-06
 25 -0.06941  1.34136e-05 | 26 -0.06696  4.59223e-05 | 27 -0.03498 -1.08955e-05
 28 -0.01473 -1.14427e-05 | 29 -0.02047 -2.36746e-05 | 30 -0.00251 -1.88149e-05
 31  0.02793 -1.87885e-05 | 32 -0.17350  1.77668e-05 | 33 -1.42906 -1.50662e-07
 34  0.01760 -1.71282e-06 | 35  0.68118  1.43779e-05 | 36 -0.10657  1.48656e-05
 37 -0.06258  3.91205e-06 | 38 -1.43298  1.75359e-07 | 39  0.05884 -1.37229e-05
 40  0.70439 -7.17204e-06 | 41 -0.40778 -2.43768e-07 | 42 -0.37722 -2.54375e-06
 43 -0.63235  5.00505e-07 | 44  0.76196 -1.34455e-07 | 45  0.02772 -3.40703e-06
 46 -1.96984 -1.51207e-06 | 47 -1.47578 -9.09109e-08 | 48  0.15727  2.62410e-06
 49  4.02043  2.50842e-06 | 50 -0.03010 -2.24585e-05 | 51  0.05392  1.07661e-06
 52 -1.45099  8.41460e-08 | 53  0.03899 -5.29225e-06 | 54  0.48944 -3.73297e-06
 55 -0.06462 -1.15319e-05 |
Estimating row 1 out of 55 for hessian
Estimating row 2 out of 55 for hessian
Estimating row 3 out of 55 for hessian
Estimating row 4 out of 55 for hessian
Estimating row 5 out of 55 for hessian
Estimating row 6 out of 55 for hessian
Estimating row 7 out of 55 for hessian
Estimating row 8 out of 55 for hessian
Estimating row 9 out of 55 for hessian
Estimating row 10 out of 55 for hessian
Estimating row 11 out of 55 for hessian
Estimating row 12 out of 55 for hessian
Estimating row 13 out of 55 for hessian
Estimating row 14 out of 55 for hessian
Estimating row 15 out of 55 for hessian
Estimating row 16 out of 55 for hessian
Estimating row 17 out of 55 for hessian
Estimating row 18 out of 55 for hessian
Estimating row 19 out of 55 for hessian
Estimating row 20 out of 55 for hessian
Estimating row 21 out of 55 for hessian
Estimating row 22 out of 55 for hessian
Estimating row 23 out of 55 for hessian
Estimating row 24 out of 55 for hessian
Estimating row 25 out of 55 for hessian
Estimating row 26 out of 55 for hessian
Estimating row 27 out of 55 for hessian
Estimating row 28 out of 55 for hessian
Estimating row 29 out of 55 for hessian
Estimating row 30 out of 55 for hessian
Estimating row 31 out of 55 for hessian
Estimating row 32 out of 55 for hessian
Estimating row 33 out of 55 for hessian
Estimating row 34 out of 55 for hessian
Estimating row 35 out of 55 for hessian
Estimating row 36 out of 55 for hessian
Estimating row 37 out of 55 for hessian
Estimating row 38 out of 55 for hessian
Estimating row 39 out of 55 for hessian
Estimating row 40 out of 55 for hessian
Estimating row 41 out of 55 for hessian
Estimating row 42 out of 55 for hessian
Estimating row 43 out of 55 for hessian
Estimating row 44 out of 55 for hessian
Estimating row 45 out of 55 for hessian
Estimating row 46 out of 55 for hessian
Estimating row 47 out of 55 for hessian
Estimating row 48 out of 55 for hessian
Estimating row 49 out of 55 for hessian
Estimating row 50 out of 55 for hessian
Estimating row 51 out of 55 for hessian
Estimating row 52 out of 55 for hessian
Estimating row 53 out of 55 for hessian
Estimating row 54 out of 55 for hessian
Estimating row 55 out of 55 for hessian
size of file gradfil1.tmp = 0
size of file gradfil2.tmp = 0
size of file varssave.tmp = 0
size of file cmpdiff.tmp = 0
