
Initial statistics: 1 variables; iteration 0; function evaluation 0; phase 1
Function value 5.3870104e+02; maximum gradient component mag -1.5614e+03
Var    Value     Gradient |Var    Value     Gradient |Var    Value     Gradient
  1  0.13644 -1.56145e+03 |

 - final statistics:
1 variables; iteration 7; function evaluation 10
Function value 5.1018e+02; maximum gradient component mag -9.1041e+00
Exit code = 1;  converg criter 1.0000e+01
Var    Value     Gradient |Var    Value     Gradient |Var    Value     Gradient
  1  0.22907 -9.10413e+00 |

Initial statistics: 11 variables; iteration 0; function evaluation 0; phase 2
Function value 5.1018214e+02; maximum gradient component mag 5.6761e+02
Var    Value     Gradient |Var    Value     Gradient |Var    Value     Gradient
  1  0.22907 -9.10413e+00 |  2 -0.03452  5.67610e+02 |  3 -0.62453  6.55733e-03
  4  0.02838  3.66413e+02 |  5 -0.54199  2.34378e-02 |  6 -0.27521  1.51647e+02
  7  0.99085  1.15161e-01 |  8  0.05071  4.78970e+01 |  9 -0.26084  7.55782e-04
 10  0.04270  3.03774e+01 | 11 -0.10789  7.71906e+01 |

 - final statistics:
11 variables; iteration 14; function evaluation 27
Function value 4.9567e+02; maximum gradient component mag -7.8734e+00
Exit code = 1;  converg criter 1.0000e+01
Var    Value     Gradient |Var    Value     Gradient |Var    Value     Gradient
  1  0.50011 -1.10172e+00 |  2 -0.05355 -4.00869e+00 |  3 -0.60835 -1.99539e-03
  4  0.00878 -7.87338e+00 |  5 -0.56225  1.23985e-03 |  6 -0.30191 -4.31562e-01
  7  0.98280 -4.21341e-02 |  8  0.02811  1.76414e-02 |  9 -0.16315  2.84530e-03
 10  0.04203 -6.72962e-01 | 11 -0.14791 -1.55973e-01 |

Initial statistics: 55 variables; iteration 0; function evaluation 0; phase 3
Function value 4.9566678e+02; maximum gradient component mag 4.1112e+02
Var    Value     Gradient |Var    Value     Gradient |Var    Value     Gradient
  1  0.50011 -1.10172e+00 |  2  0.00000  3.35063e+01 |  3  0.00000 -8.98239e+00
  4  0.00000 -6.69732e+01 |  5  0.00000 -4.89168e+01 |  6  0.00000  2.37816e+01
  7  0.00000  9.74906e+01 |  8  0.00000  1.41447e+02 |  9  0.00000  1.78275e+02
 10  0.00000  1.86471e+02 | 11  0.00000  6.62225e+01 | 12  0.00000 -1.04000e+02
 13  0.00000 -2.42844e+02 | 14  0.00000 -2.29861e+02 | 15  0.00000 -2.15005e+02
 16  0.00000 -1.94520e+02 | 17  0.00000 -2.19783e+02 | 18  0.00000 -3.84780e+02
 19  0.00000 -3.56286e+02 | 20  0.00000 -1.13250e+02 | 21  0.00000 -7.74806e+01
 22  0.00000 -1.14373e+02 | 23  0.00000  1.34471e+02 | 24  0.00000  4.01637e+02
 25  0.00000  4.11122e+02 | 26  0.00000  3.59224e+02 | 27  0.00000  2.51269e+02
 28  0.00000  1.38965e+02 | 29  0.00000  2.96823e+01 | 30  0.00000 -3.85028e+01
 31  0.00000 -3.80071e+01 | 32 -0.05355 -4.00869e+00 | 33 -0.60835 -1.99539e-03
 34  0.03955  2.88605e+01 | 35  0.51448 -9.57120e+00 | 36 -0.04656  1.52536e+02
 37  0.00878 -7.87338e+00 | 38 -0.56225  1.23985e-03 | 39  0.04141  2.81571e+01
 40  0.63649  9.85268e-01 | 41 -0.08509 -1.55330e+01 | 42 -0.30191 -4.31562e-01
 43 -0.62754  7.29376e+00 | 44  0.98280 -4.21341e-02 | 45 -0.42579 -1.08934e+01
 46  0.02811  1.76414e-02 | 47 -0.16315  2.84530e-03 | 48  0.12317 -1.33752e+01
 49 -0.66864 -5.48050e-03 | 50  0.00728  1.97875e+01 | 51  0.04203 -6.72962e-01
 52 -0.14791 -1.55973e-01 | 53  0.00532 -1.50919e+01 | 54  0.36904  1.43856e+00
 55  0.01228  1.85803e+02 |

Intermediate statistics: 55 variables; iteration 20; function evaluation 28; phase 3
Function value 4.1752936e+02; maximum gradient component mag -3.3235e+02
Var    Value     Gradient |Var    Value     Gradient |Var    Value     Gradient
  1  0.47578  9.82203e-01 |  2 -0.04552 -2.97273e+01 |  3 -0.00786 -1.78564e+01
  4  0.07648  1.85695e+01 |  5  0.06097  9.96336e+00 |  6  0.00475 -1.42567e+01
  7 -0.01849 -2.31031e+01 |  8  0.01204 -2.21308e+01 |  9  0.02071 -1.57783e+01
 10 -0.06111 -3.96721e+01 | 11 -0.00216 -6.88826e+01 | 12 -0.02043 -2.81693e+01
 13  0.14336  7.35113e+01 | 14 -0.03569 -2.60014e+01 | 15 -0.01280 -5.82473e+01
 16  0.06284 -5.21360e+01 | 17 -0.20159 -7.57154e+01 | 18  0.10811  5.46089e+01
 19  0.09035  8.49693e+01 | 20 -0.19046 -6.60288e+01 | 21 -0.06466 -5.07279e+01
 22  0.13504 -7.71077e+01 | 23 -0.06067 -2.72076e+01 | 24 -0.06184  6.92907e+01
 25 -0.04344  8.68204e+01 | 26 -0.01674  8.29524e+01 | 27 -0.01033  4.55694e+01
 28 -0.01098  2.64607e+01 | 29  0.02096  2.91179e+01 | 30  0.07238  5.05283e+01
 31  0.05290  3.06918e+01 | 32 -0.06351  1.89764e+02 | 33 -0.60838  4.59358e-03
 34  0.02432 -2.18156e+02 | 35  0.56670  2.28125e+01 | 36 -0.06011  6.49299e+01
 37  0.01962  3.29552e+02 | 38 -0.56225  1.36120e-02 | 39  0.03659 -3.32347e+02
 40  0.66377  3.09490e+01 | 41 -0.23224 -1.34276e-01 | 42 -0.29999  3.56533e+01
 43 -0.66638 -1.66172e+01 | 44  0.98364 -9.23791e-02 | 45 -0.35421  2.62531e+00
 46  0.02010 -1.01866e+02 | 47 -0.16417  3.29774e-01 | 48  0.14319  2.77930e+02
 49 -0.66857 -5.47913e-03 | 50 -0.01489 -1.46415e+02 | 51  0.05635  4.75711e+01
 52 -0.12409  3.24422e+01 | 53  0.01826 -1.23254e+01 | 54  0.41321  5.74430e+00
 55 -0.02107  4.92472e+01 |
55 variables; iteration 40; function evaluation 62; phase 3
Function value 3.9223987e+02; maximum gradient component mag -1.8664e+02
Var    Value     Gradient |Var    Value     Gradient |Var    Value     Gradient
  1  0.18508 -4.07859e+01 |  2 -0.04236 -1.95529e+01 |  3 -0.00071 -5.43280e+00
  4  0.06663  7.30594e-02 |  5  0.02856 -1.90229e+01 |  6 -0.00258 -8.55496e+00
  7  0.00209  2.03675e+01 |  8  0.01482  2.44559e+01 |  9  0.00183  2.57422e+01
 10 -0.02709  2.65165e+01 | 11 -0.00276 -1.63457e+01 | 12 -0.01587 -2.82341e+01
 13  0.10186 -8.83185e+00 | 14 -0.06306 -2.03726e+01 | 15  0.06066  6.19605e+01
 16  0.02557  1.11859e+01 | 17 -0.12151 -4.93792e+01 | 18  0.08654 -5.54117e+01
 19  0.06012 -8.25430e+01 | 20 -0.09806 -4.76621e+01 | 21 -0.02642 -9.71287e+00
 22  0.11847  4.28588e+01 | 23 -0.04309  8.43278e+00 | 24 -0.07804  6.24788e+01
 25 -0.05980  5.88654e+01 | 26 -0.04217  2.74143e+01 | 27 -0.02029  1.38927e+01
 28 -0.02060  8.60568e+00 | 29  0.00835  1.98669e+01 | 30  0.06140  3.89824e+01
 31  0.03004  1.56983e+01 | 32 -0.06059 -1.86640e+02 | 33 -0.61044 -7.08823e-03
 34  0.02945  7.03687e+01 | 35  0.55716 -5.72832e+01 | 36 -0.06254 -1.41328e+02
 37  0.00980 -1.83207e+02 | 38 -0.56262 -8.81713e-03 | 39  0.04034  1.65801e+02
 40  0.66134 -3.63651e+01 | 41 -0.23542 -5.86151e-01 | 42 -0.30101 -8.10053e+01
 43 -0.64932  1.52368e+01 | 44  1.02225  2.58150e-01 | 45 -0.35816  5.96987e+00
 46  0.02159 -7.64359e+01 | 47 -0.22891 -3.72106e-01 | 48  0.12321  1.37869e+02
 49 -0.66403 -5.38960e-03 | 50 -0.01142 -8.33911e+01 | 51  0.03680 -4.88565e+00
 52 -0.17449  1.14012e+01 | 53  0.00289  8.24924e+00 | 54  0.66711  1.67886e+01
 55 -0.02613  5.16592e+01 |
55 variables; iteration 60; function evaluation 93; phase 3
Function value 3.8060604e+02; maximum gradient component mag -8.7782e+01
Var    Value     Gradient |Var    Value     Gradient |Var    Value     Gradient
  1  0.17195  1.23111e+01 |  2 -0.02539  1.48026e+00 |  3 -0.00354 -8.12423e-01
  4  0.05503  4.70744e+00 |  5  0.04107 -1.39126e+00 |  6  0.00411 -6.92849e+00
  7 -0.02205 -1.52398e+01 |  8  0.01292 -1.43346e+01 |  9 -0.00240 -1.79865e+01
 10 -0.05236 -1.18027e+01 | 11 -0.00054 -7.59356e+00 | 12  0.00803  3.23012e+00
 13  0.08150  2.19146e+01 | 14  0.00136  1.37060e+01 | 15  0.01956  7.60900e+00
 16  0.00844 -4.22849e+00 | 17 -0.03198  4.66346e+00 | 18  0.06047  8.04345e-01
 19  0.06479 -4.97731e+00 | 20 -0.05207  7.30881e-01 | 21 -0.04141 -2.70056e+00
 22  0.11282 -2.47984e+00 | 23 -0.03046 -6.04818e+00 | 24 -0.12876 -9.68418e+00
 25 -0.08856 -9.86390e+00 | 26 -0.03501 -1.94238e+00 | 27 -0.01731  1.52672e+00
 28 -0.02393 -7.02694e-01 | 29  0.00921  3.67037e+00 | 30  0.04465  4.22699e+00
 31  0.03051  5.40801e+00 | 32 -0.05168 -5.95783e+01 | 33 -0.62648 -4.70129e-04
 34  0.03345  4.38961e+01 | 35  0.55494 -1.03856e+01 | 36 -0.06201 -4.96288e+01
 37  0.01359 -4.04639e+01 | 38 -0.57279 -1.83674e-03 | 39  0.03805  3.26901e+01
 40  0.66713 -9.82745e+00 | 41 -0.33814 -1.73191e-02 | 42 -0.29238 -1.26075e+01
 43 -0.64597 -1.06151e+00 | 44  0.91171 -1.33344e+00 | 45 -0.39618  9.43161e-01
 46  0.02343 -8.77816e+01 | 47 -0.20698 -1.33058e+01 | 48  0.11551  1.86712e+01
 49 -0.62900 -4.76632e-03 | 50 -0.00362 -4.15877e+00 | 51  0.04371 -1.04208e+01
 52 -0.17193 -3.16974e+00 | 53  0.01136  1.22908e+01 | 54  0.60644  6.70183e-01
 55 -0.01971 -1.38706e+01 |
55 variables; iteration 80; function evaluation 114; phase 3
Function value 3.7806147e+02; maximum gradient component mag 2.0082e+01
Var    Value     Gradient |Var    Value     Gradient |Var    Value     Gradient
  1  0.13907  2.35939e+00 |  2 -0.02334 -2.24919e-01 |  3  0.00223 -4.34050e-01
  4  0.04787 -5.97362e-01 |  5  0.04083  4.74183e-01 |  6  0.00269  5.19192e-01
  7 -0.01085  3.02143e-01 |  8  0.01261  1.16251e-01 |  9  0.00333  1.62992e-01
 10 -0.05088 -3.45577e-01 | 11  0.00556  2.23619e-01 | 12  0.00648 -1.44128e-01
 13  0.07589  1.15288e+00 | 14 -0.00274  6.21137e-01 | 15  0.01135  8.74571e-01
 16  0.01641  9.77478e-01 | 17 -0.04286 -1.17427e-01 | 18  0.05380  2.03338e+00
 19  0.06817  1.22041e+00 | 20 -0.04947  1.76816e-01 | 21 -0.03657 -4.17395e-02
 22  0.10708 -1.02085e+00 | 23 -0.03643  3.05980e-02 | 24 -0.12117 -1.76560e-01
 25 -0.07713 -5.68571e-01 | 26 -0.03184 -9.24154e-01 | 27 -0.01755 -5.85479e-01
 28 -0.02321 -2.88885e-01 | 29  0.00345 -5.13317e-01 | 30  0.04354 -9.59413e-01
 31  0.02266 -5.96120e-01 | 32 -0.03566  2.45478e+00 | 33 -0.61480  1.12911e-03
 34  0.03921 -2.57955e+00 | 35  0.51641  1.08740e-02 | 36 -0.04738  4.75730e-01
 37  0.02394  1.44154e+00 | 38 -0.55725  1.31680e-03 | 39  0.03953 -1.18971e+00
 40  0.67540  4.94931e-01 | 41 -0.33359 -9.23012e-03 | 42 -0.27620  1.36536e+00
 43 -0.62836 -7.77799e-02 | 44  0.98988  1.50094e-02 | 45 -0.42396 -1.36782e-01
 46  0.03275  2.00819e+01 | 47 -0.27017  2.39075e+00 | 48  0.11415 -2.09912e+00
 49 -0.33194  5.24208e-02 | 50  0.00371  1.75643e+00 | 51  0.04262  1.91932e-01
 52 -0.10723  4.73100e-01 | 53  0.00550 -2.14848e-01 | 54  0.36522  7.65335e-03
 55  0.00970 -5.50593e-02 |
55 variables; iteration 100; function evaluation 142; phase 3
Function value 3.7801637e+02; maximum gradient component mag -6.8749e+00
Var    Value     Gradient |Var    Value     Gradient |Var    Value     Gradient
  1  0.13893 -1.20706e-01 |  2 -0.02340 -1.77630e-01 |  3  0.00226 -1.33655e-01
  4  0.04830 -9.84925e-02 |  5  0.04044 -1.92422e-01 |  6  0.00243 -1.89231e-01
  7 -0.01095 -1.94351e-01 |  8  0.01273 -3.25894e-01 |  9  0.00321  2.87037e-02
 10 -0.05044  8.49200e-02 | 11  0.00520  1.67854e-01 | 12  0.00699  6.12386e-03
 13  0.07544  2.83864e-01 | 14 -0.00242  3.90542e-01 | 15  0.01135  4.51518e-01
 16  0.01598  3.00427e-01 | 17 -0.04159  1.51589e-01 | 18  0.05295  2.59718e-02
 19  0.06850  4.62037e-01 | 20 -0.04954  1.32673e-01 | 21 -0.03668  2.98214e-02
 22  0.10717 -6.31806e-01 | 23 -0.03709 -3.29161e-01 | 24 -0.12116 -8.96688e-03
 25 -0.07699  2.25899e-02 | 26 -0.03171  4.89255e-02 | 27 -0.01756  1.06361e-01
 28 -0.02329  1.42851e-01 | 29  0.00336  1.45211e-01 | 30  0.04375  2.81502e-01
 31  0.02269  9.11355e-02 | 32 -0.03591  8.40609e-02 | 33 -0.64931 -1.76758e-03
 34  0.03912  2.80624e-01 | 35  0.51802  2.85658e-01 | 36 -0.04752  3.72469e-01
 37  0.02397 -4.75642e-02 | 38 -0.61672 -2.68771e-03 | 39  0.03954 -2.49538e-02
 40  0.67513  9.56192e-02 | 41 -0.31071 -1.62867e-02 | 42 -0.27635  3.45002e-01
 43 -0.62857 -9.90776e-03 | 44  0.98858 -2.90585e-02 | 45 -0.42380 -5.35151e-02
 46  0.03503  7.20217e-01 | 47 -0.39306  9.37200e-02 | 48  0.11479 -1.33411e-01
 49 -0.35582 -1.72605e-03 | 50  0.00316 -4.85105e-02 | 51  0.04287 -1.93302e+00
 52 -0.08988 -6.87491e+00 | 53  0.00559 -2.78389e-01 | 54 -0.05385 -6.96605e-02
 55  0.01257 -6.34428e-01 |
55 variables; iteration 120; function evaluation 166; phase 3
Function value 3.7800929e+02; maximum gradient component mag 9.1349e+01
Var    Value     Gradient |Var    Value     Gradient |Var    Value     Gradient
  1  0.13897  6.38309e-01 |  2 -0.02336 -2.59363e-01 |  3  0.00226 -2.71832e-01
  4  0.04828 -3.42900e-01 |  5  0.04049 -3.40911e-01 |  6  0.00246 -3.02715e-01
  7 -0.01091 -3.37120e-01 |  8  0.01267 -6.58271e-01 |  9  0.00315 -4.14863e-01
 10 -0.05037 -2.14917e-01 | 11  0.00503 -3.55971e-01 | 12  0.00711 -1.62681e-01
 13  0.07541  1.23619e-01 | 14 -0.00236  2.06541e-01 | 15  0.01125  3.48640e-02
 16  0.01598 -3.99034e-02 | 17 -0.04154 -6.48638e-03 | 18  0.05285 -2.05678e-01
 19  0.06857  5.46100e-01 | 20 -0.04962  1.54873e-01 | 21 -0.03663  2.38660e-01
 22  0.10714  6.78108e-01 | 23 -0.03711  1.43505e-01 | 24 -0.12111  2.62045e-01
 25 -0.07697  3.83598e-01 | 26 -0.03175  4.85204e-01 | 27 -0.01755  5.33183e-01
 28 -0.02328  4.09675e-01 | 29  0.00339  3.27713e-01 | 30  0.04368  3.44917e-01
 31  0.02272  6.94356e-02 | 32 -0.03582 -6.27760e-01 | 33 -0.72474 -5.66838e-03
 34  0.03918  1.95726e-01 | 35  0.51721 -3.63682e-01 | 36 -0.04741 -1.07944e+00
 37  0.02395 -1.57422e+00 | 38 -0.65327 -4.12005e-03 | 39  0.03957  1.63548e+00
 40  0.67466 -6.15403e-02 | 41 -0.23234 -1.46191e-01 | 42 -0.27635  4.72533e-01
 43 -0.62854 -1.47581e-02 | 44  0.98970  8.19617e-03 | 45 -0.42387 -7.79307e-02
 46  0.03522  2.36536e-02 | 47 -0.54727  1.44252e-03 | 48  0.11486 -4.31315e-02
 49 -0.35364 -1.63811e-03 | 50  0.00316  1.39971e-01 | 51  0.04287  2.81605e+01
 52 -0.08849  9.13493e+01 | 53  0.00561 -2.48381e-02 | 54 -0.41955  8.88474e-02
 55  0.01249  1.00046e+00 |
55 variables; iteration 140; function evaluation 198; phase 3
Function value 3.7780115e+02; maximum gradient component mag -9.3139e+00
Var    Value     Gradient |Var    Value     Gradient |Var    Value     Gradient
  1  0.13929 -7.50179e-03 |  2 -0.02326 -8.89302e-03 |  3  0.00202 -1.54440e-03
  4  0.04837  6.03779e-03 |  5  0.04067 -6.93865e-05 |  6  0.00237  7.63233e-03
  7 -0.01110  5.00037e-03 |  8  0.01268  2.81075e-03 |  9  0.00298  1.92356e-02
 10 -0.05026  1.60716e-02 | 11  0.00495  5.65610e-02 | 12  0.00738  1.40046e-02
 13  0.07579 -1.82260e-02 | 14 -0.00248  2.63785e-02 | 15  0.01129  8.94866e-03
 16  0.01581  2.92608e-02 | 17 -0.04149  2.33569e-02 | 18  0.05339  1.37576e-01
 19  0.06817  4.35059e-02 | 20 -0.04993 -1.35068e-02 | 21 -0.03680 -2.04517e-02
 22  0.10720 -7.04890e-02 | 23 -0.03706 -2.04855e-02 | 24 -0.12138  2.03296e-02
 25 -0.07730 -1.32839e-02 | 26 -0.03183 -4.00966e-02 | 27 -0.01760 -4.24218e-02
 28 -0.02315 -3.20602e-02 | 29  0.00380 -3.21516e-02 | 30  0.04367 -2.93705e-02
 31  0.02296 -2.59757e-02 | 32 -0.03611  1.12423e-01 | 33 -0.65749 -2.31554e-03
 34  0.03908 -4.86451e-02 | 35  0.51805  5.92115e-02 | 36 -0.04762  7.35728e-02
 37  0.02757 -6.55604e-02 | 38 -0.54576  1.42416e-03 | 39  0.04142  7.68533e-02
 40  0.63578 -9.62652e-03 | 41 -0.08540 -1.49474e-02 | 42 -0.27665  7.60603e-02
 43 -0.62893  3.55822e-03 | 44  0.98937 -2.54098e-03 | 45 -0.42303  9.47911e-03
 46  0.03523 -1.97493e-01 | 47 -0.65565 -4.34114e-03 | 48  0.11494  3.33122e-03
 49 -0.34373  8.09522e-05 | 50  0.00283 -2.28379e-02 | 51  0.04286 -2.85721e+00
 52 -0.08838 -9.31386e+00 | 53  0.00568 -6.79954e-03 | 54 -0.64621 -7.12482e-03
 55  0.01236 -1.48305e-02 |
55 variables; iteration 160; function evaluation 219; phase 3
Function value 3.7780014e+02; maximum gradient component mag 3.9267e+00
Var    Value     Gradient |Var    Value     Gradient |Var    Value     Gradient
  1  0.13929  5.39298e-02 |  2 -0.02325 -1.54462e-02 |  3  0.00202 -1.10866e-02
  4  0.04837 -1.81054e-02 |  5  0.04067 -2.90511e-02 |  6  0.00237 -2.41241e-02
  7 -0.01110 -2.52099e-02 |  8  0.01268 -4.33475e-02 |  9  0.00298 -2.63390e-02
 10 -0.05025 -1.34948e-02 | 11  0.00494 -1.03812e-02 | 12  0.00737 -1.10085e-02
 13  0.07581  1.24175e-02 | 14 -0.00252  1.49296e-02 | 15  0.01132  2.17444e-02
 16  0.01580  1.88853e-02 | 17 -0.04146  1.01410e-02 | 18  0.05336  3.80845e-02
 19  0.06818  3.06652e-02 | 20 -0.04993  6.88459e-03 | 21 -0.03680  1.96752e-03
 22  0.10720  4.17509e-02 | 23 -0.03705  1.22792e-02 | 24 -0.12139  2.28456e-02
 25 -0.07730  1.19812e-02 | 26 -0.03182  7.96606e-03 | 27 -0.01760  3.98637e-03
 28 -0.02315  3.34377e-03 | 29  0.00380  8.26729e-05 | 30  0.04367  9.13624e-03
 31  0.02297 -5.87780e-03 | 32 -0.03611  6.82673e-02 | 33 -0.62202  3.78760e-04
 34  0.03908 -5.55953e-02 | 35  0.51799  1.62787e-02 | 36 -0.04761 -2.29076e-02
 37  0.02757 -2.95306e-02 | 38 -0.56117  7.28047e-05 | 39  0.04142  3.69020e-02
 40  0.63574 -7.29519e-03 | 41 -0.08537  2.77310e-05 | 42 -0.27667  3.99121e-02
 43 -0.62895 -1.32192e-03 | 44  0.98944 -2.45836e-04 | 45 -0.42307  8.26178e-04
 46  0.03522 -2.62743e-01 | 47 -0.55132  9.79219e-04 | 48  0.11494  3.54260e-03
 49 -0.40526 -2.32246e-03 | 50  0.00284 -1.35919e-02 | 51  0.04285  1.21194e+00
 52 -0.08851  3.92669e+00 | 53  0.00567 -7.58616e-03 | 54 -0.41309  1.75001e-03
 55  0.01231  9.34143e-02 |
55 variables; iteration 180; function evaluation 241; phase 3
Function value 3.7779995e+02; maximum gradient component mag -2.3386e-01
Var    Value     Gradient |Var    Value     Gradient |Var    Value     Gradient
  1  0.13928 -1.59731e-02 |  2 -0.02325  4.66796e-03 |  3  0.00202  4.50912e-03
  4  0.04837  5.68336e-03 |  5  0.04068  6.26660e-03 |  6  0.00237  5.59956e-03
  7 -0.01110  5.85910e-03 |  8  0.01268  1.12366e-02 |  9  0.00297  8.43462e-03
 10 -0.05025  4.10776e-03 | 11  0.00494  5.30759e-03 | 12  0.00737  4.68904e-03
 13  0.07581  4.50779e-03 | 14 -0.00252 -2.48994e-03 | 15  0.01131 -2.16523e-03
 16  0.01580 -6.12197e-03 | 17 -0.04146 -3.18365e-03 | 18  0.05335 -1.38284e-02
 19  0.06818 -1.82687e-02 | 20 -0.04993 -5.51092e-03 | 21 -0.03679 -5.60382e-03
 22  0.10719 -1.21928e-02 | 23 -0.03704 -2.57703e-03 | 24 -0.12141 -1.25774e-03
 25 -0.07730 -1.32728e-03 | 26 -0.03182 -1.89847e-03 | 27 -0.01759 -3.15979e-03
 28 -0.02315 -2.59929e-03 | 29  0.00381 -2.04598e-03 | 30  0.04366 -2.53828e-03
 31  0.02298  2.22208e-04 | 32 -0.03610 -3.18881e-03 | 33 -0.62671 -4.81103e-05
 34  0.03908  6.04467e-03 | 35  0.51790  2.25545e-03 | 36 -0.04760  1.99783e-02
 37  0.02757 -5.15195e-03 | 38 -0.56306 -7.07591e-05 | 39  0.04142  2.29255e-03
 40  0.63576 -2.19698e-03 | 41 -0.08538 -1.21564e-03 | 42 -0.27668 -6.71347e-03
 43 -0.62897  1.02173e-03 | 44  0.98944 -2.76772e-04 | 45 -0.42308  1.92136e-04
 46  0.03521  9.57479e-03 | 47 -0.52129  4.62677e-03 | 48  0.11493  1.13195e-04
 49 -0.34423 -1.14588e-05 | 50  0.00284  3.39176e-03 | 51  0.04285 -7.40946e-02
 52 -0.08860 -2.33861e-01 | 53  0.00567  5.41188e-04 | 54 -0.34392 -2.24396e-03
 55  0.01229 -2.25130e-02 |
55 variables; iteration 200; function evaluation 262; phase 3
Function value 3.7779975e+02; maximum gradient component mag 3.5528e+00
Var    Value     Gradient |Var    Value     Gradient |Var    Value     Gradient
  1  0.13928  2.65063e-02 |  2 -0.02325 -6.01880e-03 |  3  0.00202 -7.85463e-03
  4  0.04837 -1.21217e-02 |  5  0.04068 -1.13890e-02 |  6  0.00237 -6.71080e-03
  7 -0.01110 -5.69237e-03 |  8  0.01268 -2.06401e-03 |  9  0.00298 -2.36409e-03
 10 -0.05025 -3.69840e-03 | 11  0.00494 -4.96783e-05 | 12  0.00737 -4.22351e-04
 13  0.07581  6.46374e-03 | 14 -0.00253 -5.01156e-03 | 15  0.01132 -9.74525e-04
 16  0.01580 -7.58307e-03 | 17 -0.04146 -6.10139e-03 | 18  0.05335 -1.76981e-02
 19  0.06818 -1.73485e-02 | 20 -0.04993 -3.82887e-03 | 21 -0.03680  8.39896e-04
 22  0.10719  4.18023e-02 | 23 -0.03704  1.39036e-02 | 24 -0.12141  6.09286e-03
 25 -0.07730  7.62869e-03 | 26 -0.03182  1.07362e-02 | 27 -0.01759  6.39658e-03
 28 -0.02315  2.55055e-03 | 29  0.00381  7.11172e-04 | 30  0.04366  6.25869e-04
 31  0.02298 -1.61980e-03 | 32 -0.03610  3.26241e-03 | 33 -0.62674 -5.29639e-05
 34  0.03908 -2.88519e-02 | 35  0.51790 -1.31169e-02 | 36 -0.04760 -3.64069e-02
 37  0.02757 -6.21476e-03 | 38 -0.56324 -8.40226e-05 | 39  0.04141  2.12504e-03
 40  0.63577 -1.78694e-03 | 41 -0.08538 -5.61792e-04 | 42 -0.27668 -4.50678e-03
 43 -0.62897  7.94039e-04 | 44  0.98944 -3.74229e-04 | 45 -0.42308  1.97371e-04
 46  0.03522  3.32446e-02 | 47 -0.55777  4.70207e-04 | 48  0.11494  1.50866e-03
 49 -0.34375  1.45145e-04 | 50  0.00284  1.63443e-03 | 51  0.04285  1.09094e+00
 52 -0.08873  3.55276e+00 | 53  0.00567  7.19792e-03 | 54 -0.27379  6.75342e-03
 55  0.01229  5.69268e-02 |
55 variables; iteration 220; function evaluation 284; phase 3
Function value 3.7779961e+02; maximum gradient component mag 2.0594e+00
Var    Value     Gradient |Var    Value     Gradient |Var    Value     Gradient
  1  0.13928  3.88339e-02 |  2 -0.02325 -8.71612e-03 |  3  0.00202 -1.00890e-02
  4  0.04837 -1.45244e-02 |  5  0.04068 -1.41594e-02 |  6  0.00237 -1.02353e-02
  7 -0.01110 -9.23545e-03 |  8  0.01268 -1.07613e-02 |  9  0.00298 -9.75397e-03
 10 -0.05025 -6.84437e-03 | 11  0.00494 -6.77122e-03 | 12  0.00737 -5.59016e-03
 13  0.07581 -3.28438e-03 | 14 -0.00252 -3.56784e-03 | 15  0.01131 -2.29641e-03
 16  0.01580 -2.79089e-03 | 17 -0.04146 -2.55206e-03 | 18  0.05335 -3.84923e-04
 19  0.06818  3.09139e-03 | 20 -0.04993  1.49662e-03 | 21 -0.03679  6.59093e-03
 22  0.10719  5.06165e-02 | 23 -0.03704  1.56353e-02 | 24 -0.12141  6.70442e-03
 25 -0.07730  7.68950e-03 | 26 -0.03182  1.01360e-02 | 27 -0.01759  8.02860e-03
 28 -0.02315  4.33341e-03 | 29  0.00381  2.74160e-03 | 30  0.04366  3.14150e-03
 31  0.02298 -1.28917e-03 | 32 -0.03610  5.93640e-03 | 33 -0.62618 -4.12393e-06
 34  0.03908 -3.14480e-02 | 35  0.51791 -1.36763e-02 | 36 -0.04760 -5.12863e-02
 37  0.02757  1.00251e-03 | 38 -0.56225 -8.08800e-06 | 39  0.04141 -4.78914e-04
 40  0.63577  5.33025e-04 | 41 -0.08538  9.75382e-04 | 42 -0.27668  8.57737e-04
 43 -0.62897 -4.89009e-05 | 44  0.98945 -6.14935e-05 | 45 -0.42308  6.41078e-05
 46  0.03522  1.14449e-02 | 47 -0.56213  1.12151e-04 | 48  0.11494 -1.79578e-03
 49 -0.34410  2.40347e-05 | 50  0.00284  1.38481e-03 | 51  0.04285  6.35801e-01
 52 -0.08922  2.05936e+00 | 53  0.00567  5.63350e-03 | 54 -0.13917  1.05760e-02
 55  0.01230  7.17176e-02 |
55 variables; iteration 240; function evaluation 309; phase 3
Function value 3.7779956e+02; maximum gradient component mag 5.9356e-01
Var    Value     Gradient |Var    Value     Gradient |Var    Value     Gradient
  1  0.13928  2.02750e-02 |  2 -0.02325 -4.05307e-03 |  3  0.00202 -4.56440e-03
  4  0.04837 -6.69899e-03 |  5  0.04068 -6.71660e-03 |  6  0.00237 -4.61701e-03
  7 -0.01110 -3.90573e-03 |  8  0.01268 -3.69117e-03 |  9  0.00298 -3.31950e-03
 10 -0.05025 -2.35210e-03 | 11  0.00494 -2.06065e-03 | 12  0.00737 -2.03235e-03
 13  0.07581 -1.73189e-03 | 14 -0.00252 -2.16861e-03 | 15  0.01131 -2.21490e-03
 16  0.01580 -2.84857e-03 | 17 -0.04146 -1.72890e-03 | 18  0.05335 -3.68772e-03
 19  0.06818 -1.28638e-03 | 20 -0.04993  2.66449e-05 | 21 -0.03679  3.23321e-03
 22  0.10719  2.67634e-02 | 23 -0.03704  8.43337e-03 | 24 -0.12141  3.89509e-03
 25 -0.07730  4.18136e-03 | 26 -0.03182  5.02166e-03 | 27 -0.01759  3.48090e-03
 28 -0.02315  1.59252e-03 | 29  0.00381  7.44826e-04 | 30  0.04366  8.59296e-04
 31  0.02298 -9.12141e-04 | 32 -0.03610  4.00131e-03 | 33 -0.62621 -5.13344e-06
 34  0.03908 -1.61067e-02 | 35  0.51791 -6.25338e-03 | 36 -0.04760 -2.34682e-02
 37  0.02757  2.70064e-04 | 38 -0.56223 -7.03914e-06 | 39  0.04142 -2.67856e-04
 40  0.63577  5.96838e-05 | 41 -0.08538  5.40740e-04 | 42 -0.27668 -3.59669e-04
 43 -0.62897 -7.19725e-05 | 44  0.98945 -3.24068e-05 | 45 -0.42308  7.24822e-05
 46  0.03522 -7.41570e-04 | 47 -0.56369 -1.17291e-05 | 48  0.11494  3.13379e-04
 49 -0.34415  5.54776e-06 | 50  0.00284  4.87535e-04 | 51  0.04285  1.83255e-01
 52 -0.08989  5.93563e-01 | 53  0.00567  3.13744e-03 | 54 -0.05090  5.78741e-03
 55  0.01230  3.63226e-02 |
55 variables; iteration 260; function evaluation 334; phase 3
Function value 3.7779956e+02; maximum gradient component mag 2.6394e-02
Var    Value     Gradient |Var    Value     Gradient |Var    Value     Gradient
  1  0.13928  1.53695e-03 |  2 -0.02325 -2.11550e-04 |  3  0.00202 -2.48044e-04
  4  0.04837 -3.35541e-04 |  5  0.04068 -2.72503e-04 |  6  0.00237 -2.10198e-04
  7 -0.01110 -1.35859e-04 |  8  0.01268  5.12076e-06 |  9  0.00298 -7.50974e-05
 10 -0.05025 -6.08090e-05 | 11  0.00494  3.41347e-05 | 12  0.00737  2.59197e-05
 13  0.07581 -1.40237e-04 | 14 -0.00252 -2.53538e-04 | 15  0.01131 -3.45157e-04
 16  0.01580 -4.34234e-04 | 17 -0.04146 -2.22928e-04 | 18  0.05335 -6.11832e-04
 19  0.06818 -4.14279e-04 | 20 -0.04993 -1.30839e-04 | 21 -0.03679  1.11324e-04
 22  0.10719  1.76439e-03 | 23 -0.03704  5.51539e-04 | 24 -0.12141  2.55205e-04
 25 -0.07730  2.98136e-04 | 26 -0.03182  3.93269e-04 | 27 -0.01759  2.80281e-04
 28 -0.02315  1.04226e-04 | 29  0.00381  2.69203e-05 | 30  0.04366 -1.19333e-05
 31  0.02298 -9.04923e-05 | 32 -0.03610  5.90521e-04 | 33 -0.62617 -8.51099e-07
 34  0.03908 -1.95350e-03 | 35  0.51791 -4.38929e-04 | 36 -0.04760 -1.39853e-03
 37  0.02757 -2.10196e-04 | 38 -0.56215 -1.19537e-06 | 39  0.04142  7.59959e-05
 40  0.63577 -9.95509e-05 | 41 -0.08538 -1.24347e-04 | 42 -0.27668 -1.70292e-04
 43 -0.62897  6.58168e-06 | 44  0.98945  1.56360e-06 | 45 -0.42308  3.68742e-05
 46  0.03522 -5.89845e-04 | 47 -0.56363 -6.63875e-06 | 48  0.11494 -1.16100e-04
 49 -0.34417  4.58181e-07 | 50  0.00284  8.61359e-05 | 51  0.04285  8.08783e-03
 52 -0.09047  2.63937e-02 | 53  0.00567  2.42452e-04 | 54 -0.00295  3.68684e-04
 55  0.01230  2.37268e-03 |
Warning: the following parameters had issues
  selparm[15] is within 0.1% of upper bound: 1.00000e+01 < 6.99959e+01 < 7.00000e+01


 - final statistics:
55 variables; iteration 266; function evaluation 340
Function value 3.7780e+02; maximum gradient component mag -3.7377e-05
Exit code = 1;  converg criter 1.0000e-04
Var    Value     Gradient |Var    Value     Gradient |Var    Value     Gradient
  1  0.13928 -6.05237e-07 |  2 -0.02325 -3.09837e-06 |  3  0.00202 -7.07864e-07
  4  0.04837  9.75865e-07 |  5  0.04068  1.60297e-06 |  6  0.00237  9.30259e-07
  7 -0.01110  6.38119e-07 |  8  0.01268 -6.05649e-07 |  9  0.00298 -2.67506e-06
 10 -0.05025 -7.18802e-07 | 11  0.00494  9.15491e-07 | 12  0.00737  1.78291e-06
 13  0.07581  5.09058e-06 | 14 -0.00252  3.10859e-06 | 15  0.01131  3.28961e-06
 16  0.01580  1.51306e-06 | 17 -0.04146 -2.62441e-07 | 18  0.05335 -1.59236e-06
 19  0.06818 -1.02098e-06 | 20 -0.04993  8.11770e-07 | 21 -0.03679  2.08237e-07
 22  0.10719 -4.21629e-06 | 23 -0.03704 -9.20675e-07 | 24 -0.12141 -4.55100e-08
 25 -0.07730 -3.27894e-07 | 26 -0.03182 -6.20633e-07 | 27 -0.01759  4.87837e-07
 28 -0.02315  1.13234e-06 | 29  0.00381  1.03397e-06 | 30  0.04366  2.08053e-06
 31  0.02298  3.98859e-07 | 32 -0.03610  8.69801e-07 | 33 -0.62616  1.19110e-08
 34  0.03908  1.00948e-05 | 35  0.51791  4.01363e-06 | 36 -0.04760  6.56655e-06
 37  0.02757 -2.32529e-06 | 38 -0.56214  1.75277e-08 | 39  0.04142  5.49238e-06
 40  0.63577  2.41999e-07 | 41 -0.08538 -1.04514e-07 | 42 -0.27668  3.90231e-06
 43 -0.62897 -1.01204e-06 | 44  0.98945 -3.54392e-08 | 45 -0.42308 -7.85451e-07
 46  0.03522  1.44922e-05 | 47 -0.56354  1.12138e-07 | 48  0.11494 -2.03629e-06
 49 -0.34417 -7.91545e-09 | 50  0.00284 -1.76585e-06 | 51  0.04285 -9.50841e-06
 52 -0.09048 -3.73772e-05 | 53  0.00567 -2.37111e-06 | 54 -0.00189 -5.02391e-07
 55  0.01230 -3.26062e-06 |
Estimating row 1 out of 55 for hessian
Estimating row 2 out of 55 for hessian
Estimating row 3 out of 55 for hessian
Estimating row 4 out of 55 for hessian
Estimating row 5 out of 55 for hessian
Estimating row 6 out of 55 for hessian
Estimating row 7 out of 55 for hessian
Estimating row 8 out of 55 for hessian
Estimating row 9 out of 55 for hessian
Estimating row 10 out of 55 for hessian
Estimating row 11 out of 55 for hessian
Estimating row 12 out of 55 for hessian
Estimating row 13 out of 55 for hessian
Estimating row 14 out of 55 for hessian
Estimating row 15 out of 55 for hessian
Estimating row 16 out of 55 for hessian
Estimating row 17 out of 55 for hessian
Estimating row 18 out of 55 for hessian
Estimating row 19 out of 55 for hessian
Estimating row 20 out of 55 for hessian
Estimating row 21 out of 55 for hessian
Estimating row 22 out of 55 for hessian
Estimating row 23 out of 55 for hessian
Estimating row 24 out of 55 for hessian
Estimating row 25 out of 55 for hessian
Estimating row 26 out of 55 for hessian
Estimating row 27 out of 55 for hessian
Estimating row 28 out of 55 for hessian
Estimating row 29 out of 55 for hessian
Estimating row 30 out of 55 for hessian
Estimating row 31 out of 55 for hessian
Estimating row 32 out of 55 for hessian
Estimating row 33 out of 55 for hessian
Estimating row 34 out of 55 for hessian
Estimating row 35 out of 55 for hessian
Estimating row 36 out of 55 for hessian
Estimating row 37 out of 55 for hessian
Estimating row 38 out of 55 for hessian
Estimating row 39 out of 55 for hessian
Estimating row 40 out of 55 for hessian
Estimating row 41 out of 55 for hessian
Estimating row 42 out of 55 for hessian
Estimating row 43 out of 55 for hessian
Estimating row 44 out of 55 for hessian
Estimating row 45 out of 55 for hessian
Estimating row 46 out of 55 for hessian
Estimating row 47 out of 55 for hessian
Estimating row 48 out of 55 for hessian
Estimating row 49 out of 55 for hessian
Estimating row 50 out of 55 for hessian
Estimating row 51 out of 55 for hessian
Estimating row 52 out of 55 for hessian
Estimating row 53 out of 55 for hessian
Estimating row 54 out of 55 for hessian
Estimating row 55 out of 55 for hessian
size of file gradfil1.tmp = 0
size of file gradfil2.tmp = 0
size of file varssave.tmp = 0
size of file cmpdiff.tmp = 0
