
Initial statistics: 1 variables; iteration 0; function evaluation 0; phase 1
Function value 8.1657021e+02; maximum gradient component mag -2.2896e+05
Var    Value     Gradient |Var    Value     Gradient |Var    Value     Gradient
  1  0.05958 -2.28961e+05 |

 - final statistics:
1 variables; iteration 17; function evaluation 21
Function value 5.1746e+02; maximum gradient component mag -6.2497e+00
Exit code = 1;  converg criter 1.0000e+01
Var    Value     Gradient |Var    Value     Gradient |Var    Value     Gradient
  1  0.22852 -6.24968e+00 |

Initial statistics: 11 variables; iteration 0; function evaluation 0; phase 2
Function value 5.1746092e+02; maximum gradient component mag 2.1167e+02
Var    Value     Gradient |Var    Value     Gradient |Var    Value     Gradient
  1  0.22852 -6.24968e+00 |  2 -0.17298  2.38943e+00 |  3 -0.56788 -1.80388e-02
  4 -0.06251  2.06706e+02 |  5 -0.56691  2.39353e-02 |  6 -0.37714  5.12455e+01
  7  0.86400  5.85066e-01 |  8 -0.03025  2.25367e+01 |  9 -0.52427 -6.02620e-04
 10  0.05422  2.11671e+02 | 11 -0.55402  4.50938e-02 |

 - final statistics:
11 variables; iteration 8; function evaluation 14
Function value 5.1092e+02; maximum gradient component mag -4.8353e+00
Exit code = 1;  converg criter 1.0000e+01
Var    Value     Gradient |Var    Value     Gradient |Var    Value     Gradient
  1  0.37242 -1.35800e+00 |  2 -0.17548 -2.41614e+00 |  3 -0.53573 -2.22419e-02
  4 -0.08038 -4.83530e+00 |  5 -0.57721  2.71193e-03 |  6 -0.42329  2.01644e+00
  7  0.28854 -3.99180e-02 |  8 -0.03836 -9.92595e-02 |  9 -0.51132 -7.10016e-03
 10  0.02836 -1.81933e+00 | 11 -0.58555  8.73367e-03 |

Initial statistics: 55 variables; iteration 0; function evaluation 0; phase 3
Function value 5.1092154e+02; maximum gradient component mag 7.0275e+02
Var    Value     Gradient |Var    Value     Gradient |Var    Value     Gradient
  1  0.37242 -1.35800e+00 |  2  0.00000  4.02074e+01 |  3  0.00000  2.79472e+01
  4  0.00000 -1.08233e+02 |  5  0.00000 -1.35794e+02 |  6  0.00000 -1.19511e+02
  7  0.00000  4.43465e+01 |  8  0.00000  3.87353e+01 |  9  0.00000  1.26814e+02
 10  0.00000  1.88389e+02 | 11  0.00000  2.76284e+02 | 12  0.00000  6.31636e+01
 13  0.00000 -1.18269e+02 | 14  0.00000 -2.55208e+02 | 15  0.00000 -2.39286e+02
 16  0.00000 -1.82937e+02 | 17  0.00000 -1.83519e+02 | 18  0.00000 -1.60766e+02
 19  0.00000 -6.16923e+02 | 20  0.00000 -5.38431e+02 | 21  0.00000 -6.31537e+01
 22  0.00000 -1.97447e+01 | 23  0.00000 -1.68181e+02 | 24  0.00000  3.45751e+02
 25  0.00000  4.65505e+02 | 26  0.00000  5.16308e+02 | 27  0.00000  4.58186e+02
 28  0.00000  2.24566e+02 | 29  0.00000  1.60351e+02 | 30  0.00000  1.99410e+01
 31  0.00000 -8.65345e+01 | 32 -0.17548 -2.41614e+00 | 33 -0.53573 -2.22419e-02
 34  0.01836 -4.37606e+01 | 35  0.68107 -3.74519e+00 | 36 -0.10603  5.24654e+01
 37 -0.08038 -4.83530e+00 | 38 -0.57721  2.71193e-03 | 39  0.05888  2.89244e+01
 40  0.70419  2.35113e+01 | 41 -0.41135 -9.94832e-03 | 42 -0.42329  2.01644e+00
 43 -0.63227  4.62038e+00 | 44  0.28854 -3.99180e-02 | 45 -0.23275 -2.93997e+00
 46 -0.03836 -9.92595e-02 | 47 -0.51132 -7.10016e-03 | 48  0.15728 -2.85299e+01
 49  0.02071 -8.12106e+00 | 50 -0.03020  2.34937e+02 | 51  0.02836 -1.81933e+00
 52 -0.58555  8.73367e-03 | 53  0.03830  7.30962e+01 | 54  0.48490  4.79715e+01
 55 -0.06473  7.02749e+02 |

Intermediate statistics: 55 variables; iteration 20; function evaluation 50; phase 3
Function value 4.1740170e+02; maximum gradient component mag 4.6192e+02
Var    Value     Gradient |Var    Value     Gradient |Var    Value     Gradient
  1  0.12945  2.34724e+01 |  2 -0.02971 -3.77644e+00 |  3 -0.04735  2.29756e+01
  4  0.06130  6.07676e+01 |  5  0.05016  8.03245e+01 |  6  0.05808  6.04535e+01
  7 -0.03218  3.75687e+01 |  8  0.01597  4.35900e+01 |  9  0.00062  5.86403e+01
 10  0.00079  9.90465e+01 | 11 -0.03167  8.08033e+01 | 12  0.00644 -2.36599e+00
 13  0.00671 -7.23372e+01 | 14  0.05211 -7.47283e+01 | 15  0.00328 -1.18625e+02
 16  0.01080 -7.02887e+01 | 17  0.06074 -8.05552e+01 | 18 -0.17691 -1.98284e+02
 19  0.06528 -2.29684e+02 | 20  0.02196 -3.12852e+02 | 21 -0.01574 -1.13297e+02
 22 -0.04762 -5.93684e+01 | 23  0.09019  1.44396e+02 | 24 -0.03347  1.52167e+02
 25 -0.04568  2.21654e+02 | 26 -0.05003  2.46976e+02 | 27 -0.01792  2.91783e+02
 28 -0.00099  1.74186e+02 | 29 -0.01415  1.12478e+02 | 30  0.00727  7.36978e+01
 31  0.04708  7.97983e+01 | 32 -0.21137  2.92173e+02 | 33 -0.53573  3.54666e-02
 34 -0.04870 -1.53835e+02 | 35  0.78423  1.24304e+02 | 36 -0.18050 -7.71824e+00
 37 -0.08778 -2.06576e+02 | 38 -0.57720 -2.21127e-02 | 39  0.04550  3.78915e+01
 40  0.69879 -1.15398e+02 | 41 -0.41151 -2.83757e-02 | 42 -0.45615 -1.72274e+01
 43 -0.71343 -4.18218e+00 | 44  0.29795 -1.05701e+00 | 45 -0.15601 -1.62017e+00
 46 -0.07979  7.01005e+00 | 47 -0.51137  4.07492e-03 | 48  0.13788 -2.04479e+01
 49  0.08663  2.44581e+01 | 50 -0.05407  5.17433e+00 | 51  0.05308  8.12189e+00
 52 -0.58558  4.49850e-03 | 53  0.04101  3.51152e+01 | 54  0.41398  1.08344e+01
 55 -0.06406  4.61920e+02 |
55 variables; iteration 40; function evaluation 75; phase 3
Function value 3.7510954e+02; maximum gradient component mag -2.9801e+02
Var    Value     Gradient |Var    Value     Gradient |Var    Value     Gradient
  1  0.08433 -1.47666e+02 |  2 -0.04968 -7.55517e+01 |  3 -0.01783  7.32720e+01
  4  0.06931  1.33059e+02 |  5  0.04873  1.24881e+02 |  6  0.05268  1.01311e+02
  7 -0.00052  1.12251e+02 |  8  0.01404  9.75738e+01 |  9  0.00140  1.28654e+02
 10  0.00044  9.29234e+01 | 11 -0.05181 -6.39908e+01 | 12  0.00229 -1.39442e+02
 13 -0.00175 -1.87924e+02 | 14  0.05883 -4.03158e+01 | 15 -0.00829 -1.66032e+02
 16  0.00287 -1.00074e+02 | 17  0.01018 -6.18303e+01 | 18  0.00861  2.17860e+01
 19  0.02985 -2.98008e+02 | 20  0.03807 -2.51612e+02 | 21 -0.02630 -2.20408e+02
 22 -0.02551 -4.61719e+01 | 23  0.08731  2.39106e+02 | 24 -0.05228  1.92666e+01
 25 -0.07293  5.54097e+01 | 26 -0.09882 -2.68043e+00 | 27 -0.03381  1.05580e+02
 28 -0.01956  5.41794e+01 | 29 -0.02197  7.05677e+01 | 30  0.01147  1.20864e+02
 31  0.04621  1.55712e+02 | 32 -0.14544 -1.50123e+02 | 33 -0.53435 -4.25624e-02
 34  0.06256  5.55606e+01 | 35  0.64112 -1.49939e+02 | 36 -0.11989 -1.93129e+02
 37 -0.09727 -2.83796e+02 | 38 -0.57706 -3.41933e-02 | 39  0.02309  1.19911e+00
 40  0.69301 -1.74755e+02 | 41 -0.41546 -2.33568e-02 | 42 -0.51278 -8.98173e+00
 43 -1.57650 -5.80812e+00 | 44  0.61570 -9.04172e-01 | 45  1.99076 -3.37601e-01
 46 -0.01180  1.71341e+01 | 47 -0.51299  5.68287e-03 | 48  0.16921 -5.02535e-01
 49  0.01233 -1.45341e+01 | 50 -0.05491 -6.32106e+01 | 51  0.05307  1.61977e+01
 52 -0.58665  9.67983e-03 | 53  0.05862  9.84439e+01 | 54  0.47272  4.22698e+01
 55 -0.06634  2.66503e+02 |
55 variables; iteration 60; function evaluation 100; phase 3
Function value 3.3674457e+02; maximum gradient component mag 1.0631e+02
Var    Value     Gradient |Var    Value     Gradient |Var    Value     Gradient
  1  0.06196  1.06308e+02 |  2  0.00220  5.59535e+00 |  3 -0.04875 -3.19056e+00
  4  0.05547  9.48336e+00 |  5  0.03252  1.13990e+01 |  6  0.05022  1.68224e+01
  7 -0.04137 -3.86285e+00 |  8  0.01648  1.82101e+00 |  9  0.00904 -3.92894e+00
 10 -0.00945 -7.11900e+00 | 11 -0.02853  5.77306e+00 | 12  0.01282  6.78649e+00
 13  0.01827 -2.10272e+01 | 14  0.03676 -1.58931e+01 | 15  0.01124  8.18136e-01
 16 -0.00333 -1.89706e+01 | 17  0.00470 -3.67218e+01 | 18 -0.01378  3.54283e-01
 19  0.04259  2.59084e+01 | 20  0.03742 -1.47798e+01 | 21 -0.00164 -2.45244e+01
 22 -0.01374 -1.19487e+01 | 23  0.06356  3.34894e+01 | 24 -0.04866  2.37651e+01
 25 -0.06322  3.85196e+01 | 26 -0.06975  2.35439e+01 | 27 -0.03595  1.73952e+01
 28 -0.01582 -4.17053e+00 | 29 -0.02406 -2.15768e+01 | 30 -0.00361 -1.75325e+01
 31  0.02840 -1.26910e+01 | 32 -0.17569  1.71465e+01 | 33 -0.76997 -8.01426e-03
 34  0.01333 -1.13372e+01 | 35  0.68531  3.26009e+00 | 36 -0.11195 -1.09687e+01
 37 -0.06126  1.63953e+01 | 38 -0.57374  6.50333e-04 | 39  0.05938 -8.09875e+00
 40  0.69890  2.31571e+00 | 41 -0.40533  6.89034e-04 | 42 -0.39108 -1.05479e+01
 43 -1.35277  2.19005e+00 | 44  1.10774  5.06921e-01 | 45  2.19204  1.65091e-01
 46 -0.03979  2.36713e+00 | 47 -0.52670  1.23127e-03 | 48  0.15625  1.14961e+00
 49  0.04447  5.77854e+00 | 50 -0.03623 -4.68890e+00 | 51  0.05794  8.16114e+00
 52 -0.57615 -1.64520e-03 | 53  0.04132 -5.41306e+00 | 54  0.50368 -8.00252e+00
 55 -0.08916 -4.43034e+01 |
55 variables; iteration 80; function evaluation 120; phase 3
Function value 3.3537161e+02; maximum gradient component mag -7.3965e-01
Var    Value     Gradient |Var    Value     Gradient |Var    Value     Gradient
  1  0.06008 -7.39650e-01 |  2  0.00288 -8.72526e-02 |  3 -0.04474 -3.73614e-03
  4  0.05557  2.10917e-02 |  5  0.03184  1.59060e-02 |  6  0.04677  1.52954e-01
  7 -0.03714  1.21927e-01 |  8  0.01567  2.23261e-01 |  9  0.00998  2.04234e-01
 10 -0.00898 -1.01272e-01 | 11 -0.02768 -1.48547e-01 | 12  0.01234 -1.62869e-01
 13  0.01996 -5.55767e-02 | 14  0.03647 -1.21051e-01 | 15  0.00851  1.53902e-01
 16 -0.00392  2.00421e-03 | 17  0.00642  7.15504e-02 | 18 -0.01553 -1.32660e-01
 19  0.04010  3.62430e-01 | 20  0.03755  2.89024e-02 | 21  0.00138 -5.65894e-02
 22 -0.01060  3.33481e-02 | 23  0.06012 -7.85788e-02 | 24 -0.05339 -8.73179e-02
 25 -0.06949 -8.60423e-02 | 26 -0.06789 -1.10356e-01 | 27 -0.03535 -9.22265e-02
 28 -0.01519 -8.19579e-02 | 29 -0.02081 -7.24352e-03 | 30 -0.00273  5.08231e-02
 31  0.02773  2.39037e-02 | 32 -0.17292  1.39769e-01 | 33 -0.67940 -5.01623e-03
 34  0.01847 -7.60973e-02 | 35  0.68087 -4.41951e-03 | 36 -0.10614 -6.36832e-03
 37 -0.06276 -2.68879e-02 | 38 -0.56454  2.10922e-04 | 39  0.05878  1.74868e-03
 40  0.70368 -4.51776e-02 | 41 -0.41449 -2.64388e-04 | 42 -0.37802 -1.85149e-02
 43 -1.36684  1.21120e-02 | 44  0.98094 -2.09758e-03 | 45  2.20781 -4.71679e-07
 46 -0.03090  2.55948e-02 | 47 -0.52384  6.22435e-05 | 48  0.15725 -7.99182e-03
 49  0.02261  1.66515e-02 | 50 -0.03097 -1.01842e-01 | 51  0.05383 -1.20101e-01
 52 -0.55063  3.51713e-04 | 53  0.03797 -1.50632e-02 | 54  0.48547 -4.82740e-02
 55 -0.06561 -3.81673e-02 |
55 variables; iteration 100; function evaluation 140; phase 3
Function value 3.3537126e+02; maximum gradient component mag 2.3107e-04
Var    Value     Gradient |Var    Value     Gradient |Var    Value     Gradient
  1  0.06007  2.31066e-04 |  2  0.00290  2.75036e-05 |  3 -0.04474  3.03324e-05
  4  0.05557  4.74831e-05 |  5  0.03185  6.24227e-05 |  6  0.04676  2.36062e-05
  7 -0.03715 -1.91425e-05 |  8  0.01565 -3.76756e-05 |  9  0.00998 -2.49034e-05
 10 -0.00897  5.25548e-05 | 11 -0.02767  4.77674e-05 | 12  0.01234  1.10280e-04
 13  0.01996  1.15868e-04 | 14  0.03649  8.73510e-05 | 15  0.00849 -6.06609e-05
 16 -0.00392 -1.00718e-05 | 17  0.00641 -1.22527e-04 | 18 -0.01551  2.49359e-05
 19  0.04008  4.01167e-05 | 20  0.03755 -1.36550e-05 | 21  0.00139 -1.22629e-05
 22 -0.01061 -4.43988e-05 | 23  0.06011 -6.90423e-05 | 24 -0.05339 -6.77638e-05
 25 -0.06948 -8.62464e-05 | 26 -0.06788 -9.08195e-06 | 27 -0.03535 -4.41712e-05
 28 -0.01518 -5.68938e-05 | 29 -0.02081 -6.28886e-05 | 30 -0.00274 -3.30658e-05
 31  0.02773 -3.00066e-05 | 32 -0.17294  1.34003e-04 | 33 -0.56719  1.42752e-07
 34  0.01846 -2.24828e-05 | 35  0.68091  4.90044e-05 | 36 -0.10615 -4.53721e-05
 37 -0.06278 -1.86100e-04 | 38 -0.56724  3.78764e-06 | 39  0.05878  3.20416e-06
 40  0.70371 -1.87498e-04 | 41 -0.41066  1.91564e-07 | 42 -0.37801  8.22319e-05
 43 -1.36691 -3.77975e-06 | 44  0.98113 -1.14686e-06 | 45  2.20782  5.09693e-07
 46 -0.03090  1.37005e-05 | 47 -0.52460 -9.56560e-07 | 48  0.15726  1.00595e-05
 49  0.02259  5.67289e-06 | 50 -0.03096 -1.17242e-04 | 51  0.05385 -2.04183e-05
 52 -0.55542 -1.34981e-06 | 53  0.03799  5.05821e-05 | 54  0.48556 -3.10789e-05
 55 -0.06563 -4.26904e-05 |
Warning: the following parameters had issues
  selparm[15] is within 0.1% of upper bound: 1.00000e+01 < 6.99868e+01 < 7.00000e+01


 - final statistics:
55 variables; iteration 104; function evaluation 144
Function value 3.3537e+02; maximum gradient component mag 1.5351e-05
Exit code = 1;  converg criter 1.0000e-04
Var    Value     Gradient |Var    Value     Gradient |Var    Value     Gradient
  1  0.06007 -1.23311e-05 |  2  0.00290 -6.61470e-06 |  3 -0.04474 -2.22442e-06
  4  0.05557 -6.05873e-06 |  5  0.03185 -5.37992e-06 |  6  0.04676 -6.58605e-06
  7 -0.03715  7.56525e-07 |  8  0.01565 -1.08467e-06 |  9  0.00998 -2.13497e-06
 10 -0.00897  2.29832e-06 | 11 -0.02767  2.95892e-06 | 12  0.01234  1.29381e-06
 13  0.01996 -5.73084e-06 | 14  0.03649 -5.39614e-06 | 15  0.00849  4.00469e-06
 16 -0.00392 -2.06516e-06 | 17  0.00641  1.53507e-05 | 18 -0.01551  1.96624e-06
 19  0.04008  1.07267e-05 | 20  0.03755 -4.72187e-06 | 21  0.00139  3.17964e-06
 22 -0.01061 -3.63456e-06 | 23  0.06011 -3.21308e-06 | 24 -0.05339 -3.90093e-06
 25 -0.06948 -3.25222e-06 | 26 -0.06788  5.79479e-06 | 27 -0.03535  6.38258e-06
 28 -0.01518  6.19704e-06 | 29 -0.02081  5.48030e-06 | 30 -0.00274 -1.63773e-06
 31  0.02773 -3.40077e-06 | 32 -0.17294 -1.01183e-05 | 33 -0.56720 -1.10075e-08
 34  0.01846  2.48300e-06 | 35  0.68091 -1.19178e-06 | 36 -0.10615  9.37989e-06
 37 -0.06278  4.26881e-06 | 38 -0.56729 -4.00480e-08 | 39  0.05878 -1.95916e-06
 40  0.70371  3.79568e-06 | 41 -0.41066  1.34217e-08 | 42 -0.37801  1.89693e-06
 43 -1.36691 -9.62546e-07 | 44  0.98113  8.44595e-07 | 45  2.20782  2.12360e-07
 46 -0.03090 -7.76806e-06 | 47 -0.52459 -7.08778e-08 | 48  0.15726  2.16002e-06
 49  0.02259 -3.58546e-06 | 50 -0.03096  2.34388e-06 | 51  0.05385 -4.08347e-06
 52 -0.55540  2.31823e-08 | 53  0.03799 -4.97089e-06 | 54  0.48556 -4.24339e-06
 55 -0.06563 -9.12667e-06 |
Estimating row 1 out of 55 for hessian
Estimating row 2 out of 55 for hessian
Estimating row 3 out of 55 for hessian
Estimating row 4 out of 55 for hessian
Estimating row 5 out of 55 for hessian
Estimating row 6 out of 55 for hessian
Estimating row 7 out of 55 for hessian
Estimating row 8 out of 55 for hessian
Estimating row 9 out of 55 for hessian
Estimating row 10 out of 55 for hessian
Estimating row 11 out of 55 for hessian
Estimating row 12 out of 55 for hessian
Estimating row 13 out of 55 for hessian
Estimating row 14 out of 55 for hessian
Estimating row 15 out of 55 for hessian
Estimating row 16 out of 55 for hessian
Estimating row 17 out of 55 for hessian
Estimating row 18 out of 55 for hessian
Estimating row 19 out of 55 for hessian
Estimating row 20 out of 55 for hessian
Estimating row 21 out of 55 for hessian
Estimating row 22 out of 55 for hessian
Estimating row 23 out of 55 for hessian
Estimating row 24 out of 55 for hessian
Estimating row 25 out of 55 for hessian
Estimating row 26 out of 55 for hessian
Estimating row 27 out of 55 for hessian
Estimating row 28 out of 55 for hessian
Estimating row 29 out of 55 for hessian
Estimating row 30 out of 55 for hessian
Estimating row 31 out of 55 for hessian
Estimating row 32 out of 55 for hessian
Estimating row 33 out of 55 for hessian
Estimating row 34 out of 55 for hessian
Estimating row 35 out of 55 for hessian
Estimating row 36 out of 55 for hessian
Estimating row 37 out of 55 for hessian
Estimating row 38 out of 55 for hessian
Estimating row 39 out of 55 for hessian
Estimating row 40 out of 55 for hessian
Estimating row 41 out of 55 for hessian
Estimating row 42 out of 55 for hessian
Estimating row 43 out of 55 for hessian
Estimating row 44 out of 55 for hessian
Estimating row 45 out of 55 for hessian
Estimating row 46 out of 55 for hessian
Estimating row 47 out of 55 for hessian
Estimating row 48 out of 55 for hessian
Estimating row 49 out of 55 for hessian
Estimating row 50 out of 55 for hessian
Estimating row 51 out of 55 for hessian
Estimating row 52 out of 55 for hessian
Estimating row 53 out of 55 for hessian
Estimating row 54 out of 55 for hessian
Estimating row 55 out of 55 for hessian
size of file gradfil1.tmp = 0
size of file gradfil2.tmp = 0
size of file varssave.tmp = 0
size of file cmpdiff.tmp = 0
