
Initial statistics: 1 variables; iteration 0; function evaluation 0; phase 1
Function value 5.3809153e+02; maximum gradient component mag -1.5126e+03
Var    Value     Gradient |Var    Value     Gradient |Var    Value     Gradient
  1  0.13688 -1.51262e+03 |

 - final statistics:
1 variables; iteration 7; function evaluation 10
Function value 5.1044e+02; maximum gradient component mag -8.4403e+00
Exit code = 1;  converg criter 1.0000e+01
Var    Value     Gradient |Var    Value     Gradient |Var    Value     Gradient
  1  0.22935 -8.44031e+00 |

Initial statistics: 12 variables; iteration 0; function evaluation 0; phase 2
Function value 5.1043686e+02; maximum gradient component mag 5.6208e+02
Var    Value     Gradient |Var    Value     Gradient |Var    Value     Gradient
  1  0.22935 -8.44031e+00 |  2 -0.03472  5.62076e+02 |  3 -0.62641  6.12635e-03
  4  0.02847  3.65012e+02 |  5 -0.56175  1.54157e-02 |  6 -0.27518  1.51530e+02
  7  0.98682  1.07059e-01 |  8  0.06139 -3.02738e-04 |  9  0.06542  1.42744e+02
 10 -0.27873  3.67777e+00 | 11  0.04275  3.00745e+01 | 12 -0.10695  7.82481e+01

 - final statistics:
12 variables; iteration 18; function evaluation 23
Function value 4.9648e+02; maximum gradient component mag 7.8360e+00
Exit code = 1;  converg criter 1.0000e+01
Var    Value     Gradient |Var    Value     Gradient |Var    Value     Gradient
  1  0.52066 -8.47668e-01 |  2 -0.05370 -7.09713e+00 |  3 -0.60033 -1.61976e-03
  4  0.00920 -1.26508e+00 |  5 -0.57515  3.33233e-04 |  6 -0.30167  8.20803e-01
  7  0.99842  6.53895e-01 |  8  0.06207  1.73615e-04 |  9  0.02987  6.36156e-01
 10 -0.12047  7.83602e+00 | 11  0.04213 -6.04241e-01 | 12 -0.14536 -3.98899e-01

Initial statistics: 58 variables; iteration 0; function evaluation 0; phase 3
Function value 4.9648136e+02; maximum gradient component mag 4.1090e+02
Var    Value     Gradient |Var    Value     Gradient |Var    Value     Gradient
  1  0.52066 -8.47668e-01 |  2  0.00000  3.35525e+01 |  3  0.00000 -9.08847e+00
  4  0.00000 -6.69582e+01 |  5  0.00000 -4.89543e+01 |  6  0.00000  2.38493e+01
  7  0.00000  9.75387e+01 |  8  0.00000  1.41459e+02 |  9  0.00000  1.78321e+02
 10  0.00000  1.86453e+02 | 11  0.00000  6.59858e+01 | 12  0.00000 -1.04480e+02
 13  0.00000 -2.43524e+02 | 14  0.00000 -2.30944e+02 | 15  0.00000 -2.16597e+02
 16  0.00000 -1.96187e+02 | 17  0.00000 -2.20188e+02 | 18  0.00000 -3.79237e+02
 19  0.00000 -3.48317e+02 | 20  0.00000 -1.08590e+02 | 21  0.00000 -7.91702e+01
 22  0.00000 -1.23481e+02 | 23  0.00000  1.33212e+02 | 24  0.00000  4.02437e+02
 25  0.00000  4.10905e+02 | 26  0.00000  3.58930e+02 | 27  0.00000  2.51023e+02
 28  0.00000  1.38813e+02 | 29  0.00000  2.96424e+01 | 30  0.00000 -3.83468e+01
 31  0.00000 -3.80567e+01 | 32 -0.05370 -7.09713e+00 | 33 -0.60033 -1.61976e-03
 34  0.03950  3.12207e+01 | 35  0.51472 -1.00257e+01 | 36 -0.04668  1.50235e+02
 37  0.00920 -1.26508e+00 | 38 -0.57515  3.33233e-04 | 39  0.04154  2.26621e+01
 40  0.63620  1.70458e+00 | 41 -0.08523 -1.51760e+01 | 42 -0.30167  8.20803e-01
 43 -0.62737  7.10538e+00 | 44  0.99842  6.53895e-01 | 45  0.06207  1.73615e-04
 46  0.19017 -4.94953e+01 | 47  0.00168 -2.14626e-06 | 48  0.01668 -1.23157e-04
 49  0.02987  6.36156e-01 | 50 -0.12047  7.83602e+00 | 51  0.12608  9.22404e+00
 52 -0.27567  3.80431e-01 | 53  0.00147 -1.00705e+01 | 54  0.04213 -6.04241e-01
 55 -0.14536 -3.98899e-01 | 56  0.00539 -1.52355e+01 | 57  0.36029  1.22856e+00
 58  0.01213  1.85276e+02 |

Intermediate statistics: 58 variables; iteration 20; function evaluation 26; phase 3
Function value 4.1941152e+02; maximum gradient component mag -8.3139e+02
Var    Value     Gradient |Var    Value     Gradient |Var    Value     Gradient
  1  0.50604  1.38234e+00 |  2 -0.03392 -1.16720e+01 |  3 -0.00298 -7.29564e+00
  4  0.07034  3.28835e+00 |  5  0.05323 -4.90591e+00 |  6  0.00639 -1.75623e+01
  7 -0.01415 -2.74674e+01 |  8  0.00186 -4.11864e+01 |  9  0.01674 -2.64976e+01
 10 -0.06078 -2.46208e+01 | 11  0.01173 -4.45279e+01 | 12 -0.03518 -1.87093e+01
 13  0.13863  6.62370e+01 | 14 -0.04377 -8.96634e+00 | 15  0.00995 -2.06683e+01
 16  0.06171 -1.66587e+01 | 17 -0.21062 -6.35164e+01 | 18  0.10759  3.04364e+01
 19  0.08195  2.66688e+01 | 20 -0.18453 -4.88806e+01 | 21 -0.04043  8.48527e+00
 22  0.14556  1.57881e+02 | 23 -0.03305  5.68239e+01 | 24 -0.08342  7.17256e+01
 25 -0.05873  7.79491e+01 | 26 -0.02378  8.31035e+01 | 27 -0.00872  6.46068e+01
 28 -0.00492  4.92583e+01 | 29  0.02409  4.60716e+01 | 30  0.06538  5.22700e+01
 31  0.05145  3.80286e+01 | 32 -0.05910  7.44231e+02 | 33 -0.60037  1.12359e-02
 34  0.01422 -8.31386e+02 | 35  0.53817  6.35639e+01 | 36 -0.04220  4.10542e+02
 37  0.01337  1.44655e+02 | 38 -0.57515  6.10292e-03 | 39  0.03840 -1.20052e+02
 40  0.67086  2.11553e+01 | 41 -0.28616 -2.66502e-02 | 42 -0.30049  1.35478e+01
 43 -0.66271 -8.76147e+00 | 44  0.99269  2.00486e-01 | 45  0.06207  2.11878e-04
 46  0.20025 -2.59564e+00 | 47  0.00168  1.04635e-06 | 48  0.01668 -6.43208e-05
 49  0.01449 -1.24251e+01 | 50 -0.11142  2.67381e+01 | 51  0.13157  7.97874e+01
 52 -0.27759  9.41583e-01 | 53  0.00010  3.28790e+01 | 54  0.05071  4.29722e+01
 55 -0.11372  7.60559e+01 | 56  0.01569  2.28516e+00 | 57  0.39871  1.15947e+01
 58 -0.01618  1.06865e+02 |
58 variables; iteration 40; function evaluation 77; phase 3
Function value 3.9285522e+02; maximum gradient component mag -1.3343e+02
Var    Value     Gradient |Var    Value     Gradient |Var    Value     Gradient
  1  0.19159 -7.93089e+00 |  2 -0.03601 -1.88278e+01 |  3 -0.00367 -2.47768e+01
  4  0.03655 -4.15479e+01 |  5  0.04944 -1.77401e+01 |  6 -0.00059 -7.69065e+00
  7  0.01488  9.88530e+00 |  8  0.00583 -2.28550e+01 |  9 -0.01964 -2.82069e+01
 10 -0.02445  2.05340e+01 | 11  0.00432  1.73652e+01 | 12  0.00074  3.10221e+00
 13  0.09736 -2.18760e+00 | 14 -0.06147 -1.92515e+01 | 15  0.05285  6.09593e+01
 16  0.03831  4.34164e+01 | 17 -0.14792 -4.47946e+01 | 18  0.09911 -2.69395e+00
 19  0.04474 -6.77904e+01 | 20 -0.09273 -3.40378e+01 | 21 -0.00741  2.24241e+01
 22  0.11876  5.78323e+01 | 23 -0.03582  2.06289e+01 | 24 -0.09322  4.22751e+01
 25 -0.06932  4.51566e+01 | 26 -0.03264  4.18373e+01 | 27 -0.01901  2.91910e+01
 28 -0.01387  2.51693e+01 | 29  0.01446  2.66967e+01 | 30  0.05351  2.53681e+01
 31  0.03050  1.16974e+01 | 32 -0.05342 -2.83778e+01 | 33 -0.60294 -6.58794e-04
 34  0.03168 -3.22912e+01 | 35  0.52725 -1.85094e+01 | 36 -0.05358 -5.60701e+00
 37  0.00272 -1.33430e+02 | 38 -0.57462 -5.87666e-03 | 39  0.03291  7.62370e+01
 40  0.68290 -2.04045e+01 | 41 -0.31870 -3.41454e-02 | 42 -0.29983 -7.02740e+01
 43 -0.65406  1.13748e+01 | 44  0.82156 -1.30594e+00 | 45  0.06192 -9.54353e-04
 46  0.19109 -1.85085e+01 | 47  0.00168 -2.65554e-05 | 48  0.01674 -8.03846e-05
 49  0.02001 -3.36657e+01 | 50 -0.11521 -9.87140e+00 | 51  0.12606  6.79735e+01
 52 -0.26750 -4.68896e-01 | 53 -0.00616 -1.54504e+01 | 54  0.04048 -4.31266e+01
 55 -0.12859 -1.15115e+01 | 56  0.01029  3.25257e+01 | 57  0.45628 -3.28622e+00
 58 -0.02118 -1.37483e+01 |
58 variables; iteration 60; function evaluation 104; phase 3
Function value 3.8122999e+02; maximum gradient component mag 7.5252e+01
Var    Value     Gradient |Var    Value     Gradient |Var    Value     Gradient
  1  0.15710  2.39406e+01 |  2 -0.02025  8.18526e+00 |  3 -0.00145  4.21360e+00
  4  0.05085  8.39468e+00 |  5  0.04333  9.17551e+00 |  6  0.00112  3.07503e+00
  7 -0.01433  2.36790e+00 |  8  0.01079  1.06020e+01 |  9  0.00456  1.08180e+01
 10 -0.05273 -2.09840e+00 | 11  0.00251 -6.90957e+00 | 12  0.00311 -8.61034e+00
 13  0.08258 -1.13580e+01 | 14 -0.00829 -1.63736e+01 | 15  0.01036 -1.93464e+01
 16  0.01792 -4.03641e+00 | 17 -0.03305  4.30726e+00 | 18  0.05538 -2.57685e+00
 19  0.06619 -1.97408e+01 | 20 -0.05422 -7.04010e+00 | 21 -0.03438 -1.58747e+00
 22  0.11177 -7.22741e+00 | 23 -0.05007 -1.08326e+01 | 24 -0.11066  6.32863e-01
 25 -0.08397 -8.70738e+00 | 26 -0.03527 -9.47572e+00 | 27 -0.02178 -6.40430e+00
 28 -0.01978  1.62404e+00 | 29  0.00307  7.84879e+00 | 30  0.05254  2.06997e+01
 31  0.02320  6.44949e+00 | 32 -0.05019 -7.38009e+01 | 33 -0.61963  5.11113e-04
 34  0.03432  7.52523e+01 | 35  0.57193 -5.73820e+00 | 36 -0.06506 -5.44241e+01
 37  0.01409 -3.61368e+01 | 38 -0.57497 -1.32949e-03 | 39  0.03667  2.41637e+01
 40  0.67752 -3.35420e+00 | 41 -0.48159 -3.18176e-03 | 42 -0.28487 -1.17996e+01
 43 -0.63373  4.03488e+00 | 44  1.00284 -5.17330e-01 | 45  0.06210  2.49838e-04
 46  0.19406  1.30474e+00 | 47  0.00168  3.52961e-06 | 48  0.01694 -1.20637e-05
 49  0.03613 -2.25999e+00 | 50 -0.12139  1.85970e+00 | 51  0.12113 -8.47400e-01
 52 -0.38593  1.48055e-02 | 53  0.00176  8.38974e-01 | 54  0.04282 -1.69462e+00
 55 -0.16389 -9.92208e-01 | 56  0.00880  4.54754e+00 | 57  0.61202  2.34974e+00
 58 -0.00945 -3.69418e+00 |
58 variables; iteration 80; function evaluation 124; phase 3
Function value 3.7917702e+02; maximum gradient component mag 6.7522e+00
Var    Value     Gradient |Var    Value     Gradient |Var    Value     Gradient
  1  0.13576  1.13073e+00 |  2 -0.02222  1.60711e-01 |  3  0.00239  1.12074e-01
  4  0.04801  3.69327e-01 |  5  0.04016  4.22939e-01 |  6  0.00245  3.51523e-01
  7 -0.01055 -6.71733e-02 |  8  0.01302  9.09015e-03 |  9  0.00346  1.10967e-01
 10 -0.05040 -1.22389e-01 | 11  0.00576  1.10087e-01 | 12  0.00696  2.15828e-01
 13  0.07452 -3.16431e-01 | 14 -0.00218  2.28051e-01 | 15  0.01028  2.07595e-01
 16  0.01592  1.97771e-01 | 17 -0.03945  2.39476e-01 | 18  0.04936  5.58045e-01
 19  0.06989  5.14426e-01 | 20 -0.04805  9.05485e-02 | 21 -0.03629 -2.35166e-01
 22  0.10674 -9.70702e-01 | 23 -0.04276 -3.08970e-01 | 24 -0.11810 -4.18448e-02
 25 -0.07517 -1.00749e-01 | 26 -0.03099 -3.05043e-01 | 27 -0.01769 -2.76664e-01
 28 -0.02368 -4.17092e-01 | 29  0.00325 -2.57954e-01 | 30  0.04250 -2.67179e-01
 31  0.02278 -4.28141e-02 | 32 -0.03376  4.37304e-01 | 33 -0.62610  1.95212e-05
 34  0.03982 -6.59439e-01 | 35  0.51143 -1.89822e-01 | 36 -0.04590  1.34520e+00
 37  0.02530 -6.23828e-02 | 38 -0.57009  2.23851e-05 | 39  0.03977  5.93161e-02
 40  0.67550  6.21052e-02 | 41 -0.48933 -3.15987e-03 | 42 -0.27449  1.65113e-01
 43 -0.62681 -2.12358e-01 | 44  0.98664 -5.57858e-03 | 45  0.06125 -4.79280e-05
 46  0.18983 -2.88639e-01 | 47  0.00159  1.59207e-06 | 48  0.01724  4.07073e-06
 49  0.04798  3.53125e+00 | 50 -0.12940  6.75216e+00 | 51  0.12221  1.05164e-01
 52 -0.39091  6.58807e-02 | 53  0.00793 -9.64453e-02 | 54  0.04308  1.16137e+00
 55 -0.11013  8.16101e-01 | 56  0.00558  1.17283e-01 | 57  0.40459  2.64989e-01
 58  0.01153 -3.18652e-02 |
58 variables; iteration 100; function evaluation 144; phase 3
Function value 3.7916490e+02; maximum gradient component mag -2.0281e-01
Var    Value     Gradient |Var    Value     Gradient |Var    Value     Gradient
  1  0.13557 -7.10984e-03 |  2 -0.02217 -3.26817e-02 |  3  0.00247 -3.94742e-02
  4  0.04795 -1.56690e-02 |  5  0.04014 -1.93067e-02 |  6  0.00223 -1.52162e-02
  7 -0.01031 -3.48701e-02 |  8  0.01307 -5.88439e-02 |  9  0.00342  3.94696e-03
 10 -0.05022 -4.68399e-03 | 11  0.00584 -2.07960e-02 | 12  0.00665 -1.59161e-02
 13  0.07478  3.23219e-03 | 14 -0.00249 -8.40501e-03 | 15  0.01025 -4.01551e-02
 16  0.01596 -1.88990e-02 | 17 -0.03944 -6.56790e-03 | 18  0.04917 -9.49575e-02
 19  0.06997 -4.60912e-02 | 20 -0.04804 -2.68588e-04 | 21 -0.03606 -1.27427e-02
 22  0.10671  1.49146e-02 | 23 -0.04299  1.92269e-02 | 24 -0.11817  3.52810e-02
 25 -0.07514  2.90508e-02 | 26 -0.03090  6.23969e-02 | 27 -0.01775  5.23996e-02
 28 -0.02350  5.20252e-02 | 29  0.00320  5.93988e-02 | 30  0.04253  5.85274e-02
 31  0.02275  3.29534e-02 | 32 -0.03388 -2.02811e-01 | 33 -0.63054 -3.61968e-04
 34  0.03975  1.69892e-01 | 35  0.51292 -5.49157e-02 | 36 -0.04610 -8.23967e-02
 37  0.02543 -1.46982e-01 | 38 -0.57012  1.36421e-07 | 39  0.03982  1.44966e-01
 40  0.67539 -4.63287e-02 | 41 -0.48215 -3.11627e-03 | 42 -0.27430 -4.77043e-02
 43 -0.62645  1.61933e-02 | 44  0.98703  2.62174e-03 | 45  0.06141 -4.02431e-07
 46  0.18983 -1.31782e-02 | 47  0.00067 -1.96520e-06 | 48  0.01533 -5.42455e-06
 49  0.05077 -2.71921e-02 | 50 -0.13648  1.83929e-01 | 51  0.12305  5.33973e-02
 52 -0.30524  8.05399e-03 | 53  0.00794  8.15200e-02 | 54  0.04281 -2.94346e-02
 55 -0.10605  3.00892e-02 | 56  0.00525  3.03096e-02 | 57  0.35031  1.07050e-03
 58  0.01373  1.09848e-01 |
58 variables; iteration 120; function evaluation 176; phase 3
Function value 3.7906497e+02; maximum gradient component mag 8.9754e+01
Var    Value     Gradient |Var    Value     Gradient |Var    Value     Gradient
  1  0.13624  6.77041e-01 |  2 -0.02239 -3.74419e-01 |  3  0.00240 -2.35209e-01
  4  0.04823 -3.71757e-01 |  5  0.04025 -8.36365e-01 |  6  0.00183 -1.41301e+00
  7 -0.01067 -1.40127e+00 |  8  0.01321 -1.54333e+00 |  9  0.00295 -1.86078e+00
 10 -0.05009 -7.18459e-01 | 11  0.00559 -3.82484e-01 | 12  0.00662  1.90830e-01
 13  0.07512  1.15550e+00 | 14 -0.00248  2.49398e-02 | 15  0.01036 -1.00894e+00
 16  0.01512 -1.11969e+00 | 17 -0.03703  1.01669e+00 | 18  0.04818 -2.55910e+00
 19  0.07026 -2.14889e+00 | 20 -0.04811 -4.02569e-01 | 21 -0.03685 -5.53510e-01
 22  0.10700  2.09368e+00 | 23 -0.04336  5.10410e-01 | 24 -0.11756  1.01190e+00
 25 -0.07558  5.52254e-01 | 26 -0.03101  7.05909e-01 | 27 -0.01798  2.94178e-01
 28 -0.02378  3.33676e-01 | 29  0.00365  1.41576e+00 | 30  0.04256  2.07619e+00
 31  0.02339  1.44585e+00 | 32 -0.03408 -1.01002e+01 | 33 -0.94053 -3.34184e-02
 34  0.03984  6.38975e+00 | 35  0.50888 -2.41321e+00 | 36 -0.04530  5.04178e-01
 37  0.02489 -5.36018e+00 | 38 -0.56361  2.71105e-04 | 39  0.03971  4.48235e+00
 40  0.67493 -1.03953e+00 | 41 -0.39718 -3.65304e-03 | 42 -0.27552 -3.33679e+00
 43 -0.62788  3.53783e-01 | 44  0.98316 -7.71488e-02 | 45  0.06222  2.85130e-04
 46  0.19008  6.20384e-01 | 47  0.00476  1.96498e-05 | 48  0.02841  7.10823e-05
 49  0.05363  8.97541e+01 | 50 -0.17357  4.35268e+01 | 51  0.12387  1.43409e+00
 52 -0.56064 -3.80468e-03 | 53  0.00695  3.03298e+00 | 54  0.04251 -1.91656e+00
 55 -0.10385 -2.01397e-01 | 56  0.00504  7.67877e-01 | 57  0.30611 -4.65798e-02
 58  0.01519  2.95304e+00 |
58 variables; iteration 140; function evaluation 207; phase 3
Function value 3.7861827e+02; maximum gradient component mag -4.6299e-01
Var    Value     Gradient |Var    Value     Gradient |Var    Value     Gradient
  1  0.13654 -1.27678e-02 |  2 -0.02255  1.88537e-02 |  3  0.00237  1.82446e-02
  4  0.04804  2.71105e-02 |  5  0.04023  4.68187e-02 |  6  0.00220  6.03351e-02
  7 -0.01045  1.06755e-01 |  8  0.01300  1.20433e-01 |  9  0.00328  1.38836e-01
 10 -0.05028  1.22447e-01 | 11  0.00567  1.39029e-01 | 12  0.00668  5.95098e-02
 13  0.07504  8.93363e-02 | 14 -0.00261  5.22209e-05 | 15  0.01068 -3.37892e-02
 16  0.01580 -1.68985e-01 | 17 -0.03955 -1.19619e-01 | 18  0.05018 -4.62993e-01
 19  0.06941 -3.41856e-01 | 20 -0.04848 -6.60533e-02 | 21 -0.03660  1.43617e-03
 22  0.10697  1.49299e-01 | 23 -0.04105  4.85199e-02 | 24 -0.11900  5.61460e-02
 25 -0.07576  7.15463e-02 | 26 -0.03108  5.72645e-02 | 27 -0.01774  5.58343e-02
 28 -0.02343  4.09955e-02 | 29  0.00334 -1.05736e-04 | 30  0.04272 -5.83311e-02
 31  0.02289 -3.08256e-02 | 32 -0.03445  2.16123e-01 | 33 -1.44742 -1.19886e-02
 34  0.03958 -1.97858e-01 | 35  0.51425  1.14126e-02 | 36 -0.04652 -1.22302e-01
 37  0.02503  8.11042e-02 | 38 -0.58667 -1.13209e-03 | 39  0.03975 -4.53505e-02
 40  0.67527  3.05495e-03 | 41 -0.32926 -1.01345e-02 | 42 -0.27492  1.96023e-02
 43 -0.62712  7.92161e-03 | 44  0.98680 -1.80225e-03 | 45  0.06121  1.18160e-05
 46  0.19006 -4.77921e-02 | 47  0.00437  1.57615e-05 | 48  0.02601  5.35988e-05
 49  0.06282 -2.30926e-01 | 50 -0.21158  1.69904e-01 | 51  0.12526 -9.51300e-03
 52 -0.67604 -5.62879e-03 | 53  0.00208 -8.22617e-02 | 54  0.04277 -2.20994e-02
 55 -0.10663  6.18454e-02 | 56  0.00534  2.47419e-02 | 57  0.35794 -1.46550e-03
 58  0.01239 -1.34188e-01 |
58 variables; iteration 160; function evaluation 232; phase 3
Function value 3.7861443e+02; maximum gradient component mag 1.3036e+01
Var    Value     Gradient |Var    Value     Gradient |Var    Value     Gradient
  1  0.13644  1.31974e-01 |  2 -0.02250  3.63018e-02 |  3  0.00239  3.60961e-02
  4  0.04802  1.87397e-02 |  5  0.04021  3.63765e-02 |  6  0.00219  6.73159e-02
  7 -0.01043  1.17092e-01 |  8  0.01301  1.40120e-01 |  9  0.00328  1.23812e-01
 10 -0.05026  1.05051e-01 | 11  0.00567  6.49997e-02 | 12  0.00670 -3.43520e-03
 13  0.07498 -8.35796e-02 | 14 -0.00256 -5.35811e-02 | 15  0.01060 -9.10339e-02
 16  0.01584 -1.40467e-01 | 17 -0.03959 -1.14237e-01 | 18  0.05012 -1.47066e-01
 19  0.06945 -1.62341e-01 | 20 -0.04846 -5.54115e-02 | 21 -0.03651 -4.75716e-03
 22  0.10693 -9.45607e-03 | 23 -0.04124  5.75858e-02 | 24 -0.11894  2.54504e-02
 25 -0.07569  6.57526e-02 | 26 -0.03106  6.15042e-02 | 27 -0.01773  6.77512e-02
 28 -0.02344  4.07080e-02 | 29  0.00333 -4.22487e-03 | 30  0.04268 -5.81276e-02
 31  0.02290 -4.06881e-02 | 32 -0.03439  3.66835e-01 | 33 -1.33396  2.81009e-03
 34  0.03960 -2.26117e-01 | 35  0.51417  8.45748e-02 | 36 -0.04648  1.29433e-01
 37  0.02508 -1.67275e-01 | 38 -0.64006 -3.65446e-03 | 39  0.03977  2.39875e-01
 40  0.67513 -7.74801e-03 | 41 -0.26172 -5.96357e-02 | 42 -0.27485  4.86773e-02
 43 -0.62705 -1.03136e-03 | 44  0.98692  9.71621e-04 | 45  0.08323  4.08929e-04
 46  0.19004 -1.84225e-02 | 47  0.00176  7.95376e-06 | 48  0.00551 -1.34453e-05
 49  0.06672  1.30359e+01 | 50 -0.23814  1.39292e+00 | 51  0.12637 -4.10068e-01
 52 -0.52987  4.50382e-02 | 53  0.00159  3.14346e-01 | 54  0.04277 -5.20993e-04
 55 -0.10658 -3.80908e-02 | 56  0.00533 -3.41768e-02 | 57  0.35694 -1.26324e-02
 58  0.01253 -2.40013e-01 |
58 variables; iteration 180; function evaluation 266; phase 3
Function value 3.7841257e+02; maximum gradient component mag 2.6452e+00
Var    Value     Gradient |Var    Value     Gradient |Var    Value     Gradient
  1  0.13682 -1.94691e-01 |  2 -0.02245 -1.23510e-02 |  3  0.00210 -2.62540e-02
  4  0.04814 -1.79138e-02 |  5  0.04042  1.10548e-02 |  6  0.00211  1.74641e-02
  7 -0.01059  3.49862e-03 |  8  0.01289  5.13311e-03 |  9  0.00317  1.32869e-02
 10 -0.05016 -1.92161e-02 | 11  0.00549 -4.55537e-02 | 12  0.00697 -3.33166e-02
 13  0.07535 -6.08815e-02 | 14 -0.00255 -1.40966e-02 | 15  0.01060 -6.10829e-02
 16  0.01567 -2.62421e-02 | 17 -0.03932 -2.75142e-02 | 18  0.05036  1.21150e-02
 19  0.06931 -3.91740e-02 | 20 -0.04892 -2.25007e-02 | 21 -0.03657 -1.75091e-02
 22  0.10698 -4.43689e-02 | 23 -0.04148  1.00855e-02 | 24 -0.11906  3.20093e-02
 25 -0.07600  1.65360e-02 | 26 -0.03114  2.20723e-02 | 27 -0.01777  2.63433e-02
 28 -0.02325  3.27461e-02 | 29  0.00372  3.90860e-02 | 30  0.04271  4.84893e-02
 31  0.02316  2.78475e-02 | 32 -0.03469 -2.44408e-01 | 33 -1.23638  7.36962e-03
 34  0.03952  2.31973e-01 | 35  0.51461 -3.36688e-02 | 36 -0.04664  2.57066e-02
 37  0.02852 -6.07907e-01 | 38 -0.55638  3.78440e-04 | 39  0.04156  5.29460e-01
 40  0.63589 -1.78403e-01 | 41 -0.08509 -1.11715e-01 | 42 -0.27515 -6.33230e-02
 43 -0.62734  1.14793e-02 | 44  0.98699  2.63235e-03 | 45  0.09746  4.72054e-04
 46  0.19016  3.16069e-02 | 47  0.00914  4.28350e-05 | 48  0.00175 -3.03273e-05
 49  0.06790  2.64522e+00 | 50 -0.26530  1.07945e-01 | 51  0.12678 -4.36500e-02
 52 -0.39546  2.27264e-02 | 53  0.00113  4.55630e-02 | 54  0.04275 -3.08373e-02
 55 -0.10702 -2.44364e-03 | 56  0.00539  2.03638e-02 | 57  0.36060  6.45788e-03
 58  0.01226  1.63124e-01 |
58 variables; iteration 200; function evaluation 288; phase 3
Function value 3.7841127e+02; maximum gradient component mag 1.4219e+00
Var    Value     Gradient |Var    Value     Gradient |Var    Value     Gradient
  1  0.13684  2.55456e-02 |  2 -0.02246  3.84303e-03 |  3  0.00211  7.34895e-03
  4  0.04815  7.11856e-03 |  5  0.04041  1.05693e-02 |  6  0.00210  1.31887e-02
  7 -0.01059  1.62030e-02 |  8  0.01290  2.85395e-02 |  9  0.00315  3.04815e-02
 10 -0.05015  1.92955e-02 | 11  0.00549  7.49229e-03 | 12  0.00697 -3.50332e-03
 13  0.07537 -3.92462e-02 | 14 -0.00258 -1.76712e-02 | 15  0.01064 -4.05732e-02
 16  0.01565 -3.41512e-02 | 17 -0.03931 -1.71465e-02 | 18  0.05039 -2.56771e-02
 19  0.06930 -3.68182e-02 | 20 -0.04894 -1.41941e-02 | 21 -0.03659 -7.03776e-03
 22  0.10700 -2.13580e-02 | 23 -0.04142  9.40575e-03 | 24 -0.11911  7.93079e-03
 25 -0.07601  1.04667e-02 | 26 -0.03115  8.10823e-03 | 27 -0.01777  1.20659e-02
 28 -0.02325  9.83248e-03 | 29  0.00372  1.30190e-02 | 30  0.04273  1.71671e-02
 31  0.02314  7.38758e-03 | 32 -0.03470 -4.57541e-02 | 33 -1.40118 -2.98247e-03
 34  0.03951  5.73029e-02 | 35  0.51466  2.13212e-04 | 36 -0.04667  4.71854e-02
 37  0.02849 -1.45136e-01 | 38 -0.58070 -1.27941e-03 | 39  0.04154  1.42985e-01
 40  0.63615 -1.37792e-02 | 41 -0.08517  1.39485e-02 | 42 -0.27516 -1.37598e-02
 43 -0.62734  4.74831e-03 | 44  0.98691  9.08855e-04 | 45  0.04135 -6.91009e-04
 46  0.19016  1.59977e-03 | 47  0.00585 -3.94500e-05 | 48  0.10501  3.28060e-04
 49  0.06684  1.42186e+00 | 50 -0.25986  6.24317e-02 | 51  0.12648 -7.55059e-02
 52 -0.35412  1.72895e-02 | 53  0.00127  2.94766e-02 | 54  0.04275 -7.65048e-04
 55 -0.10692 -4.45077e-03 | 56  0.00539 -3.99269e-03 | 57  0.35985 -8.51179e-04
 58  0.01218 -8.46801e-06 |
58 variables; iteration 220; function evaluation 308; phase 3
Function value 3.7841082e+02; maximum gradient component mag 1.6899e-01
Var    Value     Gradient |Var    Value     Gradient |Var    Value     Gradient
  1  0.13688  1.51124e-02 |  2 -0.02248  2.66607e-04 |  3  0.00211  1.55841e-03
  4  0.04815  4.40753e-04 |  5  0.04042  1.37662e-04 |  6  0.00211 -3.49600e-04
  7 -0.01060 -1.51234e-03 |  8  0.01290  1.18019e-03 |  9  0.00315  3.47219e-03
 10 -0.05015  3.04284e-03 | 11  0.00549  1.37168e-03 | 12  0.00697  7.55003e-04
 13  0.07539 -5.38887e-03 | 14 -0.00260 -3.65909e-03 | 15  0.01066 -7.06484e-03
 16  0.01565 -3.42593e-03 | 17 -0.03933 -6.32865e-05 | 18  0.05043  1.72161e-03
 19  0.06928 -3.18279e-03 | 20 -0.04895 -1.77639e-03 | 21 -0.03661 -1.52101e-03
 22  0.10701 -8.41927e-03 | 23 -0.04135  1.19975e-03 | 24 -0.11914  2.65704e-03
 25 -0.07603  1.83993e-03 | 26 -0.03115  4.01331e-04 | 27 -0.01777  2.09232e-03
 28 -0.02325  1.55235e-03 | 29  0.00373  3.67111e-03 | 30  0.04275  6.47939e-03
 31  0.02314  2.66443e-03 | 32 -0.03472 -1.46142e-02 | 33 -1.37512 -1.36891e-04
 34  0.03950  1.21819e-02 | 35  0.51472 -2.28949e-03 | 36 -0.04668  7.89236e-03
 37  0.02847 -2.74752e-02 | 38 -0.56324 -1.14253e-04 | 39  0.04154  2.15817e-02
 40  0.63617 -2.00787e-03 | 41 -0.08520  1.15000e-02 | 42 -0.27518 -3.04929e-03
 43 -0.62737  8.52071e-04 | 44  0.98687  1.71778e-04 | 45  0.07621  2.62027e-04
 46  0.19017 -2.45699e-04 | 47  0.02134  9.97394e-05 | 48  0.00636 -1.36371e-05
 49  0.06546  1.68990e-01 | 50 -0.25106  1.38793e-02 | 51  0.12609 -1.74334e-02
 52 -0.32414  3.31968e-03 | 53  0.00146  5.57976e-03 | 54  0.04275  1.43579e-03
 55 -0.10696 -1.35280e-03 | 56  0.00539 -1.60105e-03 | 57  0.36030  3.10132e-05
 58  0.01213  4.22993e-03 |
58 variables; iteration 240; function evaluation 329; phase 3
Function value 3.7841081e+02; maximum gradient component mag -5.1555e-02
Var    Value     Gradient |Var    Value     Gradient |Var    Value     Gradient
  1  0.13688 -2.80161e-02 |  2 -0.02248  4.74490e-04 |  3  0.00211  2.50227e-03
  4  0.04815  2.20062e-03 |  5  0.04042  2.67450e-03 |  6  0.00211  2.66847e-03
  7 -0.01060  2.57871e-03 |  8  0.01290  6.53631e-03 |  9  0.00315  7.53473e-03
 10 -0.05015  7.27069e-03 | 11  0.00549  2.50735e-03 | 12  0.00697 -8.20360e-04
 13  0.07538 -2.49368e-02 | 14 -0.00259 -9.13587e-03 | 15  0.01065 -1.51259e-02
 16  0.01565 -6.13647e-03 | 17 -0.03933  1.48240e-03 | 18  0.05044  1.10117e-02
 19  0.06928  5.80795e-03 | 20 -0.04895 -8.53764e-04 | 21 -0.03661  5.83927e-04
 22  0.10701 -1.50593e-02 | 23 -0.04135 -1.84362e-03 | 24 -0.11915 -2.84662e-03
 25 -0.07603  9.33281e-04 | 26 -0.03115 -9.08330e-04 | 27 -0.01776  3.16342e-03
 28 -0.02325  3.24141e-03 | 29  0.00373  6.18179e-03 | 30  0.04275  9.37990e-03
 31  0.02314  3.80135e-03 | 32 -0.03472 -2.14416e-02 | 33 -1.37370 -9.26066e-06
 34  0.03950  2.38720e-02 | 35  0.51472 -1.99392e-03 | 36 -0.04668 -2.84593e-03
 37  0.02848 -5.15554e-02 | 38 -0.56402 -1.73978e-04 | 39  0.04154  3.97562e-02
 40  0.63615 -6.96597e-03 | 41 -0.08518  1.44467e-02 | 42 -0.27518  1.41547e-03
 43 -0.62737  1.98770e-03 | 44  0.98692  1.24540e-03 | 45  0.06196  2.18797e-04
 46  0.19017 -1.22258e-03 | 47 -0.00206 -1.30424e-05 | 48  0.01914  1.58202e-05
 49  0.06538 -5.14633e-02 | 50 -0.25078 -1.51036e-03 | 51  0.12607  6.51444e-03
 52 -0.32241 -1.83338e-03 | 53  0.00147 -6.23312e-03 | 54  0.04275  3.48780e-03
 55 -0.10696 -2.22918e-03 | 56  0.00539 -2.78571e-03 | 57  0.36032 -7.55998e-05
 58  0.01213  2.77047e-04 |
58 variables; iteration 260; function evaluation 350; phase 3
Function value 3.7841081e+02; maximum gradient component mag 3.8036e-01
Var    Value     Gradient |Var    Value     Gradient |Var    Value     Gradient
  1  0.13687 -3.19106e-02 |  2 -0.02248  4.64450e-04 |  3  0.00211  2.54044e-03
  4  0.04815  3.50009e-03 |  5  0.04042  5.39264e-03 |  6  0.00210  3.95496e-03
  7 -0.01060  4.89123e-03 |  8  0.01290  1.05989e-02 |  9  0.00315  1.24963e-02
 10 -0.05015  8.61518e-03 | 11  0.00549  9.93176e-04 | 12  0.00697 -2.98341e-03
 13  0.07538 -2.97318e-02 | 14 -0.00259 -1.01121e-02 | 15  0.01065 -1.68151e-02
 16  0.01565 -8.71285e-03 | 17 -0.03933 -1.13128e-03 | 18  0.05043  1.06539e-02
 19  0.06928  4.58847e-03 | 20 -0.04895 -3.60534e-03 | 21 -0.03661 -3.76403e-04
 22  0.10701 -1.28296e-02 | 23 -0.04135  1.48613e-03 | 24 -0.11915 -3.29926e-03
 25 -0.07603  1.68879e-03 | 26 -0.03115 -3.39515e-04 | 27 -0.01776  3.54729e-03
 28 -0.02325  3.20826e-03 | 29  0.00373  4.88961e-03 | 30  0.04275  6.99041e-03
 31  0.02314  2.58572e-03 | 32 -0.03472 -2.20525e-02 | 33 -1.37432 -6.52721e-05
 34  0.03950  3.00239e-02 | 35  0.51472 -1.11233e-03 | 36 -0.04668 -5.41617e-03
 37  0.02848 -5.42636e-02 | 38 -0.56348 -1.34520e-04 | 39  0.04154  4.00928e-02
 40  0.63615 -8.37708e-03 | 41 -0.08518  1.33472e-02 | 42 -0.27518  1.70760e-03
 43 -0.62736  2.54494e-03 | 44  0.98693  1.54910e-03 | 45  0.06216  2.77611e-04
 46  0.19017  3.07701e-04 | 47 -0.02043 -1.01381e-04 | 48  0.01352 -1.58202e-05
 49  0.06539  3.80359e-01 | 50 -0.25247  3.21992e-02 | 51  0.12607 -1.59240e-02
 52 -0.31792  1.06190e-02 | 53  0.00147  1.03261e-02 | 54  0.04275  4.14541e-03
 55 -0.10696 -1.09633e-03 | 56  0.00539 -2.59366e-03 | 57  0.36034  1.36617e-04
 58  0.01214  1.41590e-03 |
58 variables; iteration 280; function evaluation 374; phase 3
Function value 3.7841078e+02; maximum gradient component mag 8.3743e-02
Var    Value     Gradient |Var    Value     Gradient |Var    Value     Gradient
  1  0.13688  6.45906e-03 |  2 -0.02248 -2.25089e-04 |  3  0.00211 -3.30264e-04
  4  0.04815 -4.79017e-04 |  5  0.04042 -6.62643e-04 |  6  0.00211 -5.24264e-04
  7 -0.01060 -7.78541e-04 |  8  0.01290 -1.30830e-03 |  9  0.00315 -1.50984e-03
 10 -0.05015 -1.07898e-03 | 11  0.00549 -3.23503e-04 | 12  0.00696  2.60020e-04
 13  0.07539  2.93060e-03 | 14 -0.00260  8.73690e-04 | 15  0.01066  1.56880e-03
 16  0.01565  6.63945e-04 | 17 -0.03933 -2.51589e-05 | 18  0.05043  6.12806e-05
 19  0.06928 -3.25938e-04 | 20 -0.04895  1.95849e-04 | 21 -0.03661  5.80527e-05
 22  0.10701  1.92803e-03 | 23 -0.04135  7.49019e-04 | 24 -0.11914  3.56483e-04
 25 -0.07603 -1.73520e-04 | 26 -0.03115  8.54957e-05 | 27 -0.01777 -2.68785e-04
 28 -0.02325 -3.31367e-04 | 29  0.00373 -4.80837e-04 | 30  0.04275 -6.54186e-04
 31  0.02314 -3.12766e-04 | 32 -0.03472  2.52764e-03 | 33 -1.37348  9.74305e-06
 34  0.03950 -3.50281e-03 | 35  0.51472  7.44664e-05 | 36 -0.04668  3.92501e-04
 37  0.02847  5.84135e-03 | 38 -0.56162  1.13126e-05 | 39  0.04154 -4.51278e-03
 40  0.63620  8.43156e-04 | 41 -0.08524 -1.21344e-03 | 42 -0.27518  1.85022e-05
 43 -0.62737 -2.66720e-04 | 44  0.98686 -1.61724e-04 | 45  0.06090 -1.45760e-04
 46  0.19017 -9.98287e-05 | 47  0.00445  1.27173e-05 | 48  0.01799  4.19342e-06
 49  0.06542  8.37432e-02 | 50 -0.26792  5.01532e-03 | 51  0.12608 -7.37464e-03
 52 -0.28848  2.95577e-03 | 53  0.00146  4.24504e-03 | 54  0.04275 -4.10390e-04
 55 -0.10695  7.37089e-05 | 56  0.00539  2.50166e-04 | 57  0.36029 -1.97475e-05
 58  0.01213 -2.59252e-04 |
58 variables; iteration 300; function evaluation 397; phase 3
Function value 3.7841077e+02; maximum gradient component mag 1.3341e-04
Var    Value     Gradient |Var    Value     Gradient |Var    Value     Gradient
  1  0.13688 -4.03017e-05 |  2 -0.02248  3.13183e-06 |  3  0.00211  5.16909e-06
  4  0.04815  1.65715e-05 |  5  0.04042  1.22808e-05 |  6  0.00211 -2.15577e-06
  7 -0.01060 -7.76165e-07 |  8  0.01290  4.51251e-06 |  9  0.00315  7.80149e-06
 10 -0.05015  5.62224e-06 | 11  0.00549 -9.01013e-06 | 12  0.00696 -7.23992e-06
 13  0.07539 -1.89632e-05 | 14 -0.00260 -4.91803e-06 | 15  0.01066 -8.97479e-06
 16  0.01565 -1.75010e-06 | 17 -0.03933  1.01796e-06 | 18  0.05043 -9.90012e-07
 19  0.06928 -7.32757e-06 | 20 -0.04895 -1.39990e-05 | 21 -0.03661 -6.34111e-06
 22  0.10701 -4.43099e-06 | 23 -0.04135  6.64112e-06 | 24 -0.11914  1.51611e-06
 25 -0.07603  9.51982e-06 | 26 -0.03115  1.36995e-05 | 27 -0.01777  5.15640e-06
 28 -0.02325 -1.22749e-06 | 29  0.00373 -6.18462e-06 | 30  0.04275 -8.85808e-06
 31  0.02314 -3.02836e-06 | 32 -0.03472 -1.81522e-05 | 33 -1.37359 -8.10756e-08
 34  0.03950  6.31742e-05 | 35  0.51472  5.65638e-06 | 36 -0.04668  1.63329e-05
 37  0.02847 -3.75403e-05 | 38 -0.56176 -4.59864e-08 | 39  0.04154  3.25375e-05
 40  0.63620 -3.15871e-06 | 41 -0.08523  7.53213e-06 | 42 -0.27518 -1.11294e-05
 43 -0.62737  3.80964e-06 | 44  0.98686  7.47880e-07 | 45  0.06140  2.84735e-07
 46  0.19017  4.48537e-06 | 47  0.00108 -3.67221e-08 | 48  0.01667  1.91032e-08
 49  0.06542  1.33411e-04 | 50 -0.27870  6.18211e-06 | 51  0.12608 -4.86037e-06
 52 -0.27570  5.67752e-06 | 53  0.00147  1.14680e-05 | 54  0.04275 -1.20072e-06
 55 -0.10695 -4.85517e-06 | 56  0.00539 -1.18774e-06 | 57  0.36029 -2.71509e-07
 58  0.01213 -1.58333e-06 |
Warning: the following parameters had issues
  selparm[15] is within 0.1% of upper bound: 2.00000e+01 < 8.99925e+01 < 9.00000e+01


 - final statistics:
58 variables; iteration 301; function evaluation 398
Function value 3.7841e+02; maximum gradient component mag 5.7816e-05
Exit code = 1;  converg criter 1.0000e-04
Var    Value     Gradient |Var    Value     Gradient |Var    Value     Gradient
  1  0.13688 -1.44295e-05 |  2 -0.02248  3.48265e-07 |  3  0.00211  8.84918e-07
  4  0.04815  1.07423e-07 |  5  0.04042  2.27283e-06 |  6  0.00211  4.62086e-06
  7 -0.01060  6.01895e-06 |  8  0.01290  8.56650e-06 |  9  0.00315  8.24956e-06
 10 -0.05015  4.18420e-06 | 11  0.00549  2.66853e-06 | 12  0.00696 -7.33239e-07
 13  0.07539 -1.08100e-05 | 14 -0.00260 -3.58373e-06 | 15  0.01066 -7.02187e-06
 16  0.01565 -6.24187e-06 | 17 -0.03933 -3.27956e-06 | 18  0.05043 -3.68753e-06
 19  0.06928 -1.86562e-06 | 20 -0.04895  2.92938e-08 | 21 -0.03661  1.13265e-06
 22  0.10701 -2.68917e-06 | 23 -0.04135 -8.54724e-07 | 24 -0.11914 -2.47115e-06
 25 -0.07603 -1.83634e-06 | 26 -0.03115 -3.48434e-06 | 27 -0.01777 -2.32575e-07
 28 -0.02325  1.45142e-06 | 29  0.00373  2.44320e-06 | 30  0.04275  3.50688e-06
 31  0.02314  1.47124e-06 | 32 -0.03472 -7.70576e-06 | 33 -1.37359 -1.52123e-08
 34  0.03950  4.78450e-06 | 35  0.51472 -1.85332e-07 | 36 -0.04668 -4.29603e-06
 37  0.02847 -1.41465e-05 | 38 -0.56176 -1.86088e-08 | 39  0.04154  1.23871e-05
 40  0.63620 -1.66430e-06 | 41 -0.08523  1.76586e-06 | 42 -0.27518 -1.04325e-06
 43 -0.62737  3.03461e-07 | 44  0.98686  6.66417e-07 | 45  0.06140  8.89072e-08
 46  0.19017  4.01066e-07 | 47  0.00109 -1.76577e-08 | 48  0.01667  2.00929e-09
 49  0.06542  5.78159e-05 | 50 -0.27871  2.61795e-06 | 51  0.12608 -1.19960e-06
 52 -0.27569  2.62923e-06 | 53  0.00147  2.52519e-06 | 54  0.04275  1.72062e-06
 55 -0.10695  1.25451e-06 | 56  0.00539 -3.20169e-07 | 57  0.36029  1.24407e-07
 58  0.01213  5.91117e-07 |
Estimating row 1 out of 58 for hessian
Estimating row 2 out of 58 for hessian
Estimating row 3 out of 58 for hessian
Estimating row 4 out of 58 for hessian
Estimating row 5 out of 58 for hessian
Estimating row 6 out of 58 for hessian
Estimating row 7 out of 58 for hessian
Estimating row 8 out of 58 for hessian
Estimating row 9 out of 58 for hessian
Estimating row 10 out of 58 for hessian
Estimating row 11 out of 58 for hessian
Estimating row 12 out of 58 for hessian
Estimating row 13 out of 58 for hessian
Estimating row 14 out of 58 for hessian
Estimating row 15 out of 58 for hessian
Estimating row 16 out of 58 for hessian
Estimating row 17 out of 58 for hessian
Estimating row 18 out of 58 for hessian
Estimating row 19 out of 58 for hessian
Estimating row 20 out of 58 for hessian
Estimating row 21 out of 58 for hessian
Estimating row 22 out of 58 for hessian
Estimating row 23 out of 58 for hessian
Estimating row 24 out of 58 for hessian
Estimating row 25 out of 58 for hessian
Estimating row 26 out of 58 for hessian
Estimating row 27 out of 58 for hessian
Estimating row 28 out of 58 for hessian
Estimating row 29 out of 58 for hessian
Estimating row 30 out of 58 for hessian
Estimating row 31 out of 58 for hessian
Estimating row 32 out of 58 for hessian
Estimating row 33 out of 58 for hessian
Estimating row 34 out of 58 for hessian
Estimating row 35 out of 58 for hessian
Estimating row 36 out of 58 for hessian
Estimating row 37 out of 58 for hessian
Estimating row 38 out of 58 for hessian
Estimating row 39 out of 58 for hessian
Estimating row 40 out of 58 for hessian
Estimating row 41 out of 58 for hessian
Estimating row 42 out of 58 for hessian
Estimating row 43 out of 58 for hessian
Estimating row 44 out of 58 for hessian
Estimating row 45 out of 58 for hessian
Estimating row 46 out of 58 for hessian
Estimating row 47 out of 58 for hessian
Estimating row 48 out of 58 for hessian
Estimating row 49 out of 58 for hessian
Estimating row 50 out of 58 for hessian
Estimating row 51 out of 58 for hessian
Estimating row 52 out of 58 for hessian
Estimating row 53 out of 58 for hessian
Estimating row 54 out of 58 for hessian
Estimating row 55 out of 58 for hessian
Estimating row 56 out of 58 for hessian
Estimating row 57 out of 58 for hessian
Estimating row 58 out of 58 for hessian
size of file gradfil1.tmp = 0
size of file gradfil2.tmp = 0
size of file varssave.tmp = 0
size of file cmpdiff.tmp = 0
