
Initial statistics: 1 variables; iteration 0; function evaluation 0; phase 1
Function value 6.6903766e+02; maximum gradient component mag -1.5009e+05
Var    Value     Gradient |Var    Value     Gradient |Var    Value     Gradient
  1  0.05958 -1.50086e+05 |

 - final statistics:
1 variables; iteration 4; function evaluation 9
Function value 6.5700e+02; maximum gradient component mag -7.7130e-03
Exit code = 1;  converg criter 1.0000e+01
Var    Value     Gradient |Var    Value     Gradient |Var    Value     Gradient
  1  0.05969 -7.71300e-03 |

Initial statistics: 11 variables; iteration 0; function evaluation 0; phase 2
Function value 6.5699547e+02; maximum gradient component mag 4.9472e+01
Var    Value     Gradient |Var    Value     Gradient |Var    Value     Gradient
  1  0.05969 -7.71304e-03 |  2 -0.17298  4.87742e+01 |  3 -0.56788  1.72711e-02
  4 -0.06251  7.11806e+00 |  5 -0.56691  7.16174e-02 |  6 -0.37714 -1.22953e+01
  7  0.76130 -4.95081e-01 |  8 -0.03025  4.94723e+01 |  9 -0.52427 -2.93345e-04
 10  0.05422  4.79319e+01 | 11 -0.55402 -1.53648e-02 |

Intermediate statistics: 11 variables; iteration 20; function evaluation 52; phase 2
Function value 6.5313286e+02; maximum gradient component mag 5.3891e+03
Var    Value     Gradient |Var    Value     Gradient |Var    Value     Gradient
  1  0.05946  5.38906e+03 |  2 -0.16968  1.00103e+02 |  3 -1.46831 -3.13966e-02
  4 -0.06063  5.41629e+02 |  5 -0.83412 -8.71263e-03 |  6 -0.36216  4.51755e-01
  7  1.13063  1.36354e-01 |  8 -0.08562  1.98119e+01 |  9 -0.13846  1.77448e+00
 10  0.00629 -7.11300e+00 | 11 -0.12712  5.29487e+00 |
11 variables; iteration 40; function evaluation 77; phase 2
Function value 6.5190316e+02; maximum gradient component mag 1.3255e+02
Var    Value     Gradient |Var    Value     Gradient |Var    Value     Gradient
  1  0.05943  1.32551e+02 |  2 -0.17152  2.05163e+00 |  3 -1.24119  7.35767e-03
  4 -0.05989  1.32621e+01 |  5 -0.72514 -2.35943e-04 |  6 -0.36092  2.89192e-02
  7  0.96763  1.48584e-03 |  8 -0.33845  1.87749e-02 |  9 -0.06386 -1.31569e-02
 10  0.01239 -1.84434e-01 | 11 -0.13144 -1.21837e-01 |

 - final statistics:
11 variables; iteration 43; function evaluation 80
Function value 6.5190e+02; maximum gradient component mag 8.6725e-01
Exit code = 1;  converg criter 1.0000e+01
Var    Value     Gradient |Var    Value     Gradient |Var    Value     Gradient
  1  0.05943 -8.45040e-02 |  2 -0.17149  8.67255e-01 |  3 -1.30118  4.97690e-03
  4 -0.05989  1.06548e-01 |  5 -0.72319 -1.40895e-04 |  6 -0.36095 -2.72081e-02
  7  0.96444 -1.06908e-02 |  8 -0.33817  5.99466e-02 |  9 -0.06389  2.94460e-01
 10  0.01244 -1.42885e-01 | 11 -0.13148 -2.25431e-01 |

Initial statistics: 52 variables; iteration 0; function evaluation 0; phase 3
Function value 6.5190283e+02; maximum gradient component mag 2.0933e+03
Var    Value     Gradient |Var    Value     Gradient |Var    Value     Gradient
  1  0.05943 -8.45040e-02 |  2  0.00000  1.84182e+02 |  3  0.00000  7.50501e+01
  4  0.00000 -2.25703e+02 |  5  0.00000 -3.24648e+02 |  6  0.00000 -3.99762e+02
  7  0.00000 -2.25877e+01 |  8  0.00000 -1.13648e+02 |  9  0.00000 -2.31259e+02
 10  0.00000  3.33015e+02 | 11  0.00000  1.78046e+02 | 12  0.00000 -4.49053e+02
 13  0.00000 -8.87350e+02 | 14  0.00000 -1.01484e+03 | 15  0.00000 -6.74522e+02
 16  0.00000 -2.83667e+02 | 17  0.00000 -4.09235e+02 | 18  0.00000 -3.31595e+02
 19  0.00000 -1.23071e+03 | 20  0.00000 -1.63732e+03 | 21  0.00000  1.38656e+03
 22  0.00000 -2.38397e+02 | 23  0.00000 -5.58013e+02 | 24  0.00000  2.09334e+03
 25  0.00000  1.81827e+03 | 26  0.00000  1.61662e+03 | 27  0.00000  1.21566e+03
 28  0.00000  1.31569e+02 | 29 -0.17149  8.67255e-01 | 30 -0.69882 -4.97690e-03
 31  0.01836  1.49503e+01 | 32  0.68107  1.37602e+01 | 33 -0.10603  1.02117e+02
 34 -0.05989  1.06548e-01 | 35 -0.72319 -1.40895e-04 | 36  0.05888  3.23048e+02
 37  0.70419  1.76179e+02 | 38 -0.41135  7.95387e-03 | 39 -0.36095 -2.72081e-02
 40 -0.63227  5.67002e+00 | 41  0.96444 -1.06908e-02 | 42  0.02708  4.59093e+00
 43 -0.33817  5.99466e-02 | 44 -0.06389  2.94460e-01 | 45  0.15728  3.87379e-01
 46  0.02071 -9.05027e-01 | 47 -0.03020  4.06795e+02 | 48  0.01244 -1.42885e-01
 49 -0.13148 -2.25431e-01 | 50  0.03830 -8.34838e+00 | 51  0.48490 -4.93731e+00
 52 -0.06473  2.81957e+01 |

Intermediate statistics: 52 variables; iteration 20; function evaluation 29; phase 3
Function value 3.4839669e+02; maximum gradient component mag -7.4598e+03
Var    Value     Gradient |Var    Value     Gradient |Var    Value     Gradient
  1  0.05338 -7.45984e+03 |  2  0.01415  1.77087e+02 |  3 -0.03958  1.78082e+02
  4  0.07225  2.75436e+02 |  5  0.03822  2.44792e+02 |  6  0.06579  2.55904e+02
  7 -0.07890  9.91325e+01 |  8  0.02065  1.58502e+02 |  9  0.02232  2.31229e+02
 10 -0.00767  4.41274e+01 | 11 -0.02137 -2.71748e-01 | 12  0.01908  5.42718e+00
 13  0.02283 -7.49996e+01 | 14  0.04404 -1.09073e+02 | 15  0.00496 -1.93708e+02
 16 -0.01178 -2.66707e+02 | 17  0.01592 -2.61254e+02 | 18 -0.02786 -3.68206e+02
 19  0.04271 -4.26948e+02 | 20  0.04543 -4.51511e+02 | 21 -0.02158 -6.74330e+02
 22  0.00645  2.01032e+02 | 23  0.07423  3.57656e+02 | 24 -0.07266  1.10252e+02
 25 -0.06713  7.07983e+01 | 26 -0.05781  7.69212e+01 | 27 -0.02680  1.14611e+02
 28 -0.07778  1.42857e+02 | 29 -0.16854 -4.08315e+01 | 30 -0.69879 -6.44309e-03
 31  0.02080  6.60147e+00 | 32  0.67391 -2.22442e+01 | 33 -0.09260 -5.77619e+01
 34 -0.06212 -7.87081e+02 | 35 -0.72316 -1.50019e-02 | 36  0.03708  1.93431e+02
 37  0.69102 -3.87661e+02 | 38 -0.41131 -6.36302e-02 | 39 -0.34049  4.91090e-01
 40 -0.65251  3.00582e+00 | 41  0.96441 -5.54717e-03 | 42  0.01146  4.63734e+00
 43 -0.31767 -1.14740e+01 | 44 -0.07076 -3.82468e+01 | 45  0.14170  5.15073e+00
 46  0.02142 -1.68994e+00 | 47  0.00892  5.30264e+01 | 48  0.02696  2.06222e+01
 49 -0.16630  2.52625e+01 | 50  0.02474 -1.71628e+00 | 51  0.46770  1.40680e+01
 52 -0.04652  3.58664e+01 |
52 variables; iteration 40; function evaluation 53; phase 3
Function value 3.4687082e+02; maximum gradient component mag -6.3203e+03
Var    Value     Gradient |Var    Value     Gradient |Var    Value     Gradient
  1  0.05355 -6.32027e+03 |  2  0.01394  1.59656e+02 |  3 -0.04256  1.57214e+02
  4  0.07108  2.76693e+02 |  5  0.04162  2.61178e+02 |  6  0.06552  2.65864e+02
  7 -0.08000  9.11120e+01 |  8  0.02193  1.73300e+02 |  9  0.02114  2.30258e+02
 10 -0.00609  6.41505e+01 | 11 -0.02316 -1.64537e+01 | 12  0.01871 -6.66927e+00
 13  0.02320 -8.00660e+01 | 14  0.04604 -1.14115e+02 | 15  0.00235 -2.22637e+02
 16 -0.01002 -2.75124e+02 | 17  0.01505 -2.90810e+02 | 18 -0.02798 -3.89297e+02
 19  0.04274 -4.37626e+02 | 20  0.04599 -4.34697e+02 | 21 -0.02217 -6.53266e+02
 22  0.00617  2.07506e+02 | 23  0.07466  3.88497e+02 | 24 -0.06914  1.19754e+02
 25 -0.06842  8.64807e+01 | 26 -0.05711  1.01017e+02 | 27 -0.02719  1.34214e+02
 28 -0.07798  1.31191e+02 | 29 -0.15078 -1.73443e+01 | 30 -0.69852 -6.06536e-03
 31  0.04001  1.65025e+01 | 32  0.63722 -2.78840e+01 | 33 -0.08432 -3.47806e+01
 34 -0.06572 -6.90221e+02 | 35 -0.72291 -1.40545e-02 | 36  0.03570  1.58381e+02
 37  0.69492 -3.44020e+02 | 38 -0.41084 -5.77800e-02 | 39 -0.34177 -1.01728e+00
 40 -0.70647 -7.06017e+00 | 41  0.96253  3.65223e-01 | 42 -0.10806 -5.23105e+00
 43 -0.14147  8.28884e+00 | 44 -0.09803  4.96822e+01 | 45  0.12833 -3.56990e+00
 46  0.01115  1.09284e+01 | 47  0.00412  7.92029e+01 | 48  0.05234  3.26243e+01
 49 -0.16741  2.37471e+01 | 50  0.04808  4.30149e+00 | 51  0.38983  7.38819e+00
 52 -0.04543  1.77178e+01 |
52 variables; iteration 60; function evaluation 86; phase 3
Function value 3.2349269e+02; maximum gradient component mag -2.2149e+03
Var    Value     Gradient |Var    Value     Gradient |Var    Value     Gradient
  1  0.05473 -2.21487e+03 |  2  0.01485 -2.48311e+01 |  3 -0.05664 -3.14527e+01
  4  0.06661 -2.30461e+01 |  5  0.02809 -4.25861e+01 |  6  0.05550 -4.22571e+01
  7 -0.06329 -5.30254e+01 |  8  0.02020 -4.71805e+01 |  9  0.01653 -4.39715e+01
 10 -0.00808 -5.75582e+01 | 11 -0.02205 -3.79639e+01 | 12  0.01607 -4.76163e+01
 13  0.02256 -3.63889e+01 | 14  0.03641 -3.36624e+01 | 15  0.00753 -2.87359e+01
 16 -0.00761 -2.85946e+01 | 17  0.00649 -7.25012e+00 | 18 -0.01683 -8.08654e+00
 19  0.04021  4.01100e+01 | 20  0.04209  1.26175e+02 | 21 -0.00259 -4.03797e+01
 22 -0.00264  9.78147e+01 | 23  0.05502  8.29514e+01 | 24 -0.05564  6.08099e+01
 25 -0.06552  6.38418e+01 | 26 -0.05853  6.21265e+01 | 27 -0.03080  4.91485e+01
 28 -0.03811  4.93479e+01 | 29 -0.17434 -4.18293e+01 | 30 -0.60153 -4.27090e-03
 31  0.01555  1.17312e+01 | 32  0.68124 -1.95905e+01 | 33 -0.10273 -3.73888e+01
 34 -0.05751 -1.73324e+02 | 35 -0.59324 -1.22536e-02 | 36  0.06268  8.39286e+01
 37  0.68132 -5.53120e+01 | 38 -0.10010 -1.83949e+00 | 39 -0.35184 -1.48267e+00
 40 -0.67148  3.25678e-01 | 41  0.88115  1.79207e-02 | 42 -0.09301 -2.06095e-01
 43 -0.07314  2.51673e+00 | 44 -0.13475  1.80882e+01 | 45  0.14561  3.20118e+00
 46 -0.02114  2.83132e+00 | 47 -0.02093  7.55942e-02 | 48  0.03712 -2.41968e+00
 49 -0.17871  3.89834e+00 | 50  0.03773 -1.39072e+00 | 51  0.43246 -1.72748e+00
 52 -0.04947 -8.51408e+00 |
52 variables; iteration 80; function evaluation 113; phase 3
Function value 3.1952912e+02; maximum gradient component mag -3.5730e+02
Var    Value     Gradient |Var    Value     Gradient |Var    Value     Gradient
  1  0.05669 -3.57304e+02 |  2  0.00777  9.55521e+00 |  3 -0.04060  1.12983e+01
  4  0.05842  1.60645e+01 |  5  0.03345  1.44191e+01 |  6  0.04642  1.23910e+01
  7 -0.03515  1.10905e+01 |  8  0.01688  9.40853e+00 |  9  0.01390  1.10319e+01
 10 -0.00729  5.01902e+00 | 11 -0.02392  3.88718e+00 | 12  0.01488 -4.61037e-01
 13  0.02188 -6.61088e+00 | 14  0.03702 -1.38836e+01 | 15  0.00893 -1.50100e+01
 16 -0.00475 -1.65597e+01 | 17  0.00668 -1.73818e+01 | 18 -0.01524 -1.78622e+01
 19  0.04044 -2.46326e+01 | 20  0.03786 -2.62430e+01 | 21  0.00254 -2.10680e+01
 22 -0.00774  5.82839e+00 | 23  0.05727  4.10843e+00 | 24 -0.05491  1.01745e+01
 25 -0.06790  9.85120e+00 | 26 -0.06220  9.35205e+00 | 27 -0.03244  9.02186e+00
 28 -0.05228  8.40856e+00 | 29 -0.17424 -1.47565e+00 | 30 -0.74142 -6.94023e-03
 31  0.01602  9.79294e-01 | 32  0.68254 -8.26892e-02 | 33 -0.10635 -4.37657e+00
 34 -0.07685 -2.77637e+01 | 35 -0.14919  1.39085e+01 | 36  0.04988  1.12820e+01
 37  0.65507 -1.35468e+01 | 38 -0.11413  2.40907e+01 | 39 -0.35322 -1.84739e-01
 40 -0.67312  3.34230e-01 | 41  0.93361  4.09407e-02 | 42 -0.05633 -1.21885e+00
 43 -0.04233  2.84702e+00 | 44 -0.20525  2.19836e+00 | 45  0.15047 -1.25848e+00
 46  0.00007  4.05968e-01 | 47 -0.02741  1.09291e+00 | 48  0.04150 -7.23053e-01
 49 -0.28544  3.78000e-01 | 50  0.04081  9.03811e-02 | 51  0.46356 -7.08831e-02
 52 -0.05210  1.26196e+00 |
52 variables; iteration 100; function evaluation 139; phase 3
Function value 3.1915946e+02; maximum gradient component mag -5.5819e+02
Var    Value     Gradient |Var    Value     Gradient |Var    Value     Gradient
  1  0.05693 -5.58194e+02 |  2  0.00869  1.03045e+01 |  3 -0.04296  3.63624e+00
  4  0.05842  6.70864e+00 |  5  0.03216  2.36014e+00 |  6  0.04764  2.31201e+00
  7 -0.03977 -3.79565e+00 |  8  0.01768 -9.90404e-01 |  9  0.01412  6.00423e-01
 10 -0.00748 -3.71917e+00 | 11 -0.02360 -4.49920e+00 | 12  0.01452 -7.11338e+00
 13  0.02132 -1.03321e+01 | 14  0.03634 -1.14398e+01 | 15  0.00890 -1.13820e+01
 16 -0.00468 -1.17974e+01 | 17  0.00670 -1.14538e+01 | 18 -0.01508 -1.32121e+01
 19  0.04003 -1.36878e+01 | 20  0.03813 -1.12636e+01 | 21  0.00244 -2.21127e+01
 22 -0.00756  1.02916e+01 | 23  0.05691  1.31086e+01 | 24 -0.05401  1.73906e+01
 25 -0.06726  1.76614e+01 | 26 -0.06137  1.77644e+01 | 27 -0.03248  1.81632e+01
 28 -0.04787  1.59780e+01 | 29 -0.17293 -1.30827e+00 | 30 -1.57831 -6.53253e-02
 31  0.01705  9.03099e-01 | 32  0.67863 -2.16384e-01 | 33 -0.10323  3.44302e+00
 34 -0.08229 -5.66519e+01 | 35 -0.14516  3.51804e+00 | 36  0.04730  2.49735e+01
 37  0.66810 -2.44412e+01 | 38 -0.14466 -1.00317e+00 | 39 -0.35341 -5.43453e-01
 40 -0.67491 -7.92785e-03 | 41  0.94841 -6.10919e-03 | 42 -0.01890  8.51556e-01
 43 -0.03827 -3.15042e-01 | 44 -0.27830  2.73620e-01 | 45  0.15176 -3.66668e-01
 46  0.00578 -6.00865e-01 | 47 -0.02786 -1.69274e-01 | 48  0.04299 -1.57358e-01
 49 -0.42291  1.64276e-02 | 50  0.04192 -3.31963e-01 | 51  0.46473 -4.19187e-01
 52 -0.05191 -1.56790e+00 |
52 variables; iteration 120; function evaluation 165; phase 3
Function value 3.1896913e+02; maximum gradient component mag -6.0721e+02
Var    Value     Gradient |Var    Value     Gradient |Var    Value     Gradient
  1  0.05712 -6.07206e+02 |  2  0.00920  3.29705e+00 |  3 -0.04181 -6.48078e-01
  4  0.05747 -4.43192e+00 |  5  0.03241 -5.94774e+00 |  6  0.04708 -7.84941e+00
  7 -0.03819 -6.54889e+00 |  8  0.01776 -7.80493e+00 |  9  0.01412 -8.29528e+00
 10 -0.00735 -6.16607e+00 | 11 -0.02360 -4.31596e+00 | 12  0.01456 -5.02626e+00
 13  0.02142 -3.72536e+00 | 14  0.03668 -1.86556e+00 | 15  0.00914 -1.51553e+00
 16 -0.00427 -1.17865e+00 | 17  0.00686 -5.81257e-01 | 18 -0.01486 -3.14735e+00
 19  0.04031 -1.32367e+00 | 20  0.03818 -4.26917e+00 | 21  0.00258 -1.47490e+01
 22 -0.00763  1.10275e+01 | 23  0.05743  1.39842e+01 | 24 -0.05460  1.29649e+01
 25 -0.06760  1.23683e+01 | 26 -0.06193  1.17223e+01 | 27 -0.03281  1.13043e+01
 28 -0.05070  1.20093e+01 | 29 -0.17401 -1.44654e+01 | 30 -0.80301 -9.72344e-03
 31  0.01618  3.21339e+00 | 32  0.68087 -8.00015e+00 | 33 -0.10541 -1.17418e+01
 34 -0.08155 -6.30914e+01 | 35 -0.15109 -2.87459e+00 | 36  0.04697  2.36813e+01
 37  0.67294 -2.62295e+01 | 38 -0.14529 -1.27602e+00 | 39 -0.35365 -4.66224e-01
 40 -0.67465  6.68849e-02 | 41  0.92432 -7.30586e-02 | 42  0.07142  2.54604e+00
 43 -0.03417 -3.04758e+00 | 44 -0.50137 -1.56372e-03 | 45  0.15342  1.04826e+00
 46 -0.00260 -2.33639e+00 | 47 -0.02804 -3.21706e+00 | 48  0.04241 -3.54163e-01
 49 -0.86588 -1.46595e-02 | 50  0.04132  7.14359e-01 | 51  0.46546  2.22930e-01
 52 -0.05256  2.14437e+00 |
52 variables; iteration 140; function evaluation 194; phase 3
Function value 3.1822848e+02; maximum gradient component mag -5.1977e+02
Var    Value     Gradient |Var    Value     Gradient |Var    Value     Gradient
  1  0.05716 -5.19766e+02 |  2  0.00810  1.10880e+00 |  3 -0.04202  4.32045e-01
  4  0.05783  2.89437e-01 |  5  0.03248 -1.57288e+00 |  6  0.04699 -2.73551e+00
  7 -0.03784 -3.16365e+00 |  8  0.01772 -3.08561e+00 |  9  0.01397 -3.46060e+00
 10 -0.00737 -3.59995e+00 | 11 -0.02372 -2.61367e+00 | 12  0.01447 -3.53425e+00
 13  0.02141 -3.81975e+00 | 14  0.03651 -3.70095e+00 | 15  0.00921 -3.33204e+00
 16 -0.00423 -3.05539e+00 | 17  0.00680 -3.33975e+00 | 18 -0.01458 -4.37508e+00
 19  0.04020 -5.00961e+00 | 20  0.03812 -5.63058e+00 | 21  0.00274 -1.29187e+01
 22 -0.00780  8.28954e+00 | 23  0.05729  7.81189e+00 | 24 -0.05395  9.67573e+00
 25 -0.06776  9.82784e+00 | 26 -0.06172  1.01764e+01 | 27 -0.03280  1.03142e+01
 28 -0.05018  1.09069e+01 | 29 -0.17347 -5.89630e+00 | 30 -0.58414 -9.97242e-04
 31  0.01670  1.96228e+00 | 32  0.68044 -3.06156e+00 | 33 -0.10493 -5.22348e+00
 34 -0.07361 -5.25435e+01 | 35 -0.17487 -9.62713e-01 | 36  0.05209  1.99196e+01
 37  0.68386 -2.14727e+01 | 38 -0.15358 -1.48688e-01 | 39 -0.35350 -1.39814e-01
 40 -0.67521 -6.69695e-03 | 41  0.94727  1.60121e-02 | 42 -0.03158  1.07626e-01
 43 -0.04667 -1.24895e-02 | 44 -0.95149 -4.10516e-02 | 45  0.14883  2.79130e-02
 46  0.02486  2.67662e-01 | 47 -0.02880 -1.00523e+00 | 48  0.04141 -7.34407e-01
 49 -1.73535 -6.06349e-01 | 50  0.04048 -7.58701e-02 | 51  0.46156 -3.40632e-01
 52 -0.05271 -1.58126e+00 |
52 variables; iteration 160; function evaluation 220; phase 3
Function value 3.1771459e+02; maximum gradient component mag -1.9430e+02
Var    Value     Gradient |Var    Value     Gradient |Var    Value     Gradient
  1  0.05801 -1.94302e+02 |  2  0.00639 -3.05096e+00 |  3 -0.04151 -1.76982e-01
  4  0.05662 -3.42751e+00 |  5  0.03287 -2.28798e+00 |  6  0.04598 -6.03431e+00
  7 -0.03579 -1.39009e+00 |  8  0.01722 -4.48562e+00 |  9  0.01361 -2.12292e+00
 10 -0.00727 -7.61916e-01 | 11 -0.02451  2.16020e+00 | 12  0.01409  1.01233e+00
 13  0.02122  1.38693e+00 | 14  0.03674  6.90675e-01 | 15  0.00970  1.51419e+00
 16 -0.00356  9.53790e-01 | 17  0.00695 -5.09718e-01 | 18 -0.01458 -9.07659e-02
 19  0.04061 -2.02585e+00 | 20  0.03842 -2.63986e+00 | 21  0.00238 -6.08563e+00
 22 -0.00788  9.97504e+00 | 23  0.05837  2.89009e+00 | 24 -0.05539  3.47195e-01
 25 -0.06846  1.34040e+00 | 26 -0.06315  2.00567e+00 | 27 -0.03364  3.50457e+00
 28 -0.04561  5.63914e+00 | 29 -0.17416  3.17327e+00 | 30 -1.66682 -4.82452e-01
 31  0.01630  6.41312e-01 | 32  0.68133  2.39824e+00 | 33 -0.10614 -1.21556e+00
 34 -0.06979 -1.27620e+01 | 35 -0.19915  6.25100e+00 | 36  0.05462  6.91000e+00
 37  0.69452 -4.88388e+00 | 38 -0.19626  2.93896e-01 | 39 -0.35458  2.13055e-01
 40 -0.67645 -9.75582e-02 | 41  1.45119  2.18415e-01 | 42 -0.07207 -8.64000e-01
 43 -0.03335 -1.21360e-01 | 44 -1.51668 -9.51751e-04 | 45  0.15378  3.29576e-01
 46 -0.00066 -1.70435e+00 | 47 -0.02931 -4.13429e+00 | 48  0.04146 -4.40909e-01
 49 -1.69888 -2.66303e-01 | 50  0.04015 -9.00060e-01 | 51  0.46348 -4.93190e-01
 52 -0.05397 -1.45418e+00 |
52 variables; iteration 180; function evaluation 241; phase 3
Function value 3.1729109e+02; maximum gradient component mag -2.2885e+02
Var    Value     Gradient |Var    Value     Gradient |Var    Value     Gradient
  1  0.05809 -2.28855e+02 |  2  0.00693 -5.01100e-02 |  3 -0.04204 -3.51615e-01
  4  0.05704 -1.81990e-01 |  5  0.03270 -1.03975e+00 |  6  0.04687 -1.33461e+00
  7 -0.03680 -1.67833e+00 |  8  0.01778 -1.57955e+00 |  9  0.01347 -2.04023e+00
 10 -0.00720 -1.90891e+00 | 11 -0.02472 -1.72821e+00 | 12  0.01416 -1.73519e+00
 13  0.02121 -1.88991e+00 | 14  0.03693 -1.62604e+00 | 15  0.00969 -1.45176e+00
 16 -0.00348 -1.15870e+00 | 17  0.00713 -1.17139e+00 | 18 -0.01437 -1.73144e+00
 19  0.04068 -1.42074e+00 | 20  0.03843 -2.09686e+00 | 21  0.00255 -5.35113e+00
 22 -0.00865  3.64917e+00 | 23  0.05852  4.38751e+00 | 24 -0.05382  4.68968e+00
 25 -0.06839  4.74402e+00 | 26 -0.06305  4.74636e+00 | 27 -0.03366  4.73475e+00
 28 -0.04803  4.75426e+00 | 29 -0.17375 -4.00691e+00 | 30 -1.26011  6.92940e-03
 31  0.01653  1.05732e+00 | 32  0.68041 -2.16933e+00 | 33 -0.10558 -2.89604e+00
 34 -0.06485 -2.59169e+01 | 35 -0.34182  9.72932e-02 | 36  0.05744  9.26543e+00
 37  0.70034 -1.07026e+01 | 38 -0.18492  4.57829e-01 | 39 -0.35514 -9.50842e-02
 40 -0.67593 -4.19220e-03 | 41  0.93959  2.65548e-03 | 42 -0.01639  6.95658e-02
 43 -0.05027 -1.77337e-01 | 44 -1.74310 -6.04930e-01 | 45  0.14816  5.82628e-03
 46  0.02678  1.26994e-01 | 47 -0.03012 -3.27564e-01 | 48  0.04181 -4.76823e-01
 49 -1.04811  4.13917e-02 | 50  0.04067  1.03199e-01 | 51  0.46719 -1.43601e-01
 52 -0.05466 -6.85098e-01 |
52 variables; iteration 200; function evaluation 265; phase 3
Function value 3.1721094e+02; maximum gradient component mag -1.6721e+02
Var    Value     Gradient |Var    Value     Gradient |Var    Value     Gradient
  1  0.05835 -1.67211e+02 |  2  0.00665 -7.42715e+00 |  3 -0.04176 -4.99333e+00
  4  0.05673 -9.51114e+00 |  5  0.03249 -9.88484e+00 |  6  0.04655 -1.15744e+01
  7 -0.03633 -6.77575e+00 |  8  0.01768 -1.01080e+01 |  9  0.01361 -9.20176e+00
 10 -0.00720 -7.22139e+00 | 11 -0.02470 -2.28077e+00 | 12  0.01405 -3.18224e+00
 13  0.02128  1.28974e+00 | 14  0.03707  3.19864e+00 | 15  0.00999  4.32358e+00
 16 -0.00312  5.28115e+00 | 17  0.00742  8.08170e+00 | 18 -0.01394  8.22715e+00
 19  0.04086  8.91658e+00 | 20  0.03869  8.89954e+00 | 21  0.00254  3.27663e+00
 22 -0.00815  1.11046e+01 | 23  0.05867  3.71999e+00 | 24 -0.05377  3.58412e+00
 25 -0.06858  3.22205e+00 | 26 -0.06331  3.15932e+00 | 27 -0.03389  2.63408e+00
 28 -0.04971  9.62210e-01 | 29 -0.17371 -6.63887e+00 | 30 -1.54378 -2.50103e-02
 31  0.01664  1.48148e+00 | 32  0.67925 -2.36459e+00 | 33 -0.10422  2.62146e+00
 34 -0.06547 -1.75063e+01 | 35 -1.22535  8.37317e-03 | 36  0.05745  8.15766e+00
 37  0.70466 -5.72804e+00 | 38 -0.38528 -1.30196e-03 | 39 -0.35585 -1.49789e-01
 40 -0.67521  1.59279e-01 | 41  0.79009 -1.10693e-01 | 42 -0.00850  3.61432e-01
 43 -0.04332  3.14147e+00 | 44 -1.71523 -3.99961e-01 | 45  0.15085 -4.64956e-01
 46  0.02158  1.00308e+00 | 47 -0.03042  1.00273e-01 | 48  0.04193  4.45227e-01
 49 -0.35831  9.10933e-02 | 50  0.04062  1.22051e-02 | 51  0.46462  9.61746e-02
 52 -0.05477  2.51021e+00 |
52 variables; iteration 220; function evaluation 285; phase 3
Function value 3.1714912e+02; maximum gradient component mag -8.8071e+01
Var    Value     Gradient |Var    Value     Gradient |Var    Value     Gradient
  1  0.05865 -8.80714e+01 |  2  0.00620 -4.07325e-01 |  3 -0.04216 -3.29751e-01
  4  0.05662 -5.35255e-01 |  5  0.03278 -8.31718e-01 |  6  0.04678 -1.03126e+00
  7 -0.03627 -9.12066e-01 |  8  0.01779 -9.29514e-01 |  9  0.01320 -9.53392e-01
 10 -0.00713 -8.86559e-01 | 11 -0.02529 -5.40327e-01 | 12  0.01397 -5.58356e-01
 13  0.02109 -5.70626e-01 | 14  0.03718 -4.84528e-01 | 15  0.00998 -3.99155e-01
 16 -0.00304 -3.20385e-01 | 17  0.00734 -2.51280e-01 | 18 -0.01422 -4.22365e-01
 19  0.04095 -5.09650e-01 | 20  0.03862 -6.35496e-01 | 21  0.00241 -2.02420e+00
 22 -0.00908  2.07980e+00 | 23  0.05921  2.13932e+00 | 24 -0.05378  1.91967e+00
 25 -0.06878  1.90825e+00 | 26 -0.06381  1.86673e+00 | 27 -0.03414  1.85415e+00
 28 -0.04657  1.70147e+00 | 29 -0.17384 -1.26020e+00 | 30 -1.43171 -5.32876e-04
 31  0.01653  3.51110e-01 | 32  0.68062 -6.78030e-01 | 33 -0.10604 -1.19171e+00
 34 -0.06526 -8.66222e+00 | 35 -1.58608 -5.29304e-02 | 36  0.05719  3.31499e+00
 37  0.70341 -3.51723e+00 | 38 -0.26939  3.45114e-02 | 39 -0.35608 -2.08613e-02
 40 -0.67631  6.57604e-03 | 41  0.93620  6.32464e-03 | 42 -0.00612  8.17808e-03
 43 -0.04971  1.97759e-02 | 44 -1.70198 -2.45898e-01 | 45  0.14842 -1.68988e-02
 46  0.02934  1.82272e-02 | 47 -0.03109 -4.07187e-02 | 48  0.04154  1.27350e-01
 49 -0.46413  8.34804e-03 | 50  0.04036 -8.48153e-03 | 51  0.46773  5.16714e-02
 52 -0.05564  3.12204e-01 |
52 variables; iteration 240; function evaluation 306; phase 3
Function value 3.1712163e+02; maximum gradient component mag -1.7508e+01
Var    Value     Gradient |Var    Value     Gradient |Var    Value     Gradient
  1  0.05896 -1.75080e+01 |  2  0.00589 -2.17388e-02 |  3 -0.04213  7.00303e-02
  4  0.05647 -1.76662e-01 |  5  0.03284 -4.73983e-01 |  6  0.04686 -3.22475e-01
  7 -0.03604 -4.03212e-01 |  8  0.01785 -2.86685e-01 |  9  0.01307 -2.01313e-01
 10 -0.00705 -5.82470e-01 | 11 -0.02563 -1.41227e-02 | 12  0.01391 -2.61688e-01
 13  0.02110  6.71475e-02 | 14  0.03743  1.44945e-01 | 15  0.01019  2.49044e-01
 16 -0.00274  3.05052e-01 | 17  0.00753  6.67265e-01 | 18 -0.01408  6.58042e-01
 19  0.04117 -4.66251e-01 | 20  0.03877 -2.95572e-01 | 21  0.00231 -3.86113e-01
 22 -0.00930  1.06732e+00 | 23  0.05964 -3.19891e-01 | 24 -0.05362  6.42028e-01
 25 -0.06902  3.77597e-01 | 26 -0.06431  1.39995e-01 | 27 -0.03438 -8.64884e-02
 28 -0.04685 -4.96016e-01 | 29 -0.17385  4.02237e-01 | 30 -1.53196 -2.46507e-02
 31  0.01655 -1.17732e-01 | 32  0.68039  2.99502e-01 | 33 -0.10604  9.39961e-01
 34 -0.06523 -7.26693e-01 | 35 -1.44716 -1.59093e-03 | 36  0.05725  5.95897e-01
 37  0.70315 -4.21210e-02 | 38 -0.25531  9.23499e-02 | 39 -0.35666  4.74737e-02
 40 -0.67639  4.01858e-02 | 41  0.94994  2.23300e-02 | 42 -0.00082 -4.74700e-02
 43 -0.05028  2.91757e-02 | 44 -1.60609 -3.09346e-02 | 45  0.14829 -6.26322e-03
 46  0.03230  1.56730e-01 | 47 -0.03173  4.95020e-01 | 48  0.04140  3.01370e-01
 49 -0.45194  1.17823e-02 | 50  0.04025 -3.73688e-02 | 51  0.46796  7.91761e-02
 52 -0.05622  6.28678e-01 |
52 variables; iteration 260; function evaluation 326; phase 3
Function value 3.1711312e+02; maximum gradient component mag 1.9094e-01
Var    Value     Gradient |Var    Value     Gradient |Var    Value     Gradient
  1  0.05918  1.90941e-01 |  2  0.00554 -2.04889e-02 |  3 -0.04240 -1.14596e-02
  4  0.05631 -2.06272e-02 |  5  0.03288 -1.60288e-02 |  6  0.04683 -2.16958e-02
  7 -0.03600 -1.44826e-02 |  8  0.01780 -1.85042e-02 |  9  0.01292 -2.15836e-02
 10 -0.00704 -6.40966e-03 | 11 -0.02588 -3.68884e-03 | 12  0.01383  4.94676e-03
 13  0.02101 -1.13663e-04 | 14  0.03748  5.82151e-03 | 15  0.01022  2.35805e-03
 16 -0.00267  4.09995e-03 | 17  0.00753  3.22201e-03 | 18 -0.01416 -6.49397e-04
 19  0.04125 -8.40158e-05 | 20  0.03879 -1.59345e-02 | 21  0.00220 -8.30303e-03
 22 -0.00957  3.52076e-03 | 23  0.05989  4.90650e-02 | 24 -0.05374  2.13166e-02
 25 -0.06919  2.60997e-02 | 26 -0.06459  2.59085e-02 | 27 -0.03454  3.10492e-02
 28 -0.04481 -2.84727e-04 | 29 -0.17397 -2.55088e-02 | 30 -1.41193  8.73413e-04
 31  0.01648  2.98191e-03 | 32  0.68063 -1.79883e-02 | 33 -0.10645 -3.89436e-02
 34 -0.06545  1.64545e-02 | 35 -1.41800  7.71489e-04 | 36  0.05709 -5.06646e-04
 37  0.70330  1.25435e-02 | 38 -0.36292  1.81501e-03 | 39 -0.35700  3.38712e-03
 40 -0.67674 -9.48038e-04 | 41  0.92548 -2.65518e-04 | 42  0.00329  2.13495e-04
 43 -0.05008  2.18841e-03 | 44 -1.48824 -1.77903e-04 | 45  0.14837 -7.24843e-04
 46  0.03227 -2.04937e-03 | 47 -0.03200  1.16510e-02 | 48  0.04120  3.30790e-03
 49 -0.52812  1.00613e-04 | 50  0.04010  4.27486e-04 | 51  0.46850  2.10757e-03
 52 -0.05660  1.81719e-02 |
Warning: the following parameters had issues
  selparm[15] is within 1% of upper bound: 2.00000e+01 < 1.25641e+02 < 1.26000e+02


 - final statistics:
52 variables; iteration 276; function evaluation 342
Function value 3.1711e+02; maximum gradient component mag -2.6965e-05
Exit code = 1;  converg criter 1.0000e-04
Var    Value     Gradient |Var    Value     Gradient |Var    Value     Gradient
  1  0.05918 -2.69653e-05 |  2  0.00555 -1.23750e-05 |  3 -0.04240 -6.20084e-06
  4  0.05631 -6.55907e-06 |  5  0.03287  2.64401e-06 |  6  0.04683  4.56084e-07
  7 -0.03600  4.80679e-06 |  8  0.01780  1.23093e-06 |  9  0.01292  8.62770e-07
 10 -0.00704  1.58021e-05 | 11 -0.02588  9.91547e-06 | 12  0.01383  7.29661e-06
 13  0.02101  2.45793e-06 | 14  0.03747 -2.95700e-06 | 15  0.01022 -7.95187e-06
 16 -0.00267 -6.32803e-06 | 17  0.00753 -1.67471e-05 | 18 -0.01416 -7.81087e-06
 19  0.04125  4.68565e-06 | 20  0.03879  1.41386e-05 | 21  0.00221  1.92728e-05
 22 -0.00957 -3.49071e-06 | 23  0.05988  4.15906e-06 | 24 -0.05374 -6.36617e-06
 25 -0.06919 -2.41446e-06 | 26 -0.06459 -2.52356e-06 | 27 -0.03454 -3.50493e-06
 28 -0.04483  1.43711e-06 | 29 -0.17397 -3.76913e-06 | 30 -1.42388 -5.85827e-08
 31  0.01648  1.99764e-06 | 32  0.68062 -9.40681e-07 | 33 -0.10644  4.75408e-06
 34 -0.06546 -8.22826e-06 | 35 -1.42863  4.04695e-08 | 36  0.05708  4.20318e-06
 37  0.70330 -2.00330e-06 | 38 -0.38375  2.80826e-08 | 39 -0.35700 -1.87143e-06
 40 -0.67674 -8.55639e-07 | 41  0.92583 -5.27397e-08 | 42  0.00326  4.66714e-07
 43 -0.05009 -4.05535e-06 | 44 -1.48572 -3.10826e-09 | 45  0.14836  1.52171e-06
 46  0.03228 -1.55476e-06 | 47 -0.03200 -5.45109e-06 | 48  0.04121 -5.83413e-06
 49 -0.52948 -5.54036e-08 | 50  0.04010  1.70384e-06 | 51  0.46850 -2.21209e-06
 52 -0.05659 -1.58556e-05 |
Estimating row 1 out of 52 for hessian
Estimating row 2 out of 52 for hessian
Estimating row 3 out of 52 for hessian
Estimating row 4 out of 52 for hessian
Estimating row 5 out of 52 for hessian
Estimating row 6 out of 52 for hessian
Estimating row 7 out of 52 for hessian
Estimating row 8 out of 52 for hessian
Estimating row 9 out of 52 for hessian
Estimating row 10 out of 52 for hessian
Estimating row 11 out of 52 for hessian
Estimating row 12 out of 52 for hessian
Estimating row 13 out of 52 for hessian
Estimating row 14 out of 52 for hessian
Estimating row 15 out of 52 for hessian
Estimating row 16 out of 52 for hessian
Estimating row 17 out of 52 for hessian
Estimating row 18 out of 52 for hessian
Estimating row 19 out of 52 for hessian
Estimating row 20 out of 52 for hessian
Estimating row 21 out of 52 for hessian
Estimating row 22 out of 52 for hessian
Estimating row 23 out of 52 for hessian
Estimating row 24 out of 52 for hessian
Estimating row 25 out of 52 for hessian
Estimating row 26 out of 52 for hessian
Estimating row 27 out of 52 for hessian
Estimating row 28 out of 52 for hessian
Estimating row 29 out of 52 for hessian
Estimating row 30 out of 52 for hessian
Estimating row 31 out of 52 for hessian
Estimating row 32 out of 52 for hessian
Estimating row 33 out of 52 for hessian
Estimating row 34 out of 52 for hessian
Estimating row 35 out of 52 for hessian
Estimating row 36 out of 52 for hessian
Estimating row 37 out of 52 for hessian
Estimating row 38 out of 52 for hessian
Estimating row 39 out of 52 for hessian
Estimating row 40 out of 52 for hessian
Estimating row 41 out of 52 for hessian
Estimating row 42 out of 52 for hessian
Estimating row 43 out of 52 for hessian
Estimating row 44 out of 52 for hessian
Estimating row 45 out of 52 for hessian
Estimating row 46 out of 52 for hessian
Estimating row 47 out of 52 for hessian
Estimating row 48 out of 52 for hessian
Estimating row 49 out of 52 for hessian
Estimating row 50 out of 52 for hessian
Estimating row 51 out of 52 for hessian
Estimating row 52 out of 52 for hessian
size of file gradfil1.tmp = 0
size of file gradfil2.tmp = 0
size of file varssave.tmp = 0
size of file cmpdiff.tmp = 0
