
Initial statistics: 1 variables; iteration 0; function evaluation 0; phase 1
Function value 4.8941165e+02; maximum gradient component mag -8.2494e+02
Var    Value     Gradient |Var    Value     Gradient |Var    Value     Gradient
  1  0.14781 -8.24945e+02 |

 - final statistics:
1 variables; iteration 8; function evaluation 10
Function value 4.7411e+02; maximum gradient component mag -6.2223e+00
Exit code = 1;  converg criter 1.0000e+01
Var    Value     Gradient |Var    Value     Gradient |Var    Value     Gradient
  1  0.23740 -6.22234e+00 |

Initial statistics: 12 variables; iteration 0; function evaluation 0; phase 2
Function value 4.7410728e+02; maximum gradient component mag 4.6547e+02
Var    Value     Gradient |Var    Value     Gradient |Var    Value     Gradient
  1  0.23740 -6.22234e+00 |  2 -0.03971  4.65472e+02 |  3 -0.62785  6.90457e-03
  4  0.02489  3.37925e+02 |  5 -0.56343  1.49679e-02 |  6 -0.28011  4.89540e+01
  7  0.98656  8.78944e-02 |  8  0.06145 -2.28896e-04 |  9  0.03525  1.56920e+02
 10 -0.56081  1.85267e-02 | 11  0.04226  6.57642e+01 | 12 -0.11149  2.42989e+01

 - final statistics:
12 variables; iteration 14; function evaluation 21
Function value 4.6467e+02; maximum gradient component mag -5.6281e+00
Exit code = 1;  converg criter 1.0000e+01
Var    Value     Gradient |Var    Value     Gradient |Var    Value     Gradient
  1  0.51398 -7.95410e-01 |  2 -0.05555 -5.62809e+00 |  3 -0.61780 -5.24566e-04
  4  0.00717 -2.10850e+00 |  5 -0.58288  3.46508e-04 |  6 -0.29555  6.87595e-02
  7  0.97681  4.55558e-03 |  8  0.06246  3.02243e-04 |  9  0.01601 -5.42127e+00
 10 -0.47783 -2.91950e-03 | 11  0.02933 -3.91003e-01 | 12 -0.13839 -6.20894e-01

Initial statistics: 55 variables; iteration 0; function evaluation 0; phase 3
Function value 4.6466945e+02; maximum gradient component mag 3.9282e+02
Var    Value     Gradient |Var    Value     Gradient |Var    Value     Gradient
  1  0.51398 -7.95410e-01 |  2  0.00000  4.66138e+01 |  3  0.00000  4.63431e+00
  4  0.00000 -4.94599e+01 |  5  0.00000 -3.09730e+01 |  6  0.00000  4.34854e+01
  7  0.00000  1.14730e+02 |  8  0.00000  1.56979e+02 |  9  0.00000  1.90251e+02
 10  0.00000  1.95050e+02 | 11  0.00000  7.57444e+01 | 12  0.00000 -9.43670e+01
 13  0.00000 -2.33175e+02 | 14  0.00000 -2.19230e+02 | 15  0.00000 -2.04895e+02
 16  0.00000 -1.82552e+02 | 17  0.00000 -2.03959e+02 | 18  0.00000 -3.65274e+02
 19  0.00000 -3.26901e+02 | 20  0.00000 -8.30923e+01 | 21  0.00000 -5.35538e+01
 22  0.00000 -1.04569e+02 | 23  0.00000  1.26988e+02 | 24  0.00000  3.92817e+02
 25  0.00000  3.74212e+02 | 26  0.00000  2.86504e+02 | 27  0.00000  1.22729e+02
 28  0.00000  2.12649e+01 | 29 -0.05555 -5.62809e+00 | 30 -0.61780 -5.24566e-04
 31  0.03786  4.13778e+01 | 32  0.52508  1.34774e-01 | 33 -0.05011  1.48560e+02
 34  0.00717 -2.10850e+00 | 35 -0.58288  3.46508e-04 | 36  0.04096  3.07104e+01
 37  0.63493  2.88487e+00 | 38 -0.08639 -1.57363e+01 | 39 -0.29555  6.87595e-02
 40 -0.63211  1.96155e+01 | 41  0.97681  4.55558e-03 | 42  0.06246  3.02243e-04
 43  0.19199 -5.06439e+01 | 44  0.00117 -4.84569e-06 | 45  0.01874 -1.01840e-04
 46  0.01601 -5.42127e+00 | 47 -0.47783 -2.91950e-03 | 48  0.11576 -1.40839e+01
 49 -0.34574 -1.89642e-03 | 50  0.00034 -1.07677e+01 | 51  0.02933 -3.91003e-01
 52 -0.13839 -6.20894e-01 | 53  0.00622 -7.88521e+00 | 54  0.39741 -1.63572e-01
 55  0.00506  4.02315e+01 |

Intermediate statistics: 55 variables; iteration 20; function evaluation 28; phase 3
Function value 3.8299508e+02; maximum gradient component mag 3.6082e+02
Var    Value     Gradient |Var    Value     Gradient |Var    Value     Gradient
  1  0.49750  1.07778e+00 |  2 -0.01933 -1.19537e+01 |  3  0.01162 -6.14244e-01
  4  0.07606  2.70931e+01 |  5  0.06552  2.12353e+01 |  6  0.01583  4.48655e+00
  7  0.00185  6.80228e-01 |  8  0.01543 -4.53764e+00 |  9  0.01062 -1.03896e+01
 10 -0.03945 -2.46219e+01 | 11  0.01829 -4.87030e+01 | 12 -0.02993 -5.68467e+01
 13  0.12819 -6.53875e+01 | 14 -0.05343 -5.39028e+01 | 15  0.04680 -5.84997e+01
 16  0.04853 -7.14946e+01 | 17 -0.18849 -8.64576e+01 | 18  0.10863 -4.46576e+01
 19  0.08330  3.46383e+01 | 20 -0.15113 -4.62112e+01 | 21 -0.00655  4.56550e+01
 22  0.14707  1.94284e+02 | 23 -0.00663  4.08637e+01 | 24 -0.09172  3.19792e+01
 25 -0.06276  3.53161e+01 | 26 -0.03280  2.33943e+01 | 27 -0.08003 -1.50163e+01
 28 -0.02042 -1.12831e+01 | 29 -0.06092  2.20341e+02 | 30 -0.61781  2.85031e-03
 31  0.02752 -2.22100e+02 | 32  0.54210  4.07917e+01 | 33 -0.04168  3.60820e+02
 34  0.01406  2.87004e+01 | 35 -0.58288  6.36293e-03 | 36  0.04834  1.07204e+02
 37  0.67269  3.22835e+01 | 38 -0.31595  5.57627e-03 | 39 -0.30655 -8.29581e+00
 40 -0.74083 -1.08018e+01 | 41  0.97848 -1.11783e-01 | 42  0.06246  3.04986e-04
 43  0.20883  3.25787e+00 | 44  0.00117 -9.19708e-07 | 45  0.01874 -2.94697e-05
 46  0.02007 -4.09404e+01 | 47 -0.47779 -2.97108e-03 | 48  0.13522  1.09984e+02
 49 -0.34572 -1.89625e-03 | 50 -0.01839 -6.49399e+01 | 51  0.03664  4.09574e+01
 52 -0.11722  2.69418e+01 | 53  0.01760 -2.83157e+01 | 54  0.41478  4.51159e+00
 55 -0.01669  3.04104e+01 |
55 variables; iteration 40; function evaluation 71; phase 3
Function value 3.6584744e+02; maximum gradient component mag -2.0298e+02
Var    Value     Gradient |Var    Value     Gradient |Var    Value     Gradient
  1  0.18261  9.36561e-01 |  2 -0.01361 -1.18505e+01 |  3  0.00557 -2.23483e+01
  4  0.04323 -3.01460e+01 |  5  0.05412 -8.99717e+00 |  6  0.01025  8.94012e+00
  7  0.01430  2.57338e+01 |  8  0.01797  1.50225e+01 |  9 -0.00396  7.81025e+00
 10 -0.01468  3.17618e+01 | 11  0.00158  8.28103e+00 | 12  0.02127 -1.03865e+01
 13  0.08909 -5.91100e+01 | 14 -0.03238 -4.33293e+01 | 15  0.03317  1.35600e+01
 16  0.06220  7.52301e+01 | 17 -0.11794 -3.81161e+01 | 18  0.09109 -6.57163e+00
 19  0.06181 -3.81994e+01 | 20 -0.08225 -3.29933e+01 | 21 -0.01920  1.70712e+00
 22  0.11930  5.17949e+01 | 23 -0.02126  2.11854e+01 | 24 -0.08770  3.93657e+01
 25 -0.06900  1.80389e+01 | 26 -0.04931 -1.10655e+01 | 27 -0.06702 -9.38068e+00
 28 -0.04701 -1.51828e+01 | 29 -0.06160 -2.02983e+02 | 30 -0.61788 -6.18475e-03
 31  0.03093  1.25194e+02 | 32  0.55912 -3.72620e+01 | 33 -0.05510 -6.35679e+01
 34  0.00158 -1.62540e+02 | 35 -0.58288 -4.63433e-03 | 36  0.03539  1.45197e+02
 37  0.68110 -1.58601e+01 | 38 -0.29569 -5.70122e-02 | 39 -0.28311  5.75536e+01
 40 -0.68214  5.85576e-01 | 41  0.93483 -7.64489e-01 | 42  0.06217  1.96933e-04
 43  0.21223  2.29446e+01 | 44  0.00117  1.57898e-06 | 45  0.01877  6.68004e-06
 46  0.03499 -2.47475e+01 | 47 -0.47489 -1.49211e-02 | 48  0.12520  1.94779e+01
 49 -0.34390 -1.95623e-03 | 50 -0.01615 -1.76042e+01 | 51 -0.00244 -3.85950e+01
 52 -0.13666  1.58756e+01 | 53 -0.00381  2.10822e+01 | 54  0.69064  8.86751e+00
 55 -0.02923  2.29174e+01 |
55 variables; iteration 60; function evaluation 98; phase 3
Function value 3.5716177e+02; maximum gradient component mag -8.4386e+01
Var    Value     Gradient |Var    Value     Gradient |Var    Value     Gradient
  1  0.14611 -6.89934e+01 |  2 -0.01569 -6.16099e+00 |  3  0.00749 -6.89333e+00
  4  0.05511 -3.13166e+00 |  5  0.04724 -7.73585e+00 |  6  0.00571 -7.99263e+00
  7 -0.00650 -1.18504e+01 |  8  0.01734 -2.03690e+01 |  9  0.00667 -2.01974e+01
 10 -0.04582 -1.23639e+01 | 11  0.00826 -6.07666e+00 | 12  0.01475  1.95741e+00
 13  0.08350  6.37299e+00 | 14 -0.00132 -5.11129e-01 | 15  0.02011  1.09141e+01
 16  0.01958  1.79886e+01 | 17 -0.03551  1.62845e+01 | 18  0.06287  3.59086e+01
 19  0.07025  2.50160e+01 | 20 -0.05059  4.84738e-01 | 21 -0.03372  3.20671e+00
 22  0.11075  1.33678e+01 | 23 -0.02836 -5.89235e+00 | 24 -0.12379 -7.21574e+00
 25 -0.07690 -7.37914e+00 | 26 -0.03174 -9.04922e+00 | 27 -0.06100 -1.88337e+00
 28 -0.01882 -5.44349e-01 | 29 -0.05453 -7.40750e+01 | 30 -0.62880 -1.58897e-03
 31  0.03079  4.48599e+01 | 32  0.62746 -1.39264e+01 | 33 -0.08565 -6.06401e+01
 34  0.01484 -8.43865e+01 | 35 -0.58263 -3.51729e-03 | 36  0.03725  7.13537e+01
 37  0.67203 -1.43848e+01 | 38 -0.39662 -5.39261e-03 | 39 -0.29184 -3.14881e+00
 40 -0.70129 -2.16450e+00 | 41  0.96171 -4.16205e-01 | 42  0.06034 -3.54284e-04
 43  0.20092  9.37210e+00 | 44  0.00128 -9.86567e-06 | 45  0.01902 -5.01672e-06
 46  0.03477 -3.89055e+01 | 47 -0.70969 -6.83978e-03 | 48  0.11865  1.74302e+01
 49 -0.41995 -2.43649e-03 | 50 -0.00665 -1.85968e+01 | 51  0.02364 -5.53083e+00
 52 -0.25895  3.78808e-02 | 53  0.01140  3.99668e+00 | 54  0.95103  3.03721e-01
 55 -0.03343 -3.03137e+00 |
55 variables; iteration 80; function evaluation 119; phase 3
Function value 3.5462002e+02; maximum gradient component mag -9.5722e+00
Var    Value     Gradient |Var    Value     Gradient |Var    Value     Gradient
  1  0.13796 -7.41382e+00 |  2 -0.01243 -6.00627e-01 |  3  0.01106 -8.20005e-01
  4  0.05037 -1.82301e+00 |  5  0.04703 -1.24871e+00 |  6  0.00378 -4.24666e-01
  7 -0.00605  6.20326e-01 |  8  0.01868  1.42176e+00 |  9  0.00625  1.34641e+00
 10 -0.04315  1.31040e+00 | 11  0.00915  5.43457e-01 | 12  0.01273 -5.24876e-01
 13  0.07944 -8.05992e-01 | 14  0.00338 -6.27561e-01 | 15  0.01437 -3.46084e-01
 16  0.01875 -7.32581e-01 | 17 -0.03929 -9.32285e-01 | 18  0.05691 -2.24777e+00
 19  0.06966 -1.99506e+00 | 20 -0.04500 -9.27946e-02 | 21 -0.03430 -2.30617e-01
 22  0.10657  4.34371e+00 | 23 -0.03075  1.53280e+00 | 24 -0.11769  2.38542e+00
 25 -0.07402  1.09114e+00 | 26 -0.02865  4.57651e-01 | 27 -0.05919  5.18722e-01
 28 -0.01761  6.14926e-02 | 29 -0.03642 -6.06404e+00 | 30 -0.60883  3.72689e-04
 31  0.03927  2.81330e+00 | 32  0.52452 -3.51368e+00 | 33 -0.04619 -9.57221e+00
 34  0.02124  4.17357e+00 | 35 -0.58106 -3.12868e-04 | 36  0.03819 -4.22329e+00
 37  0.67567  5.23566e-01 | 38 -0.34193 -8.35666e-03 | 39 -0.28757 -1.64888e+00
 40 -0.69271  4.23745e-01 | 41  0.98871  4.36051e-02 | 42  0.05792 -7.94154e-04
 43  0.19637 -9.88038e-01 | 44  0.00154 -4.59014e-05 | 45  0.01834 -3.83393e-05
 46  0.03481  9.23643e+00 | 47 -0.39385  6.22492e-02 | 48  0.11674 -2.91628e+00
 49 -0.48893 -3.03426e-03 | 50  0.00078  3.15824e+00 | 51  0.03410  1.04864e+00
 52 -0.46476 -6.13407e-03 | 53  0.01624 -3.24258e-01 | 54  1.37260 -4.54285e-01
 55  0.01380 -7.04081e-01 |
55 variables; iteration 100; function evaluation 139; phase 3
Function value 3.5459209e+02; maximum gradient component mag -2.3304e-01
Var    Value     Gradient |Var    Value     Gradient |Var    Value     Gradient
  1  0.13893  3.65428e-02 |  2 -0.01270  1.26153e-02 |  3  0.01094  2.25860e-02
  4  0.05097  3.06496e-02 |  5  0.04725  2.93614e-02 |  6  0.00416  2.43996e-02
  7 -0.00621  1.69100e-02 |  8  0.01824  2.72684e-02 |  9  0.00632  7.29996e-03
 10 -0.04362 -1.34869e-02 | 11  0.00894 -5.71566e-03 | 12  0.01323 -5.76142e-03
 13  0.07953  4.22367e-03 | 14  0.00375 -1.11778e-02 | 15  0.01454 -2.82718e-02
 16  0.01880 -4.32168e-02 | 17 -0.03900 -7.25774e-03 | 18  0.05757 -2.22662e-02
 19  0.06963 -3.27787e-02 | 20 -0.04584 -7.04062e-03 | 21 -0.03337 -6.10825e-03
 22  0.10652 -3.61850e-02 | 23 -0.02959 -6.24092e-03 | 24 -0.11992 -9.44755e-04
 25 -0.07427  4.84015e-03 | 26 -0.02866  1.39694e-02 | 27 -0.05983  8.29736e-03
 28 -0.01743  5.84005e-03 | 29 -0.03792 -1.63138e-02 | 30 -0.61733  3.62262e-05
 31  0.03859 -2.79974e-03 | 32  0.53179  3.60692e-03 | 33 -0.04697  4.41885e-02
 34  0.02067 -1.27176e-01 | 35 -0.57584 -2.79473e-05 | 36  0.03813  1.06395e-01
 37  0.67540 -3.18900e-02 | 38 -0.33831 -9.41870e-03 | 39 -0.28778  2.33236e-02
 40 -0.69334 -9.34000e-03 | 41  0.98690 -1.36187e-03 | 42  0.06227  2.92887e-04
 43  0.19688  3.98207e-03 | 44  0.00160  3.95293e-06 | 45  0.01717  9.03385e-06
 46  0.03491 -2.33036e-01 | 47 -0.52579 -8.48577e-04 | 48  0.11704 -1.22392e-02
 49 -0.47412 -2.89607e-03 | 50 -0.00034  3.76113e-02 | 51  0.03444 -2.44002e-02
 52 -0.47378 -6.68459e-03 | 53  0.01681  2.10902e-02 | 54  1.40519 -4.09830e-04
 55  0.01771 -1.13414e-02 |
55 variables; iteration 120; function evaluation 178; phase 3
Function value 3.5458596e+02; maximum gradient component mag 2.5275e+01
Var    Value     Gradient |Var    Value     Gradient |Var    Value     Gradient
  1  0.13887 -1.94942e-01 |  2 -0.01264 -7.64682e-02 |  3  0.01088 -1.95156e-01
  4  0.05090 -3.41949e-01 |  5  0.04721 -2.46890e-01 |  6  0.00404 -1.39158e-01
  7 -0.00607  1.42735e-01 |  8  0.01822  1.23484e-01 |  9  0.00629  3.82942e-01
 10 -0.04333  5.66985e-01 | 11  0.00882  2.36138e-01 | 12  0.01335  1.61855e-01
 13  0.07945 -5.41653e-02 | 14  0.00385 -3.78878e-02 | 15  0.01449 -2.29943e-01
 16  0.01874 -3.75050e-01 | 17 -0.03880 -2.24718e-01 | 18  0.05739 -6.80169e-01
 19  0.06971 -2.53053e-01 | 20 -0.04595 -1.38953e-01 | 21 -0.03344  1.25046e-02
 22  0.10650  4.57766e-01 | 23 -0.02946  3.74062e-01 | 24 -0.11973  2.89075e-01
 25 -0.07423  2.04305e-01 | 26 -0.02870 -1.92962e-03 | 27 -0.05989 -5.05439e-02
 28 -0.01767 -9.03665e-02 | 29 -0.03780  2.12881e-02 | 30 -0.66997 -3.41268e-03
 31  0.03866  4.49843e-01 | 32  0.53147 -2.59740e-02 | 33 -0.04692 -4.40717e-02
 34  0.02063  2.35821e-01 | 35 -0.45667  3.11231e-02 | 36  0.03810  4.15253e-02
 37  0.67507  4.53006e-01 | 38 -0.21181 -2.87218e-01 | 39 -0.28778 -5.93981e-01
 40 -0.69291  3.01574e-01 | 41  0.98717  4.89852e-03 | 42  0.06785  1.76583e-04
 43  0.19686 -3.77248e-02 | 44  0.00185 -1.17907e-05 | 45 -0.00139 -8.08939e-05
 46  0.03492  2.52751e+01 | 47 -0.61724 -2.23136e-03 | 48  0.11700 -6.65659e-01
 49 -0.27490  2.42110e-01 | 50 -0.00053 -1.66189e-01 | 51  0.03439  1.64095e-01
 52 -0.46621 -7.09083e-03 | 53  0.01671 -1.32670e-01 | 54  1.40246 -4.75426e-02
 55  0.01740 -9.54134e-03 |
55 variables; iteration 140; function evaluation 204; phase 3
Function value 3.5432055e+02; maximum gradient component mag 1.6683e+00
Var    Value     Gradient |Var    Value     Gradient |Var    Value     Gradient
  1  0.13941 -5.44480e-02 |  2 -0.01269  3.92770e-03 |  3  0.01062 -1.20925e-02
  4  0.05107 -3.74431e-02 |  5  0.04749 -1.69684e-02 |  6  0.00406 -1.72204e-02
  7 -0.00629  1.87805e-02 |  8  0.01820  1.07992e-02 |  9  0.00621  3.90054e-02
 10 -0.04338  7.32658e-02 | 11  0.00876  5.14322e-02 | 12  0.01357  4.97787e-02
 13  0.08005  5.10409e-02 | 14  0.00374  2.21717e-02 | 15  0.01467  3.49876e-02
 16  0.01861 -1.43548e-03 | 17 -0.03864 -9.30453e-03 | 18  0.05801 -9.52979e-02
 19  0.06940 -5.77701e-02 | 20 -0.04641 -3.21068e-02 | 21 -0.03346 -2.39942e-03
 22  0.10666  2.89068e-02 | 23 -0.02969  1.09729e-02 | 24 -0.12004  5.27509e-03
 25 -0.07458 -8.54660e-03 | 26 -0.02899 -3.17395e-02 | 27 -0.05975 -1.09486e-02
 28 -0.01726 -1.06674e-02 | 29 -0.03829 -1.07178e-01 | 30 -0.64351 -1.90742e-03
 31  0.03847  1.54648e-01 | 32  0.53239 -6.60540e-03 | 33 -0.04723 -2.76574e-02
 34  0.02455  8.50293e-02 | 35 -0.65620 -4.29096e-03 | 36  0.04016 -1.18886e-01
 37  0.63049  2.56227e-02 | 38 -0.08096  3.29031e-03 | 39 -0.28802 -1.03398e-01
 40 -0.69352  3.79907e-02 | 41  0.98688 -1.16677e-03 | 42  0.06376  2.55235e-04
 43  0.19705  1.70301e-02 | 44  0.00183 -3.90965e-07 | 45 -0.00031 -8.32108e-05
 46  0.03493  1.66829e+00 | 47 -1.47201  4.09233e-04 | 48  0.11716  2.86989e-02
 49 -0.30538  9.66191e-03 | 50 -0.00077 -1.54332e-02 | 51  0.03437  2.79792e-02
 52 -0.45718 -7.98667e-03 | 53  0.01689 -3.88889e-02 | 54  1.40472 -5.73545e-03
 55  0.01714 -4.61376e-02 |
55 variables; iteration 160; function evaluation 224; phase 3
Function value 3.5432023e+02; maximum gradient component mag 5.5362e-02
Var    Value     Gradient |Var    Value     Gradient |Var    Value     Gradient
  1  0.13941  5.53615e-02 |  2 -0.01270  6.31289e-03 |  3  0.01063  9.72087e-03
  4  0.05109  1.57103e-02 |  5  0.04749  1.26232e-02 |  6  0.00408  9.53439e-03
  7 -0.00632  6.14910e-03 |  8  0.01820  9.59758e-03 |  9  0.00621  2.04111e-03
 10 -0.04342 -4.88437e-03 | 11  0.00877 -7.33084e-03 | 12  0.01356 -3.80719e-03
 13  0.08005 -2.98587e-03 | 14  0.00375 -1.49687e-03 | 15  0.01466  5.46070e-04
 16  0.01862 -1.10180e-03 | 17 -0.03867  1.88744e-03 | 18  0.05803 -6.61665e-04
 19  0.06939  2.01953e-04 | 20 -0.04639  9.03528e-04 | 21 -0.03346 -3.87663e-03
 22  0.10666 -2.48493e-02 | 23 -0.02971 -9.56829e-03 | 24 -0.12005 -7.09084e-03
 25 -0.07458 -6.63586e-03 | 26 -0.02899 -3.54775e-03 | 27 -0.05974 -5.48327e-04
 28 -0.01722  1.52088e-03 | 29 -0.03830  8.09847e-03 | 30 -0.61702  8.24663e-05
 31  0.03847 -4.68755e-03 | 32  0.53241  1.21848e-02 | 33 -0.04723  4.19619e-02
 34  0.02457  1.56981e-02 | 35 -0.56763 -6.75706e-05 | 36  0.04016 -5.85490e-03
 37  0.63041  8.93901e-03 | 38 -0.08092  3.77964e-03 | 39 -0.28801  6.12253e-04
 40 -0.69356 -1.71022e-03 | 41  0.98690 -8.11464e-04 | 42  0.05975 -5.57754e-04
 43  0.19705  3.73303e-03 | 44  0.00230 -1.41911e-05 | 45  0.01126 -4.46008e-05
 46  0.03492 -2.24033e-02 | 47 -1.48900 -1.20760e-04 | 48  0.11716 -1.91492e-03
 49 -0.31818 -2.50859e-05 | 50 -0.00074  1.16605e-02 | 51  0.03438 -9.89935e-03
 52 -0.45697 -8.02060e-03 | 53  0.01690 -2.34156e-03 | 54  1.40517  1.50357e-05
 55  0.01721 -2.12372e-02 |
55 variables; iteration 180; function evaluation 244; phase 3
Function value 3.5432002e+02; maximum gradient component mag 3.5333e-01
Var    Value     Gradient |Var    Value     Gradient |Var    Value     Gradient
  1  0.13943  3.53331e-01 |  2 -0.01271  3.21856e-02 |  3  0.01064  4.96567e-02
  4  0.05110  7.99442e-02 |  5  0.04749  4.77264e-02 |  6  0.00409  3.45416e-02
  7 -0.00635 -1.24049e-02 |  8  0.01821  2.17919e-02 |  9  0.00621 -5.00302e-02
 10 -0.04347 -1.19632e-01 | 11  0.00878 -1.02281e-01 | 12  0.01354 -8.16069e-02
 13  0.08006 -5.18712e-02 | 14  0.00375 -7.73432e-03 | 15  0.01465 -2.57831e-04
 16  0.01864  4.25284e-02 | 17 -0.03872  2.47304e-02 | 18  0.05807  1.63580e-01
 19  0.06937  1.17325e-01 | 20 -0.04636  5.05943e-02 | 21 -0.03346 -3.77304e-03
 22  0.10666 -1.22508e-01 | 23 -0.02973 -5.55349e-02 | 24 -0.12007 -3.84174e-02
 25 -0.07459 -2.72706e-02 | 26 -0.02899 -1.22621e-02 | 27 -0.05973  1.42155e-03
 28 -0.01718  1.84916e-02 | 29 -0.03832  1.51931e-01 | 30 -0.60904  8.33234e-04
 31  0.03845 -1.44384e-01 | 32  0.53248  6.88819e-02 | 33 -0.04723  2.36221e-01
 34  0.02456  2.35250e-01 | 35 -0.56916 -1.64437e-04 | 36  0.04016 -1.00240e-01
 37  0.63056  8.17709e-02 | 38 -0.08100  3.57531e-02 | 39 -0.28801  1.19186e-01
 40 -0.69362 -4.65402e-02 | 41  0.98688 -1.20059e-03 | 42  0.18381  9.33146e-04
 43  0.19705 -6.57045e-03 | 44  0.01537  7.58710e-05 | 45  0.44484  2.63946e-03
 46  0.03491 -6.88021e-02 | 47 -1.49238 -3.39195e-04 | 48  0.11716 -1.06638e-02
 49 -0.31437  1.14121e-03 | 50 -0.00073  8.22872e-02 | 51  0.03433 -2.59163e-02
 52 -0.39232 -2.10676e-02 | 53  0.01688  1.47442e-02 | 54  1.40534  3.40415e-03
 55  0.01719 -7.07302e-02 |
55 variables; iteration 200; function evaluation 280; phase 3
Function value 3.5414413e+02; maximum gradient component mag 2.2377e+00
Var    Value     Gradient |Var    Value     Gradient |Var    Value     Gradient
  1  0.13961  6.53829e-02 |  2 -0.01276 -3.54140e-02 |  3  0.01060 -4.13806e-02
  4  0.05113 -4.76151e-02 |  5  0.04752 -5.38899e-02 |  6  0.00408 -4.66605e-02
  7 -0.00634 -6.35149e-02 |  8  0.01814 -6.44589e-02 |  9  0.00616 -1.06666e-01
 10 -0.04344 -7.79661e-02 | 11  0.00873  1.94659e-02 | 12  0.01357  2.13139e-02
 13  0.08007  9.05858e-03 | 14  0.00373  8.45704e-03 | 15  0.01470  1.92798e-02
 16  0.01863  2.58052e-02 | 17 -0.03872 -3.02122e-02 | 18  0.05811  3.84548e-02
 19  0.06934 -4.79311e-02 | 20 -0.04646 -2.33303e-02 | 21 -0.03323  2.96709e-02
 22  0.10651  1.87561e-01 | 23 -0.02959  8.00557e-02 | 24 -0.11991  6.21203e-02
 25 -0.07475  6.93916e-02 | 26 -0.02913  7.14534e-02 | 27 -0.05960  1.23876e-02
 28 -0.01716 -3.35418e-03 | 29 -0.03849  1.87293e-02 | 30 -0.59502  2.30847e-03
 31  0.03841 -1.10943e-01 | 32  0.53311 -6.56450e-02 | 33 -0.04731 -3.04124e-01
 34  0.02450 -1.12151e-02 | 35 -0.61826 -2.90929e-03 | 36  0.04016  4.54299e-02
 37  0.63037 -6.82964e-03 | 38 -0.08094 -3.77384e-02 | 39 -0.28809  6.76818e-02
 40 -0.69367 -3.57727e-02 | 41  0.98696  7.67137e-04 | 42 -0.27895 -1.47200e-03
 43  0.19708 -3.32694e-02 | 44  0.00278  1.37193e-05 | 45  1.11559 -1.71068e-02
 46  0.03482  2.23766e+00 | 47 -1.50299 -2.45115e-03 | 48  0.11715 -1.04782e-01
 49 -0.27923  5.49041e-02 | 50 -0.00079  2.14521e-02 | 51  0.02831 -8.19457e-02
 52 -0.10986  1.74865e-02 | 53  0.01221  6.92021e-02 | 54  1.62494  1.02613e-02
 55  0.01768  4.61904e-02 |
55 variables; iteration 220; function evaluation 300; phase 3
Function value 3.5414083e+02; maximum gradient component mag 1.3704e-01
Var    Value     Gradient |Var    Value     Gradient |Var    Value     Gradient
  1  0.13960  7.35575e-02 |  2 -0.01275 -8.69182e-03 |  3  0.01060 -9.12213e-03
  4  0.05113 -1.30025e-02 |  5  0.04751 -1.80924e-02 |  6  0.00408 -1.36775e-02
  7 -0.00633 -2.19655e-02 |  8  0.01813 -1.84837e-02 |  9  0.00618 -2.75679e-02
 10 -0.04342 -3.48230e-02 | 11  0.00872 -3.05534e-02 | 12  0.01356 -2.44078e-02
 13  0.08007 -1.45055e-02 | 14  0.00373 -2.14991e-03 | 15  0.01470  1.12619e-03
 16  0.01862  1.76368e-02 | 17 -0.03868  5.05852e-03 | 18  0.05808  6.02293e-02
 19  0.06936  5.00775e-02 | 20 -0.04644  2.02013e-02 | 21 -0.03324  1.37288e-02
 22  0.10651  5.45812e-02 | 23 -0.02960  1.29337e-02 | 24 -0.11993  2.62854e-03
 25 -0.07476  2.75131e-03 | 26 -0.02913  5.64638e-04 | 27 -0.05960 -1.86418e-03
 28 -0.01717 -8.44165e-04 | 29 -0.03849  3.16315e-02 | 30 -0.61451  2.80622e-04
 31  0.03841 -5.38039e-02 | 32  0.53312 -7.21481e-03 | 33 -0.04729 -2.62920e-02
 34  0.02450  5.59492e-02 | 35 -0.56756 -5.84658e-05 | 36  0.04016 -3.03127e-02
 37  0.63033  1.36886e-02 | 38 -0.08089  1.09842e-02 | 39 -0.28808  2.84828e-02
 40 -0.69362 -9.13954e-03 | 41  0.98695  4.31784e-04 | 42  0.19452  9.90956e-04
 43  0.19709 -4.89383e-03 | 44  0.04326  2.13826e-04 | 45  1.49708 -3.17051e-03
 46  0.03494  1.37040e-01 | 47 -1.43772  2.42520e-03 | 48  0.11720 -4.23943e-03
 49 -0.43838 -2.58551e-03 | 50 -0.00080  1.91312e-02 | 51  0.02833  1.55207e-03
 52 -0.11073  2.68212e-02 | 53  0.01222  1.34799e-02 | 54  1.61766 -7.77840e-03
 55  0.01759  3.60495e-02 |
55 variables; iteration 240; function evaluation 322; phase 3
Function value 3.5414019e+02; maximum gradient component mag -6.8152e-01
Var    Value     Gradient |Var    Value     Gradient |Var    Value     Gradient
  1  0.13959 -1.93319e-02 |  2 -0.01275  1.92453e-02 |  3  0.01060  2.58710e-02
  4  0.05113  3.97572e-02 |  5  0.04751  2.26906e-02 |  6  0.00408  1.94171e-02
  7 -0.00633  1.76029e-02 |  8  0.01812  2.68742e-02 |  9  0.00618  3.54193e-02
 10 -0.04340  2.69342e-02 | 11  0.00870 -1.48766e-03 | 12  0.01356  7.79439e-03
 13  0.08008  1.84185e-02 | 14  0.00371 -1.75189e-02 | 15  0.01471 -1.29866e-02
 16  0.01860 -6.61675e-03 | 17 -0.03863  2.46972e-02 | 18  0.05805  5.08887e-03
 19  0.06937  3.59006e-02 | 20 -0.04645  1.63285e-02 | 21 -0.03323 -5.88085e-03
 22  0.10649 -1.34714e-01 | 23 -0.02956 -4.03335e-02 | 24 -0.11996 -4.32408e-02
 25 -0.07476 -2.79753e-02 | 26 -0.02912 -1.80534e-02 | 27 -0.05960  9.49576e-04
 28 -0.01717  5.27677e-03 | 29 -0.03848  2.86816e-02 | 30 -0.61570  1.75217e-04
 31  0.03841 -7.68268e-03 | 32  0.53308  6.67681e-03 | 33 -0.04728  7.24224e-02
 34  0.02449  4.46351e-02 | 35 -0.58116 -1.00739e-03 | 36  0.04015 -3.42605e-02
 37  0.63036  1.51717e-02 | 38 -0.08090  3.12061e-03 | 39 -0.28808 -1.69139e-02
 40 -0.69359  1.02234e-02 | 41  0.98673 -4.56363e-03 | 42 -0.03781 -1.02291e-04
 43  0.19709  1.83912e-02 | 44  0.00580  3.18048e-05 | 45  1.75057 -8.56412e-04
 46  0.03493 -6.81519e-01 | 47 -1.42858  2.84925e-03 | 48  0.11719  1.05554e-01
 49 -0.41805 -2.42152e-03 | 50 -0.00082 -1.35603e-01 | 51  0.02829 -2.45834e-02
 52 -0.11080 -3.25057e-02 | 53  0.01218 -2.38677e-02 | 54  1.61765  3.03487e-04
 55  0.01762 -1.45374e-02 |
55 variables; iteration 260; function evaluation 345; phase 3
Function value 3.5413973e+02; maximum gradient component mag 8.5706e-03
Var    Value     Gradient |Var    Value     Gradient |Var    Value     Gradient
  1  0.13959  1.13346e-03 |  2 -0.01275  9.77343e-05 |  3  0.01060  2.16634e-04
  4  0.05112  3.54136e-04 |  5  0.04751  2.41863e-04 |  6  0.00408  2.31882e-04
  7 -0.00633  2.16301e-04 |  8  0.01812  3.60415e-04 |  9  0.00618  5.67551e-04
 10 -0.04341  3.27196e-04 | 11  0.00871 -8.89330e-05 | 12  0.01356  2.78463e-05
 13  0.08007  1.91196e-04 | 14  0.00373 -2.46472e-04 | 15  0.01470 -2.36370e-04
 16  0.01861 -2.60549e-04 | 17 -0.03866  1.84936e-04 | 18  0.05806  4.39153e-05
 19  0.06937  3.97335e-04 | 20 -0.04645  1.19967e-04 | 21 -0.03324 -4.18393e-05
 22  0.10651 -1.02519e-03 | 23 -0.02959 -1.72655e-04 | 24 -0.11993 -4.17125e-04
 25 -0.07476 -3.33176e-04 | 26 -0.02912 -2.64647e-04 | 27 -0.05960 -5.64222e-05
 28 -0.01717  1.75654e-05 | 29 -0.03849  6.21126e-04 | 30 -0.61763  4.26817e-06
 31  0.03841 -4.96151e-04 | 32  0.53312  1.07103e-04 | 33 -0.04729  7.89368e-04
 34  0.02450  7.54824e-04 | 35 -0.56695 -1.51204e-05 | 36  0.04016 -4.75743e-04
 37  0.63031  2.88142e-04 | 38 -0.08088  1.43377e-04 | 39 -0.28808 -2.35723e-04
 40 -0.69361  1.13317e-04 | 41  0.98693 -5.75960e-05 | 42  0.06123  1.14942e-04
 43  0.19709  3.55328e-04 | 44  0.04203  1.92532e-04 | 45  1.97892 -3.53064e-05
 46  0.03492  8.57064e-03 | 47 -1.48709  1.10537e-05 | 48  0.11719 -6.09723e-05
 49 -0.31839 -7.95925e-05 | 50 -0.00080 -4.14357e-04 | 51  0.02833 -2.22454e-04
 52 -0.11055 -3.35836e-04 | 53  0.01222 -1.96581e-04 | 54  1.61935 -7.01143e-05
 55  0.01763  2.31057e-04 |
Warning: the following parameters had issues
  selparm[15] is within 0.1% of upper bound: 2.00000e+01 < 8.99926e+01 < 9.00000e+01


 - final statistics:
55 variables; iteration 273; function evaluation 358
Function value 3.5414e+02; maximum gradient component mag -5.3658e-05
Exit code = 1;  converg criter 1.0000e-04
Var    Value     Gradient |Var    Value     Gradient |Var    Value     Gradient
  1  0.13959  5.49751e-06 |  2 -0.01275  1.18839e-05 |  3  0.01060  1.15773e-05
  4  0.05112  2.09753e-05 |  5  0.04751  1.60537e-05 |  6  0.00408  6.70493e-06
  7 -0.00633  2.22740e-06 |  8  0.01812  8.26604e-06 |  9  0.00618 -2.76781e-05
 10 -0.04341 -1.54852e-05 | 11  0.00871 -7.69030e-06 | 12  0.01356  1.17733e-05
 13  0.08007  6.54953e-06 | 14  0.00373  6.92530e-09 | 15  0.01470  6.66158e-07
 16  0.01861 -8.69258e-07 | 17 -0.03866  8.09093e-06 | 18  0.05806 -5.21738e-06
 19  0.06937 -6.57426e-06 | 20 -0.04645  1.56954e-05 | 21 -0.03324  8.75285e-06
 22  0.10651 -3.54217e-05 | 23 -0.02959 -1.45444e-05 | 24 -0.11993 -1.12592e-05
 25 -0.07476 -4.52547e-07 | 26 -0.02912  6.48809e-06 | 27 -0.05960  1.63541e-06
 28 -0.01717  3.57885e-06 | 29 -0.03849 -3.77145e-06 | 30 -0.61768 -1.31500e-07
 31  0.03841  1.69912e-05 | 32  0.53312  5.82296e-06 | 33 -0.04729  5.32442e-05
 34  0.02450  3.35491e-05 | 35 -0.56675  3.78246e-07 | 36  0.04016 -5.36578e-05
 37  0.63031 -1.60003e-07 | 38 -0.08088 -2.71832e-06 | 39 -0.28808 -2.05872e-06
 40 -0.69361  9.46682e-07 | 41  0.98693 -1.26426e-06 | 42  0.06133 -6.98628e-06
 43  0.19709 -9.50601e-06 | 44  0.00111 -6.50717e-08 | 45  1.98373 -2.04704e-07
 46  0.03492  1.98015e-05 | 47 -1.48730 -4.96237e-07 | 48  0.11719  2.70764e-05
 49 -0.31806  5.63625e-07 | 50 -0.00080 -2.14177e-05 | 51  0.02833 -9.70707e-06
 52 -0.11054 -1.45894e-05 | 53  0.01222 -8.37865e-06 | 54  1.61940  2.82552e-06
 55  0.01763 -3.91338e-05 |
Estimating row 1 out of 55 for hessian
Estimating row 2 out of 55 for hessian
Estimating row 3 out of 55 for hessian
Estimating row 4 out of 55 for hessian
Estimating row 5 out of 55 for hessian
Estimating row 6 out of 55 for hessian
Estimating row 7 out of 55 for hessian
Estimating row 8 out of 55 for hessian
Estimating row 9 out of 55 for hessian
Estimating row 10 out of 55 for hessian
Estimating row 11 out of 55 for hessian
Estimating row 12 out of 55 for hessian
Estimating row 13 out of 55 for hessian
Estimating row 14 out of 55 for hessian
Estimating row 15 out of 55 for hessian
Estimating row 16 out of 55 for hessian
Estimating row 17 out of 55 for hessian
Estimating row 18 out of 55 for hessian
Estimating row 19 out of 55 for hessian
Estimating row 20 out of 55 for hessian
Estimating row 21 out of 55 for hessian
Estimating row 22 out of 55 for hessian
Estimating row 23 out of 55 for hessian
Estimating row 24 out of 55 for hessian
Estimating row 25 out of 55 for hessian
Estimating row 26 out of 55 for hessian
Estimating row 27 out of 55 for hessian
Estimating row 28 out of 55 for hessian
Estimating row 29 out of 55 for hessian
Estimating row 30 out of 55 for hessian
Estimating row 31 out of 55 for hessian
Estimating row 32 out of 55 for hessian
Estimating row 33 out of 55 for hessian
Estimating row 34 out of 55 for hessian
Estimating row 35 out of 55 for hessian
Estimating row 36 out of 55 for hessian
Estimating row 37 out of 55 for hessian
Estimating row 38 out of 55 for hessian
Estimating row 39 out of 55 for hessian
Estimating row 40 out of 55 for hessian
Estimating row 41 out of 55 for hessian
Estimating row 42 out of 55 for hessian
Estimating row 43 out of 55 for hessian
Estimating row 44 out of 55 for hessian
Estimating row 45 out of 55 for hessian
Estimating row 46 out of 55 for hessian
Estimating row 47 out of 55 for hessian
Estimating row 48 out of 55 for hessian
Estimating row 49 out of 55 for hessian
Estimating row 50 out of 55 for hessian
Estimating row 51 out of 55 for hessian
Estimating row 52 out of 55 for hessian
Estimating row 53 out of 55 for hessian
Estimating row 54 out of 55 for hessian
Estimating row 55 out of 55 for hessian
size of file gradfil1.tmp = 0
size of file gradfil2.tmp = 0
size of file varssave.tmp = 0
size of file cmpdiff.tmp = 0
