
Initial statistics: 1 variables; iteration 0; function evaluation 0; phase 1
Function value 8.1053266e+02; maximum gradient component mag -2.2014e+05
Var    Value     Gradient |Var    Value     Gradient |Var    Value     Gradient
  1  0.05958 -2.20138e+05 |

 - final statistics:
1 variables; iteration 17; function evaluation 21
Function value 5.2127e+02; maximum gradient component mag -6.1429e+00
Exit code = 1;  converg criter 1.0000e+01
Var    Value     Gradient |Var    Value     Gradient |Var    Value     Gradient
  1  0.23217 -6.14294e+00 |

Initial statistics: 12 variables; iteration 0; function evaluation 0; phase 2
Function value 5.2126711e+02; maximum gradient component mag 2.0643e+02
Var    Value     Gradient |Var    Value     Gradient |Var    Value     Gradient
  1  0.23217 -6.14294e+00 |  2 -0.17294  1.67472e+01 |  3 -0.56804 -1.51057e-02
  4 -0.06252  2.06427e+02 |  5 -0.56688  2.39104e-02 |  6 -0.37692  5.18049e+01
  7  0.98105  2.52949e-01 |  8  0.16535 -3.75359e-04 |  9  0.03460 -3.60576e+01
 10 -0.37802 -3.47141e-01 | 11  0.05420  2.05976e+02 | 12 -0.55364  4.32260e-02

 - final statistics:
12 variables; iteration 19; function evaluation 47
Function value 5.1433e+02; maximum gradient component mag 3.9978e+00
Exit code = 1;  converg criter 1.0000e+01
Var    Value     Gradient |Var    Value     Gradient |Var    Value     Gradient
  1  0.81755 -7.41441e-03 |  2 -0.18603  3.99780e+00 |  3 -0.19602  6.84364e-01
  4 -0.08019 -1.12453e+00 |  5 -0.67257 -3.94141e-03 |  6 -0.42681  1.32470e-01
  7  0.46535 -5.43144e-03 |  8  0.24475  1.26370e-03 |  9  0.03488 -5.32584e-01
 10 -0.53771 -1.07982e-02 | 11  0.03036 -1.60649e+00 | 12 -0.80419 -9.38327e-03

Initial statistics: 58 variables; iteration 0; function evaluation 0; phase 3
Function value 5.1432585e+02; maximum gradient component mag -6.2546e+02
Var    Value     Gradient |Var    Value     Gradient |Var    Value     Gradient
  1  0.81755 -7.41441e-03 |  2  0.00000  4.41260e+01 |  3  0.00000  3.24490e+01
  4  0.00000 -1.02571e+02 |  5  0.00000 -1.28759e+02 |  6  0.00000 -1.13474e+02
  7  0.00000  4.68206e+01 |  8  0.00000  4.04539e+01 |  9  0.00000  1.24990e+02
 10  0.00000  1.86632e+02 | 11  0.00000  2.73927e+02 | 12  0.00000  6.21442e+01
 13  0.00000 -1.17400e+02 | 14  0.00000 -2.54621e+02 | 15  0.00000 -2.40003e+02
 16  0.00000 -1.82868e+02 | 17  0.00000 -1.83473e+02 | 18  0.00000 -1.59704e+02
 19  0.00000 -6.25457e+02 | 20  0.00000 -5.46262e+02 | 21  0.00000 -6.32810e+01
 22  0.00000 -1.75139e+01 | 23  0.00000 -1.53568e+02 | 24  0.00000  3.37452e+02
 25  0.00000  4.59716e+02 | 26  0.00000  5.10825e+02 | 27  0.00000  4.52058e+02
 28  0.00000  2.19847e+02 | 29  0.00000  1.56557e+02 | 30  0.00000  1.96173e+01
 31  0.00000 -7.86597e+01 | 32 -0.18603  3.99780e+00 | 33 -0.19602  6.84364e-01
 34  0.01835 -8.21226e-01 | 35  0.68098  4.01807e+01 | 36 -0.10592  1.06117e+02
 37 -0.08019 -1.12453e+00 | 38 -0.67257 -3.94141e-03 | 39  0.05890  2.76441e+01
 40  0.70413  2.49956e+01 | 41 -0.41165 -9.84567e-03 | 42 -0.42681  1.32470e-01
 43 -0.63210  4.30102e+00 | 44  0.46535 -5.43144e-03 | 45  0.24475  1.26370e-03
 46  0.22128 -1.60138e+01 | 47  0.00326  1.06227e-05 | 48 -0.10108 -5.34360e-04
 49  0.03488 -5.32584e-01 | 50 -0.53771 -1.07982e-02 | 51  0.17893 -4.95967e+01
 52 -0.46457 -2.04558e-01 | 53 -0.02822  2.56131e+02 | 54  0.03036 -1.60649e+00
 55 -0.80419 -9.38327e-03 | 56  0.03836  5.92938e+01 | 57  0.48513  4.02505e+01
 58 -0.06468  6.25380e+02 |

Intermediate statistics: 58 variables; iteration 20; function evaluation 28; phase 3
Function value 4.1548884e+02; maximum gradient component mag 3.5241e+02
Var    Value     Gradient |Var    Value     Gradient |Var    Value     Gradient
  1  0.81657  2.35192e-02 |  2 -0.02748 -1.18612e+01 |  3 -0.04641 -3.10299e+00
  4  0.04451 -1.69609e+01 |  5  0.03525 -4.39215e+00 |  6  0.04547 -2.32976e-01
  7 -0.02708  1.65159e+01 |  8  0.00937  2.80833e+01 |  9 -0.00024  7.50359e+01
 10  0.00243  1.23122e+02 | 11 -0.02850  1.11928e+02 | 12  0.00654  4.74599e+01
 13  0.00471 -4.80633e+01 | 14  0.04522 -7.98225e+01 | 15  0.00371 -1.13094e+02
 16  0.00723 -7.93272e+01 | 17  0.03055 -6.06862e+01 | 18 -0.06855 -1.55868e+02
 19  0.05610 -2.66536e+02 | 20  0.01716 -3.33247e+02 | 21 -0.02351 -1.22652e+02
 22 -0.03506 -5.63590e+01 | 23  0.07492 -1.37400e+01 | 24 -0.03340  1.34248e+02
 25 -0.03971  1.84333e+02 | 26 -0.04811  1.98004e+02 | 27 -0.02659  1.92636e+02
 28 -0.00491  9.15217e+01 | 29 -0.01790  4.25772e+01 | 30  0.00351  5.96139e+00
 31  0.03793 -4.05636e+00 | 32 -0.19628  2.74836e+02 | 33 -0.20871  5.83775e+01
 34 -0.00337 -5.60017e+01 | 35  0.74749  1.76699e+02 | 36 -0.27080 -7.88718e-01
 37 -0.07771 -8.87879e+01 | 38 -0.67249 -6.96243e-03 | 39  0.05442  1.72117e+01
 40  0.67690 -6.07967e+01 | 41 -0.41189 -1.21846e-02 | 42 -0.44054 -4.24167e+00
 43 -0.67956 -9.05865e-01 | 44  0.48667 -1.07419e+00 | 45  0.24473  1.26480e-03
 46  0.26997 -4.38303e-01 | 47  0.00326  1.14699e-05 | 48 -0.10108 -3.79872e-04
 49  0.14213  4.05263e+01 | 50 -0.53756 -3.09361e-03 | 51  0.23212 -6.59850e+01
 52 -0.46478 -2.81192e-03 | 53 -0.02924  3.07795e+02 | 54  0.04084 -1.54730e+01
 55 -0.80402 -9.63335e-03 | 56  0.03763  3.05437e+01 | 57  0.45875  7.67819e+00
 58 -0.07180  3.52410e+02 |
58 variables; iteration 40; function evaluation 53; phase 3
Function value 3.8232410e+02; maximum gradient component mag 2.3965e+02
Var    Value     Gradient |Var    Value     Gradient |Var    Value     Gradient
  1  0.75950  4.28151e-02 |  2 -0.02023 -8.82291e-02 |  3 -0.04423  2.55396e+00
  4  0.05272 -7.98525e+00 |  5  0.02736 -2.15349e+01 |  6  0.05663  9.98497e+00
  7 -0.02165  1.34947e+01 |  8  0.00257 -1.21093e+01 |  9 -0.00043  1.66186e+01
 10 -0.00410  3.43025e+01 | 11 -0.04045  3.72067e+01 | 12  0.00310 -1.12302e+00
 13  0.01080 -2.25022e+01 | 14  0.05322 -8.60847e+00 | 15  0.01337 -3.97980e+01
 16  0.01176 -3.34262e+01 | 17  0.01011 -4.63754e+01 | 18  0.00277  3.23149e+01
 19  0.04382 -9.93330e+01 | 20  0.04641 -3.15107e+01 | 21 -0.01645 -2.11601e+01
 22 -0.03702 -2.98816e+01 | 23  0.08638  5.32771e+00 | 24 -0.04869  4.79811e+01
 25 -0.06946  5.74017e+01 | 26 -0.07933  5.50739e+01 | 27 -0.04940  3.38563e+01
 28 -0.01365  1.63008e+01 | 29 -0.01397  2.72457e+01 | 30  0.00435 -6.08731e+00
 31  0.03338 -2.25768e+01 | 32 -0.19224  7.04155e+01 | 33 -0.22009  9.81805e+00
 34  0.00145 -3.22821e+01 | 35  0.71393  2.24275e+01 | 36 -0.25799 -3.77898e+00
 37 -0.07005 -3.94002e+01 | 38 -0.66740 -5.78404e-03 | 39  0.06041  9.39908e+00
 40  0.66643 -4.27239e+01 | 41 -0.42431 -5.46110e-03 | 42 -0.43991 -7.81121e+00
 43 -0.86201 -1.64793e+00 | 44  1.42199  7.19247e-01 | 45  0.24335  1.25765e-03
 46  0.26511 -1.24158e+00 | 47  0.00324  1.18306e-05 | 48 -0.10074 -3.01260e-04
 49  0.14387 -5.60687e+01 | 50 -0.53101 -2.48037e-02 | 51  0.25019 -2.83713e+01
 52 -0.52672 -3.41795e-03 | 53 -0.04984  5.84404e+01 | 54  0.03635  3.63456e+01
 55 -0.79355 -8.78632e-03 | 56  0.02832  1.22389e+01 | 57  0.49277  3.04119e+01
 58 -0.08252  2.39651e+02 |
58 variables; iteration 60; function evaluation 102; phase 3
Function value 3.6504492e+02; maximum gradient component mag 2.6691e+03
Var    Value     Gradient |Var    Value     Gradient |Var    Value     Gradient
  1  0.08442 -9.48851e+01 |  2 -0.02241 -4.53091e+01 |  3 -0.04511 -9.79870e+00
  4  0.04958 -1.62668e+01 |  5  0.03664 -1.47425e+00 |  6  0.05524 -5.54578e-01
  7 -0.02720 -1.10659e+01 |  8  0.01730 -6.89359e+01 |  9 -0.00343 -1.42976e+02
 10 -0.00644 -8.49942e+01 | 11 -0.04455 -9.28110e+01 | 12  0.00436 -1.11737e+02
 13  0.01676 -1.91677e+01 | 14  0.04940  6.72648e+01 | 15  0.01690  6.83052e+01
 16  0.00982  9.45550e+01 | 17  0.01716  9.94740e+01 | 18 -0.01067  7.35878e+01
 19  0.05316  1.63853e+02 | 20  0.04519  7.65901e+01 | 21 -0.01482 -4.80087e+01
 22 -0.02302 -2.78322e+01 | 23  0.08448  6.51888e+01 | 24 -0.05247 -2.21686e+01
 25 -0.07558 -3.02958e+01 | 26 -0.09235 -5.02501e+01 | 27 -0.04630 -5.40927e+01
 28 -0.01376  8.07709e+00 | 29 -0.02004  2.08485e+01 | 30  0.00136  2.18408e+01
 31  0.04018  5.69590e+01 | 32 -0.19955 -8.92376e+01 | 33 -0.30554 -9.93830e-01
 34 -0.00509  1.26924e+01 | 35  0.72571 -4.30467e+01 | 36 -0.29207 -1.14995e+00
 37 -0.07623 -1.50217e+02 | 38 -0.61171 -1.16409e-02 | 39  0.05203  2.87589e+01
 40  0.68440 -8.87704e+01 | 41 -0.41999 -1.32556e-02 | 42 -0.42822 -1.02016e+01
 43 -0.58994  5.49207e+00 | 44  1.42681  1.84854e+00 | 45  0.22674  1.15780e-03
 46  0.27525  5.90870e+00 | 47  0.00308  8.98852e-06 | 48 -0.09764 -7.68533e-04
 49  0.14619  2.66914e+03 | 50 -0.85358 -5.80719e-03 | 51  0.33808 -1.83101e+00
 52 -0.44684  1.10515e+01 | 53 -0.04798 -9.16206e+01 | 54  0.03802 -5.55050e+01
 55 -0.68559 -5.91874e-03 | 56  0.03014  1.80037e+01 | 57  0.52322 -2.47755e+01
 58 -0.11591 -5.35446e+01 |
58 variables; iteration 80; function evaluation 133; phase 3
Function value 3.5000097e+02; maximum gradient component mag 5.6482e+01
Var    Value     Gradient |Var    Value     Gradient |Var    Value     Gradient
  1  0.05986  5.64820e+01 |  2  0.00299 -3.89398e+00 |  3 -0.04152  2.81507e+00
  4  0.05416  2.03664e+00 |  5  0.03392  6.24971e+00 |  6  0.04428 -8.61894e+00
  7 -0.03358 -5.09882e+00 |  8  0.01520 -1.41845e+01 |  9  0.01003 -2.39625e+01
 10 -0.00839 -5.64526e+00 | 11 -0.02660 -8.07005e+00 | 12  0.01211 -1.05113e+01
 13  0.01933 -4.93376e+00 | 14  0.03760  1.29992e+01 | 15  0.00742 -1.98886e+00
 16 -0.00471  9.66814e-01 | 17  0.00603  3.54618e+00 | 18 -0.01557  1.58046e+01
 19  0.03958  1.59978e+01 | 20  0.03662 -4.89414e+00 | 21  0.00202  8.07215e-01
 22 -0.00652  2.04492e+01 | 23  0.05572 -2.60480e+00 | 24 -0.05724  2.55223e+00
 25 -0.06367  5.64648e+00 | 26 -0.06746  4.88425e+00 | 27 -0.03683 -6.99546e+00
 28 -0.01489  6.81261e+00 | 29 -0.02148 -8.54089e-01 | 30 -0.00577 -7.96810e+00
 31  0.02699  3.73651e+00 | 32 -0.19100  2.90418e+00 | 33 -0.36674  3.33524e-01
 34  0.00060 -4.50379e-02 | 35  0.73275  4.74164e+00 | 36 -0.24038 -2.66869e+00
 37 -0.06559 -1.97086e+01 | 38 -0.69323 -5.79317e-03 | 39  0.05630  1.38259e+00
 40  0.70432 -9.10265e+00 | 41 -0.43113 -1.42592e-03 | 42 -0.36697  1.42417e+01
 43 -0.63232 -8.83377e-02 | 44  1.00248 -5.70623e-01 | 45  0.16837  1.04702e-03
 46  0.22518  5.10197e+00 | 47  0.00290  1.19540e-05 | 48 -0.09930  8.98671e-05
 49  0.14555  7.74064e+00 | 50 -0.25096  2.36394e-02 | 51  0.41794 -3.08819e-01
 52 -0.25341  7.54197e-01 | 53 -0.01586  3.19008e+01 | 54  0.04337 -7.98723e+00
 55 -0.57569 -1.83543e-03 | 56  0.03426  3.00833e+00 | 57  0.56349 -1.00450e+00
 58 -0.10262 -3.08813e+01 |
58 variables; iteration 100; function evaluation 153; phase 3
Function value 3.4585615e+02; maximum gradient component mag 4.5180e+01
Var    Value     Gradient |Var    Value     Gradient |Var    Value     Gradient
  1  0.05942  2.19387e+01 |  2  0.00325 -4.29294e+00 |  3 -0.04551 -3.87645e+00
  4  0.05592 -3.24780e+00 |  5  0.03133 -3.52592e+00 |  6  0.04667 -4.25624e-01
  7 -0.03803 -2.28932e+00 |  8  0.01633  1.60509e+00 |  9  0.01064  4.30276e-01
 10 -0.00856  3.75584e+00 | 11 -0.02676  2.61636e+00 | 12  0.01245 -4.57424e+00
 13  0.02010 -3.40942e+00 | 14  0.03620 -6.37312e+00 | 15  0.00824 -5.60348e+00
 16 -0.00375 -3.08382e-01 | 17  0.00657 -7.02975e+00 | 18 -0.01635 -1.11196e+01
 19  0.04022  6.05793e+00 | 20  0.03697 -5.62802e+00 | 21  0.00112 -5.23498e+00
 22 -0.01045  1.92968e-01 | 23  0.05912  1.02261e+01 | 24 -0.05408  5.54194e+00
 25 -0.06877  5.25868e+00 | 26 -0.06659  1.00164e+01 | 27 -0.03482  9.89909e+00
 28 -0.01521  6.42932e+00 | 29 -0.02011  8.16882e+00 | 30 -0.00278  4.03447e+00
 31  0.02663 -3.72715e+00 | 32 -0.17078 -5.49774e+00 | 33 -0.36523  1.38890e-01
 34  0.02023  1.37477e+00 | 35  0.67308 -7.48517e+00 | 36 -0.10338  3.73351e+00
 37 -0.06260  1.47178e+01 | 38 -0.56632  2.17154e-03 | 39  0.05910 -1.60398e+00
 40  0.70817  1.05023e+01 | 41 -0.41089  1.24979e-03 | 42 -0.37239  6.61852e+00
 43 -0.63715 -8.77853e-01 | 44  0.95178 -2.19694e-01 | 45  0.18821  9.08579e-04
 46  0.22032 -1.02599e+00 | 47  0.00859  2.42878e-05 | 48 -0.10190  2.01216e-05
 49  0.14611  4.51797e+01 | 50 -0.28992  1.32976e+00 | 51  0.40145 -1.88885e-01
 52 -0.53494  3.07065e+00 | 53 -0.02498 -1.58124e+01 | 54  0.05033  8.98223e-01
 55 -0.53614  1.48958e-03 | 56  0.03635 -1.82482e+00 | 57  0.50922  1.45176e+00
 58 -0.06965 -1.02721e+01 |
58 variables; iteration 120; function evaluation 173; phase 3
Function value 3.4518360e+02; maximum gradient component mag 4.2030e+01
Var    Value     Gradient |Var    Value     Gradient |Var    Value     Gradient
  1  0.05956  2.71606e+00 |  2  0.00335  2.79612e-01 |  3 -0.04470  3.25077e-01
  4  0.05568  7.66226e-01 |  5  0.03179  8.39185e-01 |  6  0.04628  9.43670e-01
  7 -0.03661  4.41096e-01 |  8  0.01576  5.15017e-01 |  9  0.01058  2.86613e-01
 10 -0.00883  2.88369e-01 | 11 -0.02690  4.84572e-01 | 12  0.01252 -6.57550e-01
 13  0.01999 -4.42207e-01 | 14  0.03632  1.77364e-01 | 15  0.00851  3.34138e-01
 16 -0.00421  6.98010e-02 | 17  0.00665 -1.96947e-01 | 18 -0.01560  1.24608e-01
 19  0.03959 -3.70549e-01 | 20  0.03728 -1.06937e+00 | 21  0.00163 -8.35111e-01
 22 -0.01011 -6.41050e-01 | 23  0.05881 -1.55001e+00 | 24 -0.05495 -3.13628e-01
 25 -0.06922 -5.88707e-01 | 26 -0.06699  1.41151e-01 | 27 -0.03511 -2.39440e-02
 28 -0.01514 -3.65837e-03 | 29 -0.02070  2.55774e-01 | 30 -0.00324  6.69845e-03
 31  0.02744  1.87170e-01 | 32 -0.17390  1.48643e+00 | 33 -0.38964  1.22147e-01
 34  0.01717 -8.16275e-02 | 35  0.68173  1.40026e+00 | 36 -0.10672  7.44573e-01
 37 -0.06250 -2.45906e-02 | 38 -0.82272 -1.08804e-02 | 39  0.05888 -1.56315e-01
 40  0.70411 -1.95577e-01 | 41 -0.47155 -2.39228e-03 | 42 -0.37681  1.37867e-01
 43 -0.63236 -4.58853e-02 | 44  0.97912 -1.98425e-02 | 45  0.16065 -3.15731e-03
 46  0.22107 -2.13488e-01 | 47  0.00725 -2.05955e-04 | 48 -0.10007  5.23030e-05
 49  0.14662  4.20301e+01 | 50 -0.35205  3.24766e-01 | 51  0.43819 -6.52134e-02
 52 -0.97129  4.36093e-03 | 53 -0.02338 -3.23398e-01 | 54  0.05409 -6.55996e-01
 55 -0.58118 -2.06847e-03 | 56  0.03921 -3.31973e-02 | 57  0.48971 -5.39733e-01
 58 -0.06481 -2.93441e+00 |
58 variables; iteration 140; function evaluation 195; phase 3
Function value 3.4517016e+02; maximum gradient component mag -4.3732e+01
Var    Value     Gradient |Var    Value     Gradient |Var    Value     Gradient
  1  0.05953  1.54909e-01 |  2  0.00341 -9.43530e-02 |  3 -0.04469 -2.06028e-02
  4  0.05568 -2.32134e-02 |  5  0.03177  1.13650e-02 |  6  0.04625 -1.78885e-02
  7 -0.03663 -4.49221e-02 |  8  0.01574 -1.27089e-01 |  9  0.01061 -1.10269e-01
 10 -0.00882  6.42190e-02 | 11 -0.02691  4.10288e-02 | 12  0.01255 -2.65534e-01
 13  0.02003 -1.61880e-01 | 14  0.03629 -3.31926e-02 | 15  0.00847  8.92577e-02
 16 -0.00422  1.15809e-01 | 17  0.00666  7.02278e-02 | 18 -0.01565 -1.34893e-02
 19  0.03960  2.95043e-01 | 20  0.03731  1.42472e-01 | 21  0.00165 -1.44333e-01
 22 -0.01011 -5.08155e-02 | 23  0.05882  1.19746e-02 | 24 -0.05501  1.64102e-01
 25 -0.06920 -2.46284e-02 | 26 -0.06702 -6.88331e-02 | 27 -0.03510 -7.08640e-02
 28 -0.01512 -2.48321e-02 | 29 -0.02071  9.26177e-02 | 30 -0.00319  8.36276e-02
 31  0.02742 -1.71623e-03 | 32 -0.17353 -2.13883e-02 | 33 -0.54989  1.96868e-03
 34  0.01753  1.18166e-03 | 35  0.68131  1.13147e-01 | 36 -0.10649  1.30039e-01
 37 -0.06252 -2.00163e-01 | 38 -0.59292 -1.71776e-03 | 39  0.05888 -1.65768e-02
 40  0.70420 -1.58021e-01 | 41 -0.38148  2.80471e-03 | 42 -0.37692 -5.02282e-02
 43 -0.63195  1.91296e-02 | 44  0.98025 -8.83795e-03 | 45  0.16771  9.55358e-04
 46  0.22114 -4.32857e-02 | 47 -0.00890 -4.43453e-05 | 48 -0.10069  4.20025e-05
 49  0.14603 -4.37324e+01 | 50 -0.31065 -1.05182e+00 | 51  0.63540  2.14269e-03
 52 -0.97319  1.72600e-03 | 53 -0.02317  3.75426e-02 | 54  0.05408  1.19358e-01
 55 -0.59494 -2.55450e-03 | 56  0.03916  5.39521e-02 | 57  0.48938  8.63072e-03
 58 -0.06445 -8.85942e-02 |
58 variables; iteration 160; function evaluation 218; phase 3
Function value 3.4516843e+02; maximum gradient component mag -1.0167e+00
Var    Value     Gradient |Var    Value     Gradient |Var    Value     Gradient
  1  0.05953  4.11760e-01 |  2  0.00342 -8.88363e-02 |  3 -0.04469 -4.06503e-02
  4  0.05569 -2.81442e-02 |  5  0.03176 -2.99746e-02 |  6  0.04625 -5.21456e-02
  7 -0.03664 -6.32001e-02 |  8  0.01575 -1.20920e-01 |  9  0.01061 -1.38382e-01
 10 -0.00883 -8.08487e-02 | 11 -0.02692 -8.77528e-03 | 12  0.01256 -6.29635e-02
 13  0.02004  5.15778e-03 | 14  0.03629 -7.73720e-04 | 15  0.00846 -2.20809e-03
 16 -0.00423 -5.83904e-02 | 17  0.00665 -5.90545e-02 | 18 -0.01564 -6.92028e-03
 19  0.03959  5.41099e-02 | 20  0.03730  1.00771e-01 | 21  0.00166  1.80812e-02
 22 -0.01011  6.91346e-02 | 23  0.05881  1.74922e-01 | 24 -0.05504  8.74275e-02
 25 -0.06919  4.89051e-02 | 26 -0.06700  2.48090e-02 | 27 -0.03509  8.29947e-02
 28 -0.01511  5.51989e-02 | 29 -0.02072  7.76072e-02 | 30 -0.00319  4.47220e-02
 31  0.02742 -2.69860e-02 | 32 -0.17347 -1.28358e-01 | 33 -0.68187 -5.04346e-03
 34  0.01759  1.20703e-02 | 35  0.68122 -7.15251e-02 | 36 -0.10648 -6.37665e-02
 37 -0.06252  6.68881e-03 | 38 -0.57194 -3.80410e-04 | 39  0.05889 -1.96414e-02
 40  0.70425 -9.71866e-03 | 41 -0.39073  1.67429e-03 | 42 -0.37688 -2.03347e-02
 43 -0.63202  5.08924e-03 | 44  0.98095 -1.37696e-03 | 45  0.16662  5.90791e-04
 46  0.22116 -1.14337e-02 | 47  0.00171  6.54164e-06 | 48 -0.10605 -7.77702e-05
 49  0.14549 -1.01671e+00 | 50 -0.29072 -2.03484e-01 | 51  0.79730  9.15058e-03
 52 -0.97150  6.75646e-03 | 53 -0.02314  1.69362e-02 | 54  0.05403  9.58596e-02
 55 -0.55814 -6.49383e-04 | 56  0.03910  3.30831e-02 | 57  0.48944  3.86851e-02
 58 -0.06442  1.14499e-01 |
58 variables; iteration 180; function evaluation 240; phase 3
Function value 3.4516793e+02; maximum gradient component mag 1.8274e+01
Var    Value     Gradient |Var    Value     Gradient |Var    Value     Gradient
  1  0.05953  1.28657e-02 |  2  0.00343  5.42521e-03 |  3 -0.04469  3.72486e-03
  4  0.05569  2.04855e-02 |  5  0.03176  1.91817e-02 |  6  0.04624 -2.20886e-02
  7 -0.03663  3.39421e-03 |  8  0.01576  1.82596e-02 |  9  0.01061  1.99219e-02
 10 -0.00883 -3.87674e-03 | 11 -0.02692  1.07648e-02 | 12  0.01257 -1.66848e-02
 13  0.02003 -1.68416e-02 | 14  0.03630  3.40702e-04 | 15  0.00846 -4.10025e-02
 16 -0.00423  1.00477e-02 | 17  0.00666  4.46984e-02 | 18 -0.01564  2.10908e-02
 19  0.03958 -3.52595e-02 | 20  0.03730  8.03080e-03 | 21  0.00167 -1.57884e-02
 22 -0.01011 -5.87661e-03 | 23  0.05881 -3.68965e-02 | 24 -0.05505 -1.06146e-02
 25 -0.06918  6.69491e-03 | 26 -0.06699  2.43673e-02 | 27 -0.03509 -2.43235e-02
 28 -0.01512 -2.09294e-02 | 29 -0.02072 -8.91634e-03 | 30 -0.00320  1.12747e-02
 31  0.02743  4.14884e-02 | 32 -0.17346 -2.63261e-02 | 33 -0.77147 -8.15430e-03
 34  0.01759  2.17540e-03 | 35  0.68121 -2.53730e-02 | 36 -0.10648 -5.99661e-03
 37 -0.06252  3.80724e-03 | 38 -0.57033 -2.60879e-04 | 39  0.05889  2.25222e-04
 40  0.70427  7.39096e-03 | 41 -0.40383  4.32737e-04 | 42 -0.37686  8.45077e-04
 43 -0.63206 -1.88474e-03 | 44  0.98118  1.16265e-03 | 45  0.16282 -6.49220e-04
 46  0.22117  1.23633e-03 | 47  0.03110  1.06694e-04 | 48 -0.09995  5.75918e-05
 49  0.14498  1.82739e+01 | 50 -0.27739  5.86946e-01 | 51  0.90603  2.10099e-02
 52 -0.97003  1.21229e-02 | 53 -0.02312 -1.67062e-03 | 54  0.05399 -1.60561e-02
 55 -0.51672  3.07837e-03 | 56  0.03907  4.09967e-04 | 57  0.48948 -6.20447e-03
 58 -0.06443 -4.66161e-02 |
58 variables; iteration 200; function evaluation 266; phase 3
Function value 3.4515836e+02; maximum gradient component mag -5.6102e+01
Var    Value     Gradient |Var    Value     Gradient |Var    Value     Gradient
  1  0.05953 -1.52470e-01 |  2  0.00343  5.61059e-02 |  3 -0.04470  1.81356e-02
  4  0.05568 -1.23003e-02 |  5  0.03176  7.07157e-03 |  6  0.04623 -2.07474e-03
  7 -0.03662  6.11095e-02 |  8  0.01576  7.66257e-02 |  9  0.01061  9.00779e-02
 10 -0.00883 -3.61717e-03 | 11 -0.02692  3.22134e-03 | 12  0.01257 -7.89741e-03
 13  0.02003 -1.02598e-03 | 14  0.03629 -2.14194e-02 | 15  0.00846 -1.27788e-02
 16 -0.00422  1.09319e-01 | 17  0.00666  1.41148e-01 | 18 -0.01565  4.30144e-03
 19  0.03958 -6.04026e-02 | 20  0.03730 -6.27995e-02 | 21  0.00167 -5.91175e-02
 22 -0.01011 -4.36963e-02 | 23  0.05881 -1.02109e-01 | 24 -0.05504 -1.16276e-02
 25 -0.06917  5.17992e-02 | 26 -0.06700 -1.00778e-02 | 27 -0.03509 -1.06381e-01
 28 -0.01512 -1.21384e-01 | 29 -0.02073 -5.82224e-02 | 30 -0.00319  1.48664e-02
 31  0.02743  5.27444e-02 | 32 -0.17350  6.53619e-02 | 33 -0.50707  8.81383e-03
 34  0.01756 -1.33967e-02 | 35  0.68124  5.85015e-02 | 36 -0.10649  2.51963e-02
 37 -0.06251  3.60547e-02 | 38 -0.53765  2.86598e-03 | 39  0.05890 -1.56860e-03
 40  0.70426  1.13187e-02 | 41 -0.55902 -3.72248e-03 | 42 -0.37689 -3.20100e-02
 43 -0.63214 -1.71263e-02 | 44  0.98128  2.21364e-03 | 45  0.16676 -7.25447e-04
 46  0.22117 -8.84275e-03 | 47 -0.08624 -4.38738e-04 | 48 -0.47480 -2.90227e-03
 49  0.14351 -5.61023e+01 | 50 -0.25264 -4.72153e+00 | 51  0.56288 -2.44415e-03
 52 -0.97286  4.48369e-03 | 53 -0.02312 -8.60509e-02 | 54  0.05401  3.06091e-02
 55 -0.56516 -1.10403e-03 | 56  0.03907 -5.62423e-02 | 57  0.48945 -1.07864e-02
 58 -0.06442 -2.54356e-02 |
58 variables; iteration 220; function evaluation 288; phase 3
Function value 3.4515683e+02; maximum gradient component mag 8.3921e+00
Var    Value     Gradient |Var    Value     Gradient |Var    Value     Gradient
  1  0.05953 -2.18919e-01 |  2  0.00343  4.39088e-02 |  3 -0.04469  1.98039e-02
  4  0.05568  1.11523e-02 |  5  0.03176  1.85010e-02 |  6  0.04624  3.65409e-02
  7 -0.03663  3.41785e-02 |  8  0.01576  5.58580e-02 |  9  0.01061  4.27599e-02
 10 -0.00883  7.31436e-03 | 11 -0.02692 -4.18933e-03 | 12  0.01257  3.85231e-02
 13  0.02004  1.35919e-02 | 14  0.03629 -3.42244e-03 | 15  0.00846  2.13293e-02
 16 -0.00422  4.11338e-02 | 17  0.00666  2.34120e-02 | 18 -0.01564 -1.16572e-02
 19  0.03959 -1.40088e-02 | 20  0.03730 -4.74167e-02 | 21  0.00167 -1.50075e-02
 22 -0.01011 -3.72996e-02 | 23  0.05881 -8.20070e-02 | 24 -0.05505 -3.72086e-02
 25 -0.06919 -1.31129e-02 | 26 -0.06700 -2.27318e-02 | 27 -0.03509 -4.20400e-02
 28 -0.01511 -3.82324e-02 | 29 -0.02072 -1.80189e-02 | 30 -0.00320 -3.91324e-03
 31  0.02742 -9.94918e-03 | 32 -0.17348  8.87029e-02 | 33 -0.50249  9.90977e-03
 34  0.01757 -4.88362e-03 | 35  0.68122  5.37177e-02 | 36 -0.10649  2.37160e-02
 37 -0.06251 -7.15999e-03 | 38 -0.56264  3.37158e-04 | 39  0.05890  1.11469e-02
 40  0.70425 -1.03703e-02 | 41 -0.40865  6.34451e-05 | 42 -0.37686  4.68526e-03
 43 -0.63208 -5.39765e-03 | 44  0.98116  9.08356e-04 | 45  0.16230 -3.50839e-03
 46  0.22117 -1.13717e-03 | 47 -0.01647 -2.96030e-04 | 48 -0.06979  1.26938e-03
 49  0.14341  8.39205e+00 | 50 -0.25130  2.61918e-01 | 51  0.55578 -3.19870e-03
 52 -0.97354 -4.93787e-03 | 53 -0.02311 -4.62217e-02 | 54  0.05400 -3.70937e-02
 55 -0.55920 -7.45794e-04 | 56  0.03907 -2.54043e-02 | 57  0.48944 -2.28937e-02
 58 -0.06441 -3.91176e-02 |
58 variables; iteration 240; function evaluation 310; phase 3
Function value 3.4515216e+02; maximum gradient component mag 3.5706e+01
Var    Value     Gradient |Var    Value     Gradient |Var    Value     Gradient
  1  0.05953  6.83906e-01 |  2  0.00342 -1.40003e-01 |  3 -0.04471 -1.13397e-01
  4  0.05571 -3.61835e-02 |  5  0.03175 -1.30864e-01 |  6  0.04626 -1.46840e-01
  7 -0.03666 -1.73145e-01 |  8  0.01574 -3.01425e-01 |  9  0.01061 -2.96731e-01
 10 -0.00882  2.19286e-02 | 11 -0.02692 -2.26532e-02 | 12  0.01257 -3.93577e-02
 13  0.02004  7.70413e-03 | 14  0.03631  9.09930e-02 | 15  0.00846 -8.50205e-02
 16 -0.00424 -2.04491e-01 | 17  0.00665 -6.90708e-02 | 18 -0.01564  6.08749e-02
 19  0.03959  1.39660e-01 | 20  0.03730  2.29154e-01 | 21  0.00167  1.64735e-01
 22 -0.01010  1.69360e-01 | 23  0.05882  3.28688e-01 | 24 -0.05504  1.28771e-01
 25 -0.06920  5.08251e-02 | 26 -0.06701  5.92454e-02 | 27 -0.03508  1.49724e-01
 28 -0.01511  8.14157e-02 | 29 -0.02072  2.89832e-02 | 30 -0.00319  9.12359e-03
 31  0.02742  2.75583e-03 | 32 -0.17348 -1.61656e-01 | 33 -0.54741  2.19532e-03
 34  0.01757  3.69683e-03 | 35  0.68121 -7.95727e-02 | 36 -0.10647 -3.49753e-02
 37 -0.06255  5.43273e-03 | 38 -0.61965 -2.96202e-03 | 39  0.05886 -3.37419e-02
 40  0.70432  4.47248e-02 | 41 -0.40972 -1.28439e-07 | 42 -0.37688 -1.25632e-02
 43 -0.63196  1.73501e-02 | 44  0.98053 -5.99436e-03 | 45  0.05360  3.86220e-04
 46  0.22118  1.38971e-02 | 47  0.61091  4.48328e-03 | 48 -0.05349  7.24035e-05
 49  0.14223  3.57059e+01 | 50 -0.23847  3.24763e+00 | 51  0.58932  3.24038e-04
 52 -0.97365 -8.05182e-03 | 53 -0.02307  1.61940e-01 | 54  0.05400  9.30457e-02
 55 -0.53133  1.51257e-03 | 56  0.03909  6.92280e-02 | 57  0.48959  7.06766e-02
 58 -0.06445  1.23230e-01 |
58 variables; iteration 260; function evaluation 332; phase 3
Function value 3.4514031e+02; maximum gradient component mag 1.0071e+01
Var    Value     Gradient |Var    Value     Gradient |Var    Value     Gradient
  1  0.05953  1.39560e-01 |  2  0.00342 -1.23112e-02 |  3 -0.04470 -4.63028e-03
  4  0.05568 -1.22944e-02 |  5  0.03176  5.01528e-03 |  6  0.04625 -1.58786e-02
  7 -0.03664 -1.92582e-02 |  8  0.01575 -2.43719e-02 |  9  0.01061 -3.63441e-02
 10 -0.00883  4.72726e-03 | 11 -0.02692  4.09053e-03 | 12  0.01257  4.58638e-03
 13  0.02003 -1.28925e-02 | 14  0.03630 -8.72701e-04 | 15  0.00846 -2.48905e-02
 16 -0.00423 -3.27910e-02 | 17  0.00666 -1.28431e-02 | 18 -0.01564 -5.71181e-04
 19  0.03959 -5.64269e-03 | 20  0.03730  1.31315e-02 | 21  0.00166  1.62031e-02
 22 -0.01011  2.38908e-02 | 23  0.05882  4.80523e-02 | 24 -0.05505  1.35947e-02
 25 -0.06919 -5.32422e-03 | 26 -0.06700  1.95948e-02 | 27 -0.03509  3.12894e-02
 28 -0.01511  2.42006e-02 | 29 -0.02072  1.86054e-02 | 30 -0.00319 -3.07831e-03
 31  0.02743 -1.36823e-03 | 32 -0.17346  2.86349e-04 | 33 -0.60911 -2.33243e-03
 34  0.01759 -3.76302e-05 | 35  0.68121 -7.19368e-03 | 36 -0.10648  9.45200e-03
 37 -0.06252 -1.28493e-02 | 38 -0.58093 -9.89695e-04 | 39  0.05889 -4.30767e-04
 40  0.70427 -3.07426e-03 | 41 -0.40917  2.84153e-05 | 42 -0.37687  3.27367e-03
 43 -0.63202  6.01456e-03 | 44  0.98098 -1.09937e-03 | 45  0.52742  3.42459e-03
 46  0.22117 -1.62257e-03 | 47 -0.49576 -3.10005e-03 | 48 -0.07346  1.07546e-03
 49  0.13992  1.00712e+01 | 50 -0.22076  7.96224e-01 | 51  0.61253  2.34457e-03
 52 -0.97238  7.83793e-04 | 53 -0.02303  3.31638e-02 | 54  0.05400 -4.96749e-03
 55 -0.54416  3.38540e-04 | 56  0.03908  1.21905e-02 | 57  0.48948  1.80121e-03
 58 -0.06442 -1.89393e-03 |
58 variables; iteration 280; function evaluation 354; phase 3
Function value 3.4513231e+02; maximum gradient component mag 2.3403e+01
Var    Value     Gradient |Var    Value     Gradient |Var    Value     Gradient
  1  0.05953  3.36625e-02 |  2  0.00343  3.67518e-02 |  3 -0.04469  2.34412e-02
  4  0.05567 -2.04360e-02 |  5  0.03177  3.68241e-02 |  6  0.04625  2.46601e-02
  7 -0.03664  1.60249e-02 |  8  0.01576  1.55853e-02 |  9  0.01060 -2.23693e-03
 10 -0.00883 -1.51573e-03 | 11 -0.02693 -3.77155e-03 | 12  0.01257  5.11645e-02
 13  0.02003  1.67659e-02 | 14  0.03629  5.43067e-03 | 15  0.00847  2.51404e-02
 16 -0.00423  3.40409e-03 | 17  0.00666  2.24859e-03 | 18 -0.01564 -2.48504e-02
 19  0.03959 -4.08824e-02 | 20  0.03730 -2.54607e-02 | 21  0.00166 -2.97639e-04
 22 -0.01011  1.70417e-02 | 23  0.05882 -1.03019e-02 | 24 -0.05504 -1.16095e-02
 25 -0.06919 -1.66012e-03 | 26 -0.06700 -2.46687e-03 | 27 -0.03509 -3.03547e-02
 28 -0.01511 -3.75655e-02 | 29 -0.02072 -8.35171e-03 | 30 -0.00319 -3.88555e-02
 31  0.02743 -1.00222e-02 | 32 -0.17347  1.48601e-02 | 33 -0.56560  4.53633e-04
 34  0.01759 -3.03836e-03 | 35  0.68121 -3.67144e-03 | 36 -0.10648 -2.41190e-03
 37 -0.06252 -3.65706e-03 | 38 -0.57055 -2.76495e-04 | 39  0.05889  9.73447e-03
 40  0.70427  1.25651e-02 | 41 -0.40551  3.00101e-04 | 42 -0.37687  6.07934e-03
 43 -0.63205  1.46746e-03 | 44  0.98104 -3.73666e-04 | 45  0.38193  2.14937e-03
 46  0.22117 -1.14784e-02 | 47  0.46049  2.77468e-03 | 48 -0.05352  2.63760e-03
 49  0.13843  2.34026e+01 | 50 -0.21223  3.52063e+00 | 51  0.52060 -4.12473e-03
 52 -0.97357 -6.77401e-03 | 53 -0.02303 -6.98446e-02 | 54  0.05400 -1.78444e-02
 55 -0.55451 -4.29842e-04 | 56  0.03907 -7.40016e-03 | 57  0.48942 -1.02943e-02
 58 -0.06441  2.32919e-02 |
58 variables; iteration 300; function evaluation 376; phase 3
Function value 3.4512103e+02; maximum gradient component mag 9.4061e+01
Var    Value     Gradient |Var    Value     Gradient |Var    Value     Gradient
  1  0.05954  2.18651e+00 |  2  0.00342 -2.04987e-01 |  3 -0.04470 -1.61711e-01
  4  0.05568 -2.20379e-01 |  5  0.03176 -1.98958e-01 |  6  0.04625 -2.63869e-01
  7 -0.03665 -1.91626e-01 |  8  0.01575 -2.82690e-01 |  9  0.01060 -3.22969e-01
 10 -0.00882 -1.45332e-01 | 11 -0.02693 -1.32868e-01 | 12  0.01257 -1.22359e-01
 13  0.02003 -1.12994e-01 | 14  0.03630 -5.39323e-02 | 15  0.00846 -1.20985e-01
 16 -0.00423 -1.16447e-01 | 17  0.00665 -3.09752e-02 | 18 -0.01564  5.96841e-02
 19  0.03959  5.54020e-02 | 20  0.03730  1.42787e-01 | 21  0.00166  1.55861e-01
 22 -0.01011  1.97325e-01 | 23  0.05882  4.74690e-01 | 24 -0.05504  2.72059e-01
 25 -0.06919  2.15048e-01 | 26 -0.06700  2.46534e-01 | 27 -0.03509  3.03903e-01
 28 -0.01511  2.15416e-01 | 29 -0.02072  1.61151e-01 | 30 -0.00318  8.77003e-02
 31  0.02744  8.76340e-02 | 32 -0.17346 -2.27058e-01 | 33 -0.63786 -3.56552e-03
 34  0.01759  1.62664e-02 | 35  0.68120 -1.50313e-01 | 36 -0.10647 -1.28028e-01
 37 -0.06254  3.19395e-01 | 38 -0.50920  7.46131e-03 | 39  0.05888 -1.12009e-01
 40  0.70429  1.70860e-01 | 41 -0.40920  5.19866e-05 | 42 -0.37688  9.89131e-03
 43 -0.63201  1.08768e-02 | 44  0.98095 -1.39304e-03 | 45  0.04525 -2.36164e-02
 46  0.22119  1.25754e-04 | 47  0.20119 -7.61761e-04 | 48 -0.08454 -1.23426e-03
 49  0.13615  9.40610e+01 | 50 -0.20171  2.17233e+01 | 51  0.54848  1.82329e-04
 52 -0.97285 -9.66410e-03 | 53 -0.02294  3.71701e-01 | 54  0.05399  9.94510e-02
 55 -0.51232  3.71518e-03 | 56  0.03907  3.33461e-02 | 57  0.48949  6.30734e-02
 58 -0.06443  2.30632e-01 |
58 variables; iteration 320; function evaluation 400; phase 3
Function value 3.4510644e+02; maximum gradient component mag 8.7017e+01
Var    Value     Gradient |Var    Value     Gradient |Var    Value     Gradient
  1  0.05953 -9.61401e-01 |  2  0.00342  1.11952e-01 |  3 -0.04470  7.85598e-02
  4  0.05569  1.08622e-01 |  5  0.03175  7.42193e-02 |  6  0.04625  1.15541e-01
  7 -0.03664  8.05225e-02 |  8  0.01576  1.22835e-01 |  9  0.01060  1.22363e-01
 10 -0.00883  9.22878e-02 | 11 -0.02693  5.02285e-02 | 12  0.01257  7.37193e-02
 13  0.02003  4.69340e-02 | 14  0.03629  8.30687e-03 | 15  0.00846  3.52354e-02
 16 -0.00422  6.24303e-02 | 17  0.00666  1.78293e-02 | 18 -0.01564 -2.11049e-02
 19  0.03959 -3.73207e-02 | 20  0.03730 -6.51146e-02 | 21  0.00166 -1.12443e-01
 22 -0.01012 -1.21895e-01 | 23  0.05881 -2.60285e-01 | 24 -0.05503 -1.09474e-01
 25 -0.06919 -6.89362e-02 | 26 -0.06700 -9.76364e-02 | 27 -0.03509 -1.24953e-01
 28 -0.01511 -9.24745e-02 | 29 -0.02072 -5.50943e-02 | 30 -0.00318 -1.60130e-02
 31  0.02743 -1.89105e-02 | 32 -0.17348  9.40733e-02 | 33 -0.65092 -4.01881e-03
 34  0.01758 -5.85975e-03 | 35  0.68124  8.01104e-02 | 36 -0.10649  7.28308e-02
 37 -0.06251 -7.84195e-02 | 38 -0.57292 -4.57576e-04 | 39  0.05890  2.91590e-02
 40  0.70426 -4.12578e-02 | 41 -0.41017 -5.03485e-05 | 42 -0.37688 -1.11072e-02
 43 -0.63212 -1.21187e-02 | 44  0.98126  2.18981e-03 | 45  0.08719  4.25760e-04
 46  0.22118 -9.72303e-03 | 47  0.42327  2.46287e-03 | 48  0.19742  1.11455e-03
 49  0.13303  8.70174e+01 | 50 -0.19048  2.58481e+01 | 51  0.47778 -3.65983e-03
 52 -0.97184 -4.10953e-03 | 53 -0.02295 -2.11896e-01 | 54  0.05401 -5.88445e-02
 55 -0.61489 -3.31923e-03 | 56  0.03907 -2.78867e-02 | 57  0.48939 -4.57305e-02
 58 -0.06441 -9.90382e-02 |
58 variables; iteration 340; function evaluation 424; phase 3
Function value 3.4508700e+02; maximum gradient component mag -2.2699e+01
Var    Value     Gradient |Var    Value     Gradient |Var    Value     Gradient
  1  0.05953 -1.57108e+00 |  2  0.00345  4.48158e-01 |  3 -0.04470  2.35704e-01
  4  0.05567  3.17606e-01 |  5  0.03176  3.34930e-01 |  6  0.04627  4.69662e-01
  7 -0.03669  2.06568e-01 |  8  0.01578  5.30745e-01 |  9  0.01061  4.99398e-01
 10 -0.00882  3.93341e-01 | 11 -0.02694  1.20961e-01 | 12  0.01258  5.03634e-01
 13  0.02003  1.07943e-01 | 14  0.03629  1.18818e-02 | 15  0.00847  7.33667e-02
 16 -0.00422  9.56197e-02 | 17  0.00666  2.75412e-02 | 18 -0.01565 -1.58623e-01
 19  0.03959 -1.76675e-01 | 20  0.03729 -3.62297e-01 | 21  0.00167 -1.94622e-01
 22 -0.01012 -3.07594e-01 | 23  0.05881 -8.05881e-01 | 24 -0.05505 -4.61334e-01
 25 -0.06920 -3.40457e-01 | 26 -0.06698 -2.40369e-01 | 27 -0.03509 -4.49937e-01
 28 -0.01511 -3.36201e-01 | 29 -0.02073 -2.79975e-01 | 30 -0.00319 -1.41401e-01
 31  0.02744 -2.48737e-02 | 32 -0.17347  3.24317e-01 | 33 -0.69052 -5.30504e-03
 34  0.01757 -6.87438e-02 | 35  0.68125  1.73013e-01 | 36 -0.10651  1.16219e-01
 37 -0.06250 -1.92103e-01 | 38 -0.66222 -4.48804e-03 | 39  0.05892  1.16229e-01
 40  0.70426 -7.96023e-02 | 41 -0.41660 -4.66341e-04 | 42 -0.37677  1.19483e-01
 43 -0.63222 -2.87795e-02 | 44  0.98212  1.18241e-02 | 45  0.55800  3.77333e-03
 46  0.22120  2.38475e-02 | 47 -0.29149 -1.54818e-03 | 48 -0.12467 -3.82459e-04
 49  0.12925 -2.26988e+01 | 50 -0.17992 -1.12017e+01 | 51  0.42146 -9.97000e-03
 52 -0.96941  1.84562e-02 | 53 -0.02296 -5.57558e-01 | 54  0.05391 -3.19492e-01
 55 -0.53508  1.02686e-03 | 56  0.03897 -1.07625e-01 | 57  0.48945 -1.20306e-01
 58 -0.06438 -1.96400e-01 |
58 variables; iteration 360; function evaluation 445; phase 3
Function value 3.4506719e+02; maximum gradient component mag 1.3737e+01
Var    Value     Gradient |Var    Value     Gradient |Var    Value     Gradient
  1  0.05954  3.01595e+00 |  2  0.00343  6.38659e-01 |  3 -0.04468  4.13887e-01
  4  0.05570  6.04248e-01 |  5  0.03171  3.30937e-01 |  6  0.04623  6.24887e-01
  7 -0.03658  5.92981e-01 |  8  0.01581  1.01894e+00 |  9  0.01059  8.58013e-01
 10 -0.00884  3.41830e-01 | 11 -0.02697  8.06250e-02 | 12  0.01258  5.50670e-01
 13  0.02003  1.14900e-01 | 14  0.03629 -1.71111e-01 | 15  0.00845 -1.36029e-01
 16 -0.00419  2.22094e-01 | 17  0.00666 -4.79297e-02 | 18 -0.01563 -1.33125e-01
 19  0.03959 -3.38169e-01 | 20  0.03729 -5.86901e-01 | 21  0.00167 -2.93595e-01
 22 -0.01015 -6.44865e-01 | 23  0.05881 -1.29542e+00 | 24 -0.05504 -5.35029e-01
 25 -0.06918 -1.74499e-01 | 26 -0.06700 -2.44315e-01 | 27 -0.03510 -5.00752e-01
 28 -0.01513 -4.77801e-01 | 29 -0.02071 -2.39810e-01 | 30 -0.00320 -3.06977e-01
 31  0.02744 -2.15008e-01 | 32 -0.17347  1.08871e+00 | 33 -0.76601 -7.91551e-03
 34  0.01759 -1.00136e-01 | 35  0.68135  7.36866e-01 | 36 -0.10653  5.87482e-01
 37 -0.06253  6.69815e-01 | 38 -0.50955  7.52700e-03 | 39  0.05890 -1.31367e-01
 40  0.70435  4.04088e-01 | 41 -0.39881  9.25210e-04 | 42 -0.37678  1.27572e-01
 43 -0.63245 -6.78461e-02 | 44  0.98243  1.54652e-02 | 45  0.85438  1.34913e-02
 46  0.22125  4.80383e-02 | 47  0.41929  2.43290e-03 | 48 -0.13761 -5.31235e-04
 49  0.12485  1.37370e+01 | 50 -0.17015  4.25751e+00 | 51  0.39473 -4.86959e-03
 52 -0.96797  2.14018e-02 | 53 -0.02300 -8.75912e-01 | 54  0.05387 -3.93371e-01
 55 -0.56011 -8.90585e-04 | 56  0.03888 -3.61150e-01 | 57  0.48922 -2.05399e-01
 58 -0.06428 -1.15791e-02 |
58 variables; iteration 380; function evaluation 468; phase 3
Function value 3.4503457e+02; maximum gradient component mag 2.2281e+02
Var    Value     Gradient |Var    Value     Gradient |Var    Value     Gradient
  1  0.05953 -1.02319e+00 |  2  0.00343  3.31546e-01 |  3 -0.04468  2.57573e-01
  4  0.05569  4.01038e-01 |  5  0.03175  3.47056e-01 |  6  0.04626  5.08095e-01
  7 -0.03666  3.05535e-01 |  8  0.01578  6.10758e-01 |  9  0.01061  6.28667e-01
 10 -0.00883  3.14336e-01 | 11 -0.02693  1.61636e-01 | 12  0.01257  2.81422e-01
 13  0.02003  7.83923e-02 | 14  0.03628 -6.17130e-02 | 15  0.00846  1.45667e-02
 16 -0.00421  1.80547e-01 | 17  0.00665 -2.94053e-02 | 18 -0.01564 -1.13752e-01
 19  0.03959 -1.53585e-01 | 20  0.03729 -2.83142e-01 | 21  0.00167 -2.55602e-01
 22 -0.01013 -4.02057e-01 | 23  0.05881 -7.73258e-01 | 24 -0.05503 -4.33570e-01
 25 -0.06920 -2.80983e-01 | 26 -0.06699 -2.64596e-01 | 27 -0.03509 -4.04200e-01
 28 -0.01511 -2.90907e-01 | 29 -0.02073 -2.60053e-01 | 30 -0.00319 -1.69195e-01
 31  0.02741 -2.08867e-01 | 32 -0.17347  4.46749e-01 | 33 -0.86349 -1.43493e-02
 34  0.01759 -5.78625e-02 | 35  0.68126  2.96567e-01 | 36 -0.10649  2.85381e-01
 37 -0.06251 -2.15016e-02 | 38 -0.57560 -6.37606e-04 | 39  0.05890  2.69842e-02
 40  0.70427 -7.71262e-03 | 41 -0.40196  5.75171e-04 | 42 -0.37683  4.41604e-02
 43 -0.63214 -1.62441e-02 | 44  0.98181  8.22375e-03 | 45  0.34027  1.85964e-03
 46  0.22119  8.36052e-03 | 47  0.03491  1.71992e-04 | 48 -0.20933 -1.05545e-03
 49  0.11894  2.22810e+02 | 50 -0.15973  1.38920e+02 | 51  0.36253 -3.03275e-03
 52 -0.97031 -1.12913e-02 | 53 -0.02294 -6.45641e-01 | 54  0.05398 -1.99101e-01
 55 -0.54552  1.74513e-04 | 56  0.03904 -7.31093e-02 | 57  0.48928 -9.92444e-02
 58 -0.06435 -8.51242e-02 |
58 variables; iteration 400; function evaluation 506; phase 3
Function value 3.4501834e+02; maximum gradient component mag 2.5013e+01
Var    Value     Gradient |Var    Value     Gradient |Var    Value     Gradient
  1  0.05953 -1.10774e+00 |  2  0.00345 -1.42036e-01 |  3 -0.04469 -1.72806e-01
  4  0.05565 -4.49678e-01 |  5  0.03177 -3.12414e-01 |  6  0.04623 -4.07963e-01
  7 -0.03662 -2.07381e-01 |  8  0.01575 -4.06138e-01 |  9  0.01060 -5.81043e-01
 10 -0.00883 -2.36215e-01 | 11 -0.02693 -1.77723e-01 | 12  0.01258  1.74696e-01
 13  0.02004  1.37066e-01 | 14  0.03630  1.77914e-01 | 15  0.00846  1.53768e-01
 16 -0.00424  6.75962e-02 | 17  0.00667  2.57834e-01 | 18 -0.01564  7.67395e-02
 19  0.03958  2.17368e-01 | 20  0.03730  2.70204e-01 | 21  0.00166  2.04250e-01
 22 -0.01010  2.88185e-01 | 23  0.05880  2.36303e-01 | 24 -0.05500  1.54016e-01
 25 -0.06921  9.11832e-02 | 26 -0.06702  2.54827e-02 | 27 -0.03509  1.11087e-01
 28 -0.01514 -4.25979e-02 | 29 -0.02070  2.01745e-01 | 30 -0.00322  3.00238e-02
 31  0.02744  2.46976e-01 | 32 -0.17349 -3.65036e-01 | 33 -0.90938 -2.18689e-02
 34  0.01755 -1.95594e-02 | 35  0.68123 -2.67313e-01 | 36 -0.10650 -3.11144e-01
 37 -0.06252 -1.56760e-01 | 38 -0.68316 -5.14028e-03 | 39  0.05890  7.92180e-02
 40  0.70429 -4.03656e-02 | 41 -0.43567 -1.36982e-03 | 42 -0.37685  2.55495e-02
 43 -0.63217 -2.18128e-02 | 44  0.98095 -1.51198e-03 | 45  0.06454 -4.44572e-03
 46  0.22117  5.24100e-03 | 47 -0.59567 -4.26278e-03 | 48 -0.01056  6.29951e-04
 49  0.11588  2.50131e+01 | 50 -0.15521  1.36899e+01 | 51  0.34630 -2.34038e-02
 52 -0.97229 -5.24603e-04 | 53 -0.02292 -6.44484e-02 | 54  0.05396  1.04243e-01
 55 -0.54990 -8.34802e-05 | 56  0.03901 -1.14580e-01 | 57  0.48954  4.00878e-02
 58 -0.06443  1.52995e-01 |
58 variables; iteration 420; function evaluation 530; phase 3
Function value 3.4499092e+02; maximum gradient component mag 1.0750e+02
Var    Value     Gradient |Var    Value     Gradient |Var    Value     Gradient
  1  0.05951  6.24227e-01 |  2  0.00344  1.75752e-01 |  3 -0.04468  1.51420e-01
  4  0.05572  3.48667e-01 |  5  0.03175  2.29036e-01 |  6  0.04625  3.07645e-01
  7 -0.03663  1.54322e-01 |  8  0.01575  2.63098e-01 |  9  0.01063  4.49070e-01
 10 -0.00883  1.80055e-01 | 11 -0.02690  1.60986e-01 | 12  0.01256 -6.26286e-02
 13  0.02004 -6.76026e-02 | 14  0.03629 -1.24938e-01 | 15  0.00846 -1.14975e-01
 16 -0.00423 -6.75636e-02 | 17  0.00664 -2.24091e-01 | 18 -0.01563 -7.26719e-02
 19  0.03958 -1.94823e-01 | 20  0.03729 -1.98957e-01 | 21  0.00168 -1.78447e-01
 22 -0.01012 -1.93863e-01 | 23  0.05879 -1.74384e-01 | 24 -0.05504 -9.63049e-02
 25 -0.06920 -6.39504e-02 | 26 -0.06699 -2.33241e-02 | 27 -0.03509 -9.54017e-02
 28 -0.01511 -4.02290e-02 | 29 -0.02074 -1.62261e-01 | 30 -0.00321 -5.15204e-02
 31  0.02739 -1.80951e-01 | 32 -0.17343  8.06452e-03 | 33 -0.98076 -1.02404e-01
 34  0.01764  5.54187e-02 | 35  0.68117  9.25769e-03 | 36 -0.10645  1.08826e-01
 37 -0.06250  1.03968e-01 | 38 -0.53667  2.99270e-03 | 39  0.05890 -5.08848e-02
 40  0.70425  2.39083e-02 | 41 -0.40070  6.97944e-04 | 42 -0.37686 -2.63596e-02
 43 -0.63192  1.87817e-02 | 44  0.98112  4.72965e-04 | 45  0.10468 -9.45945e-03
 46  0.22116 -4.96001e-03 | 47  0.20639  6.34306e-04 | 48 -0.27123 -1.42594e-03
 49  0.11069  1.07502e+02 | 50 -0.14844  8.40719e+01 | 51  0.32408 -8.53443e-02
 52 -0.97344 -1.38585e-02 | 53 -0.02292  1.12458e-01 | 54  0.05405  3.25103e-02
 55 -0.54816  3.80862e-05 | 56  0.03913  8.45604e-02 | 57  0.48935  2.66955e-02
 58 -0.06436  1.62245e-01 |
58 variables; iteration 440; function evaluation 553; phase 3
Function value 3.4496420e+02; maximum gradient component mag 1.3115e+02
Var    Value     Gradient |Var    Value     Gradient |Var    Value     Gradient
  1  0.05954 -2.89340e-01 |  2  0.00350 -4.82417e-01 |  3 -0.04470 -5.88617e-01
  4  0.05553 -1.62963e+00 |  5  0.03180 -1.01656e+00 |  6  0.04623 -1.22833e+00
  7 -0.03662 -7.08136e-01 |  8  0.01579 -1.08982e+00 |  9  0.01055 -1.87507e+00
 10 -0.00882 -6.43630e-01 | 11 -0.02698 -7.12247e-01 | 12  0.01263  9.02689e-01
 13  0.02005  4.99790e-01 | 14  0.03630  5.26949e-01 | 15  0.00847  5.33724e-01
 16 -0.00425  3.32201e-01 | 17  0.00671  9.70713e-01 | 18 -0.01565  2.26852e-01
 19  0.03958  7.15427e-01 | 20  0.03728  7.70025e-01 | 21  0.00165  6.70563e-01
 22 -0.01008  9.72829e-01 | 23  0.05879  5.83154e-01 | 24 -0.05492  4.33253e-01
 25 -0.06924  3.08613e-01 | 26 -0.06706  1.90409e-02 | 27 -0.03510  1.65503e-01
 28 -0.01521 -2.93672e-01 | 29 -0.02064  6.23628e-01 | 30 -0.00328 -6.76015e-03
 31  0.02752  9.34278e-01 | 32 -0.17362 -1.22882e+00 | 33 -0.98656 -1.44485e-01
 34  0.01737 -1.83777e-01 | 35  0.68138 -8.29415e-01 | 36 -0.10658 -1.00136e+00
 37 -0.06263 -1.27736e-02 | 38 -0.51886  5.64322e-03 | 39  0.05885  1.29969e-01
 40  0.70447  2.52072e-01 | 41 -0.69637 -6.07538e-03 | 42 -0.37672  2.30762e-01
 43 -0.63274 -1.18202e-01 | 44  0.98175  7.49931e-03 | 45  0.31002  1.66558e-03
 46  0.22120  3.92570e-02 | 47  0.59904  4.31040e-03 | 48 -0.18202 -8.87250e-04
 49  0.10568  1.31146e+02 | 50 -0.14278  1.18083e+02 | 51  0.31493 -5.17348e-02
 52 -0.96294  2.84428e-02 | 53 -0.02309 -8.44647e-01 | 54  0.05377  1.87663e-01
 55 -0.55465 -4.05576e-04 | 56  0.03872 -5.07800e-01 | 57  0.48958  1.13377e-01
 58 -0.06435  9.68677e-01 |
58 variables; iteration 460; function evaluation 577; phase 3
Function value 3.4491490e+02; maximum gradient component mag 1.8833e+02
Var    Value     Gradient |Var    Value     Gradient |Var    Value     Gradient
  1  0.05951  9.38605e-01 |  2  0.00346  2.09603e-01 |  3 -0.04468  1.48593e-01
  4  0.05571  2.58135e-01 |  5  0.03176  1.86398e-01 |  6  0.04624  2.34246e-01
  7 -0.03664  1.20960e-01 |  8  0.01575  2.35478e-01 |  9  0.01063  4.04511e-01
 10 -0.00883  2.39940e-01 | 11 -0.02690  2.05343e-01 | 12  0.01257  1.92555e-02
 13  0.02004 -2.73497e-02 | 14  0.03629 -1.02794e-01 | 15  0.00846 -1.39285e-01
 16 -0.00424 -1.51218e-01 | 17  0.00665 -1.31060e-01 | 18 -0.01562 -7.71071e-02
 19  0.03957 -3.32229e-01 | 20  0.03729 -1.14997e-01 | 21  0.00168 -5.47296e-03
 22 -0.01011  1.47140e-02 | 23  0.05879 -1.22444e-01 | 24 -0.05501 -9.61273e-02
 25 -0.06921 -4.79909e-02 | 26 -0.06700 -6.15477e-02 | 27 -0.03509 -1.57448e-01
 28 -0.01512 -1.70218e-01 | 29 -0.02074 -2.10031e-01 | 30 -0.00323 -1.58943e-01
 31  0.02739 -1.59600e-01 | 32 -0.17345 -7.10511e-02 | 33 -0.83713 -1.19106e-02
 34  0.01760 -1.26437e-02 | 35  0.68117 -6.77263e-02 | 36 -0.10645  6.68835e-02
 37 -0.06254  2.33754e-01 | 38 -0.48775  1.27825e-02 | 39  0.05888 -4.71103e-02
 40  0.70427  2.03516e-01 | 41 -0.31330  3.22911e-02 | 42 -0.37687 -3.04009e-02
 43 -0.63196  1.22316e-02 | 44  0.98085 -2.50265e-03 | 45  0.86156  1.42145e-02
 46  0.22117 -2.35636e-03 | 47  0.41333  2.38463e-03 | 48  0.26474  1.40539e-03
 49  0.09802  1.74275e+02 | 50 -0.13535  1.88332e+02 | 51  0.30080 -2.38545e-02
 52 -0.97317 -1.89968e-02 | 53 -0.02291 -1.35746e-01 | 54  0.05403  1.22786e-01
 55 -0.54674  1.60650e-04 | 56  0.03911  3.31966e-02 | 57  0.48948  5.77385e-02
 58 -0.06440  1.51351e-01 |
58 variables; iteration 480; function evaluation 600; phase 3
Function value 3.4488786e+02; maximum gradient component mag 1.7936e+02
Var    Value     Gradient |Var    Value     Gradient |Var    Value     Gradient
  1  0.05950  2.43670e+00 |  2  0.00344 -3.22515e-02 |  3 -0.04464  1.25555e-01
  4  0.05575  3.99529e-01 |  5  0.03176  2.49467e-01 |  6  0.04626  3.27196e-01
  7 -0.03665  8.05619e-02 |  8  0.01573  2.13507e-01 |  9  0.01064  5.44974e-01
 10 -0.00882  2.46820e-01 | 11 -0.02688  1.60495e-01 | 12  0.01256 -3.16719e-01
 13  0.02005 -5.08004e-02 | 14  0.03630 -7.27019e-02 | 15  0.00845 -2.37852e-01
 16 -0.00424 -2.37233e-01 | 17  0.00664 -3.27485e-01 | 18 -0.01560  1.24771e-02
 19  0.03956 -3.80412e-01 | 20  0.03729 -2.14883e-03 | 21  0.00168 -7.91858e-02
 22 -0.01011 -8.05477e-04 | 23  0.05879  2.91556e-01 | 24 -0.05503  2.65003e-03
 25 -0.06922  6.57816e-02 | 26 -0.06699 -4.49077e-02 | 27 -0.03510 -1.09517e-01
 28 -0.01510 -1.82701e-02 | 29 -0.02076 -3.10056e-01 | 30 -0.00323 -2.00721e-01
 31  0.02736 -3.95048e-01 | 32 -0.17342 -5.71023e-01 | 33 -0.72452 -6.41345e-03
 34  0.01764  2.82809e-02 | 35  0.68108 -3.52892e-01 | 36 -0.10635  8.95630e-02
 37 -0.06259  4.01604e-01 | 38 -0.50437  8.52718e-03 | 39  0.05882 -1.93204e-01
 40  0.70444  3.07539e-01 | 41 -0.58712 -4.10976e-03 | 42 -0.37693 -1.26102e-01
 43 -0.63162  6.82900e-02 | 44  0.98066 -4.65018e-03 | 45  0.86201  1.42620e-02
 46  0.22113 -9.87823e-03 | 47 -0.35258 -1.94274e-03 | 48 -0.71091 -6.43589e-03
 49  0.09401  1.54432e+02 | 50 -0.13191  1.79361e+02 | 51  0.28942 -1.59035e-01
 52 -0.97334 -1.76848e-02 | 53 -0.02296  1.04291e-03 | 54  0.05415  4.83649e-01
 55 -0.53954  8.58303e-04 | 56  0.03924  2.35515e-01 | 57  0.48918  2.63114e-01
 58 -0.06426  1.10507e+00 |
58 variables; iteration 500; function evaluation 627; phase 3
Function value 3.4484775e+02; maximum gradient component mag 1.3398e+02
Var    Value     Gradient |Var    Value     Gradient |Var    Value     Gradient
  1  0.05950 -4.82218e-01 |  2  0.00345 -3.86095e-01 |  3 -0.04471 -2.81084e-01
  4  0.05576 -1.23274e-01 |  5  0.03174 -3.69220e-01 |  6  0.04624 -4.07632e-01
  7 -0.03662 -3.13394e-01 |  8  0.01572 -5.66945e-01 |  9  0.01063 -4.44307e-01
 10 -0.00882 -2.05441e-01 | 11 -0.02689 -2.21976e-01 | 12  0.01256 -5.55241e-01
 13  0.02005 -4.56598e-02 | 14  0.03632  2.39360e-01 | 15  0.00845 -2.64118e-02
 16 -0.00426 -2.31504e-01 | 17  0.00665  2.87954e-02 | 18 -0.01561  2.72206e-01
 19  0.03957  2.06582e-01 | 20  0.03730  4.94299e-01 | 21  0.00169  4.24927e-01
 22 -0.01010  4.50129e-01 | 23  0.05879  8.93398e-01 | 24 -0.05503  2.76408e-01
 25 -0.06920  2.87355e-01 | 26 -0.06701  1.58408e-01 | 27 -0.03509  2.31002e-01
 28 -0.01511  2.01055e-01 | 29 -0.02077 -1.08768e-01 | 30 -0.00322  6.76988e-02
 31  0.02738 -1.62805e-02 | 32 -0.17345 -8.31656e-01 | 33 -0.49478  1.13964e-02
 34  0.01761  9.09900e-02 | 35  0.68106 -5.52840e-01 | 36 -0.10639 -3.09365e-01
 37 -0.06257 -2.26664e-01 | 38 -0.52576  4.42730e-03 | 39  0.05885  2.55805e-02
 40  0.70430 -2.67069e-02 | 41 -0.33105  1.84675e-02 | 42 -0.37696 -1.49394e-01
 43 -0.63168  5.86999e-02 | 44  0.98004 -1.13402e-02 | 45  0.04661 -1.49419e-03
 46  0.22115  2.22073e-02 | 47  0.20487  1.07750e-03 | 48  0.03354  7.59111e-03
 49  0.08871  1.06925e+02 | 50 -0.12776  1.33977e+02 | 51  0.28545 -1.39385e-02
 52 -0.97299 -1.17927e-02 | 53 -0.02283  5.35454e-01 | 54  0.05406  4.66754e-01
 55 -0.54740  2.09716e-04 | 56  0.03916  1.75289e-01 | 57  0.48968  2.70581e-01
 58 -0.06441  6.93120e-01 |
58 variables; iteration 520; function evaluation 653; phase 3
Function value 3.4483354e+02; maximum gradient component mag 4.8462e+01
Var    Value     Gradient |Var    Value     Gradient |Var    Value     Gradient
  1  0.05952 -1.46143e+00 |  2  0.00344 -9.55666e-02 |  3 -0.04468 -4.83333e-02
  4  0.05569 -3.54714e-02 |  5  0.03176 -1.67172e-02 |  6  0.04624 -4.44397e-02
  7 -0.03662 -3.07588e-02 |  8  0.01576 -7.24769e-02 |  9  0.01062 -9.90289e-02
 10 -0.00882 -4.56306e-02 | 11 -0.02690 -6.02845e-02 | 12  0.01257 -4.97893e-02
 13  0.02004  4.72327e-02 | 14  0.03630  1.23619e-01 | 15  0.00846  1.09520e-01
 16 -0.00423  1.49593e-01 | 17  0.00666  1.54749e-01 | 18 -0.01562  1.36760e-01
 19  0.03958  2.28448e-01 | 20  0.03729  1.67195e-01 | 21  0.00167  4.52220e-02
 22 -0.01012 -4.45423e-02 | 23  0.05881 -8.72360e-02 | 24 -0.05499 -9.73741e-02
 25 -0.06922 -7.12343e-02 | 26 -0.06702 -7.71411e-02 | 27 -0.03510 -8.71351e-02
 28 -0.01512 -9.89036e-03 | 29 -0.02074 -4.98633e-02 | 30 -0.00323 -9.27628e-03
 31  0.02739 -3.38661e-02 | 32 -0.17364  3.83519e-01 | 33 -0.38586  1.24766e-01
 34  0.01743 -3.27136e-02 | 35  0.68115  2.58013e-01 | 36 -0.10647  1.35274e-01
 37 -0.06250 -1.74256e-01 | 38 -0.56162  3.96510e-04 | 39  0.05890  3.49448e-02
 40  0.70424 -1.18302e-01 | 41 -0.78735 -9.05122e-03 | 42 -0.37686 -4.49118e-03
 43 -0.63203  1.93437e-03 | 44  0.98100 -9.93468e-04 | 45  0.06144  8.03940e-04
 46  0.22117  1.67934e-02 | 47  0.27577  1.20221e-03 | 48 -0.40679 -2.33419e-03
 49  0.08568  4.11223e+01 | 50 -0.12555  4.84623e+01 | 51  0.28290  8.52677e-02
 52 -0.97273 -4.29186e-03 | 53 -0.02288 -1.06107e-01 | 54  0.05399 -1.33607e-01
 55 -0.54833 -2.04752e-05 | 56  0.03909  1.54303e-02 | 57  0.48957 -6.18655e-02
 58 -0.06443 -3.44815e-01 |
58 variables; iteration 540; function evaluation 685; phase 3
Function value 3.4478045e+02; maximum gradient component mag 2.2578e+02
Var    Value     Gradient |Var    Value     Gradient |Var    Value     Gradient
  1  0.05952  3.83048e+00 |  2  0.00343 -5.54009e-01 |  3 -0.04467 -3.48623e-01
  4  0.05568 -5.32622e-01 |  5  0.03179 -3.94599e-01 |  6  0.04623 -5.78557e-01
  7 -0.03659 -3.75019e-01 |  8  0.01575 -6.43360e-01 |  9  0.01060 -8.33686e-01
 10 -0.00882 -4.86974e-01 | 11 -0.02691 -4.03112e-01 | 12  0.01257 -3.81416e-01
 13  0.02004 -1.82300e-01 | 14  0.03630 -2.25132e-02 | 15  0.00846 -8.00059e-02
 16 -0.00423 -7.30482e-02 | 17  0.00665  1.14297e-02 | 18 -0.01561  2.23901e-01
 19  0.03958  3.85851e-01 | 20  0.03729  3.48905e-01 | 21  0.00166  2.18603e-01
 22 -0.01012  3.18514e-01 | 23  0.05881  8.55252e-01 | 24 -0.05496  5.52746e-01
 25 -0.06924  4.20851e-01 | 26 -0.06702  4.63856e-01 | 27 -0.03511  5.26293e-01
 28 -0.01512  5.09322e-01 | 29 -0.02073  4.25997e-01 | 30 -0.00325  2.31045e-01
 31  0.02740  2.78006e-01 | 32 -0.17347 -5.44203e-02 | 33 -0.67708 -4.89068e-03
 34  0.01758 -1.65340e-02 | 35  0.68126 -9.16640e-03 | 36 -0.10647 -6.99982e-02
 37 -0.06261  1.66954e-01 | 38 -0.72004 -6.28653e-03 | 39  0.05882 -1.25200e-01
 40  0.70442  2.07361e-01 | 41 -0.39986  8.33633e-04 | 42 -0.37684  4.38702e-02
 43 -0.63194  2.02696e-02 | 44  0.98111  3.25057e-04 | 45  0.83719  1.20132e-02
 46  0.22114 -1.52932e-02 | 47 -2.65665 -5.24887e-03 | 48 -0.27463 -1.44382e-03
 49  0.07843  1.50469e+02 | 50 -0.12068  2.25781e+02 | 51  0.27078 -1.84845e-02
 52 -0.97319 -1.68698e-02 | 53 -0.02288  6.31087e-01 | 54  0.05402  1.12228e-01
 55 -0.54761  1.01072e-04 | 56  0.03909  2.53272e-02 | 57  0.48937  6.57178e-02
 58 -0.06438  3.94235e-01 |
58 variables; iteration 560; function evaluation 706; phase 3
Function value 3.4472493e+02; maximum gradient component mag 9.5689e+01
Var    Value     Gradient |Var    Value     Gradient |Var    Value     Gradient
  1  0.05952  2.29428e+00 |  2  0.00344 -4.55900e-01 |  3 -0.04466 -2.65802e-01
  4  0.05565 -5.28301e-01 |  5  0.03179 -3.10598e-01 |  6  0.04622 -4.71624e-01
  7 -0.03658 -2.64736e-01 |  8  0.01577 -4.26851e-01 |  9  0.01059 -7.63276e-01
 10 -0.00883 -4.27412e-01 | 11 -0.02691 -3.50369e-01 | 12  0.01258 -2.13379e-01
 13  0.02004 -1.65245e-01 | 14  0.03629 -6.56742e-02 | 15  0.00847  5.03362e-02
 16 -0.00423  9.37339e-02 | 17  0.00665  7.83763e-02 | 18 -0.01561  2.16669e-01
 19  0.03959  5.35350e-01 | 20  0.03729  3.75021e-01 | 21  0.00167  1.84114e-01
 22 -0.01012  2.16317e-01 | 23  0.05880  5.08365e-01 | 24 -0.05494  3.95912e-01
 25 -0.06925  2.60654e-01 | 26 -0.06703  2.58417e-01 | 27 -0.03512  2.75610e-01
 28 -0.01513  3.76074e-01 | 29 -0.02072  4.06849e-01 | 30 -0.00326  1.26293e-01
 31  0.02740  2.24927e-01 | 32 -0.17359 -3.90405e-01 | 33 -0.44836  3.28331e-02
 34  0.01747  3.30654e-02 | 35  0.68130 -1.40765e-01 | 36 -0.10651 -2.55416e-01
 37 -0.06259  1.30909e-01 | 38 -0.62157 -3.03479e-03 | 39  0.05882 -1.27273e-01
 40  0.70439  1.54411e-01 | 41 -0.41217 -1.36902e-04 | 42 -0.37678  1.18215e-01
 43 -0.63204  2.31073e-03 | 44  0.98149  4.75948e-03 | 45 -0.10585 -6.06561e-04
 46  0.22111 -6.77715e-02 | 47 -1.89778  5.12729e-04 | 48  0.45878  2.70728e-03
 49  0.07105  6.20082e+01 | 50 -0.11623  9.56893e+01 | 51  0.26283  9.64886e-02
 52 -0.97363 -1.07680e-02 | 53 -0.02290  2.34100e-01 | 54  0.05398 -5.89329e-02
 55 -0.54931 -5.98293e-05 | 56  0.03904 -5.89590e-03 | 57  0.48937 -1.55977e-03
 58 -0.06438  2.19527e-01 |
58 variables; iteration 580; function evaluation 727; phase 3
Function value 3.4466372e+02; maximum gradient component mag -1.2300e+01
Var    Value     Gradient |Var    Value     Gradient |Var    Value     Gradient
  1  0.05950  5.45785e-01 |  2  0.00348 -2.48521e-01 |  3 -0.04467 -1.74261e-01
  4  0.05570 -2.44939e-01 |  5  0.03176 -2.22525e-01 |  6  0.04622 -2.73629e-01
  7 -0.03658 -1.64914e-01 |  8  0.01575 -2.80758e-01 |  9  0.01062 -3.62619e-01
 10 -0.00883 -2.08016e-01 | 11 -0.02688 -1.71494e-01 | 12  0.01258 -1.49089e-01
 13  0.02005 -5.30065e-02 | 14  0.03629  3.05972e-02 | 15  0.00846  2.86806e-02
 16 -0.00424  1.36300e-02 | 17  0.00666  4.78864e-02 | 18 -0.01560  1.12808e-01
 19  0.03957  2.26914e-01 | 20  0.03728  1.82386e-01 | 21  0.00169  1.49183e-01
 22 -0.01011  1.49971e-01 | 23  0.05877  3.41127e-01 | 24 -0.05496  1.99214e-01
 25 -0.06924  1.67969e-01 | 26 -0.06701  1.70627e-01 | 27 -0.03511  1.73396e-01
 28 -0.01513  1.79444e-01 | 29 -0.02075  1.34802e-01 | 30 -0.00327  1.00846e-01
 31  0.02736  1.20501e-01 | 32 -0.17346 -2.24741e-01 | 33 -0.96487 -5.66111e-02
 34  0.01759  3.10520e-02 | 35  0.68123 -1.35129e-01 | 36 -0.10647 -1.53716e-01
 37 -0.06252 -3.99411e-02 | 38 -0.65180 -4.14599e-03 | 39  0.05889 -9.20013e-03
 40  0.70430  3.11593e-03 | 41 -0.41024 -3.00910e-05 | 42 -0.37682  1.77043e-02
 43 -0.63199  5.06553e-03 | 44  0.98112  3.22018e-04 | 45 -0.94888 -3.89637e-02
 46  0.22113 -6.20436e-03 | 47 -2.35099 -7.27542e-04 | 48  0.18691 -9.16879e-03
 49  0.06159  1.18067e+00 | 50 -0.11113 -1.23005e+01 | 51  0.25047 -6.31125e-02
 52 -0.97339 -3.72364e-03 | 53 -0.02290  2.72242e-01 | 54  0.05400  3.36542e-02
 55 -0.54997 -9.56619e-05 | 56  0.03907  8.04416e-03 | 57  0.48945  3.44952e-02
 58 -0.06437  1.85288e-01 |
58 variables; iteration 600; function evaluation 749; phase 3
Function value 3.4459852e+02; maximum gradient component mag 3.2221e+02
Var    Value     Gradient |Var    Value     Gradient |Var    Value     Gradient
  1  0.05953  1.16015e+01 |  2  0.00343 -2.24476e+00 |  3 -0.04464 -1.49816e+00
  4  0.05553 -2.80253e+00 |  5  0.03188 -1.87870e+00 |  6  0.04620 -2.45474e+00
  7 -0.03657 -1.53019e+00 |  8  0.01582 -2.01553e+00 |  9  0.01055 -2.95711e+00
 10 -0.00882 -1.81622e+00 | 11 -0.02695 -1.41071e+00 | 12  0.01259 -7.94210e-01
 13  0.02003 -6.86443e-01 | 14  0.03628 -3.56956e-01 | 15  0.00851  3.22602e-01
 16 -0.00420  4.73922e-01 | 17  0.00667  6.24930e-01 | 18 -0.01557  8.91444e-01
 19  0.03961  1.96326e+00 | 20  0.03728  1.84450e+00 | 21  0.00163  1.30633e+00
 22 -0.01012  1.79932e+00 | 23  0.05883  3.58138e+00 | 24 -0.05485  1.89766e+00
 25 -0.06929  1.66315e+00 | 26 -0.06708  1.38146e+00 | 27 -0.03519  1.11231e+00
 28 -0.01514  1.13694e+00 | 29 -0.02071  1.04526e+00 | 30 -0.00332  2.25977e-01
 31  0.02747  9.93071e-01 | 32 -0.17380 -5.12188e+00 | 33 -0.80264 -9.68480e-03
 34  0.01730  6.28269e-01 | 35  0.68145 -2.74925e+00 | 36 -0.10662 -2.80670e+00
 37 -0.06259  2.04642e+00 | 38 -0.60683 -2.26428e-03 | 39  0.05885 -5.43102e-01
 40  0.70459  1.26022e+00 | 41 -0.46740 -2.25044e-03 | 42 -0.37657  4.81617e-01
 43 -0.63248 -5.84923e-02 | 44  0.98263  1.85996e-02 | 45  0.92236  2.56098e-02
 46  0.22101 -2.45581e-01 | 47 -2.59199 -4.21156e-03 | 48  0.38789  2.19302e-03
 49  0.05291  1.56299e+02 | 50 -0.10692  3.22206e+02 | 51  0.24158 -2.00502e-01
 52 -0.97381 -2.02753e-02 | 53 -0.02305  5.98555e-01 | 54  0.05379  1.11935e-02
 55 -0.55309 -1.53361e-04 | 56  0.03887  4.06256e-01 | 57  0.48922  4.05357e-01
 58 -0.06429  2.73685e+00 |
58 variables; iteration 620; function evaluation 776; phase 3
Function value 3.4452062e+02; maximum gradient component mag 3.5961e+02
Var    Value     Gradient |Var    Value     Gradient |Var    Value     Gradient
  1  0.05952  3.17133e+00 |  2  0.00343 -1.20166e+00 |  3 -0.04464 -7.58531e-01
  4  0.05559 -1.47280e+00 |  5  0.03184 -8.63383e-01 |  6  0.04621 -1.19056e+00
  7 -0.03655 -7.22444e-01 |  8  0.01580 -1.07885e+00 |  9  0.01057 -1.79941e+00
 10 -0.00883 -1.05099e+00 | 11 -0.02691 -8.21439e-01 | 12  0.01258 -4.87700e-01
 13  0.02004 -2.39613e-01 | 14  0.03627 -9.57909e-02 | 15  0.00850  4.19152e-01
 16 -0.00420  5.46732e-01 | 17  0.00665  4.02392e-01 | 18 -0.01558  5.70864e-01
 19  0.03960  1.57011e+00 | 20  0.03728  1.16459e+00 | 21  0.00165  5.27929e-01
 22 -0.01014  6.27344e-01 | 23  0.05881  1.24191e+00 | 24 -0.05483  8.90971e-01
 25 -0.06928  6.69107e-01 | 26 -0.06709  4.00789e-01 | 27 -0.03516  3.54079e-01
 28 -0.01514  6.49399e-01 | 29 -0.02072  6.93274e-01 | 30 -0.00330  2.77333e-01
 31  0.02740  5.26448e-01 | 32 -0.17369 -8.61835e-01 | 33 -0.44331  3.60739e-02
 34  0.01740  1.79846e-01 | 35  0.68152 -2.19521e-01 | 36 -0.10659 -6.62542e-01
 37 -0.06257  2.56376e-01 | 38 -0.75568 -7.53336e-03 | 39  0.05887 -6.43253e-02
 40  0.70437  2.33908e-01 | 41 -0.52066 -3.19868e-03 | 42 -0.37671  2.37593e-01
 43 -0.63223 -2.53004e-02 | 44  0.98194  1.02911e-02 | 45  0.07270  8.20054e-03
 46  0.22100 -2.28757e-01 | 47 -2.09856  2.74724e-03 | 48 -0.92908 -2.80609e-02
 49  0.04247  1.56552e+02 | 50 -0.10235  3.59611e+02 | 51  0.23307 -3.04553e-02
 52 -0.97105 -7.67361e-03 | 53 -0.02299 -1.22460e-02 | 54  0.05398 -1.82148e-01
 55 -0.53626  1.00197e-03 | 56  0.03903  6.69799e-02 | 57  0.48908 -1.90569e-02
 58 -0.06434  5.65327e-01 |
58 variables; iteration 640; function evaluation 797; phase 3
Function value 3.4440907e+02; maximum gradient component mag 8.3670e+02
Var    Value     Gradient |Var    Value     Gradient |Var    Value     Gradient
  1  0.05948 -8.47968e-01 |  2  0.00350 -1.16676e-01 |  3 -0.04465 -6.44279e-02
  4  0.05570 -8.85519e-02 |  5  0.03177 -7.01746e-02 |  6  0.04622 -1.04225e-01
  7 -0.03657 -7.11825e-02 |  8  0.01575 -1.56750e-01 |  9  0.01063 -2.11098e-01
 10 -0.00883 -1.24453e-01 | 11 -0.02685 -7.66297e-02 | 12  0.01258 -1.42058e-01
 13  0.02005 -7.10795e-02 | 14  0.03628  2.01682e-02 | 15  0.00846  6.60655e-02
 16 -0.00424  3.00851e-02 | 17  0.00666  1.21199e-02 | 18 -0.01559  6.18630e-02
 19  0.03956  2.39990e-01 | 20  0.03727  1.58804e-01 | 21  0.00169  1.12369e-02
 22 -0.01012  3.16351e-02 | 23  0.05876  1.63021e-01 | 24 -0.05490  6.95904e-02
 25 -0.06927  2.72454e-02 | 26 -0.06703  1.87164e-02 | 27 -0.03512  6.51546e-02
 28 -0.01514  1.27700e-01 | 29 -0.02076  7.92308e-02 | 30 -0.00330  7.01202e-02
 31  0.02732  1.42763e-02 | 32 -0.17347 -2.94295e-01 | 33 -0.64395 -3.78828e-03
 34  0.01758  5.24674e-02 | 35  0.68123 -1.61999e-01 | 36 -0.10647 -1.78464e-01
 37 -0.06250 -2.16717e-01 | 38 -0.54317  2.16370e-03 | 39  0.05889  1.96556e-02
 40  0.70425 -1.41570e-01 | 41 -0.56782 -3.84198e-03 | 42 -0.37682 -1.24592e-02
 43 -0.63193  1.15056e-02 | 44  0.98103 -6.45175e-04 | 45  0.03826  1.89034e-04
 46  0.22111 -1.54275e-02 | 47 -1.59200  2.34337e-03 | 48  1.22888 -8.35816e-03
 49  0.02668  3.08024e+02 | 50 -0.09624  8.36704e+02 | 51  0.22086  6.64563e-02
 52 -0.97295 -3.28462e-02 | 53 -0.02281 -2.37943e-02 | 54  0.05405  9.93068e-02
 55 -0.54718  1.19775e-04 | 56  0.03911  3.05233e-02 | 57  0.48944  3.77980e-02
 58 -0.06439  5.09990e-02 |
58 variables; iteration 660; function evaluation 825; phase 3
Function value 3.4433186e+02; maximum gradient component mag 3.6916e+02
Var    Value     Gradient |Var    Value     Gradient |Var    Value     Gradient
  1  0.05946 -3.49122e+00 |  2  0.00354  9.24887e-01 |  3 -0.04465  5.94275e-01
  4  0.05578  1.15745e+00 |  5  0.03172  7.52068e-01 |  6  0.04623  9.35631e-01
  7 -0.03657  5.81148e-01 |  8  0.01572  7.27296e-01 |  9  0.01067  1.18457e+00
 10 -0.00882  7.51326e-01 | 11 -0.02683  5.26902e-01 | 12  0.01258  2.92742e-01
 13  0.02006  2.36936e-01 | 14  0.03630  1.60052e-01 | 15  0.00843 -2.10147e-01
 16 -0.00427 -3.29336e-01 | 17  0.00666 -2.73302e-01 | 18 -0.01559 -3.27191e-01
 19  0.03953 -9.13544e-01 | 20  0.03726 -8.25169e-01 | 21  0.00173 -4.52751e-01
 22 -0.01011 -6.32059e-01 | 23  0.05873 -1.24718e+00 | 24 -0.05495 -6.93502e-01
 25 -0.06924 -5.67731e-01 | 26 -0.06699 -4.09033e-01 | 27 -0.03509 -4.20012e-01
 28 -0.01515 -4.48654e-01 | 29 -0.02079 -4.98806e-01 | 30 -0.00330 -1.35093e-01
 31  0.02728 -3.29479e-01 | 32 -0.17332  1.88549e+00 | 33 -0.54429  3.02262e-03
 34  0.01771 -2.07096e-01 | 35  0.68110  9.97846e-01 | 36 -0.10639  1.06648e+00
 37 -0.06249 -8.25393e-01 | 38 -0.52943  3.74464e-03 | 39  0.05890  2.26899e-01
 40  0.70421 -4.48645e-01 | 41 -0.45241 -1.93885e-03 | 42 -0.37689 -1.63840e-01
 43 -0.63182  2.13984e-02 | 44  0.98049 -6.89806e-03 | 45  0.02953 -1.83510e-04
 46  0.22119  1.27498e-01 | 47 -6.71216 -6.46794e-03 | 48  1.82089 -1.03067e-03
 49  0.01546  1.27646e+02 | 50 -0.09239  3.69159e+02 | 51  0.21272  4.33083e-02
 52 -0.97556 -2.79180e-02 | 53 -0.02267  8.55000e-02 | 54  0.05405 -1.03501e-01
 55 -0.55234 -3.50890e-04 | 56  0.03914 -9.40614e-02 | 57  0.48971 -1.35516e-01
 58 -0.06442 -1.00069e+00 |
58 variables; iteration 680; function evaluation 849; phase 3
Function value 3.4422906e+02; maximum gradient component mag 1.4405e+02
Var    Value     Gradient |Var    Value     Gradient |Var    Value     Gradient
  1  0.05950  3.48725e+00 |  2  0.00348 -6.33336e-01 |  3 -0.04462 -3.77139e-01
  4  0.05563 -8.24473e-01 |  5  0.03181 -4.46559e-01 |  6  0.04622 -5.96653e-01
  7 -0.03656 -3.53901e-01 |  8  0.01579 -4.29144e-01 |  9  0.01061 -7.63776e-01
 10 -0.00883 -4.91358e-01 | 11 -0.02688 -3.02441e-01 | 12  0.01259 -1.19133e-01
 13  0.02005 -1.71071e-01 | 14  0.03627 -1.68037e-01 | 15  0.00848  1.41843e-01
 16 -0.00422  2.24540e-01 | 17  0.00666  1.42308e-01 | 18 -0.01557  1.56828e-01
 19  0.03958  6.00948e-01 | 20  0.03727  5.16425e-01 | 21  0.00166  2.39136e-01
 22 -0.01014  4.14346e-01 | 23  0.05878  8.64438e-01 | 24 -0.05482  4.84867e-01
 25 -0.06931  3.90642e-01 | 26 -0.06706  2.86685e-01 | 27 -0.03514  2.54421e-01
 28 -0.01515  2.90257e-01 | 29 -0.02074  3.56451e-01 | 30 -0.00332  2.50911e-02
 31  0.02735  1.94221e-01 | 32 -0.17358 -1.50834e+00 | 33 -0.68462 -5.16350e-03
 34  0.01748  1.74567e-01 | 35  0.68133 -7.78279e-01 | 36 -0.10652 -8.14929e-01
 37 -0.06250  7.96373e-01 | 38 -0.51203  7.03914e-03 | 39  0.05890 -2.29893e-01
 40  0.70433  4.06228e-01 | 41 -0.84859 -1.29570e-02 | 42 -0.37675  1.39816e-01
 43 -0.63215 -1.72768e-02 | 44  0.98160  6.11460e-03 | 45  0.03129  1.54131e-04
 46  0.22107 -1.11930e-01 | 47 -6.51374 -3.28023e-03 | 48  1.58693 -2.38277e-03
 49 -0.00381  4.57317e+01 | 50 -0.08648  1.44047e+02 | 51  0.20085  1.19076e-01
 52 -0.96934  1.05828e-02 | 53 -0.02270 -1.38298e-01 | 54  0.05401  5.24896e-02
 55 -0.54364  4.32209e-04 | 56  0.03905  9.12750e-02 | 57  0.48919  9.30403e-02
 58 -0.06434  7.56556e-01 |
58 variables; iteration 700; function evaluation 870; phase 3
Function value 3.4417427e+02; maximum gradient component mag 4.2889e+02
Var    Value     Gradient |Var    Value     Gradient |Var    Value     Gradient
  1  0.05949  2.80159e+00 |  2  0.00350 -2.05060e-01 |  3 -0.04464 -1.64049e-01
  4  0.05568 -3.31214e-01 |  5  0.03178 -2.31013e-01 |  6  0.04622 -2.80752e-01
  7 -0.03655 -1.27168e-01 |  8  0.01576 -2.16348e-01 |  9  0.01062 -3.10678e-01
 10 -0.00882 -1.75387e-01 | 11 -0.02687 -7.34636e-02 | 12  0.01259 -6.39683e-02
 13  0.02005 -1.72990e-01 | 14  0.03629 -1.61606e-01 | 15  0.00847 -1.10490e-01
 16 -0.00424 -1.15605e-01 | 17  0.00666 -2.60657e-05 | 18 -0.01557 -1.24251e-02
 19  0.03956  5.78496e-02 | 20  0.03727  1.58642e-01 | 21  0.00169  3.20450e-01
 22 -0.01013  3.36672e-01 | 23  0.05877  5.32937e-01 | 24 -0.05484  2.62259e-01
 25 -0.06929  3.04476e-01 | 26 -0.06704  3.29919e-01 | 27 -0.03513  2.40758e-01
 28 -0.01516  1.07621e-01 | 29 -0.02076  8.20568e-02 | 30 -0.00332 -4.79131e-02
 31  0.02733  5.16711e-02 | 32 -0.17348 -5.67732e-01 | 33 -0.60203 -2.02210e-03
 34  0.01758  9.39973e-02 | 35  0.68122 -3.17988e-01 | 36 -0.10647 -3.07740e-01
 37 -0.06254  3.10276e-01 | 38 -0.67412 -4.85068e-03 | 39  0.05888 -7.36960e-02
 40  0.70435  2.58395e-01 | 41 -0.34260  1.30531e-02 | 42 -0.37683  3.11392e-02
 43 -0.63201  4.92630e-03 | 44  0.98093 -1.51258e-03 | 45  0.03628  1.79253e-04
 46  0.22112 -3.60817e-02 | 47 -6.73243 -7.02903e-03 | 48  1.29179 -6.36721e-03
 49 -0.01843  1.14742e+02 | 50 -0.08248  4.28886e+02 | 51  0.19197 -2.28733e-01
 52 -0.97083 -4.72930e-03 | 53 -0.02252  1.20799e-01 | 54  0.05398  3.78063e-02
 55 -0.54974 -6.50310e-05 | 56  0.03906  4.12154e-02 | 57  0.48955  5.73125e-02
 58 -0.06442  2.13856e-01 |
58 variables; iteration 720; function evaluation 892; phase 3
Function value 3.4414563e+02; maximum gradient component mag 2.1579e+02
Var    Value     Gradient |Var    Value     Gradient |Var    Value     Gradient
  1  0.05950  2.97896e-01 |  2  0.00349 -1.43514e-01 |  3 -0.04465 -1.11163e-01
  4  0.05569 -2.23349e-01 |  5  0.03178 -1.53225e-01 |  6  0.04623 -2.02226e-01
  7 -0.03659 -1.29615e-01 |  8  0.01577 -1.74370e-01 |  9  0.01062 -2.73461e-01
 10 -0.00882 -1.28387e-01 | 11 -0.02688 -1.14890e-01 | 12  0.01259 -1.33085e-02
 13  0.02005 -7.89016e-03 | 14  0.03629  4.00481e-02 | 15  0.00847  6.74947e-02
 16 -0.00423  5.51316e-02 | 17  0.00666  9.99759e-02 | 18 -0.01556  1.00740e-01
 19  0.03957  1.92119e-01 | 20  0.03727  1.91371e-01 | 21  0.00167  1.28937e-01
 22 -0.01014  1.54663e-01 | 23  0.05878  1.96153e-01 | 24 -0.05481  9.83980e-02
 25 -0.06930  8.71266e-02 | 26 -0.06706  3.24337e-02 | 27 -0.03513  2.91212e-02
 28 -0.01515  4.25159e-02 | 29 -0.02076  6.08076e-02 | 30 -0.00330 -4.62740e-03
 31  0.02734  8.21701e-02 | 32 -0.17349 -3.79307e-01 | 33 -0.60205 -2.00973e-03
 34  0.01757  3.33950e-02 | 35  0.68124 -2.13683e-01 | 36 -0.10648 -2.26021e-01
 37 -0.06251  8.30885e-02 | 38 -0.59713 -1.91520e-03 | 39  0.05890 -2.24142e-02
 40  0.70430  6.14316e-02 | 41 -0.54636 -3.55181e-03 | 42 -0.37683  3.23800e-02
 43 -0.63207 -4.38802e-03 | 44  0.98106 -1.05631e-04 | 45  0.03093  1.39800e-04
 46  0.22114 -2.42752e-02 | 47 -5.84625  7.73832e-04 | 48  1.83108  2.96687e-03
 49 -0.03208  5.24795e+01 | 50 -0.07907  2.15788e+02 | 51  0.18550  9.07029e-03
 52 -0.97117 -4.38671e-04 | 53 -0.02236 -4.39756e-02 | 54  0.05399  2.06838e-02
 55 -0.54774  7.39628e-05 | 56  0.03905  3.93651e-03 | 57  0.48948  3.28879e-02
 58 -0.06441  1.64074e-01 |
58 variables; iteration 740; function evaluation 918; phase 3
Function value 3.4414319e+02; maximum gradient component mag -1.4253e+00
Var    Value     Gradient |Var    Value     Gradient |Var    Value     Gradient
  1  0.05950  2.23553e-02 |  2  0.00349 -6.05710e-03 |  3 -0.04465 -5.72403e-03
  4  0.05570 -1.05195e-02 |  5  0.03177 -8.52530e-03 |  6  0.04623 -1.06561e-02
  7 -0.03659 -6.73802e-03 |  8  0.01576 -8.61677e-03 |  9  0.01063 -1.37235e-02
 10 -0.00882 -5.55323e-03 | 11 -0.02688 -5.86102e-03 | 12  0.01258  1.28204e-03
 13  0.02005  2.53683e-04 | 14  0.03629  2.53237e-03 | 15  0.00847  2.48191e-03
 16 -0.00423  1.90502e-03 | 17  0.00666  5.55773e-03 | 18 -0.01557  5.33476e-03
 19  0.03957  8.88892e-03 | 20  0.03727  9.45627e-03 | 21  0.00168  8.76140e-03
 22 -0.01015  8.43769e-03 | 23  0.05878  7.55523e-03 | 24 -0.05482  4.11086e-03
 25 -0.06930  4.37213e-03 | 26 -0.06706  1.67232e-03 | 27 -0.03513  1.29770e-03
 28 -0.01515  1.19638e-03 | 29 -0.02076  2.17190e-03 | 30 -0.00329 -7.22070e-04
 31  0.02734  4.66082e-03 | 32 -0.17346 -1.67266e-02 | 33 -0.57184 -5.64888e-05
 34  0.01759  1.20576e-03 | 35  0.68122 -9.56479e-03 | 36 -0.10646 -1.05754e-02
 37 -0.06251  5.51266e-03 | 38 -0.56687 -1.18426e-06 | 39  0.05890 -1.06308e-03
 40  0.70427  4.57311e-03 | 41 -0.40959  9.26772e-06 | 42 -0.37685  1.98472e-03
 43 -0.63204 -3.08283e-04 | 44  0.98108 -4.59899e-05 | 45  0.04834 -1.14345e-03
 46  0.22115 -1.11946e-03 | 47 -6.19276  1.19415e-05 | 48  2.04396  1.89464e-04
 49 -0.03522 -3.26850e-01 | 50 -0.07832 -1.42534e+00 | 51  0.18400 -6.39522e-05
 52 -0.97212  2.93936e-04 | 53 -0.02230 -4.70820e-04 | 54  0.05401  8.87107e-05
 55 -0.54855 -9.22036e-07 | 56  0.03907 -6.32637e-04 | 57  0.48946  1.40742e-03
 58 -0.06441  5.89714e-03 |
58 variables; iteration 760; function evaluation 938; phase 3
Function value 3.4414319e+02; maximum gradient component mag 2.6600e-03
Var    Value     Gradient |Var    Value     Gradient |Var    Value     Gradient
  1  0.05950  2.66000e-03 |  2  0.00349 -3.51533e-04 |  3 -0.04465 -3.32763e-04
  4  0.05570 -6.82680e-04 |  5  0.03177 -4.97252e-04 |  6  0.04623 -6.60239e-04
  7 -0.03659 -3.99099e-04 |  8  0.01576 -4.99790e-04 |  9  0.01063 -8.66865e-04
 10 -0.00882 -3.60160e-04 | 11 -0.02688 -3.38473e-04 | 12  0.01258  1.01152e-04
 13  0.02005 -3.03591e-05 | 14  0.03629  7.98661e-05 | 15  0.00847  1.21113e-04
 16 -0.00423  8.18862e-05 | 17  0.00666  2.83849e-04 | 18 -0.01557  2.67086e-04
 19  0.03957  5.01173e-04 | 20  0.03727  5.10664e-04 | 21  0.00168  4.96645e-04
 22 -0.01015  5.33211e-04 | 23  0.05878  4.65306e-04 | 24 -0.05482  2.84114e-04
 25 -0.06930  2.75472e-04 | 26 -0.06706  1.51431e-04 | 27 -0.03513  1.30789e-04
 28 -0.01515  1.26341e-04 | 29 -0.02076  2.25319e-04 | 30 -0.00329 -1.76756e-05
 31  0.02734  3.60387e-04 | 32 -0.17346 -9.15376e-04 | 33 -0.57114  2.72428e-08
 34  0.01759  5.94305e-05 | 35  0.68122 -5.25826e-04 | 36 -0.10646 -6.19844e-04
 37 -0.06250  6.62278e-04 | 38 -0.56658  2.10775e-05 | 39  0.05890 -1.68799e-04
 40  0.70427  4.06322e-04 | 41 -0.40982 -7.43108e-06 | 42 -0.37685  1.51121e-04
 43 -0.63204 -2.37945e-05 | 44  0.98109 -2.53664e-07 | 45  0.05271  7.09069e-06
 46  0.22115 -9.36195e-05 | 47 -6.18856 -3.97159e-08 | 48  2.04375 -1.22693e-06
 49 -0.03527 -6.02002e-04 | 50 -0.07831 -2.64050e-03 | 51  0.18398 -1.97705e-04
 52 -0.97217  8.65502e-06 | 53 -0.02230 -5.19140e-05 | 54  0.05401 -3.29663e-05
 55 -0.54853  6.63863e-08 | 56  0.03907 -7.44291e-05 | 57  0.48946  5.66755e-05
 58 -0.06441  3.22147e-04 |
Warning: the following parameters had issues
  selparm[15] is within 0.1% of upper bound: 2.00000e+01 < 8.99846e+01 < 9.00000e+01
  selparm[24] is within 0.1% of lower bound: -1.00000e+01 < -9.98806e+00 < 1.50000e+01


 - final statistics:
58 variables; iteration 765; function evaluation 943
Function value 3.4414e+02; maximum gradient component mag -7.6789e-05
Exit code = 1;  converg criter 1.0000e-04
Var    Value     Gradient |Var    Value     Gradient |Var    Value     Gradient
  1  0.05950  6.96843e-06 |  2  0.00349 -4.44815e-07 |  3 -0.04465 -7.03400e-07
  4  0.05570 -1.03316e-06 |  5  0.03177 -1.23413e-06 |  6  0.04623 -1.36249e-06
  7 -0.03659 -6.78703e-07 |  8  0.01576 -6.81413e-07 |  9  0.01063 -1.22486e-06
 10 -0.00882 -3.08566e-07 | 11 -0.02688 -6.92729e-07 | 12  0.01258  6.00343e-07
 13  0.02005  9.43760e-08 | 14  0.03629  4.59774e-07 | 15  0.00847  1.35605e-07
 16 -0.00423  7.54870e-08 | 17  0.00666  8.23908e-07 | 18 -0.01557  8.23335e-07
 19  0.03957  8.00469e-07 | 20  0.03727  6.86611e-07 | 21  0.00168  1.65231e-06
 22 -0.01015  1.13191e-06 | 23  0.05878  6.43542e-07 | 24 -0.05482  9.12591e-08
 25 -0.06930  6.26423e-07 | 26 -0.06706  5.83866e-07 | 27 -0.03513 -2.23317e-07
 28 -0.01515 -2.93605e-07 | 29 -0.02076 -3.97119e-07 | 30 -0.00329 -4.44348e-07
 31  0.02734  7.51282e-07 | 32 -0.17346 -1.87315e-06 | 33 -0.57114 -1.29857e-10
 34  0.01759  1.77021e-07 | 35  0.68122 -1.17858e-06 | 36 -0.10646 -1.35217e-06
 37 -0.06250  1.59296e-06 | 38 -0.56685  2.23137e-09 | 39  0.05890 -3.27018e-07
 40  0.70427  1.03729e-06 | 41 -0.40971 -1.30572e-09 | 42 -0.37685  5.13881e-07
 43 -0.63204 -9.41860e-08 | 44  0.98109  6.68107e-09 | 45  0.05269 -1.63738e-08
 46  0.22115  4.31628e-08 | 47 -6.18856  5.49822e-09 | 48  2.04375 -2.14288e-09
 49 -0.03527 -1.85227e-05 | 50 -0.07831 -7.67894e-05 | 51  0.18398 -1.19389e-07
 52 -0.97217 -3.54464e-08 | 53 -0.02230  2.81836e-07 | 54  0.05401 -1.11545e-06
 55 -0.54853 -6.59346e-09 | 56  0.03907 -1.96124e-07 | 57  0.48946 -5.81931e-09
 58 -0.06441  6.01268e-07 |
Estimating row 1 out of 58 for hessian
Estimating row 2 out of 58 for hessian
Estimating row 3 out of 58 for hessian
Estimating row 4 out of 58 for hessian
Estimating row 5 out of 58 for hessian
Estimating row 6 out of 58 for hessian
Estimating row 7 out of 58 for hessian
Estimating row 8 out of 58 for hessian
Estimating row 9 out of 58 for hessian
Estimating row 10 out of 58 for hessian
Estimating row 11 out of 58 for hessian
Estimating row 12 out of 58 for hessian
Estimating row 13 out of 58 for hessian
Estimating row 14 out of 58 for hessian
Estimating row 15 out of 58 for hessian
Estimating row 16 out of 58 for hessian
Estimating row 17 out of 58 for hessian
Estimating row 18 out of 58 for hessian
Estimating row 19 out of 58 for hessian
Estimating row 20 out of 58 for hessian
Estimating row 21 out of 58 for hessian
Estimating row 22 out of 58 for hessian
Estimating row 23 out of 58 for hessian
Estimating row 24 out of 58 for hessian
Estimating row 25 out of 58 for hessian
Estimating row 26 out of 58 for hessian
Estimating row 27 out of 58 for hessian
Estimating row 28 out of 58 for hessian
Estimating row 29 out of 58 for hessian
Estimating row 30 out of 58 for hessian
Estimating row 31 out of 58 for hessian
Estimating row 32 out of 58 for hessian
Estimating row 33 out of 58 for hessian
Estimating row 34 out of 58 for hessian
Estimating row 35 out of 58 for hessian
Estimating row 36 out of 58 for hessian
Estimating row 37 out of 58 for hessian
Estimating row 38 out of 58 for hessian
Estimating row 39 out of 58 for hessian
Estimating row 40 out of 58 for hessian
Estimating row 41 out of 58 for hessian
Estimating row 42 out of 58 for hessian
Estimating row 43 out of 58 for hessian
Estimating row 44 out of 58 for hessian
Estimating row 45 out of 58 for hessian
Estimating row 46 out of 58 for hessian
Estimating row 47 out of 58 for hessian
Estimating row 48 out of 58 for hessian
Estimating row 49 out of 58 for hessian
Estimating row 50 out of 58 for hessian
Estimating row 51 out of 58 for hessian
Estimating row 52 out of 58 for hessian
Estimating row 53 out of 58 for hessian
Estimating row 54 out of 58 for hessian
Estimating row 55 out of 58 for hessian
Estimating row 56 out of 58 for hessian
Estimating row 57 out of 58 for hessian
Estimating row 58 out of 58 for hessian
size of file gradfil1.tmp = 0
size of file gradfil2.tmp = 0
size of file varssave.tmp = 0
size of file cmpdiff.tmp = 0
