
Initial statistics: 1 variables; iteration 0; function evaluation 0; phase 1
Function value 5.6153738e+02; maximum gradient component mag -6.6487e+03
Var    Value     Gradient |Var    Value     Gradient |Var    Value     Gradient
  1  0.08804 -6.64874e+03 |

 - final statistics:
1 variables; iteration 12; function evaluation 15
Function value 4.9152e+02; maximum gradient component mag -5.3885e+00
Exit code = 1;  converg criter 1.0000e+01
Var    Value     Gradient |Var    Value     Gradient |Var    Value     Gradient
  1  0.31577 -5.38845e+00 |

Initial statistics: 12 variables; iteration 0; function evaluation 0; phase 2
Function value 4.9151925e+02; maximum gradient component mag 1.5562e+02
Var    Value     Gradient |Var    Value     Gradient |Var    Value     Gradient
  1  0.31577 -5.38845e+00 |  2 -0.17679 -1.26550e+01 |  3 -0.56364 -1.40836e-02
  4 -0.06833  1.44604e+02 |  5 -0.57240  1.55821e-02 |  6 -0.40007  1.27102e+01
  7  0.97449  1.36671e-01 |  8  0.05819  9.13848e-02 |  9 -0.04296  9.98975e+00
 10 -0.52866  2.48730e-03 | 11  0.04615  1.55616e+02 | 12 -0.56873  2.55011e-02

 - final statistics:
12 variables; iteration 10; function evaluation 15
Function value 4.8867e+02; maximum gradient component mag 2.7055e+00
Exit code = 1;  converg criter 1.0000e+01
Var    Value     Gradient |Var    Value     Gradient |Var    Value     Gradient
  1  0.44310 -1.08099e+00 |  2 -0.17801 -1.59415e+00 |  3 -0.53431 -1.23076e-02
  4 -0.07946  2.70547e+00 |  5 -0.57947  2.05877e-03 |  6 -0.41959  2.25659e-01
  7  0.66608  1.54454e-01 |  8  0.41575  2.40347e-03 |  9 -0.04678  4.37187e-01
 10 -0.52880  1.40605e-04 | 11  0.02744  1.93240e+00 | 12 -0.58985  5.25193e-03

Initial statistics: 58 variables; iteration 0; function evaluation 0; phase 3
Function value 4.8867363e+02; maximum gradient component mag -6.0192e+02
Var    Value     Gradient |Var    Value     Gradient |Var    Value     Gradient
  1  0.44310 -1.08099e+00 |  2  0.00000  5.28303e+01 |  3  0.00000  3.79969e+01
  4  0.00000 -9.43536e+01 |  5  0.00000 -1.19936e+02 |  6  0.00000 -1.04538e+02
  7  0.00000  5.54541e+01 |  8  0.00000  3.91818e+01 |  9  0.00000  1.11880e+02
 10  0.00000  1.66068e+02 | 11  0.00000  2.47788e+02 | 12  0.00000  2.54307e+01
 13  0.00000 -1.55196e+02 | 14  0.00000 -2.95675e+02 | 15  0.00000 -2.85798e+02
 16  0.00000 -2.28601e+02 | 17  0.00000 -2.25086e+02 | 18  0.00000 -1.89621e+02
 19  0.00000 -6.01924e+02 | 20  0.00000 -5.05147e+02 | 21  0.00000 -3.10072e+01
 22  0.00000  7.06576e-01 | 23  0.00000 -2.06559e+02 | 24  0.00000  3.80579e+02
 25  0.00000  4.80841e+02 | 26  0.00000  5.25342e+02 | 27  0.00000  4.59194e+02
 28  0.00000  2.24728e+02 | 29  0.00000  1.68122e+02 | 30  0.00000  5.38135e+01
 31  0.00000  1.34867e+01 | 32 -0.17801 -1.59415e+00 | 33 -0.53431 -1.23076e-02
 34  0.01644 -2.54812e+01 | 35  0.68099 -1.94190e+00 | 36 -0.11692  2.60259e+01
 37 -0.07946  2.70547e+00 | 38 -0.57947  2.05877e-03 | 39  0.05666  1.66696e+01
 40  0.69488  1.44623e+01 | 41 -0.39369 -1.90563e-02 | 42 -0.41959  2.25659e-01
 43 -0.65045 -3.99963e-01 | 44  0.66608  1.54454e-01 | 45  0.41575  2.40347e-03
 46  0.24214 -1.19584e+01 | 47  0.00834  4.00700e-05 | 48 -0.02244  1.62326e-02
 49 -0.04678  4.37187e-01 | 50 -0.52880  1.40605e-04 | 51  0.15698  9.63926e+00
 52  0.04628  4.52089e+00 | 53 -0.04383  7.19222e+01 | 54  0.02744  1.93240e+00
 55 -0.58985  5.25193e-03 | 56  0.03406  4.73737e+01 | 57  0.49995  3.35368e+01
 58 -0.08063  3.18029e+02 |

Intermediate statistics: 58 variables; iteration 20; function evaluation 23; phase 3
Function value 4.1138718e+02; maximum gradient component mag 2.6893e+02
Var    Value     Gradient |Var    Value     Gradient |Var    Value     Gradient
  1  0.40062  6.25548e-01 |  2 -0.00828  4.71754e+01 |  3 -0.04377  3.35376e+01
  4  0.05479  2.38676e+01 |  5  0.03711  2.10446e+01 |  6  0.05190  1.60602e+01
  7 -0.02699  2.97113e+01 |  8  0.01765  1.12618e+01 |  9 -0.00585 -1.23415e+01
 10 -0.00188  3.53138e+01 | 11 -0.03065  6.58250e+01 | 12  0.00962  3.94879e+00
 13  0.01533 -2.29040e+01 | 14  0.06324 -2.17769e+01 | 15  0.01281 -5.29515e+01
 16  0.01389 -3.45007e+01 | 17  0.07078 -5.38955e+01 | 18 -0.26478 -1.23191e+02
 19  0.07472 -1.46801e+02 | 20  0.02978 -1.46657e+02 | 21 -0.01506 -2.50130e+01
 22 -0.03068  2.90354e+00 | 23  0.07613 -1.19631e+00 | 24 -0.01823  1.88698e+02
 25 -0.03441  2.17902e+02 | 26 -0.04422  2.35405e+02 | 27 -0.01397  2.49795e+02
 28  0.00996  1.74601e+02 | 29  0.00145  1.33527e+02 | 30  0.01980  8.12016e+01
 31 -0.00392  3.48192e+01 | 32 -0.19421  3.67867e+01 | 33 -0.53437  3.52345e-03
 34 -0.00309 -3.28071e+01 | 35  0.72113  8.26299e+00 | 36 -0.36625 -1.88958e-01
 37 -0.06518  2.68926e+02 | 38 -0.57946  1.64104e-02 | 39  0.04032 -1.55373e+02
 40  0.70301  7.30580e+01 | 41 -0.39376 -1.15765e-02 | 42 -0.45761 -5.51417e+00
 43 -0.65542 -8.37791e-01 | 44  0.67178 -5.42158e-01 | 45  0.41572  2.40320e-03
 46  0.28089  3.34438e-01 | 47  0.00834  4.01630e-05 | 48 -0.02268  1.43289e-02
 49 -0.05341  3.01881e+00 | 50 -0.52881  1.59120e-03 | 51  0.14190 -2.99172e-01
 52  0.05283  1.20259e+00 | 53 -0.05464 -3.09483e+01 | 54  0.01437 -5.85008e+00
 55 -0.58983  4.73078e-03 | 56  0.02770  4.56815e+01 | 57  0.57101  3.29162e+01
 58 -0.16277  3.78056e+00 |
58 variables; iteration 40; function evaluation 70; phase 3
Function value 3.7820408e+02; maximum gradient component mag 3.4819e+02
Var    Value     Gradient |Var    Value     Gradient |Var    Value     Gradient
  1  0.09200 -2.71206e+02 |  2 -0.00996 -2.92112e+01 |  3 -0.05330 -2.70711e+01
  4  0.03953 -6.89769e+01 |  5  0.05329  2.34187e+01 |  6  0.05619 -2.72829e+00
  7 -0.05650 -2.45174e+01 |  8  0.02130  1.35010e+01 |  9  0.01160  5.26412e+01
 10  0.00326  3.23954e+00 | 11 -0.05483 -1.29420e+02 | 12  0.00991 -1.43180e+02
 13  0.02202 -1.22658e+02 | 14  0.04614 -1.75552e+02 | 15 -0.00059 -2.06038e+02
 16  0.00598 -1.00041e+02 | 17  0.02778 -3.06941e+01 | 18 -0.04300 -1.68760e+02
 19  0.05597 -8.80134e+01 | 20  0.03492 -3.12768e+02 | 21 -0.06436 -3.40439e+02
 22 -0.01171  6.47118e+01 | 23  0.08689  3.48193e+02 | 24 -0.04850  1.46278e+02
 25 -0.07121  1.67305e+02 | 26 -0.07116  1.79110e+02 | 27 -0.02974  2.35012e+02
 28  0.01145  2.66681e+02 | 29  0.00317  2.06370e+02 | 30  0.01700  1.13837e+02
 31  0.00507  1.23066e+01 | 32 -0.17394 -1.67300e+02 | 33 -0.53901 -3.98719e-02
 34  0.03558  5.04989e+01 | 35  0.70346 -1.23863e+02 | 36 -0.21523 -1.76836e+01
 37 -0.05128 -3.65255e+01 | 38 -0.57956 -1.61630e-02 | 39  0.05079 -9.21304e+01
 40  0.64575 -1.39859e+02 | 41 -0.39472 -5.68796e-02 | 42 -0.75574 -1.15971e+00
 43 -0.72228 -8.63375e-01 | 44  1.14041  2.55482e-01 | 45  0.41340  2.38509e-03
 46  0.93653  3.22120e-02 | 47  0.00830  4.01252e-05 | 48 -0.03810  1.26914e-03
 49  0.00263  3.12236e+01 | 50 -0.52924  3.59594e-03 | 51  0.15678 -1.99861e+01
 52 -0.05437 -2.89277e+00 | 53 -0.04669  2.09469e+01 | 54  0.06588  8.20576e+01
 55 -0.58892  1.25331e-02 | 56  0.06442  7.02458e+01 | 57  0.46971  5.08679e+01
 58 -0.07796  1.92965e+02 |
58 variables; iteration 60; function evaluation 108; phase 3
Function value 3.4398363e+02; maximum gradient component mag 5.8906e+01
Var    Value     Gradient |Var    Value     Gradient |Var    Value     Gradient
  1  0.08777 -2.51203e+01 |  2  0.00136  1.01620e+01 |  3 -0.04974 -4.84326e+00
  4  0.05932 -1.96088e+01 |  5  0.03569 -1.65056e+01 |  6  0.05039 -1.89379e+01
  7 -0.03804 -2.74945e+00 |  8  0.01814 -5.78538e+00 |  9  0.00462 -2.75777e+01
 10 -0.00772 -1.57061e+01 | 11 -0.03062  1.93177e+01 | 12  0.01441  1.03418e+01
 13  0.02513  2.25154e+01 | 14  0.04809  2.26154e+01 | 15  0.01473  1.75187e+01
 16  0.00522  3.43001e+01 | 17  0.00899  2.12241e+01 | 18 -0.00935  5.89063e+01
 19  0.04447  2.28405e+01 | 20  0.04312  5.49736e+01 | 21 -0.00648  2.17101e+01
 22 -0.01881  3.83234e+00 | 23  0.07021 -2.52949e+01 | 24 -0.05418 -1.65094e+00
 25 -0.07864  6.00059e+00 | 26 -0.07869  6.23778e+00 | 27 -0.03361  4.50455e+00
 28 -0.00580 -1.11987e+01 | 29 -0.01389 -1.26606e+01 | 30  0.00876 -2.97247e+00
 31 -0.02275  1.18903e+01 | 32 -0.18982 -3.38411e+00 | 33 -0.63140 -3.45888e-03
 34  0.00236 -6.28520e+00 | 35  0.71887 -8.08280e+00 | 36 -0.19659 -1.43292e+01
 37 -0.06288 -2.16245e+00 | 38 -0.57704 -1.41568e-03 | 39  0.06146  1.22068e+00
 40  0.67655 -1.67992e+01 | 41 -0.19909 -7.74791e-01 | 42 -0.95437 -1.92172e-01
 43 -1.80920 -2.08502e+00 | 44  0.98524  8.98550e-02 | 45  0.39415  2.23866e-03
 46  0.32537  4.45907e+00 | 47  0.00797  3.83245e-05 | 48 -0.08558 -2.10453e-04
 49 -0.03065  5.23296e+00 | 50 -0.51977  4.32161e-03 | 51  0.16461  2.29680e+01
 52  0.03557  4.12919e+00 | 53 -0.04488 -1.93102e+01 | 54  0.04400  7.34737e+00
 55 -0.58478 -1.60297e-03 | 56  0.03143 -1.21552e+01 | 57  0.49003 -7.14749e-01
 58 -0.07646  3.29104e+01 |
58 variables; iteration 80; function evaluation 137; phase 3
Function value 3.3671983e+02; maximum gradient component mag 1.3541e+01
Var    Value     Gradient |Var    Value     Gradient |Var    Value     Gradient
  1  0.08477  9.74605e+00 |  2 -0.00347  1.58887e+00 |  3 -0.04396  2.24809e+00
  4  0.06350 -6.13209e-01 |  5  0.03918  2.01373e+00 |  6  0.05156 -8.22087e-02
  7 -0.04040  7.35242e-01 |  8  0.01629  7.77962e-01 |  9  0.00721  9.08600e-01
 10 -0.00497  2.01006e+00 | 11 -0.03240  8.03223e-01 | 12  0.01603 -1.06017e+00
 13  0.02532 -3.66196e+00 | 14  0.04697 -7.53095e+00 | 15  0.01635 -2.66920e+00
 16  0.00257 -6.94353e+00 | 17  0.01077 -6.18036e+00 | 18 -0.01510 -8.48530e-01
 19  0.04659 -1.06992e+01 | 20  0.04048 -1.18102e+01 | 21 -0.00678  4.84854e-01
 22 -0.01699  4.90442e+00 | 23  0.07283  4.16991e+00 | 24 -0.05461  3.09794e+00
 25 -0.07573  2.60893e+00 | 26 -0.07859  2.85712e+00 | 27 -0.03234  6.11806e+00
 28 -0.00239  6.28445e+00 | 29 -0.00974  4.94032e+00 | 30  0.00966  3.17009e+00
 31 -0.04805 -5.55469e-01 | 32 -0.17907  1.35408e+01 | 33 -0.61531 -1.58103e-03
 34  0.01312 -2.29027e+00 | 35  0.68628  1.20512e+01 | 36 -0.11837  3.83040e+00
 37 -0.06994 -1.36672e-01 | 38 -0.57402  2.18855e-05 | 39  0.05541 -4.83966e-01
 40  0.69252 -9.07734e-01 | 41 -0.23162  7.35659e-02 | 42 -0.39651 -1.57132e+00
 43 -1.37270  9.89811e-02 | 44  0.95107 -1.42703e-01 | 45  0.32192  1.73914e-03
 46  0.24524  3.41894e+00 | 47  0.00671  3.17534e-05 | 48 -0.10199 -1.61277e-04
 49 -0.04297  8.63539e-01 | 50 -0.53567 -1.58666e-04 | 51  0.14378  5.28166e-01
 52  0.04030  1.04459e+00 | 53 -0.04298  8.60111e+00 | 54  0.04187  4.39256e+00
 55 -0.55356  5.58535e-04 | 56  0.03608 -1.70952e+00 | 57  0.52693  2.01160e+00
 58 -0.08654 -1.29644e+01 |
58 variables; iteration 100; function evaluation 160; phase 3
Function value 3.3660717e+02; maximum gradient component mag 6.8126e-02
Var    Value     Gradient |Var    Value     Gradient |Var    Value     Gradient
  1  0.08473 -2.27671e-03 |  2 -0.00337 -9.67966e-03 |  3 -0.04513 -4.16471e-04
  4  0.06459 -1.61368e-02 |  5  0.03868 -2.08324e-02 |  6  0.05201 -3.10402e-02
  7 -0.04075 -1.43582e-02 |  8  0.01633 -1.57042e-02 |  9  0.00718 -2.98027e-02
 10 -0.00513 -9.62843e-03 | 11 -0.03256  7.50523e-03 | 12  0.01601 -3.46199e-02
 13  0.02541 -4.82744e-03 | 14  0.04759 -9.81661e-03 | 15  0.01586 -6.15856e-03
 16  0.00306  3.76096e-03 | 17  0.01102 -1.03122e-02 | 18 -0.01564 -1.16607e-02
 19  0.04698 -7.15326e-03 | 20  0.04112  1.43371e-04 | 21 -0.00700  2.33891e-02
 22 -0.01788  3.06086e-02 | 23  0.07327  6.81255e-02 | 24 -0.05513  1.23090e-02
 25 -0.07699  3.11902e-02 | 26 -0.07838  2.24846e-02 | 27 -0.03271  2.99654e-02
 28 -0.00251  1.62337e-02 | 29 -0.00984  1.23596e-02 | 30  0.00964  2.02188e-03
 31 -0.04585 -2.26798e-03 | 32 -0.17705 -3.16293e-02 | 33 -0.56212  5.58727e-04
 34  0.01549 -3.04543e-03 | 35  0.68116 -2.86443e-02 | 36 -0.11635 -6.46689e-02
 37 -0.07032  2.14554e-02 | 38 -0.57651 -4.82704e-05 | 39  0.05523 -2.73488e-02
 40  0.69386 -1.06090e-02 | 41 -0.26399  7.55402e-03 | 42 -0.39461  6.21018e-03
 43 -1.37257  2.38611e-03 | 44  0.97547  1.30168e-03 | 45  0.16474 -5.25730e-04
 46  0.23989 -1.22090e-03 | 47  0.00437 -1.18085e-05 | 48 -0.08858  1.55770e-04
 49 -0.04322  8.66259e-03 | 50 -0.53098  1.32928e-05 | 51  0.14287 -7.67664e-03
 52  0.03966  2.64881e-03 | 53 -0.04338 -3.21798e-02 | 54  0.04386 -7.23760e-03
 55 -0.55138  1.56695e-04 | 56  0.03707  1.08693e-02 | 57  0.50943 -6.16567e-03
 58 -0.07989  7.22768e-04 |
58 variables; iteration 120; function evaluation 180; phase 3
Function value 3.3660710e+02; maximum gradient component mag -2.4619e-03
Var    Value     Gradient |Var    Value     Gradient |Var    Value     Gradient
  1  0.08473 -2.46188e-03 |  2 -0.00337  6.25152e-04 |  3 -0.04513  3.57892e-04
  4  0.06459  9.54601e-04 |  5  0.03867  5.19821e-04 |  6  0.05201  3.96420e-04
  7 -0.04075  2.43184e-04 |  8  0.01633  1.67773e-04 |  9  0.00718  4.68337e-04
 10 -0.00513  3.70418e-04 | 11 -0.03256 -2.42277e-04 | 12  0.01601 -2.32529e-04
 13  0.02541 -4.44422e-04 | 14  0.04758 -2.51365e-04 | 15  0.01586 -3.71128e-04
 16  0.00306 -1.70434e-06 | 17  0.01102 -1.74018e-04 | 18 -0.01564 -9.90593e-04
 19  0.04698 -5.00909e-04 | 20  0.04113 -1.13675e-03 | 21 -0.00700 -7.40641e-04
 22 -0.01788 -1.06053e-04 | 23  0.07326 -9.15724e-04 | 24 -0.05513  2.58938e-05
 25 -0.07699 -1.88547e-04 | 26 -0.07837  2.91631e-04 | 27 -0.03271 -8.15306e-05
 28 -0.00251  5.67401e-04 | 29 -0.00984  4.47899e-04 | 30  0.00964  3.60484e-04
 31 -0.04585  1.55532e-04 | 32 -0.17705  1.17744e-03 | 33 -0.56901  3.45420e-07
 34  0.01550 -4.25813e-05 | 35  0.68116  1.28792e-03 | 36 -0.11634  2.27188e-03
 37 -0.07038 -2.28516e-03 | 38 -0.57600  4.33612e-09 | 39  0.05520  1.35070e-03
 40  0.69408 -4.47698e-04 | 41 -0.28813 -1.13315e-06 | 42 -0.39462 -3.28514e-05
 43 -1.37259 -1.24571e-05 | 44  0.97526 -7.48836e-05 | 45  0.16546 -1.13931e-05
 46  0.23989 -1.94215e-04 | 47  0.00672  1.80097e-05 | 48 -0.09357 -3.87811e-06
 49 -0.04323 -5.85040e-04 | 50 -0.53114 -1.36207e-07 | 51  0.14287  2.80804e-04
 52  0.03965 -4.47571e-04 | 53 -0.04338 -1.36779e-03 | 54  0.04385 -1.18525e-03
 55 -0.55344 -2.16831e-07 | 56  0.03706  1.57679e-05 | 57  0.50946 -4.99177e-04
 58 -0.07990 -1.16220e-03 |
Warning: the following parameters had issues
  selparm[15] is within 0.1% of upper bound: 2.00000e+01 < 8.99736e+01 < 9.00000e+01


 - final statistics:
58 variables; iteration 136; function evaluation 196
Function value 3.3661e+02; maximum gradient component mag -8.2714e-05
Exit code = 1;  converg criter 1.0000e-04
Var    Value     Gradient |Var    Value     Gradient |Var    Value     Gradient
  1  0.08473 -7.12171e-05 |  2 -0.00337 -2.48756e-05 |  3 -0.04513 -1.12631e-05
  4  0.06459 -3.34369e-05 |  5  0.03867 -5.76461e-06 |  6  0.05201 -7.08267e-06
  7 -0.04075 -1.36680e-05 |  8  0.01633  4.21169e-06 |  9  0.00718 -1.04203e-05
 10 -0.00513 -8.16139e-06 | 11 -0.03256  7.80111e-06 | 12  0.01601  3.26792e-05
 13  0.02541  4.59978e-05 | 14  0.04758  2.19998e-05 | 15  0.01586  2.05122e-05
 16  0.00306  1.67060e-06 | 17  0.01102  1.26381e-05 | 18 -0.01564  5.91729e-05
 19  0.04698  4.80888e-05 | 20  0.04113  3.32392e-05 | 21 -0.00700  8.16517e-06
 22 -0.01788 -1.81596e-05 | 23  0.07326  1.90570e-05 | 24 -0.05513 -3.48404e-05
 25 -0.07699 -2.22305e-05 | 26 -0.07837 -4.43685e-05 | 27 -0.03271 -1.96993e-05
 28 -0.00251 -4.48027e-05 | 29 -0.00984 -3.04976e-05 | 30  0.00964 -1.19747e-05
 31 -0.04585 -1.75849e-06 | 32 -0.17705 -2.61210e-06 | 33 -0.56902 -4.96109e-07
 34  0.01550 -6.79887e-06 | 35  0.68116 -2.59909e-05 | 36 -0.11634 -8.27139e-05
 37 -0.07038  3.82053e-05 | 38 -0.57600  4.00951e-07 | 39  0.05520 -5.89655e-05
 40  0.69408 -4.92539e-05 | 41 -0.28814 -1.77375e-06 | 42 -0.39462 -1.70547e-06
 43 -1.37259  4.02343e-07 | 44  0.97527  3.55825e-06 | 45  0.16560 -5.34992e-08
 46  0.23989  1.08520e-05 | 47  0.00291 -1.42605e-09 | 48 -0.09345 -3.00050e-07
 49 -0.04322  1.87233e-05 | 50 -0.53114 -1.92695e-07 | 51  0.14287 -1.71316e-05
 52  0.03965  1.76930e-05 | 53 -0.04338  6.83453e-05 | 54  0.04385  2.05101e-05
 55 -0.55343  1.05456e-07 | 56  0.03706  8.56961e-08 | 57  0.50946  5.89227e-06
 58 -0.07990  2.12813e-05 |
Estimating row 1 out of 58 for hessian
Estimating row 2 out of 58 for hessian
Estimating row 3 out of 58 for hessian
Estimating row 4 out of 58 for hessian
Estimating row 5 out of 58 for hessian
Estimating row 6 out of 58 for hessian
Estimating row 7 out of 58 for hessian
Estimating row 8 out of 58 for hessian
Estimating row 9 out of 58 for hessian
Estimating row 10 out of 58 for hessian
Estimating row 11 out of 58 for hessian
Estimating row 12 out of 58 for hessian
Estimating row 13 out of 58 for hessian
Estimating row 14 out of 58 for hessian
Estimating row 15 out of 58 for hessian
Estimating row 16 out of 58 for hessian
Estimating row 17 out of 58 for hessian
Estimating row 18 out of 58 for hessian
Estimating row 19 out of 58 for hessian
Estimating row 20 out of 58 for hessian
Estimating row 21 out of 58 for hessian
Estimating row 22 out of 58 for hessian
Estimating row 23 out of 58 for hessian
Estimating row 24 out of 58 for hessian
Estimating row 25 out of 58 for hessian
Estimating row 26 out of 58 for hessian
Estimating row 27 out of 58 for hessian
Estimating row 28 out of 58 for hessian
Estimating row 29 out of 58 for hessian
Estimating row 30 out of 58 for hessian
Estimating row 31 out of 58 for hessian
Estimating row 32 out of 58 for hessian
Estimating row 33 out of 58 for hessian
Estimating row 34 out of 58 for hessian
Estimating row 35 out of 58 for hessian
Estimating row 36 out of 58 for hessian
Estimating row 37 out of 58 for hessian
Estimating row 38 out of 58 for hessian
Estimating row 39 out of 58 for hessian
Estimating row 40 out of 58 for hessian
Estimating row 41 out of 58 for hessian
Estimating row 42 out of 58 for hessian
Estimating row 43 out of 58 for hessian
Estimating row 44 out of 58 for hessian
Estimating row 45 out of 58 for hessian
Estimating row 46 out of 58 for hessian
Estimating row 47 out of 58 for hessian
Estimating row 48 out of 58 for hessian
Estimating row 49 out of 58 for hessian
Estimating row 50 out of 58 for hessian
Estimating row 51 out of 58 for hessian
Estimating row 52 out of 58 for hessian
Estimating row 53 out of 58 for hessian
Estimating row 54 out of 58 for hessian
Estimating row 55 out of 58 for hessian
Estimating row 56 out of 58 for hessian
Estimating row 57 out of 58 for hessian
Estimating row 58 out of 58 for hessian
size of file gradfil1.tmp = 0
size of file gradfil2.tmp = 0
size of file varssave.tmp = 0
size of file cmpdiff.tmp = 0
