
Initial statistics: 1 variables; iteration 0; function evaluation 0; phase 1
Function value 5.4118982e+02; maximum gradient component mag -1.5261e+03
Var    Value     Gradient |Var    Value     Gradient |Var    Value     Gradient
  1  0.13688 -1.52609e+03 |

 - final statistics:
1 variables; iteration 7; function evaluation 10
Function value 5.1284e+02; maximum gradient component mag -9.1776e+00
Exit code = 1;  converg criter 1.0000e+01
Var    Value     Gradient |Var    Value     Gradient |Var    Value     Gradient
  1  0.23188 -9.17762e+00 |

Initial statistics: 12 variables; iteration 0; function evaluation 0; phase 2
Function value 5.1283978e+02; maximum gradient component mag 5.6721e+02
Var    Value     Gradient |Var    Value     Gradient |Var    Value     Gradient
  1  0.23188 -9.17762e+00 |  2 -0.03472  5.67208e+02 |  3 -0.62641  6.59053e-03
  4  0.02847  3.67795e+02 |  5 -0.56175  1.55609e-02 |  6 -0.27518  1.52616e+02
  7  0.98682  1.07798e-01 |  8  0.06139 -3.07660e-04 |  9  0.06542  1.44084e+02
 10 -0.27873  3.70809e+00 | 11  0.04275  3.41351e+01 | 12 -0.10695  7.43374e+01

 - final statistics:
12 variables; iteration 19; function evaluation 33
Function value 4.9884e+02; maximum gradient component mag 4.2816e+00
Exit code = 1;  converg criter 1.0000e+01
Var    Value     Gradient |Var    Value     Gradient |Var    Value     Gradient
  1  0.52481 -8.39672e-01 |  2 -0.05360 -3.00225e+00 |  3 -0.60401 -1.36593e-03
  4  0.00917 -2.80874e+00 |  5 -0.57449  3.19192e-04 |  6 -0.30183  7.53421e-02
  7  0.94993 -5.53541e-02 |  8  0.06199 -7.22545e-06 |  9  0.03085  7.72060e-01
 10 -0.12148  4.28158e+00 | 11  0.04149 -5.44207e-01 | 12 -0.14260 -5.53057e-01

Initial statistics: 58 variables; iteration 0; function evaluation 0; phase 3
Function value 4.9883809e+02; maximum gradient component mag 4.1180e+02
Var    Value     Gradient |Var    Value     Gradient |Var    Value     Gradient
  1  0.52481 -8.39672e-01 |  2  0.00000  3.43899e+01 |  3  0.00000 -8.38561e+00
  4  0.00000 -6.65732e+01 |  5  0.00000 -4.92164e+01 |  6  0.00000  2.21969e+01
  7  0.00000  9.37458e+01 |  8  0.00000  1.35247e+02 |  9  0.00000  1.72042e+02
 10  0.00000  1.81032e+02 | 11  0.00000  6.06645e+01 | 12  0.00000 -1.09298e+02
 13  0.00000 -2.48541e+02 | 14  0.00000 -2.36874e+02 | 15  0.00000 -2.22664e+02
 16  0.00000 -2.01905e+02 | 17  0.00000 -2.25610e+02 | 18  0.00000 -3.84678e+02
 19  0.00000 -3.52824e+02 | 20  0.00000 -1.10016e+02 | 21  0.00000 -7.79083e+01
 22  0.00000 -1.20915e+02 | 23  0.00000  1.36073e+02 | 24  0.00000  4.03782e+02
 25  0.00000  4.11801e+02 | 26  0.00000  3.59959e+02 | 27  0.00000  2.52989e+02
 28  0.00000  1.43120e+02 | 29  0.00000  3.82428e+01 | 30  0.00000 -2.11715e+01
 31  0.00000 -8.70647e+00 | 32 -0.05360 -3.00225e+00 | 33 -0.60401 -1.36593e-03
 34  0.03950  3.10472e+01 | 35  0.51472 -7.76141e+00 | 36 -0.04668  1.59766e+02
 37  0.00917 -2.80874e+00 | 38 -0.57449  3.19192e-04 | 39  0.04154  2.38947e+01
 40  0.63620  1.42253e+00 | 41 -0.08523 -1.54744e+01 | 42 -0.30183  7.53421e-02
 43 -0.62737  7.26998e+00 | 44  0.94993 -5.53541e-02 | 45  0.06199 -7.22545e-06
 46  0.19017 -4.86633e+01 | 47  0.00168 -2.11142e-06 | 48  0.01668 -1.22323e-04
 49  0.03085  7.72060e-01 | 50 -0.12148  4.28158e+00 | 51  0.12608  4.08522e+00
 52 -0.27567  2.25836e-01 | 53  0.00147 -9.29402e+00 | 54  0.04149 -5.44207e-01
 55 -0.14260 -5.53057e-01 | 56  0.00539 -1.48451e+01 | 57  0.36029  1.22356e+00
 58  0.01213  1.76507e+02 |

Intermediate statistics: 58 variables; iteration 20; function evaluation 29; phase 3
Function value 4.2248314e+02; maximum gradient component mag -5.5364e+02
Var    Value     Gradient |Var    Value     Gradient |Var    Value     Gradient
  1  0.51113  9.44420e-01 |  2 -0.03624 -4.86711e+00 |  3 -0.00354  1.51427e+00
  4  0.07193  2.13414e+01 |  5  0.05491  1.25938e+01 |  6  0.00607  8.81088e-02
  7 -0.00944 -1.19430e+00 |  8  0.01300 -5.51638e+00 |  9  0.01429 -8.28913e+00
 10 -0.05593 -2.40224e+01 | 11  0.00281 -6.07983e+01 | 12 -0.03675 -2.34947e+01
 13  0.14464  6.96095e+01 | 14 -0.03632 -9.93657e+00 | 15 -0.00253 -4.50547e+01
 16  0.05406 -5.50640e+01 | 17 -0.23013 -6.69364e+01 | 18  0.12106  6.56287e+01
 19  0.07180  5.27426e+01 | 20 -0.17749 -4.32771e+01 | 21 -0.03371  2.16323e+00
 22  0.13656  7.81462e+01 | 23 -0.03594  3.58150e+01 | 24 -0.06731  9.45517e+01
 25 -0.05113  9.45001e+01 | 26 -0.02371  8.77208e+01 | 27 -0.01134  6.20038e+01
 28 -0.00463  5.50345e+01 | 29  0.02851  5.64931e+01 | 30  0.07242  6.09929e+01
 31  0.03308  3.05055e+01 | 32 -0.06371  4.76403e+02 | 33 -0.60403  7.96248e-03
 34  0.01620 -5.53640e+02 | 35  0.58223  2.95943e+01 | 36 -0.06830  3.88998e+00
 37  0.02615  4.00094e+02 | 38 -0.57449  1.22835e-02 | 39  0.03882 -4.04415e+02
 40  0.64705  3.85017e+01 | 41 -0.12766  2.47168e-01 | 42 -0.29795  3.11123e+01
 43 -0.66162 -1.21812e+01 | 44  0.95355 -3.70355e-01 | 45  0.06199  1.08353e-04
 46  0.20090  7.76387e-01 | 47  0.00168  1.33951e-06 | 48  0.01668 -6.01891e-05
 49  0.01572 -6.27078e+01 | 50 -0.13425  1.68681e+01 | 51  0.14508  2.25765e+02
 52 -0.27828  5.27031e-01 | 53 -0.00338 -1.11472e+01 | 54  0.05162  6.24650e+01
 55 -0.12159  5.16366e+01 | 56  0.01059 -3.40611e+01 | 57  0.38845  8.85194e+00
 58 -0.01729  1.01250e+02 |
58 variables; iteration 40; function evaluation 57; phase 3
Function value 4.0240485e+02; maximum gradient component mag 2.6853e+02
Var    Value     Gradient |Var    Value     Gradient |Var    Value     Gradient
  1  0.18631  1.73762e+01 |  2 -0.05352 -3.47617e+01 |  3 -0.01859 -3.22434e+01
  4  0.07372 -3.25250e+01 |  5  0.01094 -4.60528e+01 |  6  0.00569 -2.18576e+01
  7  0.01112  7.63110e+00 |  8  0.01704 -8.76246e+00 |  9 -0.00361 -1.60085e+01
 10 -0.03845 -1.15158e+00 | 11  0.01350 -2.36844e+01 | 12 -0.02354 -2.63972e+01
 13  0.11266 -1.69860e+01 | 14 -0.05330 -2.06144e+01 | 15  0.03990  6.45542e+00
 16  0.03878  2.94123e-01 | 17 -0.17426 -4.96589e+01 | 18  0.11134  6.52534e+01
 19  0.05081  4.29295e+00 | 20 -0.12579 -2.41219e+01 | 21  0.00994  5.98345e+01
 22  0.11780  1.02781e+02 | 23 -0.03758  3.93987e+01 | 24 -0.07426  8.46344e+01
 25 -0.05761  7.77726e+01 | 26 -0.04601  4.88685e+01 | 27 -0.00091  7.08198e+01
 28 -0.01319  5.58813e+01 | 29  0.01464  5.85178e+01 | 30  0.07210  8.10191e+01
 31  0.03025  3.43164e+01 | 32 -0.05745  2.40490e+01 | 33 -0.60534 -1.13920e-03
 34  0.02791 -1.06373e+02 | 35  0.56907 -2.69325e+01 | 36 -0.06696 -9.89451e+01
 37  0.01455  1.84636e+02 | 38 -0.57443  6.70071e-03 | 39  0.03343 -1.97452e+02
 40  0.69712  3.02914e+01 | 41 -0.26365  4.74363e-02 | 42 -0.30029 -5.69634e+01
 43 -0.66127  1.06697e+00 | 44  1.05040  6.05256e-01 | 45  0.06194  1.08858e-04
 46  0.20223  2.36298e+01 | 47  0.00168  2.49170e-06 | 48  0.01671 -2.84206e-05
 49 -0.00597  9.56957e+01 | 50 -0.11851  2.68530e+02 | 51  0.11885  8.93236e+01
 52 -0.25667  4.06660e+00 | 53 -0.00518 -3.08073e+01 | 54  0.04037  1.64714e+01
 55 -0.13933  2.45274e+01 | 56  0.00242 -1.17403e+01 | 57  0.54729  1.31031e+01
 58 -0.02216  5.49351e+01 |
58 variables; iteration 60; function evaluation 85; phase 3
Function value 3.8813469e+02; maximum gradient component mag 3.9260e+02
Var    Value     Gradient |Var    Value     Gradient |Var    Value     Gradient
  1  0.18839 -3.95661e-01 |  2 -0.02663 -4.06048e+00 |  3  0.00522 -4.35837e+00
  4  0.03778 -2.59117e+01 |  5  0.03947 -1.45722e+01 |  6  0.00266 -3.14719e+00
  7 -0.02084  3.01812e+00 |  8  0.02750  3.40965e+01 |  9 -0.01392  2.96188e+00
 10 -0.04108  8.59222e+00 | 11  0.00404  1.04755e+01 | 12  0.00408 -1.08940e+01
 13  0.07846 -2.51258e+01 | 14 -0.00069 -1.19014e+01 | 15  0.02354 -5.18377e+00
 16  0.02104 -1.10735e+01 | 17 -0.06523 -2.43801e+01 | 18  0.08535 -3.20737e+01
 19  0.03517 -8.30458e+01 | 20 -0.04480 -2.09273e+01 | 21 -0.02644  1.36591e+00
 22  0.11164  2.73494e-01 | 23 -0.02542 -2.06052e+00 | 24 -0.11855 -4.84361e+00
 25 -0.08349 -7.54706e+00 | 26 -0.04769 -1.27928e+01 | 27 -0.01131  1.02678e+01
 28 -0.01276  1.18151e+01 | 29  0.00256  1.59004e+00 | 30  0.05561  2.49661e+00
 31 -0.00076 -8.06055e+00 | 32 -0.05634 -2.22700e+02 | 33 -0.61885 -3.18719e-03
 34  0.03430  1.89400e+02 | 35  0.53106 -2.56099e+01 | 36 -0.05385  4.35766e-01
 37  0.01543 -1.02157e+02 | 38 -0.57536 -4.38745e-03 | 39  0.04240  1.10456e+02
 40  0.64947 -2.17615e+01 | 41 -0.13505 -8.55243e+00 | 42 -0.29959 -5.55577e+01
 43 -0.65288  6.74913e+00 | 44  1.03497  3.50226e-01 | 45  0.06177  6.32169e-05
 46  0.20060  1.46199e+01 | 47  0.00169  2.45517e-06 | 48  0.01697 -2.60927e-05
 49  0.01733  3.07350e+02 | 50 -0.13326  3.92598e+02 | 51  0.11874 -1.57316e+00
 52 -0.39268  3.56615e+00 | 53 -0.00546  1.52391e+01 | 54  0.03834 -3.47788e+01
 55 -0.14210 -1.77255e+01 | 56  0.01002  1.89542e+01 | 57  0.54193 -6.50262e+00
 58 -0.02462 -4.32681e+01 |
58 variables; iteration 80; function evaluation 108; phase 3
Function value 3.8168079e+02; maximum gradient component mag 2.8865e+01
Var    Value     Gradient |Var    Value     Gradient |Var    Value     Gradient
  1  0.13812  2.53145e+00 |  2 -0.02291  7.44523e-03 |  3  0.00218  7.69129e-01
  4  0.04898  1.98299e+00 |  5  0.04118  1.79967e+00 |  6  0.00250  5.36819e-01
  7 -0.01119 -3.84415e-01 |  8  0.01430  5.49983e-01 |  9  0.00357  4.43174e-01
 10 -0.04945  2.31241e-01 | 11  0.00526 -2.85939e-01 | 12  0.00840  7.04068e-01
 13  0.07558  5.75222e-01 | 14 -0.00037  1.24187e+00 | 15  0.01088 -7.22447e-01
 16  0.01652 -1.26552e+00 | 17 -0.03980 -1.44509e+00 | 18  0.05220 -3.18142e+00
 19  0.06924 -1.76251e+00 | 20 -0.05000 -2.51510e-01 | 21 -0.03557  1.39897e+00
 22  0.10677  1.24707e+00 | 23 -0.03915  7.56700e-01 | 24 -0.11980  1.00692e+00
 25 -0.07666  1.03946e+00 | 26 -0.03051  2.50975e+00 | 27 -0.01704  1.99051e+00
 28 -0.02254  1.08350e+00 | 29  0.00391  5.05727e-01 | 30  0.04683 -4.24159e-01
 31  0.00685 -3.62395e-01 | 32 -0.03520 -5.92920e-01 | 33 -0.64438 -1.50491e-03
 34  0.03937 -1.18752e+00 | 35  0.51464 -1.30178e+00 | 36 -0.04727 -4.70743e+00
 37  0.02785 -1.25892e+00 | 38 -0.54947  1.16031e-03 | 39  0.04152  2.85920e+00
 40  0.63759  3.76815e-01 | 41 -0.08604 -3.19915e-01 | 42 -0.27638  1.39039e+00
 43 -0.62889 -8.57657e-01 | 44  0.99420  2.56312e-01 | 45  0.06143  3.13302e-05
 46  0.19058  4.21631e-01 | 47  0.00160  2.87638e-06 | 48  0.01992  1.67032e-05
 49  0.02768  1.07352e+01 | 50 -0.14256  2.88653e+01 | 51  0.11459  5.42164e-01
 52 -0.42158  2.95337e-01 | 53  0.00548 -3.61082e+00 | 54  0.04181 -8.28786e-01
 55 -0.10491  1.01514e+00 | 56  0.00540  4.46524e-01 | 57  0.33705  1.01047e-01
 58  0.01376  4.31695e+00 |
58 variables; iteration 100; function evaluation 129; phase 3
Function value 3.8142654e+02; maximum gradient component mag 4.4619e+01
Var    Value     Gradient |Var    Value     Gradient |Var    Value     Gradient
  1  0.13745  2.08700e+00 |  2 -0.02247  8.91391e-02 |  3  0.00204  1.91153e-01
  4  0.04856  5.02214e-01 |  5  0.04044  3.34920e-01 |  6  0.00236  4.74221e-01
  7 -0.00998  8.84994e-01 |  8  0.01406  1.17359e+00 |  9  0.00373  1.01469e+00
 10 -0.04975  6.09514e-01 | 11  0.00606  6.60496e-01 | 12  0.00754  6.09675e-02
 13  0.07579 -9.69396e-01 | 14 -0.00149 -1.16289e-01 | 15  0.01136 -3.86699e-01
 16  0.01607 -2.62398e-01 | 17 -0.03860  2.32110e-01 | 18  0.05135 -6.46956e-01
 19  0.06965 -1.53484e-01 | 20 -0.04915  2.45196e-01 | 21 -0.03656  3.74815e-01
 22  0.10708  3.54434e-01 | 23 -0.04031  3.69671e-01 | 24 -0.12019 -4.55600e-01
 25 -0.07576  1.22940e-01 | 26 -0.03074  3.16781e-01 | 27 -0.01723  3.35864e-01
 28 -0.02250  5.53815e-01 | 29  0.00374  5.40424e-01 | 30  0.04665  4.57088e-01
 31  0.00834  3.79703e-01 | 32 -0.03487  1.23314e+00 | 33 -0.71901 -5.37494e-03
 34  0.03943 -8.82771e-01 | 35  0.51464  1.56028e-01 | 36 -0.04710 -2.53694e-01
 37  0.02835  8.05695e-01 | 38 -0.52858  3.31018e-03 | 39  0.04156 -1.15547e+00
 40  0.63546 -1.70855e-01 | 41 -0.08482 -4.37026e-01 | 42 -0.27553  1.09109e+00
 43 -0.62715  8.41777e-02 | 44  0.98512 -3.62469e-02 | 45  0.06133 -4.59190e-05
 46  0.19030 -1.58318e-01 | 47  0.00079 -2.13951e-06 | 48  0.01521 -1.00154e-05
 49  0.04844  4.46186e+01 | 50 -0.16910  2.74273e+01 | 51  0.12116 -7.30525e-01
 52 -0.61791  8.72822e-02 | 53  0.00347 -2.88953e-02 | 54  0.04198  3.48884e-01
 55 -0.10791  4.06512e-01 | 56  0.00555 -4.26640e-02 | 57  0.38930  1.15228e-01
 58  0.01134 -2.85379e-01 |
58 variables; iteration 120; function evaluation 150; phase 3
Function value 3.8137443e+02; maximum gradient component mag 4.7520e+00
Var    Value     Gradient |Var    Value     Gradient |Var    Value     Gradient
  1  0.13706  5.22545e-02 |  2 -0.02218  4.92097e-02 |  3  0.00216  8.08906e-02
  4  0.04840  1.30269e-01 |  5  0.04057  1.12408e-01 |  6  0.00248  5.78782e-02
  7 -0.01012  4.57125e-03 |  8  0.01404 -2.94709e-02 |  9  0.00375  1.83364e-03
 10 -0.04971  5.97547e-03 | 11  0.00604 -7.66714e-02 | 12  0.00741  8.02301e-03
 13  0.07604  3.86348e-02 | 14 -0.00191 -3.56009e-02 | 15  0.01139  4.40342e-02
 16  0.01619  5.18155e-02 | 17 -0.03902 -7.15940e-02 | 18  0.05126 -3.55229e-02
 19  0.06973 -3.56177e-02 | 20 -0.04895 -6.67240e-03 | 21 -0.03650 -2.49904e-02
 22  0.10703  1.42349e-03 | 23 -0.04127  7.03430e-02 | 24 -0.11936 -9.81375e-02
 25 -0.07560  5.92037e-02 | 26 -0.03075  6.82681e-02 | 27 -0.01712  8.09803e-02
 28 -0.02267  3.33852e-02 | 29  0.00369  6.85323e-03 | 30  0.04656  8.08345e-03
 31  0.00834  3.57847e-04 | 32 -0.03472  1.14742e-01 | 33 -0.66840 -2.91734e-03
 34  0.03948 -6.14518e-02 | 35  0.51417  2.29721e-02 | 36 -0.04688 -1.05009e-01
 37  0.02839 -3.34354e-01 | 38 -0.66685 -4.71486e-03 | 39  0.04155  2.03605e-01
 40  0.63560  7.87834e-03 | 41 -0.08432 -3.15497e-02 | 42 -0.27565 -5.43627e-02
 43 -0.62760  1.05549e-02 | 44  0.98684 -6.19561e-04 | 45  0.06146 -1.73197e-05
 46  0.19026  7.69905e-02 | 47  0.00012 -4.92146e-06 | 48  0.01120 -3.09290e-05
 49  0.05908  4.75203e+00 | 50 -0.19735  1.94932e+00 | 51  0.12429 -5.20428e-02
 52 -0.49359  3.63037e-02 | 53  0.00227  5.59427e-02 | 54  0.04200 -1.88600e-01
 55 -0.10516 -2.14491e-01 | 56  0.00547  4.42977e-02 | 57  0.34692 -5.39721e-02
 58  0.01338  1.96873e-02 |
58 variables; iteration 140; function evaluation 171; phase 3
Function value 3.8136853e+02; maximum gradient component mag 4.3084e+00
Var    Value     Gradient |Var    Value     Gradient |Var    Value     Gradient
  1  0.13695  1.08711e-01 |  2 -0.02215 -1.34933e-02 |  3  0.00214 -2.43807e-02
  4  0.04837 -6.27732e-03 |  5  0.04053 -1.41303e-02 |  6  0.00245 -3.83795e-04
  7 -0.01009  7.87977e-04 |  8  0.01407 -2.14216e-03 |  9  0.00375  1.59085e-02
 10 -0.04974  1.47382e-02 | 11  0.00611  3.60204e-02 | 12  0.00738  4.65233e-02
 13  0.07601  5.40002e-02 | 14 -0.00189 -2.49583e-02 | 15  0.01134 -9.45936e-03
 16  0.01615 -5.73275e-03 | 17 -0.03887 -2.62740e-02 | 18  0.05110 -9.04802e-02
 19  0.06979 -4.87077e-02 | 20 -0.04893  1.24027e-03 | 21 -0.03646 -8.79016e-03
 22  0.10700  8.52879e-02 | 23 -0.04151  6.59593e-02 | 24 -0.11910  1.10976e-02
 25 -0.07559  2.73604e-02 | 26 -0.03070  6.14770e-02 | 27 -0.01715  4.02840e-02
 28 -0.02269  2.50037e-02 | 29  0.00368  1.96835e-02 | 30  0.04650  2.00451e-02
 31  0.00842  6.21593e-04 | 32 -0.03465  1.66705e-01 | 33 -0.67529 -3.29747e-03
 34  0.03950 -1.18543e-01 | 35  0.51400  2.14923e-02 | 36 -0.04684 -1.36535e-01
 37  0.02849 -1.67537e-02 | 38 -0.51645  5.04244e-03 | 39  0.04158 -3.11821e-02
 40  0.63536 -2.63920e-03 | 41 -0.08420 -1.92138e-02 | 42 -0.27556  6.13314e-02
 43 -0.62748 -2.63979e-03 | 44  0.98681 -1.17551e-03 | 45  0.06124 -3.87982e-05
 46  0.19022  2.89703e-02 | 47  0.00153  1.44697e-06 | 48  0.02026  1.85104e-05
 49  0.06267  4.30839e+00 | 50 -0.21156  1.04494e+00 | 51  0.12531 -8.78426e-02
 52 -0.53414  1.54897e-02 | 53  0.00178  4.48199e-02 | 54  0.04199 -5.46125e-03
 55 -0.10648  5.75327e-02 | 56  0.00547  2.63670e-02 | 57  0.36737  2.72177e-02
 58  0.01286  2.10754e-01 |
58 variables; iteration 160; function evaluation 192; phase 3
Function value 3.8136723e+02; maximum gradient component mag -3.9677e-01
Var    Value     Gradient |Var    Value     Gradient |Var    Value     Gradient
  1  0.13689 -2.65216e-02 |  2 -0.02213 -1.04298e-03 |  3  0.00215 -4.29563e-03
  4  0.04835 -7.08229e-03 |  5  0.04054 -3.82809e-03 |  6  0.00244 -9.55746e-03
  7 -0.01008 -1.46236e-02 |  8  0.01407 -2.13393e-02 |  9  0.00375 -2.27517e-02
 10 -0.04974 -1.75109e-02 | 11  0.00612 -1.07353e-02 | 12  0.00736 -7.01387e-03
 13  0.07598  2.51656e-02 | 14 -0.00185  1.37100e-02 | 15  0.01131  1.12939e-02
 16  0.01614  1.20921e-02 | 17 -0.03885  8.04611e-03 | 18  0.05105  3.32572e-02
 19  0.06982  1.24863e-02 | 20 -0.04894 -2.21688e-03 | 21 -0.03640 -6.78852e-03
 22  0.10699 -1.88019e-02 | 23 -0.04168 -1.26062e-02 | 24 -0.11903 -5.23045e-03
 25 -0.07555 -6.48577e-03 | 26 -0.03071 -9.96407e-03 | 27 -0.01715 -1.15772e-02
 28 -0.02270 -6.27218e-03 | 29  0.00369 -1.96358e-03 | 30  0.04646 -1.81953e-03
 31  0.00849 -2.43711e-04 | 32 -0.03462 -4.25691e-02 | 33 -0.63012 -2.61731e-04
 34  0.03951  2.22269e-02 | 35  0.51381 -5.88816e-03 | 36 -0.04680 -1.26681e-02
 37  0.02854 -4.68320e-02 | 38 -0.56090  3.98867e-05 | 39  0.04160  3.19118e-02
 40  0.63525 -2.29118e-02 | 41 -0.08411 -5.27965e-03 | 42 -0.27554 -1.14965e-02
 43 -0.62747  8.51126e-05 | 44  0.98686  2.69127e-05 | 45  0.06120 -5.61969e-06
 46  0.19020 -5.30642e-03 | 47  0.00265  7.33572e-06 | 48  0.02578  5.04985e-05
 49  0.06516 -3.96772e-01 | 50 -0.22583 -5.95871e-02 | 51  0.12602  1.91974e-02
 52 -0.54152 -4.86312e-03 | 53  0.00146 -7.66411e-03 | 54  0.04200  4.34791e-03
 55 -0.10587  8.58396e-03 | 56  0.00546  3.32212e-03 | 57  0.35965 -4.49473e-03
 58  0.01309  2.15632e-03 |
58 variables; iteration 180; function evaluation 214; phase 3
Function value 3.8136691e+02; maximum gradient component mag 1.8440e+00
Var    Value     Gradient |Var    Value     Gradient |Var    Value     Gradient
  1  0.13689  3.25814e-02 |  2 -0.02213  5.32148e-03 |  3  0.00215  4.55256e-03
  4  0.04836  5.71534e-03 |  5  0.04053  3.04536e-03 |  6  0.00244  5.04179e-03
  7 -0.01008  7.43517e-03 |  8  0.01408  1.34595e-02 |  9  0.00375  1.60495e-02
 10 -0.04974  9.44156e-03 | 11  0.00612  1.09415e-02 | 12  0.00737  8.70015e-03
 13  0.07598 -3.65667e-04 | 14 -0.00185 -7.91267e-03 | 15  0.01131 -4.34671e-03
 16  0.01614 -5.10353e-03 | 17 -0.03885 -7.00059e-03 | 18  0.05104 -5.70109e-03
 19  0.06982 -3.14631e-03 | 20 -0.04894  6.67346e-04 | 21 -0.03640  2.92400e-03
 22  0.10699 -8.34882e-04 | 23 -0.04167  6.05817e-03 | 24 -0.11901  1.19802e-02
 25 -0.07556  1.46973e-03 | 26 -0.03071  7.67152e-03 | 27 -0.01714  5.29528e-03
 28 -0.02270  1.75831e-03 | 29  0.00368  1.30806e-03 | 30  0.04646 -1.27280e-03
 31  0.00848 -1.44837e-04 | 32 -0.03461  5.81615e-02 | 33 -0.62604  1.00471e-04
 34  0.03951 -2.98307e-02 | 35  0.51381  1.63950e-02 | 36 -0.04680  3.09189e-02
 37  0.02853  3.16932e-02 | 38 -0.56482 -2.47209e-04 | 39  0.04160 -2.71536e-02
 40  0.63533  3.58946e-03 | 41 -0.08416 -1.08665e-03 | 42 -0.27552  2.71453e-02
 43 -0.62745  1.50288e-03 | 44  0.98687  3.40704e-05 | 45  0.06181  2.78022e-06
 46  0.19021  3.02326e-04 | 47 -0.00520 -3.08537e-05 | 48 -0.03018 -2.19486e-04
 49  0.06503  1.84398e+00 | 50 -0.22950  2.49550e-01 | 51  0.12598 -7.22906e-02
 52 -0.43517  1.52393e-02 | 53  0.00147  2.08708e-02 | 54  0.04199 -1.01695e-02
 55 -0.10605 -2.56303e-02 | 56  0.00546 -7.23742e-03 | 57  0.36205 -9.66008e-04
 58  0.01302 -2.06029e-02 |
58 variables; iteration 200; function evaluation 238; phase 3
Function value 3.8136675e+02; maximum gradient component mag 3.6026e-01
Var    Value     Gradient |Var    Value     Gradient |Var    Value     Gradient
  1  0.13689  1.78359e-03 |  2 -0.02213 -1.86328e-03 |  3  0.00215 -5.61525e-04
  4  0.04836  1.71865e-04 |  5  0.04054 -7.40726e-06 |  6  0.00244 -9.78317e-05
  7 -0.01008  2.07174e-04 |  8  0.01407  1.38411e-03 |  9  0.00375  1.50664e-03
 10 -0.04973  5.19326e-04 | 11  0.00611 -8.46888e-05 | 12  0.00737 -1.06304e-03
 13  0.07598 -1.06262e-04 | 14 -0.00185 -4.80373e-04 | 15  0.01131 -2.54336e-04
 16  0.01614 -2.11534e-03 | 17 -0.03884 -1.28428e-03 | 18  0.05104 -5.95833e-03
 19  0.06982 -4.02405e-03 | 20 -0.04894 -4.09314e-04 | 21 -0.03640  6.81192e-05
 22  0.10699  2.20809e-03 | 23 -0.04166  2.31413e-03 | 24 -0.11903 -4.61291e-04
 25 -0.07555  3.71841e-04 | 26 -0.03071  9.19697e-04 | 27 -0.01714  1.22555e-03
 28 -0.02270  6.86921e-04 | 29  0.00368  6.23733e-05 | 30  0.04646  9.01353e-05
 31  0.00848 -2.36100e-04 | 32 -0.03462  7.04339e-04 | 33 -0.62798 -7.47048e-05
 34  0.03951 -3.79154e-03 | 35  0.51381  6.40711e-04 | 36 -0.04680 -1.19602e-03
 37  0.02853 -3.68849e-03 | 38 -0.56183 -2.50687e-05 | 39  0.04160  3.45488e-03
 40  0.63533  3.09813e-04 | 41 -0.08415 -2.30193e-04 | 42 -0.27553 -2.27935e-03
 43 -0.62747 -3.48574e-04 | 44  0.98686 -9.82103e-05 | 45  0.05867  9.54215e-05
 46  0.19021 -3.49571e-04 | 47  0.00980  4.01157e-05 | 48  0.07990  3.61800e-04
 49  0.06499  3.60259e-01 | 50 -0.23793  4.37499e-02 | 51  0.12597 -1.59027e-02
 52 -0.35847  5.95400e-03 | 53  0.00148  1.05938e-02 | 54  0.04199 -5.66333e-04
 55 -0.10601 -1.82952e-04 | 56  0.00546  3.99368e-04 | 57  0.36163  3.35339e-04
 58  0.01303  1.45004e-03 |
58 variables; iteration 220; function evaluation 261; phase 3
Function value 3.8136670e+02; maximum gradient component mag 1.2336e+00
Var    Value     Gradient |Var    Value     Gradient |Var    Value     Gradient
  1  0.13690  2.74293e-02 |  2 -0.02213  1.46204e-03 |  3  0.00215 -3.07131e-04
  4  0.04836  7.01431e-04 |  5  0.04054  1.42383e-03 |  6  0.00244 -1.71884e-03
  7 -0.01008 -3.01686e-03 |  8  0.01407 -4.05080e-03 |  9  0.00375 -3.95555e-03
 10 -0.04974 -3.04587e-03 | 11  0.00611 -4.23250e-03 | 12  0.00737 -1.71465e-03
 13  0.07598 -1.14326e-03 | 14 -0.00185 -9.40872e-04 | 15  0.01131 -2.56554e-03
 16  0.01614 -3.48959e-03 | 17 -0.03884 -1.99221e-03 | 18  0.05105  7.57800e-03
 19  0.06982  2.11035e-03 | 20 -0.04894  7.83814e-05 | 21 -0.03640  1.59192e-03
 22  0.10699  1.01210e-02 | 23 -0.04166  8.36602e-03 | 24 -0.11903  3.29549e-05
 25 -0.07555 -3.15709e-04 | 26 -0.03071 -5.19872e-05 | 27 -0.01714  5.56432e-04
 28 -0.02270  1.88530e-05 | 29  0.00368 -6.70270e-04 | 30  0.04647 -1.01979e-03
 31  0.00848 -1.02685e-03 | 32 -0.03462 -7.76552e-03 | 33 -0.62710  3.08450e-06
 34  0.03951  1.71119e-02 | 35  0.51380 -2.52397e-05 | 36 -0.04680  1.31124e-03
 37  0.02853  4.52602e-03 | 38 -0.56155 -3.69195e-06 | 39  0.04160 -2.36771e-03
 40  0.63532  2.68959e-04 | 41 -0.08415  7.04299e-04 | 42 -0.27553 -2.57283e-03
 43 -0.62747  1.11609e-03 | 44  0.98686 -4.10814e-05 | 45  0.04755 -4.37304e-04
 46  0.19021  9.58964e-04 | 47  0.01211  4.28320e-05 | 48  0.05458  1.02924e-04
 49  0.06496  1.23360e+00 | 50 -0.24448  1.20396e-01 | 51  0.12596 -8.05251e-02
 52 -0.32733  3.22161e-02 | 53  0.00149  4.63540e-02 | 54  0.04199 -1.90511e-04
 55 -0.10600  9.57056e-04 | 56  0.00546 -2.39279e-04 | 57  0.36147 -9.87756e-05
 58  0.01303 -1.74450e-05 |
58 variables; iteration 240; function evaluation 288; phase 3
Function value 3.8136667e+02; maximum gradient component mag 3.4097e-01
Var    Value     Gradient |Var    Value     Gradient |Var    Value     Gradient
  1  0.13689  1.06852e-02 |  2 -0.02213 -3.53160e-04 |  3  0.00215 -4.37197e-04
  4  0.04835 -6.15233e-04 |  5  0.04053 -1.44636e-03 |  6  0.00244 -3.36621e-04
  7 -0.01008  1.70378e-04 |  8  0.01407  8.56614e-04 |  9  0.00375  1.44324e-03
 10 -0.04974 -1.18490e-04 | 11  0.00611 -1.78044e-03 | 12  0.00737 -1.17008e-03
 13  0.07598 -7.78776e-03 | 14 -0.00185 -4.13545e-03 | 15  0.01131 -3.57321e-03
 16  0.01614 -1.37260e-03 | 17 -0.03885 -3.10601e-03 | 18  0.05105  9.96758e-03
 19  0.06982  6.13323e-03 | 20 -0.04894  1.70342e-03 | 21 -0.03640  2.63590e-03
 22  0.10699  3.30515e-03 | 23 -0.04167  2.95122e-03 | 24 -0.11902  5.04370e-03
 25 -0.07555  2.02424e-03 | 26 -0.03071  3.82934e-03 | 27 -0.01714  3.89619e-03
 28 -0.02270  1.77253e-03 | 29  0.00368  2.09536e-03 | 30  0.04646  1.71429e-03
 31  0.00848  2.05101e-04 | 32 -0.03461  1.28780e-02 | 33 -0.62595  1.06053e-04
 34  0.03951 -1.51389e-02 | 35  0.51379  5.32076e-05 | 36 -0.04679  1.29422e-03
 37  0.02853  1.45171e-02 | 38 -0.56128  1.84310e-05 | 39  0.04160 -8.62444e-03
 40  0.63533  4.13562e-03 | 41 -0.08416  7.27254e-04 | 42 -0.27553  1.00125e-02
 43 -0.62746  4.82795e-04 | 44  0.98687  6.77353e-05 | 45  0.07522  2.10161e-04
 46  0.19020 -2.76378e-03 | 47  0.00397  1.04153e-05 | 48  0.01616  3.19055e-05
 49  0.06508  3.40965e-01 | 50 -0.24990  2.86065e-02 | 51  0.12600 -2.76259e-02
 52 -0.31460  9.05662e-03 | 53  0.00147  9.48748e-03 | 54  0.04199 -7.13203e-04
 55 -0.10603 -2.64789e-03 | 56  0.00546 -1.82557e-03 | 57  0.36185  6.70512e-04
 58  0.01302 -3.10947e-03 |
58 variables; iteration 260; function evaluation 312; phase 3
Function value 3.8136665e+02; maximum gradient component mag 1.3736e-01
Var    Value     Gradient |Var    Value     Gradient |Var    Value     Gradient
  1  0.13689  2.40218e-03 |  2 -0.02213  3.27546e-04 |  3  0.00215  4.42397e-04
  4  0.04836  6.42885e-04 |  5  0.04054  9.35702e-04 |  6  0.00244  4.55715e-04
  7 -0.01008  1.08261e-04 |  8  0.01407  5.60633e-04 |  9  0.00375  4.50451e-04
 10 -0.04973  5.69514e-04 | 11  0.00612  1.29279e-03 | 12  0.00737  1.14362e-03
 13  0.07598  3.38069e-03 | 14 -0.00185  1.06999e-03 | 15  0.01131  8.99844e-04
 16  0.01614 -3.26675e-04 | 17 -0.03884  3.95348e-04 | 18  0.05104 -3.86544e-03
 19  0.06982 -3.47121e-03 | 20 -0.04894 -1.28802e-03 | 21 -0.03640 -9.72531e-04
 22  0.10699 -7.97828e-04 | 23 -0.04166  7.02808e-04 | 24 -0.11903 -1.31529e-03
 25 -0.07555 -4.74337e-04 | 26 -0.03071 -9.09681e-04 | 27 -0.01714 -8.64387e-04
 28 -0.02270 -6.78585e-04 | 29  0.00368 -7.60370e-04 | 30  0.04646 -8.56005e-04
 31  0.00848 -2.54932e-04 | 32 -0.03462 -5.86599e-04 | 33 -0.62750 -3.21268e-05
 34  0.03951  3.24162e-03 | 35  0.51381  1.33166e-03 | 36 -0.04680  1.37500e-03
 37  0.02853 -5.82035e-03 | 38 -0.56142  5.15084e-06 | 39  0.04160  2.67591e-03
 40  0.63532 -2.41974e-03 | 41 -0.08415 -7.68163e-04 | 42 -0.27553 -1.87988e-03
 43 -0.62747 -6.26395e-05 | 44  0.98686 -2.59367e-05 | 45  0.06099 -2.75623e-04
 46  0.19021  1.19385e-03 | 47 -0.00955 -5.57280e-05 | 48  0.01671 -5.47336e-06
 49  0.06503  1.37356e-01 | 50 -0.25847  1.05500e-02 | 51  0.12599 -7.58970e-03
 52 -0.29391  4.82731e-03 | 53  0.00148  6.15048e-03 | 54  0.04199 -8.18057e-04
 55 -0.10599 -3.85917e-04 | 56  0.00546  5.23608e-04 | 57  0.36135 -5.02725e-04
 58  0.01303 -1.62145e-06 |
58 variables; iteration 280; function evaluation 335; phase 3
Function value 3.8136664e+02; maximum gradient component mag 1.1605e-02
Var    Value     Gradient |Var    Value     Gradient |Var    Value     Gradient
  1  0.13689  4.62415e-04 |  2 -0.02213 -1.96286e-04 |  3  0.00215 -2.13546e-04
  4  0.04836 -2.79970e-04 |  5  0.04054 -3.26799e-04 |  6  0.00244 -2.71606e-04
  7 -0.01008 -2.68045e-04 |  8  0.01407 -4.88425e-04 |  9  0.00375 -4.35154e-04
 10 -0.04974 -4.52222e-04 | 11  0.00611 -6.63322e-04 | 12  0.00737 -5.18345e-04
 13  0.07598 -8.34053e-04 | 14 -0.00185 -2.31123e-04 | 15  0.01131 -2.21664e-04
 16  0.01614  7.78562e-05 | 17 -0.03884 -1.52338e-04 | 18  0.05104  1.77873e-03
 19  0.06982  1.10568e-03 | 20 -0.04894  2.92281e-04 | 21 -0.03640  2.59823e-04
 22  0.10699  5.70804e-04 | 23 -0.04166  1.43852e-04 | 24 -0.11903  2.51354e-04
 25 -0.07555  3.27774e-05 | 26 -0.03071  1.41313e-04 | 27 -0.01714  1.20968e-04
 28 -0.02270  1.41833e-04 | 29  0.00368  1.68719e-04 | 30  0.04646  2.29702e-04
 31  0.00848  3.46434e-05 | 32 -0.03462 -7.41946e-04 | 33 -0.62706  6.64167e-06
 34  0.03951 -2.50267e-04 | 35  0.51380 -5.63167e-04 | 36 -0.04680 -7.34583e-04
 37  0.02853  1.60624e-03 | 38 -0.56155 -3.96200e-06 | 39  0.04160 -6.19138e-04
 40  0.63532  7.02692e-04 | 41 -0.08415  3.06881e-04 | 42 -0.27553  1.65528e-04
 43 -0.62747  9.05784e-06 | 44  0.98686  6.24586e-06 | 45  0.06166  1.25774e-04
 46  0.19021 -3.76176e-04 | 47  0.00972  4.14647e-05 | 48  0.01700  3.26162e-06
 49  0.06505  1.16053e-02 | 50 -0.27137  6.68741e-04 | 51  0.12599 -1.67692e-03
 52 -0.27551  3.21494e-04 | 53  0.00147  6.80443e-04 | 54  0.04199  3.97054e-04
 55 -0.10601  3.52166e-04 | 56  0.00546 -9.73534e-05 | 57  0.36155  1.53174e-04
 58  0.01303  2.69164e-04 |
58 variables; iteration 300; function evaluation 356; phase 3
Function value 3.8136664e+02; maximum gradient component mag -1.6220e-03
Var    Value     Gradient |Var    Value     Gradient |Var    Value     Gradient
  1  0.13689 -3.23781e-04 |  2 -0.02213  2.31693e-04 |  3  0.00215  1.91060e-04
  4  0.04836  3.10992e-04 |  5  0.04054  3.43586e-04 |  6  0.00244  1.97742e-04
  7 -0.01008  1.81790e-04 |  8  0.01407  3.65320e-04 |  9  0.00375  3.36946e-04
 10 -0.04973  3.45622e-04 | 11  0.00611  5.28769e-04 | 12  0.00737  4.06106e-04
 13  0.07598  8.39979e-04 | 14 -0.00185  1.91559e-04 | 15  0.01131  1.91424e-04
 16  0.01614 -1.18000e-04 | 17 -0.03884  6.23878e-05 | 18  0.05104 -1.60627e-03
 19  0.06982 -9.38353e-04 | 20 -0.04894 -1.93983e-04 | 21 -0.03640 -2.07226e-04
 22  0.10699 -4.25830e-04 | 23 -0.04166 -8.14466e-05 | 24 -0.11903 -1.96233e-04
 25 -0.07555 -2.32894e-05 | 26 -0.03071 -6.69713e-05 | 27 -0.01714 -7.29187e-05
 28 -0.02270 -9.96046e-05 | 29  0.00368 -1.22504e-04 | 30  0.04646 -1.84734e-04
 31  0.00848 -2.56847e-05 | 32 -0.03462  8.39232e-04 | 33 -0.62721 -7.08760e-06
 34  0.03951  2.57503e-04 | 35  0.51380  6.21713e-04 | 36 -0.04680  7.23523e-04
 37  0.02853 -1.62200e-03 | 38 -0.56144  4.37009e-06 | 39  0.04160  6.82027e-04
 40  0.63532 -7.37520e-04 | 41 -0.08415 -3.18245e-04 | 42 -0.27553 -3.86241e-05
 43 -0.62747  1.59727e-05 | 44  0.98686 -9.22354e-06 | 45  0.06128 -4.29518e-05
 46  0.19021  2.99193e-04 | 47  0.00287  7.62244e-06 | 48  0.01631 -3.42868e-06
 49  0.06505 -7.73673e-04 | 50 -0.27617 -7.40717e-05 | 51  0.12599  7.97477e-04
 52 -0.27035 -6.61068e-05 | 53  0.00147 -4.45971e-04 | 54  0.04199 -4.47114e-04
 55 -0.10600 -4.66381e-04 | 56  0.00546  5.74143e-05 | 57  0.36147 -1.62084e-04
 58  0.01303 -2.74439e-04 |
Warning: the following parameters had issues
  selparm[15] is within 0.1% of upper bound: 2.00000e+01 < 8.99925e+01 < 9.00000e+01


 - final statistics:
58 variables; iteration 310; function evaluation 366
Function value 3.8137e+02; maximum gradient component mag 2.8835e-06
Exit code = 1;  converg criter 1.0000e-04
Var    Value     Gradient |Var    Value     Gradient |Var    Value     Gradient
  1  0.13689  4.95459e-07 |  2 -0.02213 -1.54209e-07 |  3  0.00215 -1.84049e-07
  4  0.04836 -1.66311e-07 |  5  0.04054 -2.89505e-07 |  6  0.00244 -1.84753e-07
  7 -0.01008 -1.16044e-07 |  8  0.01407 -2.48769e-07 |  9  0.00375 -9.79958e-08
 10 -0.04974 -1.27750e-07 | 11  0.00611 -3.40441e-07 | 12  0.00737 -3.58570e-07
 13  0.07598 -1.29696e-06 | 14 -0.00185 -5.07771e-07 | 15  0.01131 -4.96535e-07
 16  0.01614 -1.97404e-07 | 17 -0.03884 -3.08559e-07 | 18  0.05104  1.14804e-06
 19  0.06982  8.17932e-07 | 20 -0.04894  2.62478e-07 | 21 -0.03640  2.76065e-07
 22  0.10699  6.85817e-07 | 23 -0.04166  1.92243e-07 | 24 -0.11903  5.12336e-07
 25 -0.07555  2.22098e-07 | 26 -0.03071  3.96890e-07 | 27 -0.01714  3.99441e-07
 28 -0.02270  2.06139e-07 | 29  0.00368  1.90654e-07 | 30  0.04646  1.84215e-07
 31  0.00848 -4.00062e-09 | 32 -0.03462  3.17216e-08 | 33 -0.62713  1.04262e-08
 34  0.03951 -7.86849e-07 | 35  0.51380 -4.56772e-07 | 36 -0.04680 -3.72713e-07
 37  0.02853  1.83911e-06 | 38 -0.56150 -5.47365e-10 | 39  0.04160 -8.16560e-07
 40  0.63532  8.23045e-07 | 41 -0.08415  2.49189e-07 | 42 -0.27553  4.74081e-07
 43 -0.62747  4.24303e-08 | 44  0.98686  6.28591e-09 | 45  0.06141  1.07458e-07
 46  0.19021 -3.51987e-07 | 47  0.00110  8.02405e-09 | 48  0.01681  6.43150e-09
 49  0.06505  2.88352e-06 | 50 -0.27600  6.90488e-08 | 51  0.12599 -1.33933e-06
 52 -0.27047  1.01104e-07 | 53  0.00147  3.34378e-07 | 54  0.04199  1.91117e-07
 55 -0.10601  5.95772e-08 | 56  0.00546 -1.49946e-07 | 57  0.36151  1.70525e-07
 58  0.01303 -2.90296e-08 |
Estimating row 1 out of 58 for hessian
Estimating row 2 out of 58 for hessian
Estimating row 3 out of 58 for hessian
Estimating row 4 out of 58 for hessian
Estimating row 5 out of 58 for hessian
Estimating row 6 out of 58 for hessian
Estimating row 7 out of 58 for hessian
Estimating row 8 out of 58 for hessian
Estimating row 9 out of 58 for hessian
Estimating row 10 out of 58 for hessian
Estimating row 11 out of 58 for hessian
Estimating row 12 out of 58 for hessian
Estimating row 13 out of 58 for hessian
Estimating row 14 out of 58 for hessian
Estimating row 15 out of 58 for hessian
Estimating row 16 out of 58 for hessian
Estimating row 17 out of 58 for hessian
Estimating row 18 out of 58 for hessian
Estimating row 19 out of 58 for hessian
Estimating row 20 out of 58 for hessian
Estimating row 21 out of 58 for hessian
Estimating row 22 out of 58 for hessian
Estimating row 23 out of 58 for hessian
Estimating row 24 out of 58 for hessian
Estimating row 25 out of 58 for hessian
Estimating row 26 out of 58 for hessian
Estimating row 27 out of 58 for hessian
Estimating row 28 out of 58 for hessian
Estimating row 29 out of 58 for hessian
Estimating row 30 out of 58 for hessian
Estimating row 31 out of 58 for hessian
Estimating row 32 out of 58 for hessian
Estimating row 33 out of 58 for hessian
Estimating row 34 out of 58 for hessian
Estimating row 35 out of 58 for hessian
Estimating row 36 out of 58 for hessian
Estimating row 37 out of 58 for hessian
Estimating row 38 out of 58 for hessian
Estimating row 39 out of 58 for hessian
Estimating row 40 out of 58 for hessian
Estimating row 41 out of 58 for hessian
Estimating row 42 out of 58 for hessian
Estimating row 43 out of 58 for hessian
Estimating row 44 out of 58 for hessian
Estimating row 45 out of 58 for hessian
Estimating row 46 out of 58 for hessian
Estimating row 47 out of 58 for hessian
Estimating row 48 out of 58 for hessian
Estimating row 49 out of 58 for hessian
Estimating row 50 out of 58 for hessian
Estimating row 51 out of 58 for hessian
Estimating row 52 out of 58 for hessian
Estimating row 53 out of 58 for hessian
Estimating row 54 out of 58 for hessian
Estimating row 55 out of 58 for hessian
Estimating row 56 out of 58 for hessian
Estimating row 57 out of 58 for hessian
Estimating row 58 out of 58 for hessian
size of file gradfil1.tmp = 0
size of file gradfil2.tmp = 0
size of file varssave.tmp = 0
size of file cmpdiff.tmp = 0
