
Initial statistics: 1 variables; iteration 0; function evaluation 0; phase 1
Function value 4.8758817e+02; maximum gradient component mag -7.2271e+02
Var    Value     Gradient |Var    Value     Gradient |Var    Value     Gradient
  1  0.15837 -7.22712e+02 |

 - final statistics:
1 variables; iteration 8; function evaluation 10
Function value 4.7335e+02; maximum gradient component mag -6.7360e+00
Exit code = 1;  converg criter 1.0000e+01
Var    Value     Gradient |Var    Value     Gradient |Var    Value     Gradient
  1  0.26488 -6.73597e+00 |

Initial statistics: 12 variables; iteration 0; function evaluation 0; phase 2
Function value 4.7334639e+02; maximum gradient component mag 4.1936e+02
Var    Value     Gradient |Var    Value     Gradient |Var    Value     Gradient
  1  0.26488 -6.73597e+00 |  2 -0.04342  4.19357e+02 |  3 -0.62927  6.19912e-03
  4  0.02201  3.05784e+02 |  5 -0.56493  1.33659e-02 |  6 -0.28362  4.11999e+01
  7  0.98630  8.09231e-02 |  8  0.06149 -2.01126e-04 |  9  0.05821  1.09302e+02
 10 -0.22104  1.18381e+01 | 11  0.04178  6.29776e+01 | 12 -0.11446  2.16410e+01

 - final statistics:
12 variables; iteration 14; function evaluation 21
Function value 4.6596e+02; maximum gradient component mag -7.0260e+00
Exit code = 1;  converg criter 1.0000e+01
Var    Value     Gradient |Var    Value     Gradient |Var    Value     Gradient
  1  0.52024 -8.14416e-01 |  2 -0.05675 -4.53795e-02 |  3 -0.61911  2.74439e-04
  4  0.00703  6.43628e-01 |  5 -0.57908  3.79582e-04 |  6 -0.29609 -2.52941e-01
  7  1.15157  6.99832e-01 |  8  0.06268 -3.81262e-04 |  9  0.03879 -4.94244e+00
 10 -0.17217 -4.08359e+00 | 11  0.03049 -1.28171e+00 | 12 -0.14700 -7.02600e+00

Initial statistics: 55 variables; iteration 0; function evaluation 0; phase 3
Function value 4.6595694e+02; maximum gradient component mag 3.9645e+02
Var    Value     Gradient |Var    Value     Gradient |Var    Value     Gradient
  1  0.52024 -8.14416e-01 |  2  0.00000  5.17759e+01 |  3  0.00000  1.18072e+01
  4  0.00000 -4.06056e+01 |  5  0.00000 -2.21016e+01 |  6  0.00000  5.06586e+01
  7  0.00000  1.18356e+02 |  8  0.00000  1.56309e+02 |  9  0.00000  1.83803e+02
 10  0.00000  1.83664e+02 | 11  0.00000  6.18700e+01 | 12  0.00000 -1.07936e+02
 13  0.00000 -2.46573e+02 | 14  0.00000 -2.32550e+02 | 15  0.00000 -2.17567e+02
 16  0.00000 -1.92838e+02 | 17  0.00000 -2.07462e+02 | 18  0.00000 -3.58475e+02
 19  0.00000 -3.18168e+02 | 20  0.00000 -7.36039e+01 | 21  0.00000 -4.49065e+01
 22  0.00000 -1.01901e+02 | 23  0.00000  1.37957e+02 | 24  0.00000  3.96454e+02
 25  0.00000  3.76200e+02 | 26  0.00000  2.87875e+02 | 27  0.00000  1.24471e+02
 28  0.00000  2.34855e+01 | 29 -0.05675 -4.53795e-02 | 30 -0.61911  2.74439e-04
 31  0.03661  3.66367e+01 | 32  0.53204  4.07399e+00 | 33 -0.05270  1.30620e+02
 34  0.00703  6.43628e-01 | 35 -0.57908  3.79582e-04 | 36  0.04045  2.09805e+01
 37  0.63422  5.68645e-01 | 38 -0.08768 -1.84213e+01 | 39 -0.29609 -2.52941e-01
 40 -0.63506  1.88347e+01 | 41  0.84843 -6.99832e-01 | 42  0.06268 -3.81262e-04
 43  0.19333 -4.19821e+01 | 44  0.00116 -6.89385e-06 | 45  0.02001 -7.94844e-05
 46  0.03879 -4.94244e+00 | 47 -0.17217 -4.08359e+00 | 48  0.12623 -3.92186e+00
 49 -0.08888 -1.11551e+00 | 50 -0.00339 -3.03229e+01 | 51  0.03049 -1.28171e+00
 52 -0.14700 -7.02600e+00 | 53  0.00689 -1.20707e+01 | 54  0.41494 -2.21303e+00
 55  0.00104  1.31757e+01 |

Intermediate statistics: 55 variables; iteration 20; function evaluation 29; phase 3
Function value 3.8245851e+02; maximum gradient component mag 1.9794e+02
Var    Value     Gradient |Var    Value     Gradient |Var    Value     Gradient
  1  0.50486  5.46808e-01 |  2 -0.01970 -3.04965e+01 |  3  0.01028 -1.89859e+01
  4  0.07777  9.18755e+00 |  5  0.06890  7.21227e+00 |  6  0.01741 -8.78502e+00
  7  0.00279 -1.24707e+01 |  8  0.01839 -1.49159e+01 |  9  0.01969 -2.39240e+01
 10 -0.05157 -5.10788e+01 | 11  0.01692 -7.28144e+01 | 12 -0.02455 -6.39115e+01
 13  0.13651 -4.20746e+01 | 14 -0.05651 -6.04606e+01 | 15  0.04803 -6.18629e+01
 16  0.04812 -7.67892e+01 | 17 -0.21449 -1.01957e+02 | 18  0.11630 -1.18234e+01
 19  0.08150  3.22308e+01 | 20 -0.13709 -5.23058e+01 | 21 -0.00854  3.18362e+01
 22  0.14591  1.97942e+02 | 23 -0.00177  3.98356e+01 | 24 -0.09829  1.54791e+01
 25 -0.06687  1.74771e+01 | 26 -0.03059  9.83997e+00 | 27 -0.08881 -3.31780e+01
 28 -0.02102 -2.43818e+01 | 29 -0.06550  3.09726e+01 | 30 -0.61911 -1.19454e-03
 31  0.02858 -5.21512e+01 | 32  0.56188  1.08980e+01 | 33 -0.04975  1.39121e+02
 34  0.00643  1.27249e+00 | 35 -0.57908  2.53150e-03 | 36  0.04024  4.70837e+01
 37  0.66816  9.48432e+00 | 38 -0.25292 -1.09912e-01 | 39 -0.30875 -1.69066e+01
 40 -0.74957 -1.27854e+01 | 41  0.86914 -1.20672e+00 | 42  0.06268  1.86019e-05
 43  0.20687  4.26698e-01 | 44  0.00116 -6.47890e-07 | 45  0.02001 -2.25906e-05
 46  0.00461 -4.56443e+01 | 47 -0.18229 -5.87313e+00 | 48  0.13147  8.24462e+01
 49 -0.08127 -2.26596e+00 | 50 -0.00912  5.11544e-01 | 51  0.03241  8.84718e+00
 52 -0.12886  3.33577e+01 | 53  0.02228  1.27178e+01 | 54  0.43440  8.53229e+00
 55 -0.01030  8.95380e+01 |
55 variables; iteration 40; function evaluation 65; phase 3
Function value 3.6713580e+02; maximum gradient component mag -1.7173e+02
Var    Value     Gradient |Var    Value     Gradient |Var    Value     Gradient
  1  0.20488  2.72079e-01 |  2 -0.01954 -7.40611e+00 |  3  0.01009 -1.56413e+00
  4  0.05803 -8.13344e-01 |  5  0.04701 -1.39680e+00 |  6  0.00714  5.57506e+00
  7  0.00417  2.06854e+01 |  8  0.02398  2.52966e+01 |  9 -0.00115  3.76006e+00
 10 -0.04139  3.04133e+00 | 11  0.01944  1.94821e+01 | 12  0.00046 -9.24066e+00
 13  0.10492 -2.45589e+01 | 14 -0.04962 -3.64531e+01 | 15  0.04930  1.22489e+01
 16  0.04074  8.67541e+00 | 17 -0.14061 -5.50137e+01 | 18  0.10550  1.50125e+00
 19  0.04596 -5.42157e+01 | 20 -0.07604 -3.53218e+01 | 21 -0.01551  2.70226e-01
 22  0.11867  5.02510e+00 | 23 -0.02854 -6.65056e+00 | 24 -0.09581  1.91502e+01
 25 -0.07529  1.10795e+01 | 26 -0.04366  2.58904e+00 | 27 -0.04601  6.85254e+00
 28 -0.00429  9.42663e-01 | 29 -0.06149 -1.41094e+02 | 30 -0.61937 -2.47639e-03
 31  0.03120  1.07930e+02 | 32  0.56180 -1.48742e+01 | 33 -0.05814 -9.71708e+00
 34  0.00400 -1.71731e+02 | 35 -0.57924 -6.93397e-03 | 36  0.03752  1.45648e+02
 37  0.66360 -3.31644e+01 | 38 -0.20479 -1.45495e+00 | 39 -0.30078 -3.77436e+01
 40 -0.69655  1.00226e+01 | 41  1.39758  5.23886e+00 | 42  0.06274 -4.94728e-04
 43  0.20688  2.12254e+01 | 44  0.00116 -6.76076e-05 | 45  0.02004 -1.01107e-04
 46  0.01710  5.83157e+01 | 47 -0.21049  1.45457e+01 | 48  0.12190  1.40137e+01
 49 -0.05138  7.65745e+00 | 50 -0.01313 -4.70831e+00 | 51  0.03261 -8.87688e+00
 52 -0.13831 -2.75090e+00 | 53  0.02474  1.44786e+01 | 54  0.50300 -1.36486e+00
 55 -0.01711 -1.69791e+01 |
55 variables; iteration 60; function evaluation 91; phase 3
Function value 3.5688631e+02; maximum gradient component mag 2.4271e+01
Var    Value     Gradient |Var    Value     Gradient |Var    Value     Gradient
  1  0.15432  2.68287e+00 |  2 -0.01120 -1.27298e+00 |  3  0.01050 -1.28142e+00
  4  0.05798  3.27569e+00 |  5  0.04954 -7.59067e-01 |  6  0.00429 -3.93274e+00
  7 -0.00687 -4.73986e+00 |  8  0.01598 -7.45585e+00 |  9  0.00554 -7.74409e+00
 10 -0.04488 -5.52072e+00 | 11  0.00999 -9.01719e-01 | 12  0.01497 -1.46007e+00
 13  0.08412 -2.22628e+00 | 14  0.00564 -4.83637e-01 | 15  0.01779  1.73454e-01
 16  0.01833  1.68127e+00 | 17 -0.03852  2.45106e+00 | 18  0.06252  1.16572e+01
 19  0.06995  9.02527e+00 | 20 -0.05507 -2.08871e+00 | 21 -0.03435  2.14829e+00
 22  0.11001  8.88179e+00 | 23 -0.02707 -4.89078e-01 | 24 -0.12390 -3.63780e+00
 25 -0.08071 -4.38968e+00 | 26 -0.03126 -2.62351e+00 | 27 -0.06109 -2.66332e+00
 28 -0.02270 -3.10429e+00 | 29 -0.04494 -8.44027e+00 | 30 -0.62288 -4.95049e-04
 31  0.03614  3.00420e+00 | 32  0.54706 -3.37287e+00 | 33 -0.05340 -1.96466e+01
 34  0.01449 -1.90837e+01 | 35 -0.58066 -6.65983e-04 | 36  0.03698  1.81264e+01
 37  0.67460 -1.47518e+00 | 38 -0.27555 -5.94613e-02 | 39 -0.29303 -5.23603e+00
 40 -0.69778  6.29342e-01 | 41  0.98859  4.33180e-02 | 42  0.06129 -3.27097e-05
 43  0.20060  3.40093e+00 | 44  0.00117 -3.34720e-07 | 45  0.02009  1.02659e-05
 46  0.01969  2.42711e+01 | 47 -0.19927  9.08939e+00 | 48  0.11393 -5.70675e+00
 49 -0.13852  1.53503e+00 | 50 -0.00363  8.55141e-01 | 51  0.03468 -3.68297e+00
 52 -0.23106 -5.94564e-01 | 53  0.01997  4.81696e+00 | 54  0.57462  2.11870e-01
 55  0.00644  1.28162e+00 |
55 variables; iteration 80; function evaluation 113; phase 3
Function value 3.5647194e+02; maximum gradient component mag 4.7944e+00
Var    Value     Gradient |Var    Value     Gradient |Var    Value     Gradient
  1  0.14879  6.14352e-01 |  2 -0.01004 -3.79348e-01 |  3  0.01289 -4.64610e-01
  4  0.05426 -6.60079e-01 |  5  0.04899 -5.21774e-01 |  6  0.00495  6.81010e-02
  7 -0.00729 -1.69062e-01 |  8  0.01642 -2.46448e-01 |  9  0.00549 -3.99875e-01
 10 -0.04291  3.54144e-03 | 11  0.00881 -4.20577e-01 | 12  0.01479 -2.86579e-01
 13  0.08312 -1.18551e+00 | 14  0.00422 -7.20959e-01 | 15  0.01585 -6.76013e-01
 16  0.01791 -4.68329e-01 | 17 -0.04002 -5.67470e-01 | 18  0.05903  4.94484e-02
 19  0.06883  2.75548e-01 | 20 -0.04969  3.30516e-01 | 21 -0.03584  7.38962e-01
 22  0.10696  3.84693e+00 | 23 -0.02879  1.65298e+00 | 24 -0.12194  7.95402e-01
 25 -0.07803  8.86091e-01 | 26 -0.03046  9.81104e-01 | 27 -0.05900  6.86011e-02
 28 -0.01855 -1.94816e-01 | 29 -0.04199  3.81827e-01 | 30 -0.61513  2.12023e-04
 31  0.03729 -1.80263e+00 | 32  0.53938 -9.10099e-01 | 33 -0.04984 -3.41395e+00
 34  0.01729  3.27186e-01 | 35 -0.57359  3.10757e-04 | 36  0.03741 -1.15848e+00
 37  0.67425  6.99401e-02 | 38 -0.30449 -2.39073e-02 | 39 -0.29033  4.71056e-01
 40 -0.69575 -1.02614e-01 | 41  0.98589 -1.81753e-02 | 42  0.06154  6.26064e-05
 43  0.19851  6.40898e-02 | 44  0.00117  9.86297e-07 | 45  0.01852  6.10487e-06
 46  0.03213 -2.46606e+00 | 47 -0.27413  2.49665e-01 | 48  0.11727 -1.04795e+00
 49 -0.24328  5.98829e-02 | 50 -0.00279  7.88243e-01 | 51  0.02968  1.64593e+00
 52 -0.11998  1.91660e+00 | 53  0.01438  6.39703e-01 | 54  0.44193  6.36125e-01
 55  0.01215  4.79442e+00 |
55 variables; iteration 100; function evaluation 144; phase 3
Function value 3.5639506e+02; maximum gradient component mag 9.7008e+01
Var    Value     Gradient |Var    Value     Gradient |Var    Value     Gradient
  1  0.14916  1.03230e+01 |  2 -0.01022 -3.18912e-01 |  3  0.01269 -2.10031e-01
  4  0.05424 -2.27960e-01 |  5  0.04911 -2.36534e-01 |  6  0.00462 -3.34198e-02
  7 -0.00743 -7.69114e-02 |  8  0.01667  5.43704e-01 |  9  0.00555  2.12673e-01
 10 -0.04298 -6.69886e-01 | 11  0.00864 -2.30661e+00 | 12  0.01531 -2.39143e+00
 13  0.08246 -5.32804e+00 | 14  0.00572 -1.38401e+00 | 15  0.01499 -2.59542e+00
 16  0.01823 -1.30763e+00 | 17 -0.04069 -1.02396e+00 | 18  0.06022  3.82894e+00
 19  0.06851  4.77188e+00 | 20 -0.04949  1.72689e+00 | 21 -0.03671  2.56863e-01
 22  0.10737  1.04918e+00 | 23 -0.02853  1.39511e+00 | 24 -0.12232 -1.11999e-01
 25 -0.07814  2.84187e-01 | 26 -0.03061  3.80482e-01 | 27 -0.05869 -8.78885e-02
 28 -0.01870 -3.38327e-01 | 29 -0.04191  4.92661e+00 | 30 -0.81349 -1.00732e-02
 31  0.03734 -3.33240e+00 | 32  0.53754  1.29615e+00 | 33 -0.04920  8.33574e+00
 34  0.01718  1.32051e+01 | 35 -0.68656 -4.85983e-03 | 36  0.03749 -3.77309e+00
 37  0.67249  8.94065e+00 | 38 -0.13027 -6.62144e-01 | 39 -0.29037  6.15165e-01
 40 -0.69539  1.40334e-01 | 41  0.98779  2.45898e-02 | 42  0.05896 -1.00238e-03
 43  0.19870  2.28564e-01 | 44  0.00121 -4.34441e-05 | 45  0.00538 -1.01719e-04
 46  0.03560  9.70077e+01 | 47 -0.49449  5.43342e-02 | 48  0.11826 -7.34063e+00
 49 -0.58079 -4.06045e-03 | 50 -0.00416  1.17282e+00 | 51  0.02913  1.70554e+00
 52 -0.11431  1.31939e-01 | 53  0.01397 -5.67573e-01 | 54  0.40821  1.35867e-03
 55  0.01069 -1.85108e+00 |
55 variables; iteration 120; function evaluation 169; phase 3
Function value 3.5614250e+02; maximum gradient component mag -5.9701e-02
Var    Value     Gradient |Var    Value     Gradient |Var    Value     Gradient
  1  0.14956  2.75957e-02 |  2 -0.01023  4.61731e-03 |  3  0.01243  3.21395e-03
  4  0.05440  6.46066e-03 |  5  0.04934  8.04484e-03 |  6  0.00446  1.19404e-02
  7 -0.00733  1.83403e-02 |  8  0.01637  2.93486e-02 |  9  0.00553  2.00377e-02
 10 -0.04302  7.86644e-03 | 11  0.00883  4.53926e-03 | 12  0.01482 -3.21627e-03
 13  0.08390 -4.90045e-03 | 14  0.00421 -6.16521e-03 | 15  0.01612 -1.51473e-02
 16  0.01756 -2.41205e-02 | 17 -0.03902 -9.29750e-03 | 18  0.05937 -5.97013e-02
 19  0.06864 -2.27206e-02 | 20 -0.05037 -3.15947e-03 | 21 -0.03593  1.24007e-03
 22  0.10723  1.00258e-02 | 23 -0.02908  1.41829e-02 | 24 -0.12200  8.38392e-03
 25 -0.07837  1.07544e-02 | 26 -0.03105  9.95940e-03 | 27 -0.05882  4.60780e-03
 28 -0.01809  1.34888e-03 | 29 -0.04248 -3.56575e-03 | 30 -0.61936 -1.50827e-05
 31  0.03713  9.39726e-03 | 32  0.54011 -1.25973e-03 | 33 -0.05012 -3.39499e-02
 34  0.02144 -1.85393e-03 | 35 -0.56684  1.04589e-04 | 36  0.03967 -9.47731e-03
 37  0.62922  1.55322e-03 | 38 -0.08190  4.76783e-04 | 39 -0.29069  3.15492e-03
 40 -0.69595  8.74850e-04 | 41  0.98669 -2.89017e-04 | 42  0.06225  2.84638e-04
 43  0.19870  5.97364e-03 | 44  0.00151  2.38925e-06 | 45  0.00989 -4.09147e-05
 46  0.03495  3.54587e-02 | 47 -0.48346  1.84686e-03 | 48  0.11832 -1.66139e-03
 49 -0.55237 -3.70614e-03 | 50 -0.00385 -3.56896e-02 | 51  0.02791  9.17986e-03
 52 -0.11444  1.11905e-03 | 53  0.01312  1.95811e-03 | 54  0.40229  3.61565e-04
 55  0.01159  8.87624e-03 |
55 variables; iteration 140; function evaluation 189; phase 3
Function value 3.5614215e+02; maximum gradient component mag 6.6820e-01
Var    Value     Gradient |Var    Value     Gradient |Var    Value     Gradient
  1  0.14957  6.28472e-02 |  2 -0.01023 -2.17007e-03 |  3  0.01243 -2.88174e-03
  4  0.05440  3.46702e-03 |  5  0.04934  3.48146e-03 |  6  0.00446  8.33252e-03
  7 -0.00733  2.24701e-02 |  8  0.01637  4.00344e-02 |  9  0.00553  2.21598e-02
 10 -0.04303 -5.43232e-03 | 11  0.00884 -4.20626e-03 | 12  0.01481 -1.66094e-02
 13  0.08391 -5.49716e-03 | 14  0.00420 -1.24688e-02 | 15  0.01612 -1.47920e-02
 16  0.01756 -2.06418e-02 | 17 -0.03901 -1.00908e-02 | 18  0.05936 -8.90742e-02
 19  0.06864 -2.05876e-02 | 20 -0.05037  3.65841e-04 | 21 -0.03593  1.12720e-02
 22  0.10723  3.77921e-02 | 23 -0.02907  3.09950e-02 | 24 -0.12200  1.00557e-02
 25 -0.07838  1.04220e-02 | 26 -0.03105  1.03140e-02 | 27 -0.05882 -1.46540e-03
 28 -0.01809 -1.23920e-03 | 29 -0.04248 -2.09107e-02 | 30 -0.62297 -3.23399e-04
 31  0.03713  1.52809e-02 | 32  0.54017 -1.13935e-02 | 33 -0.05013 -1.50516e-01
 34  0.02144  9.79649e-02 | 35 -0.55703  9.50905e-04 | 36  0.03967 -6.77558e-02
 37  0.62925  2.93522e-02 | 38 -0.08192  2.05062e-02 | 39 -0.29069  6.11869e-03
 40 -0.69596 -4.61504e-03 | 41  0.98669 -2.82346e-04 | 42  0.03905 -5.80782e-05
 43  0.19870  4.81670e-03 | 44 -0.00055 -2.79492e-05 | 45  0.12287  4.69740e-04
 46  0.03493  6.68197e-01 | 47 -0.45201  6.85324e-03 | 48  0.11831 -1.65472e-02
 49 -0.37278 -2.08335e-03 | 50 -0.00386 -5.46790e-02 | 51  0.02791  5.93359e-03
 52 -0.11446  1.16875e-02 | 53  0.01312  2.94307e-03 | 54  0.40236  3.24749e-03
 55  0.01161  5.83920e-02 |
55 variables; iteration 160; function evaluation 217; phase 3
Function value 3.5614204e+02; maximum gradient component mag -6.3931e-02
Var    Value     Gradient |Var    Value     Gradient |Var    Value     Gradient
  1  0.14956 -1.69855e-02 |  2 -0.01023 -1.84012e-03 |  3  0.01244 -1.54050e-03
  4  0.05440 -3.84380e-03 |  5  0.04934 -4.62162e-03 |  6  0.00446 -6.12711e-03
  7 -0.00733 -9.73035e-03 |  8  0.01637 -1.46581e-02 |  9  0.00553 -8.17253e-03
 10 -0.04302 -5.34200e-04 | 11  0.00883  1.42174e-03 | 12  0.01483  5.51334e-03
 13  0.08390  9.99791e-03 | 14  0.00421  6.26976e-03 | 15  0.01612  1.45846e-02
 16  0.01757  1.68742e-02 | 17 -0.03905  6.03086e-03 | 18  0.05939  2.28524e-02
 19  0.06863  5.83750e-03 | 20 -0.05036 -8.52854e-05 | 21 -0.03593 -3.34086e-03
 22  0.10724 -1.09098e-03 | 23 -0.02909 -7.09308e-03 | 24 -0.12200 -6.67873e-03
 25 -0.07837 -6.13617e-03 | 26 -0.03105 -4.45610e-03 | 27 -0.05882 -2.04671e-03
 28 -0.01809  4.71786e-04 | 29 -0.04247  1.83751e-03 | 30 -0.61993 -6.50159e-05
 31  0.03713 -7.85782e-03 | 32  0.54009  4.69612e-04 | 33 -0.05011  2.04498e-02
 34  0.02144  2.51235e-02 | 35 -0.56880 -4.71143e-05 | 36  0.03967 -1.71834e-02
 37  0.62921  3.61444e-03 | 38 -0.08190  1.50854e-03 | 39 -0.29069 -4.99574e-04
 40 -0.69595 -2.44520e-04 | 41  0.98671  1.43816e-04 | 42  0.06275  2.89014e-04
 43  0.19870 -1.27145e-03 | 44  0.00453  1.23174e-05 | 45 -0.00871 -1.32851e-04
 46  0.03491 -6.39307e-02 | 47 -0.44893  6.48307e-03 | 48  0.11831  3.85083e-03
 49 -0.32365 -8.21983e-04 | 50 -0.00383  1.72210e-02 | 51  0.02790  6.42977e-03
 52 -0.11444  1.89277e-03 | 53  0.01311 -5.74536e-03 | 54  0.40241  7.14111e-04
 55  0.01159 -5.03679e-03 |
55 variables; iteration 180; function evaluation 241; phase 3
Function value 3.5614188e+02; maximum gradient component mag 3.6158e-02
Var    Value     Gradient |Var    Value     Gradient |Var    Value     Gradient
  1  0.14956  7.99267e-03 |  2 -0.01023  8.68306e-04 |  3  0.01244  8.55697e-04
  4  0.05440  1.79983e-03 |  5  0.04934  2.11383e-03 |  6  0.00446  1.71256e-03
  7 -0.00733  1.87315e-03 |  8  0.01637  3.32119e-03 |  9  0.00553  1.30565e-03
 10 -0.04302 -8.16193e-04 | 11  0.00883 -7.55397e-04 | 12  0.01482 -9.66494e-04
 13  0.08390  1.82729e-03 | 14  0.00421  5.58297e-04 | 15  0.01612  3.38488e-03
 16  0.01757  1.53837e-04 | 17 -0.03904 -1.40210e-03 | 18  0.05938 -1.34230e-02
 19  0.06864 -5.12893e-03 | 20 -0.05036 -4.86363e-04 | 21 -0.03593  7.63205e-04
 22  0.10724  5.23440e-03 | 23 -0.02909  1.72014e-03 | 24 -0.12200  3.28322e-04
 25 -0.07837  4.48543e-04 | 26 -0.03105 -4.20130e-04 | 27 -0.05882 -2.21879e-04
 28 -0.01809 -1.75947e-05 | 29 -0.04247 -2.21430e-03 | 30 -0.61882  3.13285e-05
 31  0.03713  2.48605e-03 | 32  0.54010 -9.59566e-04 | 33 -0.05011 -7.39318e-03
 34  0.02144  8.34742e-03 | 35 -0.56815  2.46645e-06 | 36  0.03967 -5.72515e-03
 37  0.62921  2.70140e-03 | 38 -0.08190  2.19143e-03 | 39 -0.29069  1.97326e-03
 40 -0.69595 -1.01301e-03 | 41  0.98670 -2.70199e-05 | 42  0.06169  1.04380e-04
 43  0.19870  2.45992e-04 | 44 -0.00406 -2.32740e-05 | 45  0.01929  9.81135e-06
 46  0.03496  3.61583e-02 | 47 -0.50731 -9.84674e-05 | 48  0.11833  5.09753e-04
 49 -0.31964  1.41216e-05 | 50 -0.00384 -3.47101e-04 | 51  0.02790 -1.60925e-04
 52 -0.11443  6.78229e-04 | 53  0.01311  3.47918e-04 | 54  0.40229  1.15153e-04
 55  0.01159  2.23382e-03 |
Warning: the following parameters had issues
  selparm[15] is within 0.1% of upper bound: 2.00000e+01 < 8.99924e+01 < 9.00000e+01


 - final statistics:
55 variables; iteration 195; function evaluation 256
Function value 3.5614e+02; maximum gradient component mag 5.3325e-05
Exit code = 1;  converg criter 1.0000e-04
Var    Value     Gradient |Var    Value     Gradient |Var    Value     Gradient
  1  0.14956 -1.45863e-05 |  2 -0.01023 -8.98502e-06 |  3  0.01244 -8.71080e-06
  4  0.05440 -1.04173e-05 |  5  0.04934 -1.26227e-05 |  6  0.00446 -1.07287e-05
  7 -0.00733 -9.27026e-06 |  8  0.01637 -1.78696e-05 |  9  0.00553 -1.85653e-05
 10 -0.04302 -1.21728e-05 | 11  0.00883 -6.46855e-06 | 12  0.01482 -4.70577e-06
 13  0.08390  5.09797e-06 | 14  0.00421 -7.74262e-07 | 15  0.01612 -2.03756e-06
 16  0.01757  9.95550e-06 | 17 -0.03904  6.69257e-06 | 18  0.05938  5.33250e-05
 19  0.06864  3.08132e-05 | 20 -0.05036  6.38972e-06 | 21 -0.03593 -3.79931e-07
 22  0.10724 -1.62842e-05 | 23 -0.02909 -3.01527e-06 | 24 -0.12200 -8.30527e-07
 25 -0.07837 -3.68226e-06 | 26 -0.03105 -1.75057e-07 | 27 -0.05882 -2.32513e-06
 28 -0.01809 -2.59712e-06 | 29 -0.04247  2.32624e-05 | 30 -0.61918 -4.32199e-09
 31  0.03713 -1.25662e-05 | 32  0.54010  7.16244e-06 | 33 -0.05011 -8.25687e-06
 34  0.02144 -3.80794e-06 | 35 -0.56817 -1.99185e-08 | 36  0.03967  3.53335e-06
 37  0.62921 -1.56433e-06 | 38 -0.08190 -1.71742e-06 | 39 -0.29069  5.39549e-06
 40 -0.69595  1.65592e-06 | 41  0.98670  3.70918e-08 | 42  0.06140 -8.73891e-08
 43  0.19870  2.96457e-07 | 44  0.00117  1.82478e-07 | 45  0.01775 -2.52095e-08
 46  0.03496 -3.96811e-05 | 47 -0.50560 -1.38079e-07 | 48  0.11832 -4.07568e-07
 49 -0.31963 -2.11986e-08 | 50 -0.00384 -1.36387e-05 | 51  0.02790 -1.61945e-06
 52 -0.11443 -6.59192e-07 | 53  0.01311  2.15963e-06 | 54  0.40229  8.81343e-08
 55  0.01159  1.30196e-05 |
Estimating row 1 out of 55 for hessian
Estimating row 2 out of 55 for hessian
Estimating row 3 out of 55 for hessian
Estimating row 4 out of 55 for hessian
Estimating row 5 out of 55 for hessian
Estimating row 6 out of 55 for hessian
Estimating row 7 out of 55 for hessian
Estimating row 8 out of 55 for hessian
Estimating row 9 out of 55 for hessian
Estimating row 10 out of 55 for hessian
Estimating row 11 out of 55 for hessian
Estimating row 12 out of 55 for hessian
Estimating row 13 out of 55 for hessian
Estimating row 14 out of 55 for hessian
Estimating row 15 out of 55 for hessian
Estimating row 16 out of 55 for hessian
Estimating row 17 out of 55 for hessian
Estimating row 18 out of 55 for hessian
Estimating row 19 out of 55 for hessian
Estimating row 20 out of 55 for hessian
Estimating row 21 out of 55 for hessian
Estimating row 22 out of 55 for hessian
Estimating row 23 out of 55 for hessian
Estimating row 24 out of 55 for hessian
Estimating row 25 out of 55 for hessian
Estimating row 26 out of 55 for hessian
Estimating row 27 out of 55 for hessian
Estimating row 28 out of 55 for hessian
Estimating row 29 out of 55 for hessian
Estimating row 30 out of 55 for hessian
Estimating row 31 out of 55 for hessian
Estimating row 32 out of 55 for hessian
Estimating row 33 out of 55 for hessian
Estimating row 34 out of 55 for hessian
Estimating row 35 out of 55 for hessian
Estimating row 36 out of 55 for hessian
Estimating row 37 out of 55 for hessian
Estimating row 38 out of 55 for hessian
Estimating row 39 out of 55 for hessian
Estimating row 40 out of 55 for hessian
Estimating row 41 out of 55 for hessian
Estimating row 42 out of 55 for hessian
Estimating row 43 out of 55 for hessian
Estimating row 44 out of 55 for hessian
Estimating row 45 out of 55 for hessian
Estimating row 46 out of 55 for hessian
Estimating row 47 out of 55 for hessian
Estimating row 48 out of 55 for hessian
Estimating row 49 out of 55 for hessian
Estimating row 50 out of 55 for hessian
Estimating row 51 out of 55 for hessian
Estimating row 52 out of 55 for hessian
Estimating row 53 out of 55 for hessian
Estimating row 54 out of 55 for hessian
Estimating row 55 out of 55 for hessian
size of file gradfil1.tmp = 0
size of file gradfil2.tmp = 0
size of file varssave.tmp = 0
size of file cmpdiff.tmp = 0
