
Initial statistics: 1 variables; iteration 0; function evaluation 0; phase 1
Function value 5.1692271e+02; maximum gradient component mag -2.5330e+03
Var    Value     Gradient |Var    Value     Gradient |Var    Value     Gradient
  1  0.09805 -2.53304e+03 |

 - final statistics:
1 variables; iteration 9; function evaluation 12
Function value 4.7123e+02; maximum gradient component mag -9.7389e+00
Exit code = 1;  converg criter 1.0000e+01
Var    Value     Gradient |Var    Value     Gradient |Var    Value     Gradient
  1  0.27350 -9.73893e+00 |

Initial statistics: 12 variables; iteration 0; function evaluation 0; phase 2
Function value 4.7123117e+02; maximum gradient component mag 2.1249e+02
Var    Value     Gradient |Var    Value     Gradient |Var    Value     Gradient
  1  0.27350 -9.73893e+00 |  2 -0.11423  2.12485e+02 |  3 -0.60351  5.35758e-03
  4 -0.00244  2.10801e+02 |  5 -0.58495  1.24343e-02 |  6 -0.33558  2.27840e+01
  7  0.68533  2.14101e+00 |  8  0.06721 -1.29852e-04 |  9 -0.03571  9.43288e+00
 10 -0.52120  1.26382e-03 | 11  0.05406  5.55551e+01 | 12 -0.15429  5.96475e+01

 - final statistics:
12 variables; iteration 13; function evaluation 19
Function value 4.6605e+02; maximum gradient component mag -3.0744e+00
Exit code = 1;  converg criter 1.0000e+01
Var    Value     Gradient |Var    Value     Gradient |Var    Value     Gradient
  1  0.58759 -2.24269e-01 |  2 -0.12502 -3.07443e+00 |  3 -0.58032 -5.08373e-04
  4 -0.01491 -2.10870e+00 |  5 -0.59719  2.20839e-05 |  6 -0.34787 -1.98440e-01
  7  0.63413  7.08306e-02 |  8  0.06936  1.08374e-04 |  9 -0.04053 -3.30784e-01
 10 -0.51810 -1.45795e-04 | 11  0.05485  2.17088e+00 | 12 -0.27799  1.20252e+00

Initial statistics: 58 variables; iteration 0; function evaluation 0; phase 3
Function value 4.6604579e+02; maximum gradient component mag -5.1348e+02
Var    Value     Gradient |Var    Value     Gradient |Var    Value     Gradient
  1  0.58759 -2.24269e-01 |  2  0.00000  4.37547e+01 |  3  0.00000  2.47671e+01
  4  0.00000 -7.56075e+01 |  5  0.00000 -7.79470e+01 |  6  0.00000 -5.79866e+01
  7  0.00000  6.54104e+01 |  8  0.00000  7.26297e+01 |  9  0.00000  1.44151e+02
 10  0.00000  1.82835e+02 | 11  0.00000  1.87678e+02 | 12  0.00000 -1.84166e+01
 13  0.00000 -1.89827e+02 | 14  0.00000 -2.75743e+02 | 15  0.00000 -2.61846e+02
 16  0.00000 -2.13863e+02 | 17  0.00000 -2.13790e+02 | 18  0.00000 -2.76961e+02
 19  0.00000 -5.13483e+02 | 20  0.00000 -3.19371e+02 | 21  0.00000 -3.39447e+01
 22  0.00000 -5.95436e+01 | 23  0.00000 -1.46065e+02 | 24  0.00000  3.77432e+02
 25  0.00000  4.31049e+02 | 26  0.00000  4.36965e+02 | 27  0.00000  3.60679e+02
 28  0.00000  2.05981e+02 | 29  0.00000  1.43007e+02 | 30  0.00000  4.28299e+01
 31  0.00000  1.52266e+01 | 32 -0.12502 -3.07443e+00 | 33 -0.58032 -5.08373e-04
 34  0.03468  1.04991e+01 | 35  0.64314  1.64622e+01 | 36 -0.08422  1.12846e+02
 37 -0.01491 -2.10870e+00 | 38 -0.59719  2.20839e-05 | 39  0.06196  1.99376e+01
 40  0.63744  1.19592e+00 | 41 -0.15385 -1.05526e+01 | 42 -0.34787 -1.98440e-01
 43 -0.62604  1.67331e+00 | 44  0.63413  7.08306e-02 | 45  0.06936  1.08374e-04
 46  0.13982 -1.45218e+00 | 47  0.00090 -1.31372e-06 | 48  0.14676 -1.50851e-04
 49 -0.04053 -3.30784e-01 | 50 -0.51810 -1.45795e-04 | 51  0.13355 -4.32166e+00
 52  0.02033 -1.09496e+00 | 53 -0.02585 -6.06826e+00 | 54  0.05485  2.17088e+00
 55 -0.27799  1.20252e+00 | 56  0.03355  1.20939e+01 | 57  0.47621  1.52468e+01
 58 -0.03823  2.51720e+02 |

Intermediate statistics: 58 variables; iteration 20; function evaluation 24; phase 3
Function value 3.8913737e+02; maximum gradient component mag 2.8374e+02
Var    Value     Gradient |Var    Value     Gradient |Var    Value     Gradient
  1  0.58080 -4.79879e-03 |  2 -0.02792 -3.74590e+01 |  3 -0.07070 -3.47011e+01
  4  0.08906  1.32825e+01 |  5  0.03309  3.35197e+00 |  6  0.07063 -8.80331e+00
  7 -0.07121 -4.37226e+01 |  8  0.05150 -5.36174e+01 |  9 -0.03027 -7.72605e+01
 10  0.01534 -1.48073e+01 | 11 -0.05158 -3.26822e+01 | 12  0.02897 -5.00589e+01
 13  0.02797 -2.44963e+01 | 14  0.09789  6.53201e+01 | 15  0.02762  9.78915e+00
 16  0.01208 -3.49270e+01 | 17  0.05793 -1.04462e+02 | 18 -0.29708 -1.16588e+02
 19  0.14448  1.43714e+02 | 20 -0.01637 -7.56090e+01 | 21 -0.06043 -1.02228e+02
 22 -0.02997 -3.31981e+01 | 23  0.12911  1.16693e+02 | 24 -0.04951  1.05837e+02
 25 -0.05962  9.30652e+01 | 26 -0.04393  9.93758e+01 | 27 -0.01575  9.33512e+01
 28  0.01010  6.97792e+01 | 29 -0.00189  4.30042e+01 | 30  0.04422  3.24399e+01
 31 -0.02123 -7.32049e+00 | 32 -0.14386 -1.34006e+02 | 33 -0.58038 -1.24987e-02
 34  0.02378  4.52331e+01 | 35  0.70746 -6.16486e+01 | 36 -0.19675 -1.59949e+01
 37 -0.00874  1.01967e+02 | 38 -0.59718  2.59072e-03 | 39  0.05819 -8.45363e+01
 40  0.64584  1.29893e+01 | 41 -0.25767 -4.77930e-01 | 42 -0.40311 -3.12901e+01
 43 -0.64204 -2.02897e+00 | 44  0.63359 -2.27039e-01 | 45  0.06935  1.33477e-04
 46  0.14136  1.60474e+00 | 47  0.00090  4.43531e-08 | 48  0.14677 -2.43853e-04
 49 -0.06052 -2.45505e+00 | 50 -0.51811 -9.17017e-04 | 51  0.13463 -1.81369e+00
 52  0.03462  3.89759e+00 | 53 -0.02456  8.78211e+01 | 54  0.06059  1.36675e+01
 55 -0.27489  3.94538e+00 | 56  0.04510  6.32611e+01 | 57  0.48669  3.68461e+01
 58 -0.05088  2.83740e+02 |
58 variables; iteration 40; function evaluation 53; phase 3
Function value 3.5874260e+02; maximum gradient component mag 1.3843e+02
Var    Value     Gradient |Var    Value     Gradient |Var    Value     Gradient
  1  0.13125  2.67231e+01 |  2 -0.02218  3.96888e+00 |  3 -0.00171  4.17964e+01
  4  0.04221 -3.47672e+00 |  5  0.03268  1.68644e+01 |  6  0.04585  3.13985e+01
  7 -0.02087  4.22738e+01 |  8  0.01165  5.82979e+01 |  9  0.02853  1.38435e+02
 10 -0.01231  3.89710e+01 | 11 -0.03574  2.92107e+01 | 12  0.02941 -2.62070e+01
 13  0.00786 -1.01159e+02 | 14  0.05654 -1.04613e+02 | 15  0.03237 -9.42554e+01
 16 -0.04170 -9.66143e+01 | 17  0.06676  3.17313e+01 | 18 -0.09111 -7.80943e+01
 19  0.09948 -7.75055e+01 | 20 -0.02637 -1.09681e+02 | 21  0.00541  1.80502e+01
 22 -0.03284 -5.34010e+00 | 23  0.10854  3.90022e+01 | 24 -0.06497  8.12691e+01
 25 -0.07046  7.49684e+01 | 26 -0.06427  6.08613e+01 | 27 -0.02441  6.86842e+01
 28  0.00244  4.98153e+01 | 29 -0.01746  2.76985e+01 | 30  0.02731  2.77061e+01
 31 -0.06607 -1.13324e+01 | 32 -0.14903 -7.10998e+01 | 33 -0.58370  9.80576e-05
 34  0.00884  1.53953e+01 | 35  0.71791 -3.19464e+00 | 36 -0.19461 -8.30448e+00
 37 -0.01774 -1.15970e+02 | 38 -0.59648 -8.38366e-03 | 39  0.05286  1.83530e+01
 40  0.64848 -4.77866e+01 | 41 -0.42095 -7.78921e-03 | 42 -0.31763  7.92209e+01
 43 -0.61643 -1.09210e+00 | 44  0.62276  1.92155e-01 | 45  0.06924 -1.11449e-04
 46  0.13454 -2.91456e+00 | 47  0.00090 -2.66181e-06 | 48  0.14694 -4.73545e-05
 49 -0.10421 -1.48298e+01 | 50 -0.51880 -1.26353e-03 | 51  0.09912 -3.90096e+01
 52  0.09094  1.30441e+01 | 53 -0.03795  3.85259e-01 | 54  0.06802 -3.10773e+01
 55 -0.27846 -1.57630e+00 | 56  0.04587  7.02865e+00 | 57  0.47189 -1.73004e+01
 58 -0.06063 -4.44722e+01 |
58 variables; iteration 60; function evaluation 80; phase 3
Function value 3.3779220e+02; maximum gradient component mag -1.1985e+02
Var    Value     Gradient |Var    Value     Gradient |Var    Value     Gradient
  1  0.11265 -1.54783e+01 |  2 -0.01145 -6.51372e+00 |  3 -0.04413 -4.85093e+00
  4  0.06651 -7.85162e+00 |  5  0.02391 -4.38972e+00 |  6  0.05018 -7.45135e+00
  7 -0.03888 -4.48916e+00 |  8  0.01939 -8.28400e+00 |  9  0.01148  5.19031e+00
 10 -0.01186 -2.31880e+01 | 11 -0.04376 -9.84606e+00 | 12  0.02367 -1.67225e+01
 13  0.03059 -7.20376e+00 | 14  0.05878 -7.65252e+00 | 15  0.01109 -1.37972e+01
 16  0.00656 -2.10649e+00 | 17  0.01791  2.76200e+01 | 18 -0.00670  3.47065e+01
 19  0.07499  5.18809e+01 | 20  0.02595 -2.51484e+00 | 21 -0.01950  6.44796e+00
 22 -0.01982  8.32232e+00 | 23  0.10507  1.35901e+01 | 24 -0.09652  9.63525e+00
 25 -0.09075  9.23222e+00 | 26 -0.06818  8.84025e+00 | 27 -0.03029  4.31312e+00
 28 -0.00611 -6.64593e-02 | 29 -0.02228 -3.33030e+00 | 30  0.02730  1.50257e+01
 31 -0.04172 -6.87596e+00 | 32 -0.13495 -1.03318e+02 | 33 -0.60518 -5.55126e-03
 34  0.02095  2.56850e+01 | 35  0.69821 -4.98181e+01 | 36 -0.18307 -1.64069e+01
 37 -0.01856 -1.19846e+02 | 38 -0.59396 -7.00978e-03 | 39  0.05506  4.86602e+01
 40  0.64885 -3.52063e+01 | 41 -0.59008 -4.25478e-03 | 42 -0.35689 -1.75359e+01
 43 -0.64837 -4.29956e+00 | 44  0.64820  6.45719e-01 | 45  0.07018  3.21456e-04
 46  0.13546 -5.39171e+00 | 47  0.00095 -1.30767e-06 | 48  0.14761 -2.78981e-05
 49 -0.03633 -2.49590e+01 | 50 -0.51553 -1.10314e-02 | 51  0.12867 -1.46158e+01
 52 -0.03069 -1.37466e+01 | 53 -0.03102 -1.32087e+01 | 54  0.04846 -2.54281e+01
 55 -0.21171 -2.04779e+00 | 56  0.03021  8.16131e+00 | 57  0.52670 -1.47870e+00
 58 -0.05184  4.88066e+00 |
58 variables; iteration 80; function evaluation 102; phase 3
Function value 3.3214753e+02; maximum gradient component mag 9.1735e-01
Var    Value     Gradient |Var    Value     Gradient |Var    Value     Gradient
  1  0.09678  4.82956e-01 |  2 -0.00460 -1.98781e-01 |  3 -0.03964 -1.52994e-01
  4  0.06808 -2.89218e-01 |  5  0.02282  2.26670e-02 |  6  0.04861 -3.73479e-02
  7 -0.03944  4.60781e-02 |  8  0.02348 -1.17910e-01 |  9  0.00432  2.33896e-01
 10 -0.00704  8.88542e-02 | 11 -0.04326  1.11116e-01 | 12  0.02533  3.88505e-01
 13  0.03005 -8.39463e-02 | 14  0.05436  8.93840e-03 | 15  0.01132 -1.49362e-01
 16  0.00508 -3.96944e-01 | 17  0.01197 -2.14222e-01 | 18 -0.01274  5.54521e-02
 19  0.06762  3.61683e-01 | 20  0.02969 -2.39120e-01 | 21 -0.02074 -2.28183e-01
 22 -0.01888  6.64220e-02 | 23  0.10061  3.56808e-01 | 24 -0.10487  3.51022e-02
 25 -0.09121  1.46925e-01 | 26 -0.06688  6.62466e-02 | 27 -0.02681  2.50824e-01
 28 -0.00563  1.12964e-01 | 29 -0.01732  2.12704e-01 | 30  0.01825  7.86532e-02
 31 -0.02271  5.45066e-02 | 32 -0.11399  2.23837e-01 | 33 -0.60697 -1.79300e-04
 34  0.03463 -2.00568e-02 | 35  0.64291  1.92235e-01 | 36 -0.08412  3.33092e-01
 37 -0.00367 -7.56688e-01 | 38 -0.58705 -5.60667e-05 | 39  0.06119  3.41433e-01
 40  0.64620 -1.77888e-01 | 41 -0.88504 -1.72028e-02 | 42 -0.33607 -3.58396e-01
 43 -0.62617  2.32048e-02 | 44  0.69978  6.61187e-02 | 45  0.06619 -2.38403e-04
 46  0.14138 -1.28900e-01 | 47  0.00128 -3.94016e-06 | 48  0.14754  6.48275e-06
 49 -0.03636 -5.69381e-01 | 50 -0.52176 -1.64703e-04 | 51  0.13329 -1.11707e-01
 52  0.02111 -2.11228e-01 | 53 -0.02619 -4.58633e-01 | 54  0.05375  9.17347e-01
 55 -0.15869 -1.04663e-01 | 56  0.03412  6.51862e-02 | 57  0.49531  3.77739e-01
 58 -0.03999  2.16147e-01 |
58 variables; iteration 100; function evaluation 122; phase 3
Function value 3.3214113e+02; maximum gradient component mag 8.6812e-01
Var    Value     Gradient |Var    Value     Gradient |Var    Value     Gradient
  1  0.09664 -2.29756e-02 |  2 -0.00444  4.56646e-02 |  3 -0.03952  6.22062e-02
  4  0.06822  1.31928e-01 |  5  0.02275  2.04535e-02 |  6  0.04864  3.16891e-02
  7 -0.03955 -7.59390e-02 |  8  0.02364 -1.19837e-01 |  9  0.00415 -2.43202e-01
 10 -0.00702 -2.05123e-01 | 11 -0.04320 -8.36689e-02 | 12  0.02525 -1.94243e-01
 13  0.03010 -1.16695e-01 | 14  0.05430 -1.86804e-02 | 15  0.01126 -1.12791e-01
 16  0.00508  3.14730e-02 | 17  0.01202  4.46401e-01 | 18 -0.01284  2.97624e-01
 19  0.06757  8.68119e-01 | 20  0.02977  3.63153e-01 | 21 -0.02062  2.39965e-02
 22 -0.01888 -1.55299e-01 | 23  0.10047 -2.24759e-01 | 24 -0.10495 -3.48439e-02
 25 -0.09128 -1.08908e-01 | 26 -0.06680 -5.54873e-02 | 27 -0.02685 -6.88267e-02
 28 -0.00556 -3.25505e-02 | 29 -0.01740 -4.35259e-02 | 30  0.01829  6.02867e-02
 31 -0.02278 -1.23780e-02 | 32 -0.11392  2.93108e-01 | 33 -0.61003 -4.38612e-04
 34  0.03469 -4.15534e-02 | 35  0.64293  2.05471e-01 | 36 -0.08402  3.74090e-01
 37 -0.00362 -6.81601e-01 | 38 -0.58933 -2.33177e-04 | 39  0.06121  3.06371e-01
 40  0.64618 -1.65668e-01 | 41 -0.62837 -4.76777e-03 | 42 -0.33578  7.08193e-02
 43 -0.62629 -5.35829e-02 | 44  0.68424  6.71706e-02 | 45  0.06751  7.69477e-05
 46  0.13938 -6.61533e-01 | 47  0.00044 -2.89786e-06 | 48  0.13982 -2.09813e-04
 49 -0.03571 -1.46306e-01 | 50 -0.50970  8.23619e-04 | 51  0.13357 -3.10925e-02
 52  0.02028 -1.74723e-01 | 53 -0.02605 -5.06791e-02 | 54  0.05247 -8.00677e-02
 55 -0.15011 -1.81584e-02 | 56  0.03308 -3.58680e-02 | 57  0.48119 -2.68273e-02
 58 -0.03940 -2.81745e-01 |
58 variables; iteration 120; function evaluation 159; phase 3
Function value 3.3207961e+02; maximum gradient component mag -3.0086e-02
Var    Value     Gradient |Var    Value     Gradient |Var    Value     Gradient
  1  0.09673  4.78426e-04 |  2 -0.00446  5.14242e-03 |  3 -0.03964  5.79283e-03
  4  0.06815  7.59828e-03 |  5  0.02290  3.40907e-03 |  6  0.04865  5.93368e-03
  7 -0.03957  3.52681e-03 |  8  0.02352  7.25409e-03 |  9  0.00420  7.62906e-03
 10 -0.00705  6.39432e-03 | 11 -0.04333  3.17781e-03 | 12  0.02534  2.89353e-03
 13  0.03028  2.59745e-03 | 14  0.05450  4.60484e-04 | 15  0.01134 -7.00866e-03
 16  0.00505 -6.14187e-03 | 17  0.01196 -1.47650e-02 | 18 -0.01271 -2.03966e-03
 19  0.06760 -2.34982e-02 | 20  0.02963  6.15595e-03 | 21 -0.02080  2.22850e-03
 22 -0.01905 -2.76290e-03 | 23  0.10053 -9.13538e-03 | 24 -0.10495  5.54468e-03
 25 -0.09137 -4.58884e-03 | 26 -0.06702 -1.65464e-03 | 27 -0.02687 -2.08978e-03
 28 -0.00558 -8.92911e-04 | 29 -0.01727 -2.96605e-03 | 30  0.01839 -2.02570e-05
 31 -0.02255  9.81793e-04 | 32 -0.11399  3.74965e-03 | 33 -0.60677 -1.98372e-04
 34  0.03466  4.30998e-03 | 35  0.64288  4.82333e-03 | 36 -0.08412  3.02292e-03
 37 -0.00180  8.18320e-03 | 38 -0.58497 -4.33425e-05 | 39  0.06224 -3.84452e-03
 40  0.63664 -1.51330e-03 | 41 -0.14656 -1.41687e-04 | 42 -0.33597  3.07233e-03
 43 -0.62621 -5.49307e-04 | 44  0.68665  1.30937e-03 | 45  0.06699 -5.69840e-05
 46  0.13994 -1.17659e-02 | 47  0.00020 -5.09781e-06 | 48  0.14980  7.62196e-05
 49 -0.03590  8.93350e-03 | 50 -0.52315 -1.22820e-04 | 51  0.13357 -2.13651e-03
 52  0.02101  2.52770e-03 | 53 -0.02621  1.15782e-03 | 54  0.05258  6.73801e-03
 55 -0.15065  2.30142e-03 | 56  0.03319 -3.86197e-03 | 57  0.48176  4.86307e-04
 58 -0.03950 -3.00863e-02 |

 - final statistics:
58 variables; iteration 131; function evaluation 170
Function value 3.3208e+02; maximum gradient component mag 6.7244e-05
Exit code = 1;  converg criter 1.0000e-04
Var    Value     Gradient |Var    Value     Gradient |Var    Value     Gradient
  1  0.09673 -6.03339e-05 |  2 -0.00446 -2.69209e-05 |  3 -0.03964 -9.11188e-06
  4  0.06815 -1.80492e-05 |  5  0.02290 -6.40324e-06 |  6  0.04865 -1.30657e-05
  7 -0.03957  3.83095e-06 |  8  0.02352 -2.61850e-05 |  9  0.00420 -1.92914e-05
 10 -0.00705 -1.09141e-05 | 11 -0.04333 -2.57050e-06 | 12  0.02535  1.79822e-05
 13  0.03028 -6.36278e-06 | 14  0.05450 -8.74510e-06 | 15  0.01134 -9.27578e-06
 16  0.00505 -1.52574e-05 | 17  0.01196 -2.36520e-05 | 18 -0.01272 -2.64017e-07
 19  0.06760  6.72441e-05 | 20  0.02962  1.46015e-05 | 21 -0.02080  3.53338e-06
 22 -0.01905  1.43642e-05 | 23  0.10053 -7.26487e-06 | 24 -0.10496  1.11291e-05
 25 -0.09136  1.16869e-05 | 26 -0.06702  7.46781e-06 | 27 -0.02687  7.16599e-06
 28 -0.00558  7.74834e-06 | 29 -0.01727  8.33174e-06 | 30  0.01839 -1.13481e-07
 31 -0.02255 -2.14006e-06 | 32 -0.11399 -2.03003e-05 | 33 -0.60438 -6.38547e-07
 34  0.03466 -5.73608e-06 | 35  0.64287 -2.63667e-05 | 36 -0.08412 -2.72318e-05
 37 -0.00180  2.36233e-05 | 38 -0.58439  2.53024e-06 | 39  0.06224 -2.05411e-05
 40  0.63664 -9.44862e-06 | 41 -0.14656 -3.20502e-06 | 42 -0.33597 -1.49480e-05
 43 -0.62621  6.10592e-06 | 44  0.68667  4.62905e-07 | 45  0.06717 -9.44561e-07
 46  0.13995  1.67196e-05 | 47  0.00042 -3.23569e-06 | 48  0.14685 -6.43785e-07
 49 -0.03590  1.48298e-06 | 50 -0.52135  1.02630e-07 | 51  0.13357  1.50486e-05
 52  0.02102 -2.79654e-07 | 53 -0.02621 -3.40438e-05 | 54  0.05258 -1.03279e-05
 55 -0.15066  7.84424e-07 | 56  0.03319  5.00547e-06 | 57  0.48173  3.33176e-07
 58 -0.03950 -1.91628e-05 |
Estimating row 1 out of 58 for hessian
Estimating row 2 out of 58 for hessian
Estimating row 3 out of 58 for hessian
Estimating row 4 out of 58 for hessian
Estimating row 5 out of 58 for hessian
Estimating row 6 out of 58 for hessian
Estimating row 7 out of 58 for hessian
Estimating row 8 out of 58 for hessian
Estimating row 9 out of 58 for hessian
Estimating row 10 out of 58 for hessian
Estimating row 11 out of 58 for hessian
Estimating row 12 out of 58 for hessian
Estimating row 13 out of 58 for hessian
Estimating row 14 out of 58 for hessian
Estimating row 15 out of 58 for hessian
Estimating row 16 out of 58 for hessian
Estimating row 17 out of 58 for hessian
Estimating row 18 out of 58 for hessian
Estimating row 19 out of 58 for hessian
Estimating row 20 out of 58 for hessian
Estimating row 21 out of 58 for hessian
Estimating row 22 out of 58 for hessian
Estimating row 23 out of 58 for hessian
Estimating row 24 out of 58 for hessian
Estimating row 25 out of 58 for hessian
Estimating row 26 out of 58 for hessian
Estimating row 27 out of 58 for hessian
Estimating row 28 out of 58 for hessian
Estimating row 29 out of 58 for hessian
Estimating row 30 out of 58 for hessian
Estimating row 31 out of 58 for hessian
Estimating row 32 out of 58 for hessian
Estimating row 33 out of 58 for hessian
Estimating row 34 out of 58 for hessian
Estimating row 35 out of 58 for hessian
Estimating row 36 out of 58 for hessian
Estimating row 37 out of 58 for hessian
Estimating row 38 out of 58 for hessian
Estimating row 39 out of 58 for hessian
Estimating row 40 out of 58 for hessian
Estimating row 41 out of 58 for hessian
Estimating row 42 out of 58 for hessian
Estimating row 43 out of 58 for hessian
Estimating row 44 out of 58 for hessian
Estimating row 45 out of 58 for hessian
Estimating row 46 out of 58 for hessian
Estimating row 47 out of 58 for hessian
Estimating row 48 out of 58 for hessian
Estimating row 49 out of 58 for hessian
Estimating row 50 out of 58 for hessian
Estimating row 51 out of 58 for hessian
Estimating row 52 out of 58 for hessian
Estimating row 53 out of 58 for hessian
Estimating row 54 out of 58 for hessian
Estimating row 55 out of 58 for hessian
Estimating row 56 out of 58 for hessian
Estimating row 57 out of 58 for hessian
Estimating row 58 out of 58 for hessian
size of file gradfil1.tmp = 0
size of file gradfil2.tmp = 0
size of file varssave.tmp = 0
size of file cmpdiff.tmp = 0
