
Initial statistics: 1 variables; iteration 0; function evaluation 0; phase 1
Function value 5.2822580e+02; maximum gradient component mag -1.1481e+03
Var    Value     Gradient |Var    Value     Gradient |Var    Value     Gradient
  1  0.15622 -1.14809e+03 |

 - final statistics:
1 variables; iteration 10; function evaluation 12
Function value 5.0397e+02; maximum gradient component mag -5.2585e+00
Exit code = 1;  converg criter 1.0000e+01
Var    Value     Gradient |Var    Value     Gradient |Var    Value     Gradient
  1  0.31307 -5.25851e+00 |

Initial statistics: 11 variables; iteration 0; function evaluation 0; phase 2
Function value 5.0396551e+02; maximum gradient component mag 4.7265e+02
Var    Value     Gradient |Var    Value     Gradient |Var    Value     Gradient
  1  0.31307 -5.25851e+00 |  2 -0.04261  4.72654e+02 |  3 -0.62906  5.15233e-03
  4  0.02265  3.08507e+02 |  5 -0.56459  1.26693e-02 |  6 -0.28275  1.29328e+02
  7  0.93101 -8.87608e-01 |  8  0.05905  1.00818e+02 |  9 -0.22373  8.72838e+00
 10  0.04182  2.81402e+01 | 11 -0.11339  7.33797e+01 |

 - final statistics:
11 variables; iteration 16; function evaluation 23
Function value 4.9502e+02; maximum gradient component mag 9.2856e+00
Exit code = 1;  converg criter 1.0000e+01
Var    Value     Gradient |Var    Value     Gradient |Var    Value     Gradient
  1  0.61850 -3.47566e-01 |  2 -0.05645 -6.53028e-01 |  3 -0.61382 -5.97263e-04
  4  0.00873 -7.02248e-01 |  5 -0.56759  5.28223e-05 |  6 -0.30351 -6.95254e-01
  7  0.97305 -2.77802e-01 |  8  0.04379  9.28565e+00 |  9 -0.17334  3.31167e-01
 10  0.04275  1.91612e-01 | 11 -0.14953 -3.77063e-01 |

Initial statistics: 55 variables; iteration 0; function evaluation 0; phase 3
Function value 4.9502404e+02; maximum gradient component mag 4.1665e+02
Var    Value     Gradient |Var    Value     Gradient |Var    Value     Gradient
  1  0.61850 -3.47566e-01 |  2  0.00000  4.04119e+01 |  3  0.00000  1.54209e+00
  4  0.00000 -5.30053e+01 |  5  0.00000 -3.58246e+01 |  6  0.00000  3.42366e+01
  7  0.00000  1.01943e+02 |  8  0.00000  1.38137e+02 |  9  0.00000  1.65362e+02
 10  0.00000  1.66055e+02 | 11  0.00000  4.04182e+01 | 12  0.00000 -1.29005e+02
 13  0.00000 -2.66562e+02 | 14  0.00000 -2.53969e+02 | 15  0.00000 -2.37089e+02
 16  0.00000 -2.13521e+02 | 17  0.00000 -2.27799e+02 | 18  0.00000 -3.76045e+02
 19  0.00000 -3.37173e+02 | 20  0.00000 -8.88788e+01 | 21  0.00000 -5.26180e+01
 22  0.00000 -9.99173e+01 | 23  0.00000  1.51736e+02 | 24  0.00000  4.14149e+02
 25  0.00000  4.16653e+02 | 26  0.00000  3.59746e+02 | 27  0.00000  2.48582e+02
 28  0.00000  1.38524e+02 | 29  0.00000  2.99578e+01 | 30  0.00000 -3.90240e+01
 31  0.00000 -3.70239e+01 | 32 -0.05645 -6.53028e-01 | 33 -0.61382 -5.97263e-04
 34  0.03688  2.45689e+01 | 35  0.53049 -3.79663e+00 | 36 -0.05215  1.06421e+02
 37  0.00873 -7.02248e-01 | 38 -0.56759  5.28223e-05 | 39  0.04055  7.65425e+00
 40  0.63434 -3.59477e+00 | 41 -0.08738 -2.09703e+01 | 42 -0.30351 -6.95254e-01
 43 -0.63426  3.93306e+00 | 44  0.97305 -2.77802e-01 | 45 -0.22557  1.04020e+01
 46  0.04379  9.28565e+00 | 47 -0.17334  3.31167e-01 | 48  0.12622 -2.96638e+01
 49 -0.09416  5.78410e-02 | 50 -0.00283 -2.33158e+00 | 51  0.04275  1.91612e-01
 52 -0.14953 -3.77063e-01 | 53  0.00672 -1.19597e+01 | 54  0.40903  1.90317e+00
 55  0.00235  1.40414e+02 |

Intermediate statistics: 55 variables; iteration 20; function evaluation 28; phase 3
Function value 4.1614551e+02; maximum gradient component mag 3.1431e+02
Var    Value     Gradient |Var    Value     Gradient |Var    Value     Gradient
  1  0.61400  4.93312e-02 |  2 -0.03201 -2.72721e+01 |  3  0.00166 -1.55612e+01
  4  0.07221  4.94985e+00 |  5  0.05797 -3.61234e+00 |  6  0.01081 -1.74288e+01
  7 -0.01348 -2.95352e+01 |  8  0.00788 -3.47222e+01 |  9  0.02083 -3.70380e+01
 10 -0.07605 -5.89661e+01 | 11 -0.00193 -6.79915e+01 | 12  0.00016 -1.55675e+01
 13  0.14303  8.38043e+01 | 14 -0.04098 -2.98488e+01 | 15  0.00638 -6.16227e+01
 16  0.05086 -8.04128e+01 | 17 -0.25957 -9.90217e+01 | 18  0.11594  2.99688e+01
 19  0.07752  1.88956e+01 | 20 -0.18526 -7.05319e+01 | 21 -0.03616 -2.11661e+01
 22  0.14303  7.07751e+01 | 23 -0.04058 -3.60562e-01 | 24 -0.09914  1.31889e+01
 25 -0.07166  1.61878e+01 | 26 -0.02898  2.37662e+01 | 27 -0.00949  2.13788e+01
 28 -0.00124  2.84543e+01 | 29  0.03490  4.77970e+01 | 30  0.07836  6.87561e+01
 31  0.06313  3.94481e+01 | 32 -0.06848 -2.78407e+02 | 33 -0.61384 -2.14772e-03
 34  0.03557  3.14309e+02 | 35  0.57301 -6.64055e+00 | 36 -0.05939  3.64568e+01
 37  0.01536  1.58699e+02 | 38 -0.56759  4.92979e-03 | 39  0.03757 -1.69415e+02
 40  0.65480  5.82446e+00 | 41 -0.15907 -3.26556e+00 | 42 -0.29381  5.92206e+01
 43 -0.66175 -1.98447e+01 | 44  0.97626 -2.32243e-01 | 45 -0.34075  4.20558e+00
 46  0.04447 -2.43798e+01 | 47 -0.13416 -1.44235e-01 | 48  0.14323  1.14821e+02
 49 -0.07998 -2.03962e-02 | 50 -0.00681 -4.57602e+00 | 51  0.04959  4.51745e+01
 52 -0.12122  2.01398e+01 | 53  0.01223 -2.76182e+01 | 54  0.44117  2.40183e+00
 55 -0.02824  2.78964e-01 |
55 variables; iteration 40; function evaluation 50; phase 3
Function value 3.9778698e+02; maximum gradient component mag -1.6301e+02
Var    Value     Gradient |Var    Value     Gradient |Var    Value     Gradient
  1  0.23040 -8.82670e-01 |  2 -0.02036  6.44511e+00 |  3  0.00039  3.79780e+00
  4  0.05932 -4.26820e+00 |  5  0.01634 -1.75322e+01 |  6  0.01336  1.71537e+01
  7  0.02675  5.67426e+01 |  8 -0.00039  2.08114e+01 |  9 -0.01897  7.67614e+00
 10 -0.01824  4.30884e+01 | 11  0.00423  1.88357e+01 | 12 -0.00974 -8.14003e+00
 13  0.09997 -7.67698e+00 | 14 -0.07201 -1.62956e+01 | 15  0.07363  9.57411e+01
 16  0.02356  2.45967e+01 | 17 -0.16986 -5.64779e+01 | 18  0.09992 -6.76560e+00
 19  0.04325 -4.31657e+01 | 20 -0.06929 -1.94266e+01 | 21 -0.03132 -4.15757e-01
 22  0.11831  3.95928e+00 | 23 -0.02461  1.28776e+01 | 24 -0.09188  2.73705e+01
 25 -0.08816 -1.33661e+00 | 26 -0.05681 -1.81989e+01 | 27 -0.00807  4.00056e+00
 28 -0.00192  1.49342e+01 | 29  0.01839  5.05470e+00 | 30  0.04937 -7.24673e+00
 31  0.03741 -1.64054e+00 | 32 -0.05930 -1.63008e+02 | 33 -0.61551 -1.87570e-03
 34  0.03301  1.36336e+02 | 35  0.54248 -2.38914e+01 | 36 -0.05995 -2.68870e+01
 37  0.00604 -3.08274e+01 | 38 -0.56789 -2.60905e-03 | 39  0.03499 -6.80128e+00
 40  0.66516 -1.57375e+01 | 41 -0.25115 -2.63188e-01 | 42 -0.29571 -2.04791e+01
 43 -0.64509  6.85500e+00 | 44  1.10144  1.44887e+00 | 45 -0.35124  4.87255e+00
 46  0.04075  7.04786e+01 | 47 -0.12556  1.09045e+02 | 48  0.13233  3.68515e+01
 49 -0.11732  5.18500e+00 | 50 -0.01348 -2.29555e+01 | 51  0.03102 -3.82927e+01
 52 -0.11315 -3.86981e+01 | 53  0.00192  3.28970e+00 | 54  0.43049 -1.04529e+01
 55 -0.03194 -6.65857e+01 |
55 variables; iteration 60; function evaluation 81; phase 3
Function value 3.8385538e+02; maximum gradient component mag -3.7464e+01
Var    Value     Gradient |Var    Value     Gradient |Var    Value     Gradient
  1  0.16069  1.21100e+01 |  2 -0.03316 -1.06229e+01 |  3  0.01040  4.73247e+00
  4  0.04938  7.13915e-01 |  5  0.04701  8.91544e+00 |  6  0.00314  5.52885e+00
  7 -0.01874  1.35838e+00 |  8  0.00867  9.75944e+00 |  9  0.00494  1.20514e+01
 10 -0.05614 -7.84555e-01 | 11  0.00469  3.02984e+00 | 12  0.00711  8.56780e+00
 13  0.08802  1.94300e+01 | 14 -0.01482  5.37030e-01 | 15  0.02177  8.63494e+00
 16  0.00986 -5.79660e+00 | 17 -0.05255 -8.17773e+00 | 18  0.06060  8.81717e+00
 19  0.06286 -9.59131e+00 | 20 -0.05623 -2.80071e+00 | 21 -0.03042  3.81715e-01
 22  0.10229 -3.74642e+01 | 23 -0.03795 -5.58105e+00 | 24 -0.12697 -3.56793e+00
 25 -0.07958  5.16925e-01 | 26 -0.03585 -3.89164e+00 | 27 -0.01264 -4.96640e+00
 28 -0.01914 -6.49801e+00 | 29  0.01656 -2.00659e+00 | 30  0.04775 -6.67980e+00
 31  0.02840 -3.82675e+00 | 32 -0.04662  1.35050e+01 | 33 -0.62372  1.05223e-03
 34  0.03460 -1.70500e+01 | 35  0.54869  3.51617e+00 | 36 -0.05691 -9.89735e+00
 37  0.01685 -1.10660e+01 | 38 -0.57160 -1.89952e-04 | 39  0.03811  8.75866e+00
 40  0.67322 -1.21277e+00 | 41 -0.23855 -1.64240e-01 | 42 -0.28476 -9.17050e+00
 43 -0.63506  3.66274e+00 | 44  1.07520  1.16270e+00 | 45 -0.41337 -7.78680e-01
 46  0.03323 -7.00519e-01 | 47 -0.12148  2.68645e+00 | 48  0.12077 -5.75072e+00
 49 -0.14334  1.28085e-01 | 50  0.00320  6.30845e-01 | 51  0.04323  2.18972e+00
 52 -0.15116 -6.18844e+00 | 53  0.00712 -8.21065e+00 | 54  0.49498 -6.67497e-01
 55  0.00657  1.04435e+01 |
55 variables; iteration 80; function evaluation 106; phase 3
Function value 3.8283565e+02; maximum gradient component mag 1.0442e+01
Var    Value     Gradient |Var    Value     Gradient |Var    Value     Gradient
  1  0.15694  5.59455e-01 |  2 -0.02132  9.06717e-01 |  3  0.00297  7.10028e-01
  4  0.05290  2.37708e-01 |  5  0.04264  4.10068e-01 |  6  0.00148  7.36079e-01
  7 -0.01389  1.18113e+00 |  8  0.00757  1.02957e+00 |  9  0.00087  1.54492e+00
 10 -0.05059  2.02547e+00 | 11  0.00536  2.75408e+00 | 12  0.00834  1.67936e+00
 13  0.08192 -6.76970e-01 | 14 -0.00307  4.33286e-01 | 15  0.01152  7.47341e-01
 16  0.01458  2.72155e+00 | 17 -0.04248  9.16526e-01 | 18  0.05136  8.49117e-01
 19  0.06854 -3.32157e-01 | 20 -0.05809 -1.54711e-01 | 21 -0.04280 -1.23004e-01
 22  0.10856 -7.63841e-01 | 23 -0.04509 -3.94141e-01 | 24 -0.12358  5.04675e-01
 25 -0.08304 -5.66060e-01 | 26 -0.03468 -2.04703e+00 | 27 -0.01320 -1.96156e+00
 28 -0.01500 -1.80191e+00 | 29  0.01068 -2.30209e+00 | 30  0.05113 -2.07236e+00
 31  0.02637 -1.06301e+00 | 32 -0.04283 -1.69632e-01 | 33 -0.63173 -2.61194e-04
 34  0.03684  1.63145e-01 | 35  0.53073 -1.67087e-01 | 36 -0.05222  1.26429e-01
 37  0.02299  1.04417e+01 | 38 -0.57094 -8.75389e-05 | 39  0.04061 -9.99221e+00
 40  0.63210  1.58260e+00 | 41 -0.08522  2.40275e+00 | 42 -0.28315 -3.97450e-01
 43 -0.63483 -1.33750e-01 | 44  0.98853 -1.37278e-02 | 45 -0.41224 -1.88441e-01
 46  0.04195 -5.05573e-01 | 47 -0.12810  3.87944e-01 | 48  0.12278 -1.82422e-01
 49 -0.13972  2.32862e-02 | 50  0.00276  1.01445e+00 | 51  0.04106 -1.74005e+00
 52 -0.10745 -2.06087e-02 | 53  0.00618  4.05902e-02 | 54  0.35671 -2.39862e-01
 55  0.00351 -3.37418e-01 |
55 variables; iteration 100; function evaluation 126; phase 3
Function value 3.8281744e+02; maximum gradient component mag 8.1578e-02
Var    Value     Gradient |Var    Value     Gradient |Var    Value     Gradient
  1  0.15771  6.11117e-03 |  2 -0.02185 -1.59256e-03 |  3  0.00265 -1.66160e-03
  4  0.05323 -3.02494e-03 |  5  0.04268 -3.94626e-03 |  6  0.00151 -4.26471e-03
  7 -0.01433 -5.11112e-03 |  8  0.00777 -6.61125e-03 |  9  0.00101 -6.86965e-03
 10 -0.05111 -4.87784e-03 | 11  0.00522 -3.29383e-03 | 12  0.00739  5.98610e-04
 13  0.08292  1.39750e-03 | 14 -0.00392  4.85638e-03 | 15  0.01259  8.05336e-03
 16  0.01349  1.22296e-02 | 17 -0.04172  7.08480e-03 | 18  0.05123  2.98810e-02
 19  0.06879  1.82860e-02 | 20 -0.05808  4.25066e-03 | 21 -0.04286 -4.61855e-04
 22  0.10865  2.57519e-03 | 23 -0.04441 -3.16952e-03 | 24 -0.12436 -6.70279e-03
 25 -0.08328 -6.83966e-03 | 26 -0.03429 -9.05985e-03 | 27 -0.01342 -8.44561e-03
 28 -0.01492 -7.31188e-03 | 29  0.01130 -6.16428e-03 | 30  0.05104 -5.45407e-03
 31  0.02691 -1.96563e-03 | 32 -0.04315  2.66188e-05 | 33 -0.62993 -6.21269e-05
 34  0.03670  1.00293e-03 | 35  0.53153  4.95977e-04 | 36 -0.05253  1.21632e-03
 37  0.02215  2.48465e-02 | 38 -0.56613 -9.36013e-05 | 39  0.04046 -1.52919e-02
 40  0.63429  7.20694e-03 | 41 -0.08768  2.65273e-03 | 42 -0.28333  1.14210e-03
 43 -0.63472 -9.17311e-04 | 44  0.98896 -2.99578e-04 | 45 -0.41094 -3.56111e-04
 46  0.04346  5.58845e-02 | 47 -0.12882  8.15780e-02 | 48  0.12336 -9.64450e-04
 49 -0.15354  2.93755e-03 | 50  0.00212  8.72522e-04 | 51  0.04177  4.06281e-03
 52 -0.11397  5.58347e-03 | 53  0.00684 -8.48006e-04 | 54  0.41220  7.61048e-04
 55  0.00162 -3.03588e-03 |
55 variables; iteration 120; function evaluation 146; phase 3
Function value 3.8281743e+02; maximum gradient component mag 2.5572e-02
Var    Value     Gradient |Var    Value     Gradient |Var    Value     Gradient
  1  0.15770  4.85501e-04 |  2 -0.02185 -1.54182e-04 |  3  0.00265 -2.37366e-04
  4  0.05323 -9.88641e-04 |  5  0.04268 -9.80957e-04 |  6  0.00151 -1.19719e-03
  7 -0.01433 -1.38459e-03 |  8  0.00777 -2.38864e-03 |  9  0.00101 -2.32336e-03
 10 -0.05111 -9.25926e-04 | 11  0.00522  2.29998e-04 | 12  0.00739  7.80532e-04
 13  0.08292  3.75542e-03 | 14 -0.00393  1.70013e-03 | 15  0.01259  3.65215e-03
 16  0.01348  3.94700e-03 | 17 -0.04172  1.54485e-03 | 18  0.05122  7.00656e-03
 19  0.06880  4.21055e-03 | 20 -0.05808  5.36478e-04 | 21 -0.04285 -6.74543e-04
 22  0.10864  4.45931e-05 | 23 -0.04441 -1.42670e-03 | 24 -0.12436 -1.60302e-03
 25 -0.08327 -2.07269e-03 | 26 -0.03429 -2.22053e-03 | 27 -0.01342 -1.59083e-03
 28 -0.01492 -2.03917e-03 | 29  0.01130 -1.81094e-03 | 30  0.05104 -1.61201e-03
 31  0.02691  9.85971e-05 | 32 -0.04315  1.64506e-03 | 33 -0.62995 -6.34946e-05
 34  0.03670 -4.84712e-04 | 35  0.53153  4.19707e-04 | 36 -0.05253  7.04670e-04
 37  0.02216  5.97414e-03 | 38 -0.56412  5.94159e-05 | 39  0.04046 -4.68901e-03
 40  0.63429  1.57281e-03 | 41 -0.08768  6.21807e-04 | 42 -0.28333  1.50660e-03
 43 -0.63472 -7.42613e-04 | 44  0.98897 -7.71039e-05 | 45 -0.41094 -5.76450e-05
 46  0.04347  1.66995e-02 | 47 -0.12891  2.55717e-02 | 48  0.12336 -2.17316e-04
 49 -0.16161 -1.65187e-04 | 50  0.00214  2.66561e-03 | 51  0.04177  2.43068e-03
 52 -0.11396  1.59033e-03 | 53  0.00684 -9.44908e-04 | 54  0.41213 -1.39104e-05
 55  0.00163 -3.98815e-04 |
55 variables; iteration 140; function evaluation 176; phase 3
Function value 3.8281527e+02; maximum gradient component mag 5.8830e-01
Var    Value     Gradient |Var    Value     Gradient |Var    Value     Gradient
  1  0.15772  1.92482e-01 |  2 -0.02187 -1.15124e-02 |  3  0.00265  1.39338e-02
  4  0.05323  2.17458e-02 |  5  0.04267  2.06822e-02 |  6  0.00151  2.37316e-02
  7 -0.01432  4.11463e-02 |  8  0.00777  6.46917e-02 |  9  0.00101  4.24796e-02
 10 -0.05111 -2.63708e-03 | 11  0.00520 -9.70850e-03 | 12  0.00744  1.39232e-03
 13  0.08287 -1.14878e-01 | 14 -0.00387 -3.13382e-02 | 15  0.01257 -7.52804e-02
 16  0.01347 -6.03404e-02 | 17 -0.04168  8.74419e-03 | 18  0.05123  4.11613e-02
 19  0.06878 -3.82406e-02 | 20 -0.05807  2.51082e-04 | 21 -0.04285  1.79348e-02
 22  0.10865  8.64615e-02 | 23 -0.04438  5.90484e-02 | 24 -0.12440 -2.31130e-02
 25 -0.08327 -5.92522e-04 | 26 -0.03430 -2.70739e-02 | 27 -0.01343 -3.07848e-02
 28 -0.01493 -2.56618e-02 | 29  0.01130 -1.46739e-02 | 30  0.05104 -8.53530e-03
 31  0.02691 -3.73647e-03 | 32 -0.04316 -1.82739e-02 | 33 -0.62538  3.53489e-04
 34  0.03669  4.67052e-03 | 35  0.53155 -7.55249e-03 | 36 -0.05253 -3.69354e-02
 37  0.02215  9.15103e-02 | 38 -0.56386  8.96518e-05 | 39  0.04046 -1.86733e-03
 40  0.63432  4.07916e-02 | 41 -0.08769  2.78840e-02 | 42 -0.28335 -6.99817e-02
 43 -0.63473  1.43780e-02 | 44  0.98892 -1.58388e-03 | 45 -0.41093 -2.11451e-03
 46  0.04357  5.88305e-01 | 47 -0.15572  2.83099e-01 | 48  0.12339 -3.20608e-01
 49 -0.00751  1.49108e-01 | 50  0.00207  4.80662e-01 | 51  0.04176 -7.89459e-03
 52 -0.11387  4.37520e-02 | 53  0.00684  1.26794e-02 | 54  0.41171  2.50934e-03
 55  0.00161 -2.14147e-03 |
55 variables; iteration 160; function evaluation 208; phase 3
Function value 3.8216410e+02; maximum gradient component mag -1.1273e+00
Var    Value     Gradient |Var    Value     Gradient |Var    Value     Gradient
  1  0.15892 -1.66896e-01 |  2 -0.02222  2.34867e-02 |  3  0.00247  4.51536e-03
  4  0.05322 -6.21902e-03 |  5  0.04273 -9.73484e-03 |  6  0.00148 -1.63173e-02
  7 -0.01446 -1.92640e-02 |  8  0.00773 -2.50308e-02 |  9  0.00086 -2.76637e-02
 10 -0.05117 -1.50869e-02 | 11  0.00497 -2.18437e-02 | 12  0.00744 -1.90433e-02
 13  0.08306  6.31115e-02 | 14 -0.00397  2.68013e-02 | 15  0.01298  5.91812e-02
 16  0.01333  1.99302e-02 | 17 -0.04173 -2.34011e-02 | 18  0.05236 -4.30524e-02
 19  0.06801  2.27755e-02 | 20 -0.05834  6.01852e-03 | 21 -0.04337 -2.27180e-02
 22  0.10883 -1.50572e-01 | 23 -0.04217 -4.14717e-02 | 24 -0.12498 -1.92526e-02
 25 -0.08389 -2.71567e-02 | 26 -0.03455  6.70351e-03 | 27 -0.01353  2.47897e-02
 28 -0.01495  3.34674e-02 | 29  0.01140  3.41725e-02 | 30  0.05113  3.28046e-02
 31  0.02711  3.51112e-02 | 32 -0.04363  2.76594e-02 | 33 -0.63213 -2.39348e-04
 34  0.03654  7.22721e-02 | 35  0.53245  5.86606e-02 | 36 -0.05284  1.74273e-01
 37  0.02187 -1.53283e-02 | 38 -0.56413  5.87417e-05 | 39  0.04042 -6.49545e-02
 40  0.63413 -5.48649e-02 | 41 -0.08776 -6.13880e-02 | 42 -0.28382  6.55907e-02
 43 -0.63527 -1.77772e-02 | 44  0.98888 -1.39588e-03 | 45 -0.40995 -5.02867e-03
 46  0.05806 -1.12726e+00 | 47 -0.19267 -3.39630e-01 | 48  0.12625  1.33002e-01
 49 -0.52691 -3.41911e-03 | 50 -0.00356 -1.61542e-01 | 51  0.04179 -4.33664e-02
 52 -0.11492 -1.83332e-01 | 53  0.00693 -2.79382e-02 | 54  0.41701 -2.65095e-02
 55  0.00071 -1.85837e-01 |
55 variables; iteration 180; function evaluation 237; phase 3
Function value 3.8216353e+02; maximum gradient component mag 2.3776e+00
Var    Value     Gradient |Var    Value     Gradient |Var    Value     Gradient
  1  0.15893  6.85999e-02 |  2 -0.02224 -5.10981e-03 |  3  0.00247  2.74803e-03
  4  0.05323  6.75539e-03 |  5  0.04273  7.05166e-03 |  6  0.00149  7.74589e-03
  7 -0.01445  8.64772e-03 |  8  0.00772  1.30486e-02 |  9  0.00086  1.04822e-02
 10 -0.05117  2.28794e-03 | 11  0.00496  2.22231e-03 | 12  0.00750  2.84472e-03
 13  0.08302 -2.59481e-02 | 14 -0.00392 -7.69756e-03 | 15  0.01295 -2.26154e-02
 16  0.01334 -1.04562e-02 | 17 -0.04171  5.37587e-03 | 18  0.05238  1.56465e-02
 19  0.06800 -9.75369e-03 | 20 -0.05834 -3.77899e-03 | 21 -0.04336  5.64364e-03
 22  0.10883  3.52804e-02 | 23 -0.04218  1.76752e-02 | 24 -0.12498 -4.56494e-04
 25 -0.08387  3.85867e-03 | 26 -0.03456 -3.97027e-03 | 27 -0.01354 -7.18076e-03
 28 -0.01496 -7.95530e-03 | 29  0.01139 -6.56678e-03 | 30  0.05114 -5.06528e-03
 31  0.02709 -6.89536e-03 | 32 -0.04363 -1.03777e-02 | 33 -0.62813  1.06617e-04
 34  0.03654 -1.46453e-02 | 35  0.53244 -1.35063e-02 | 36 -0.05284 -4.16748e-02
 37  0.02185  1.10570e-02 | 38 -0.56483  1.75497e-05 | 39  0.04042  1.09007e-02
 40  0.63420  1.53164e-02 | 41 -0.08775  1.34220e-02 | 42 -0.28384 -2.02883e-02
 43 -0.63527  5.21899e-03 | 44  0.98894  2.07951e-04 | 45 -0.40991  4.12004e-04
 46  0.05797  2.37761e+00 | 47 -0.19294  7.29155e-01 | 48  0.12623 -1.00059e-01
 49 -0.29937  1.26996e-02 | 50 -0.00353  7.25184e-02 | 51  0.04177  1.31069e-03
 52 -0.11469  3.36696e-02 | 53  0.00693  8.49672e-03 | 54  0.41621  4.09812e-03
 55  0.00071  3.23670e-02 |
55 variables; iteration 200; function evaluation 260; phase 3
Function value 3.8216344e+02; maximum gradient component mag 9.5962e-01
Var    Value     Gradient |Var    Value     Gradient |Var    Value     Gradient
  1  0.15892 -2.65169e-02 |  2 -0.02223  1.43677e-03 |  3  0.00247 -3.49253e-03
  4  0.05322 -6.01273e-03 |  5  0.04273 -5.90233e-03 |  6  0.00148 -5.99100e-03
  7 -0.01445 -7.95608e-03 |  8  0.00773 -9.89459e-03 |  9  0.00086 -7.27787e-03
 10 -0.05117 -1.25905e-03 | 11  0.00496 -3.01182e-03 | 12  0.00747 -1.60487e-03
 13  0.08304  2.03519e-02 | 14 -0.00395  3.90073e-03 | 15  0.01296  1.46485e-02
 16  0.01334  7.04423e-03 | 17 -0.04172 -3.92946e-03 | 18  0.05237 -1.23632e-03
 19  0.06800  6.15659e-03 | 20 -0.05834 -7.29269e-04 | 21 -0.04337 -6.53336e-03
 22  0.10883 -2.11807e-02 | 23 -0.04218 -5.11073e-03 | 24 -0.12496  5.84283e-03
 25 -0.08388 -5.56046e-04 | 26 -0.03456  4.22093e-03 | 27 -0.01353  5.60990e-03
 28 -0.01496  4.16781e-03 | 29  0.01139  1.99930e-03 | 30  0.05114  1.43693e-03
 31  0.02709  2.45522e-03 | 32 -0.04363  7.38467e-03 | 33 -0.63023 -7.86611e-05
 34  0.03654  8.92059e-03 | 35  0.53244  8.48634e-03 | 36 -0.05284  2.75951e-02
 37  0.02186 -8.90565e-03 | 38 -0.56520 -1.61884e-05 | 39  0.04042 -4.65716e-03
 40  0.63417 -8.43677e-03 | 41 -0.08774 -5.49920e-03 | 42 -0.28383  1.63444e-02
 43 -0.63527 -3.60252e-03 | 44  0.98893  1.03377e-04 | 45 -0.40992  2.19687e-04
 46  0.05794  9.59617e-01 | 47 -0.19477  2.91580e-01 | 48  0.12622 -3.36601e-03
 49 -0.23742  1.18005e-02 | 50 -0.00353 -5.88062e-03 | 51  0.04178  2.66701e-03
 52 -0.11476 -1.61832e-02 | 53  0.00693 -6.46807e-03 | 54  0.41652 -1.87457e-03
 55  0.00071 -1.36222e-02 |
55 variables; iteration 220; function evaluation 286; phase 3
Function value 3.8216340e+02; maximum gradient component mag 4.0069e-01
Var    Value     Gradient |Var    Value     Gradient |Var    Value     Gradient
  1  0.15892  1.42812e-02 |  2 -0.02223 -7.61567e-04 |  3  0.00247  5.27698e-04
  4  0.05322  1.71327e-03 |  5  0.04273  1.98449e-03 |  6  0.00149  2.20416e-03
  7 -0.01445  2.60850e-03 |  8  0.00772  3.94620e-03 |  9  0.00086  2.56111e-03
 10 -0.05117  3.76175e-04 | 11  0.00496  3.66917e-04 | 12  0.00749  6.04927e-04
 13  0.08303 -5.43977e-03 | 14 -0.00393 -1.26903e-03 | 15  0.01295 -4.35074e-03
 16  0.01334 -1.89399e-03 | 17 -0.04171  1.13476e-03 | 18  0.05237  2.94334e-03
 19  0.06800 -2.11327e-03 | 20 -0.05834 -5.27869e-04 | 21 -0.04336  1.35551e-03
 22  0.10883  6.41255e-03 | 23 -0.04218  3.34003e-03 | 24 -0.12497 -1.05944e-03
 25 -0.08388  1.54483e-04 | 26 -0.03456 -1.28738e-03 | 27 -0.01354 -1.75008e-03
 28 -0.01496 -1.55480e-03 | 29  0.01139 -1.07572e-03 | 30  0.05114 -7.74278e-04
 31  0.02709 -1.16498e-03 | 32 -0.04363 -2.06185e-03 | 33 -0.62909  2.17072e-05
 34  0.03654 -3.24690e-03 | 35  0.53244 -2.92206e-03 | 36 -0.05284 -8.87075e-03
 37  0.02185  3.12863e-03 | 38 -0.56497  4.14072e-06 | 39  0.04042  1.13641e-03
 40  0.63418  3.06546e-03 | 41 -0.08775  2.53735e-03 | 42 -0.28384 -4.12130e-03
 43 -0.63527  7.84956e-04 | 44  0.98893  2.16794e-05 | 45 -0.40991  9.23688e-05
 46  0.05799  4.00694e-01 | 47 -0.19734  1.10344e-01 | 48  0.12623 -1.94878e-02
 49 -0.19667  7.49163e-03 | 50 -0.00354  1.46756e-02 | 51  0.04178 -1.97464e-04
 52 -0.11472  6.13670e-03 | 53  0.00693  2.05269e-03 | 54  0.41637  7.27653e-04
 55  0.00071  6.08433e-03 |
55 variables; iteration 240; function evaluation 313; phase 3
Function value 3.8216337e+02; maximum gradient component mag 5.1332e-01
Var    Value     Gradient |Var    Value     Gradient |Var    Value     Gradient
  1  0.15892  1.24329e-02 |  2 -0.02223 -7.03288e-04 |  3  0.00247  3.90577e-04
  4  0.05322  1.02089e-03 |  5  0.04273  1.10625e-03 |  6  0.00148  1.15647e-03
  7 -0.01445  1.15910e-03 |  8  0.00772  1.98349e-03 |  9  0.00086  1.40372e-03
 10 -0.05117  5.75829e-06 | 11  0.00496 -8.72273e-05 | 12  0.00749  1.58848e-04
 13  0.08303 -3.85443e-03 | 14 -0.00393 -1.05538e-03 | 15  0.01295 -3.10947e-03
 16  0.01334 -1.73637e-03 | 17 -0.04171  3.14916e-04 | 18  0.05237  3.07712e-03
 19  0.06800 -1.61220e-03 | 20 -0.05834 -7.54074e-04 | 21 -0.04336  8.62025e-04
 22  0.10883  5.45445e-03 | 23 -0.04218  3.79460e-03 | 24 -0.12497 -5.76852e-04
 25 -0.08388  1.66842e-04 | 26 -0.03456 -7.51638e-04 | 27 -0.01354 -9.99120e-04
 28 -0.01496 -1.03550e-03 | 29  0.01139 -7.67940e-04 | 30  0.05114 -5.70617e-04
 31  0.02709 -8.38863e-04 | 32 -0.04363 -1.34846e-03 | 33 -0.62917  1.39873e-05
 34  0.03654 -2.03306e-03 | 35  0.53244 -1.82769e-03 | 36 -0.05284 -5.64936e-03
 37  0.02186  2.04084e-03 | 38 -0.56498  2.65017e-06 | 39  0.04042  7.92537e-04
 40  0.63418  1.95619e-03 | 41 -0.08775  1.58885e-03 | 42 -0.28384 -2.76211e-03
 43 -0.63527  5.88530e-04 | 44  0.98893  7.46001e-06 | 45 -0.40991  2.40800e-05
 46  0.05799  5.13316e-01 | 47 -0.20041  1.31876e-01 | 48  0.12623 -2.66117e-02
 49 -0.16478  1.53419e-02 | 50 -0.00354  1.84552e-02 | 51  0.04178 -2.46565e-04
 52 -0.11473  3.86515e-03 | 53  0.00693  1.29682e-03 | 54  0.41639  4.54778e-04
 55  0.00071  3.71169e-03 |
55 variables; iteration 260; function evaluation 340; phase 3
Function value 3.8216335e+02; maximum gradient component mag 3.3376e-01
Var    Value     Gradient |Var    Value     Gradient |Var    Value     Gradient
  1  0.15892  3.47430e-03 |  2 -0.02223 -1.98642e-04 |  3  0.00247 -1.45202e-04
  4  0.05322 -2.40696e-04 |  5  0.04273 -2.06091e-04 |  6  0.00148 -2.84276e-04
  7 -0.01445 -5.66267e-04 |  8  0.00772 -4.37495e-04 |  9  0.00086 -3.13071e-04
 10 -0.05117 -3.45555e-04 | 11  0.00496 -6.07068e-04 | 12  0.00748 -3.03500e-04
 13  0.08304  3.77038e-04 | 14 -0.00393 -1.14241e-04 | 15  0.01296  2.00729e-04
 16  0.01334 -3.63401e-04 | 17 -0.04171 -6.18582e-04 | 18  0.05237  1.55207e-03
 19  0.06800 -1.56949e-04 | 20 -0.05834 -5.32728e-04 | 21 -0.04336 -3.53374e-04
 22  0.10883  3.37935e-04 | 23 -0.04218  1.75485e-03 | 24 -0.12497  2.54014e-04
 25 -0.08388 -6.84628e-05 | 26 -0.03456  1.79267e-04 | 27 -0.01353  2.99710e-04
 28 -0.01496  9.48600e-05 | 29  0.01139  3.31326e-06 | 30  0.05114  2.76273e-05
 31  0.02709 -4.14757e-06 | 32 -0.04363  3.04296e-04 | 33 -0.62937 -3.07172e-06
 34  0.03654  4.20132e-04 | 35  0.53244  3.91097e-04 | 36 -0.05284  1.22832e-03
 37  0.02186 -3.36386e-06 | 38 -0.56502 -5.03166e-07 | 39  0.04042 -4.49506e-04
 40  0.63418 -2.97209e-04 | 41 -0.08775 -1.93972e-04 | 42 -0.28384  5.64912e-04
 43 -0.63527 -1.24378e-04 | 44  0.98893 -2.22296e-06 | 45 -0.40992 -5.90105e-06
 46  0.05798  3.33760e-01 | 47 -0.20430  7.91613e-02 | 48  0.12623 -1.85830e-02
 49 -0.13880  1.41600e-02 | 50 -0.00353  1.14315e-02 | 51  0.04178  1.92441e-05
 52 -0.11474 -8.36158e-04 | 53  0.00693 -2.55249e-04 | 54  0.41642 -1.01919e-04
 55  0.00071 -7.94661e-04 |
55 variables; iteration 280; function evaluation 366; phase 3
Function value 3.8216334e+02; maximum gradient component mag 3.2626e-02
Var    Value     Gradient |Var    Value     Gradient |Var    Value     Gradient
  1  0.15892 -1.52275e-03 |  2 -0.02223  8.79997e-05 |  3  0.00247 -1.41821e-04
  4  0.05322 -3.20135e-04 |  5  0.04273 -3.27133e-04 |  6  0.00148 -3.68809e-04
  7 -0.01445 -4.76595e-04 |  8  0.00772 -6.15075e-04 |  9  0.00086 -4.37368e-04
 10 -0.05117 -1.32298e-04 | 11  0.00496 -2.10602e-04 | 12  0.00748 -1.51854e-04
 13  0.08304  1.02394e-03 | 14 -0.00393  1.98630e-04 | 15  0.01296  7.88228e-04
 16  0.01334  2.59001e-04 | 17 -0.04171 -3.08390e-04 | 18  0.05237 -1.15036e-04
 19  0.06800  3.05109e-04 | 20 -0.05834 -3.07565e-05 | 21 -0.04336 -3.31483e-04
 22  0.10883 -1.12310e-03 | 23 -0.04218 -2.00493e-04 | 24 -0.12497  2.24019e-04
 25 -0.08388 -6.73912e-05 | 26 -0.03456  2.36485e-04 | 27 -0.01353  3.39881e-04
 28 -0.01496  2.72627e-04 | 29  0.01139  1.77051e-04 | 30  0.05114  1.40500e-04
 31  0.02709  1.90680e-04 | 32 -0.04363  4.20528e-04 | 33 -0.62938 -4.38096e-06
 34  0.03654  6.33139e-04 | 35  0.53244  5.68422e-04 | 36 -0.05284  1.76430e-03
 37  0.02186 -4.67406e-04 | 38 -0.56502 -7.88098e-07 | 39  0.04042 -3.52935e-04
 40  0.63418 -5.60842e-04 | 41 -0.08775 -4.37631e-04 | 42 -0.28383  8.44231e-04
 43 -0.63527 -1.81899e-04 | 44  0.98893 -2.83588e-06 | 45 -0.40992 -7.50142e-06
 46  0.05798  3.26259e-02 | 47 -0.20890  7.69068e-03 | 48  0.12623 -1.00226e-03
 49 -0.11830  1.69296e-03 | 50 -0.00353  1.18940e-04 | 51  0.04178  6.17816e-05
 52 -0.11474 -1.20814e-03 | 53  0.00693 -3.94441e-04 | 54  0.41642 -1.44914e-04
 55  0.00071 -1.16104e-03 |
55 variables; iteration 300; function evaluation 393; phase 3
Function value 3.8216334e+02; maximum gradient component mag 9.8229e-02
Var    Value     Gradient |Var    Value     Gradient |Var    Value     Gradient
  1  0.15892  2.30234e-03 |  2 -0.02223 -1.34533e-04 |  3  0.00247 -1.95072e-05
  4  0.05322  9.03687e-07 |  5  0.04273  2.13921e-05 |  6  0.00148 -1.68689e-07
  7 -0.01445 -9.67970e-05 |  8  0.00772  1.96270e-05 |  9  0.00086  1.30999e-05
 10 -0.05117 -1.19414e-04 | 11  0.00496 -2.17486e-04 | 12  0.00748 -9.02565e-05
 13  0.08304 -2.10944e-04 | 14 -0.00393 -1.33864e-04 | 15  0.01296 -2.07416e-04
 16  0.01334 -2.79117e-04 | 17 -0.04171 -1.83642e-04 | 18  0.05237  8.10200e-04
 19  0.06800 -1.91178e-04 | 20 -0.05834 -2.49094e-04 | 21 -0.04336 -4.49417e-05
 22  0.10883  6.06960e-04 | 23 -0.04218  9.41487e-04 | 24 -0.12497  4.15810e-05
 25 -0.08388 -5.07607e-06 | 26 -0.03456 -5.28076e-07 | 27 -0.01353  1.77117e-05
 28 -0.01496 -5.88559e-05 | 29  0.01139 -6.71243e-05 | 30  0.05114 -4.04527e-05
 31  0.02709 -7.63929e-05 | 32 -0.04363 -9.35282e-06 | 33 -0.62933  2.24023e-07
 34  0.03654 -4.79525e-05 | 35  0.53244 -3.01898e-05 | 36 -0.05284 -8.67294e-05
 37  0.02186  1.79904e-04 | 38 -0.56501  4.84824e-08 | 39  0.04042 -8.33417e-05
 40  0.63418  7.20129e-05 | 41 -0.08775  7.51318e-05 | 42 -0.28384 -4.75420e-05
 43 -0.63527  9.21241e-06 | 44  0.98893  2.17781e-07 | 45 -0.40992 -1.62883e-07
 46  0.05798  9.82287e-02 | 47 -0.21417  1.82737e-02 | 48  0.12623 -8.73604e-03
 49 -0.10168  6.59964e-03 | 50 -0.00353  5.58700e-03 | 51  0.04178 -1.16356e-05
 52 -0.11473  6.59391e-05 | 53  0.00693  2.86485e-05 | 54  0.41641  8.43437e-06
 55  0.00071  7.12488e-05 |
55 variables; iteration 320; function evaluation 420; phase 3
Function value 3.8216334e+02; maximum gradient component mag 3.1961e-02
Var    Value     Gradient |Var    Value     Gradient |Var    Value     Gradient
  1  0.15892  1.39588e-03 |  2 -0.02223 -8.14763e-05 |  3  0.00247  2.82623e-05
  4  0.05322  8.35389e-05 |  5  0.04273  9.43095e-05 |  6  0.00148  9.58646e-05
  7 -0.01445  8.20663e-05 |  8  0.00772  1.68614e-04 |  9  0.00086  1.19545e-04
 10 -0.05117 -1.73556e-05 | 11  0.00496 -3.93940e-05 | 12  0.00748  5.00887e-07
 13  0.08303 -3.58455e-04 | 14 -0.00393 -1.09899e-04 | 15  0.01296 -2.95454e-04
 16  0.01334 -1.88531e-04 | 17 -0.04171  8.46857e-07 | 18  0.05237  3.81584e-04
 19  0.06800 -1.62103e-04 | 20 -0.05834 -9.98795e-05 | 21 -0.04336  6.70082e-05
 22  0.10883  5.56645e-04 | 23 -0.04218  4.60674e-04 | 24 -0.12497 -4.01143e-05
 25 -0.08388  1.55392e-05 | 26 -0.03456 -6.17222e-05 | 27 -0.01353 -8.09093e-05
 28 -0.01496 -9.66693e-05 | 29  0.01139 -7.53696e-05 | 30  0.05114 -5.42476e-05
 31  0.02709 -8.29429e-05 | 32 -0.04363 -1.13261e-04 | 33 -0.62932  1.24335e-06
 34  0.03654 -1.86658e-04 | 35  0.53244 -1.61470e-04 | 36 -0.05284 -4.98136e-04
 37  0.02186  2.00048e-04 | 38 -0.56501  2.25790e-07 | 39  0.04042  5.59444e-05
 40  0.63418  1.77565e-04 | 41 -0.08775  1.46834e-04 | 42 -0.28384 -2.40665e-04
 43 -0.63527  5.14211e-05 | 44  0.98893  8.40302e-07 | 45 -0.40992  1.90058e-06
 46  0.05798  3.19614e-02 | 47 -0.21888  5.20764e-03 | 48  0.12623 -3.52673e-03
 49 -0.09049  2.42678e-03 | 50 -0.00354  2.39194e-03 | 51  0.04178 -2.07634e-05
 52 -0.11473  3.44576e-04 | 53  0.00693  1.15371e-04 | 54  0.41641  4.16575e-05
 55  0.00071  3.34759e-04 |
Warning: the following parameters had issues
  selparm[15] is within 0.1% of upper bound: 1.00000e+01 < 6.99955e+01 < 7.00000e+01


 - final statistics:
55 variables; iteration 335; function evaluation 438
Function value 3.8216e+02; maximum gradient component mag 7.1739e-06
Exit code = 1;  converg criter 1.0000e-04
Var    Value     Gradient |Var    Value     Gradient |Var    Value     Gradient
  1  0.15892 -6.31447e-06 |  2 -0.02223  3.69174e-07 |  3  0.00247 -4.28167e-07
  4  0.05322 -1.00040e-06 |  5  0.04273 -1.03714e-06 |  6  0.00148 -1.15426e-06
  7 -0.01445 -1.42878e-06 |  8  0.00772 -1.93979e-06 |  9  0.00086 -1.37925e-06
 10 -0.05117 -3.35131e-07 | 11  0.00496 -5.16307e-07 | 12  0.00748 -4.17300e-07
 13  0.08304  3.35724e-06 | 14 -0.00393  7.13965e-07 | 15  0.01296  2.61436e-06
 16  0.01334  9.97737e-07 | 17 -0.04171 -8.48979e-07 | 18  0.05237 -9.00791e-07
 19  0.06800  1.07935e-06 | 20 -0.05834  6.66542e-08 | 21 -0.04336 -1.01302e-06
 22  0.10883 -3.94263e-06 | 23 -0.04218 -1.25536e-06 | 24 -0.12497  6.70918e-07
 25 -0.08388 -2.12236e-07 | 26 -0.03456  7.39816e-07 | 27 -0.01353  1.05520e-06
 28 -0.01496  8.96720e-07 | 29  0.01139  6.02087e-07 | 30  0.05114  4.68849e-07
 31  0.02709  6.50991e-07 | 32 -0.04363  1.31749e-06 | 33 -0.62933 -1.39694e-08
 34  0.03654  2.04165e-06 | 35  0.53244  1.81013e-06 | 36 -0.05284  5.61276e-06
 37  0.02186 -1.58937e-06 | 38 -0.56501 -2.49382e-09 | 39  0.04042 -1.05566e-06
 40  0.63418 -1.81202e-06 | 41 -0.08775 -1.42771e-06 | 42 -0.28384  2.68265e-06
 43 -0.63527 -5.77706e-07 | 44  0.98893 -9.27103e-09 | 45 -0.40992 -2.38782e-08
 46  0.05798  7.17392e-06 | 47 -0.22037  2.15269e-06 | 48  0.12623  2.60954e-06
 49 -0.08747  1.09583e-06 | 50 -0.00353 -3.31094e-06 | 51  0.04178  1.96965e-07
 52 -0.11473 -3.85614e-06 | 53  0.00693 -1.26115e-06 | 54  0.41641 -4.64871e-07
 55  0.00071 -3.71612e-06 |
Estimating row 1 out of 55 for hessian
Estimating row 2 out of 55 for hessian
Estimating row 3 out of 55 for hessian
Estimating row 4 out of 55 for hessian
Estimating row 5 out of 55 for hessian
Estimating row 6 out of 55 for hessian
Estimating row 7 out of 55 for hessian
Estimating row 8 out of 55 for hessian
Estimating row 9 out of 55 for hessian
Estimating row 10 out of 55 for hessian
Estimating row 11 out of 55 for hessian
Estimating row 12 out of 55 for hessian
Estimating row 13 out of 55 for hessian
Estimating row 14 out of 55 for hessian
Estimating row 15 out of 55 for hessian
Estimating row 16 out of 55 for hessian
Estimating row 17 out of 55 for hessian
Estimating row 18 out of 55 for hessian
Estimating row 19 out of 55 for hessian
Estimating row 20 out of 55 for hessian
Estimating row 21 out of 55 for hessian
Estimating row 22 out of 55 for hessian
Estimating row 23 out of 55 for hessian
Estimating row 24 out of 55 for hessian
Estimating row 25 out of 55 for hessian
Estimating row 26 out of 55 for hessian
Estimating row 27 out of 55 for hessian
Estimating row 28 out of 55 for hessian
Estimating row 29 out of 55 for hessian
Estimating row 30 out of 55 for hessian
Estimating row 31 out of 55 for hessian
Estimating row 32 out of 55 for hessian
Estimating row 33 out of 55 for hessian
Estimating row 34 out of 55 for hessian
Estimating row 35 out of 55 for hessian
Estimating row 36 out of 55 for hessian
Estimating row 37 out of 55 for hessian
Estimating row 38 out of 55 for hessian
Estimating row 39 out of 55 for hessian
Estimating row 40 out of 55 for hessian
Estimating row 41 out of 55 for hessian
Estimating row 42 out of 55 for hessian
Estimating row 43 out of 55 for hessian
Estimating row 44 out of 55 for hessian
Estimating row 45 out of 55 for hessian
Estimating row 46 out of 55 for hessian
Estimating row 47 out of 55 for hessian
Estimating row 48 out of 55 for hessian
Estimating row 49 out of 55 for hessian
Estimating row 50 out of 55 for hessian
Estimating row 51 out of 55 for hessian
Estimating row 52 out of 55 for hessian
Estimating row 53 out of 55 for hessian
Estimating row 54 out of 55 for hessian
Estimating row 55 out of 55 for hessian
size of file gradfil1.tmp = 0
size of file gradfil2.tmp = 0
size of file varssave.tmp = 0
size of file cmpdiff.tmp = 0
