
Initial statistics: 1 variables; iteration 0; function evaluation 0; phase 1
Function value 7.0699154e+02; maximum gradient component mag -1.2780e+05
Var    Value     Gradient |Var    Value     Gradient |Var    Value     Gradient
  1  0.06041 -1.27802e+05 |

 - final statistics:
1 variables; iteration 20; function evaluation 22
Function value 4.9528e+02; maximum gradient component mag -6.3399e+00
Exit code = 1;  converg criter 1.0000e+01
Var    Value     Gradient |Var    Value     Gradient |Var    Value     Gradient
  1  0.25756 -6.33988e+00 |

Initial statistics: 12 variables; iteration 0; function evaluation 0; phase 2
Function value 4.9527516e+02; maximum gradient component mag 2.2994e+02
Var    Value     Gradient |Var    Value     Gradient |Var    Value     Gradient
  1  0.25756 -6.33988e+00 |  2 -0.17102  4.29243e+01 |  3 -0.56347 -1.09915e-02
  4 -0.05540  2.29939e+02 |  5 -0.58315  2.04559e-02 |  6 -0.38017  3.43915e+01
  7  0.61396  7.58435e+00 |  8  0.05685  9.20642e-04 |  9 -0.39702  5.02300e+00
 10 -0.06477  1.02670e+01 | 11  0.06178  1.47873e+02 | 12 -0.54365  3.88790e-02

 - final statistics:
12 variables; iteration 12; function evaluation 20
Function value 4.8985e+02; maximum gradient component mag -3.8824e+00
Exit code = 1;  converg criter 1.0000e+01
Var    Value     Gradient |Var    Value     Gradient |Var    Value     Gradient
  1  0.44471 -6.75168e-01 |  2 -0.17457 -5.27712e-01 |  3 -0.48797 -3.88187e-02
  4 -0.07218 -3.88243e+00 |  5 -0.59417  1.53780e-03 |  6 -0.42885  2.27398e-01
  7  0.50739  1.41508e-01 |  8  0.09040  4.26733e-03 |  9 -0.40578  7.25622e-02
 10 -0.06406 -8.07416e-01 | 11  0.03800 -7.90492e-01 | 12 -0.58398  5.42153e-03

Initial statistics: 57 variables; iteration 0; function evaluation 0; phase 3
Function value 4.8984927e+02; maximum gradient component mag -6.2847e+02
Var    Value     Gradient |Var    Value     Gradient |Var    Value     Gradient
  1  0.44471 -6.75168e-01 |  2  0.00000  4.19477e+01 |  3  0.00000  2.88712e+01
  4  0.00000 -9.96800e+01 |  5  0.00000 -1.27748e+02 |  6  0.00000 -1.09943e+02
  7  0.00000  4.38402e+01 |  8  0.00000  3.16750e+01 |  9  0.00000  1.21799e+02
 10  0.00000  1.83220e+02 | 11  0.00000  2.76026e+02 | 12  0.00000  6.11972e+01
 13  0.00000 -1.20252e+02 | 14  0.00000 -2.58977e+02 | 15  0.00000 -2.55383e+02
 16  0.00000 -1.92339e+02 | 17  0.00000 -1.91075e+02 | 18  0.00000 -1.60380e+02
 19  0.00000 -6.28471e+02 | 20  0.00000 -5.52075e+02 | 21  0.00000 -5.36852e+01
 22  0.00000 -9.37021e+00 | 23  0.00000 -1.65625e+02 | 24  0.00000  3.50891e+02
 25  0.00000  4.60713e+02 | 26  0.00000  4.86553e+02 | 27  0.00000  4.46261e+02
 28  0.00000  2.08455e+02 | 29  0.00000  1.72104e+02 | 30  0.00000  1.14504e+01
 31 -0.17457 -5.27712e-01 | 32 -0.48797 -3.88187e-02 | 33  0.01910 -3.61231e+01
 34  0.65984  5.41653e+00 | 35 -0.09733  1.74177e+02 | 36 -0.07218 -3.88243e+00
 37 -0.59417  1.53780e-03 | 38  0.06366  2.38844e+01 | 39  0.67737  2.22434e+01
 40 -0.35262 -6.04188e-02 | 41 -0.42885  2.27398e-01 | 42 -0.62161  2.77201e+00
 43  0.50739  1.41508e-01 | 44  0.09040  4.26733e-03 | 45  0.13067 -1.38498e-01
 46 -0.00568  8.53762e-05 | 47  0.12692 -6.80463e-04 | 48 -0.40578  7.25622e-02
 49 -0.06406 -8.07416e-01 | 50 -0.01459  3.51023e-01 | 51  0.05892  4.60209e+00
 52 -0.02934  1.74129e+02 | 53  0.03800 -7.90492e-01 | 54 -0.58398  5.42153e-03
 55  0.04531  5.19045e+01 | 56  0.44957  2.98090e+01 | 57 -0.06210  5.92979e+02

Intermediate statistics: 57 variables; iteration 20; function evaluation 28; phase 3
Function value 4.0713742e+02; maximum gradient component mag 8.2586e+02
Var    Value     Gradient |Var    Value     Gradient |Var    Value     Gradient
  1  0.37454  2.23114e+00 |  2 -0.02003 -1.96828e+01 |  3 -0.05114 -1.79787e+01
  4  0.05175 -2.37249e+01 |  5  0.03634 -2.33149e+01 |  6  0.05216 -7.26270e+00
  7 -0.02758  1.15793e+01 |  8  0.01985  4.34442e+01 |  9  0.00746  1.12928e+02
 10  0.00333  1.09792e+02 | 11 -0.02440  1.18584e+02 | 12  0.01290  6.92559e+01
 13  0.01148 -3.67798e+01 | 14  0.05004 -6.68449e+01 | 15  0.01312 -1.13819e+02
 16  0.00555 -1.16334e+02 | 17  0.05345 -1.17398e+02 | 18 -0.15689 -2.16523e+02
 19  0.05923 -3.74438e+02 | 20  0.01843 -3.79456e+02 | 21 -0.01640 -1.11910e+02
 22 -0.02495 -1.64302e+01 | 23  0.07185  5.10638e+01 | 24 -0.02167  1.87417e+02
 25 -0.03897  2.09323e+02 | 26 -0.04102  2.03462e+02 | 27 -0.02360  2.12105e+02
 28  0.00122  1.03232e+02 | 29 -0.01902  5.55444e+01 | 30 -0.00770 -6.92223e+00
 31 -0.19367  7.74174e+01 | 32 -0.48826 -2.64945e-02 | 33 -0.01305 -9.79362e+01
 34  0.72049  5.50743e+00 | 35 -0.15105 -8.49736e+01 | 36 -0.07680 -2.34474e+02
 37 -0.59417 -1.87505e-02 | 38  0.06332  6.58949e+01 | 39  0.65839 -1.32183e+02
 40 -0.35296 -1.65342e-01 | 41 -0.51621 -7.41738e+00 | 42 -0.67302 -1.98751e+00
 43  0.50184  2.25794e-01 | 44  0.09028  5.74743e-03 | 45  0.12947 -2.24757e-01
 46 -0.00569  1.33767e-04 | 47  0.12690  1.02439e-04 | 48 -0.38481 -2.59532e+00
 49 -0.07455 -5.46865e+01 | 50 -0.00422 -3.02233e+00 | 51  0.09378  6.08413e+00
 52 -0.04096  1.87802e+02 | 53  0.04773  8.76843e+01 | 54 -0.58397  1.49104e-02
 55  0.04060  3.57214e+01 | 56  0.43958  5.76343e+01 | 57 -0.06043  8.25863e+02
57 variables; iteration 40; function evaluation 80; phase 3
Function value 3.7203476e+02; maximum gradient component mag -8.0738e+02
Var    Value     Gradient |Var    Value     Gradient |Var    Value     Gradient
  1  0.07005 -8.07384e+02 |  2 -0.01740 -7.46380e+01 |  3 -0.04969 -1.62785e+01
  4  0.05488  3.44998e+01 |  5  0.06057  1.35983e+02 |  6  0.05721  8.51515e+01
  7 -0.02561  4.67601e+01 |  8  0.00441  1.38664e+01 |  9  0.01706  1.50699e+02
 10  0.01607  1.95338e+02 | 11 -0.05056 -1.29126e+02 | 12 -0.00381 -2.88220e+02
 13  0.01440 -9.87163e+01 | 14  0.06322  1.65959e+02 | 15  0.00943  1.98732e+01
 16  0.01784  9.54282e+01 | 17  0.01079 -8.40362e+01 | 18 -0.02159 -1.77743e+02
 19  0.04938 -2.16132e+02 | 20  0.02710 -4.38271e+02 | 21 -0.00372 -1.60150e+02
 22 -0.03289 -8.44015e+01 | 23  0.09394  5.44747e+02 | 24 -0.03971  1.09888e+02
 25 -0.05724  1.63498e+02 | 26 -0.06522  6.54478e+01 | 27 -0.05146 -1.98625e+01
 28 -0.00292  5.39607e+01 | 29 -0.03856 -4.99469e+01 | 30 -0.03451 -3.76840e+00
 31 -0.10876 -1.58713e+02 | 32 -0.49574 -8.92636e-02 | 33  0.09991  7.91897e+01
 34  0.54473 -1.66222e+02 | 35 -0.08368 -2.94311e+02 | 36 -0.07402 -4.60190e+02
 37 -0.59401 -3.82988e-02 | 38  0.05340  9.35938e+01 | 39  0.65086 -2.68348e+02
 40 -0.35904 -1.96219e-01 | 41 -1.05081  8.38589e-02 | 42 -1.16995  5.25044e-02
 43  0.39820 -1.10172e+01 | 44  0.08650  3.03534e-03 | 45  0.10670  2.40935e+01
 46 -0.00578  2.55366e-04 | 47  0.12639 -2.39875e-03 | 48 -0.27341  1.71626e+01
 49 -0.06301  1.52415e+02 | 50  0.85832  1.40009e-02 | 51 -0.02578 -4.79896e+00
 52 -0.04767 -1.00529e+02 | 53  0.05065  7.80152e+01 | 54 -0.58382  1.18331e-02
 55  0.04210  2.78239e+01 | 56  0.50268  6.03770e+01 | 57 -0.05803  3.12697e+02
57 variables; iteration 60; function evaluation 113; phase 3
Function value 3.2536955e+02; maximum gradient component mag -1.3966e+02
Var    Value     Gradient |Var    Value     Gradient |Var    Value     Gradient
  1  0.06433 -3.99900e+00 |  2  0.00654  1.54072e+01 |  3 -0.04304  3.85346e+00
  4  0.05413  4.16062e+00 |  5  0.03740  1.16914e+01 |  6  0.04453 -1.03665e+01
  7 -0.02684  1.18720e+01 |  8  0.01928 -1.36816e+00 |  9  0.00977 -5.53838e+00
 10 -0.00493 -4.31815e+00 | 11 -0.03295 -4.06118e+01 | 12  0.01052 -4.63161e+01
 13  0.02534  3.06432e+01 | 14  0.03734 -3.25771e+00 | 15  0.01475  1.49518e+01
 16  0.00195  2.33574e+01 | 17  0.00916  1.59426e+01 | 18 -0.01098  3.88665e+01
 19  0.04562  7.84761e+01 | 20  0.04226  4.87611e+01 | 21 -0.00140 -3.46303e+00
 22 -0.01059  2.51103e+00 | 23  0.06451 -5.91535e+00 | 24 -0.05060 -3.05753e+01
 25 -0.07332 -3.49322e+01 | 26 -0.06662 -3.53489e+01 | 27 -0.03712 -2.90047e+01
 28 -0.01442 -2.12497e+01 | 29 -0.02053  3.47040e+00 | 30 -0.02916 -2.43990e+00
 31 -0.18008 -1.39657e+02 | 32 -0.69930 -7.73487e-03 | 33  0.01614  4.36133e+01
 34  0.66131 -6.28738e+01 | 35 -0.10368 -6.05990e+01 | 36 -0.04427 -2.36406e+01
 37 -0.59150 -3.99253e-03 | 38  0.07312  5.78794e+00 | 39  0.64282 -4.05507e+01
 40 -0.15664 -7.16567e+00 | 41 -0.40160 -6.72076e+00 | 42 -1.39585 -2.25503e+00
 43  0.49469 -5.28457e+00 | 44  0.07159  3.02429e-03 | 45  0.11956  1.57039e+01
 46 -0.00652  8.63574e-05 | 47  0.12549 -1.13991e-03 | 48 -0.27168  1.26000e+01
 49 -0.07564  9.52828e+01 | 50  1.41646 -7.86044e-03 | 51  0.04696  1.12468e+01
 52 -0.03795 -4.62137e+01 | 53  0.04766 -7.25546e+00 | 54 -0.57974 -2.22140e-03
 55  0.03947  2.57245e+00 | 56  0.51973  1.16370e-01 | 57 -0.08701 -2.16131e+01
57 variables; iteration 80; function evaluation 136; phase 3
Function value 3.2085021e+02; maximum gradient component mag 1.3875e+01
Var    Value     Gradient |Var    Value     Gradient |Var    Value     Gradient
  1  0.05827 -7.88297e+00 |  2  0.00861 -1.27765e+00 |  3 -0.03883 -3.24038e-02
  4  0.05652 -2.51380e+00 |  5  0.03335 -3.38332e+00 |  6  0.04671 -3.39526e+00
  7 -0.03381 -1.80507e+00 |  8  0.01849 -4.08646e+00 |  9  0.01217 -5.66734e+00
 10 -0.00748 -3.84926e+00 | 11 -0.02415  1.94512e+00 | 12  0.01396  1.52991e+00
 13  0.02192  3.43091e+00 | 14  0.03639  3.59959e+00 | 15  0.01140  5.28475e+00
 16 -0.00282  2.69774e+00 | 17  0.00795  3.74512e+00 | 18 -0.01405  1.66560e+00
 19  0.04065 -3.72768e-01 | 20  0.03924  2.97013e+00 | 21  0.00372  1.99224e+00
 22 -0.00830  1.17712e+00 | 23  0.05744  7.90694e-01 | 24 -0.05222 -1.07516e+00
 25 -0.06848 -8.26680e-01 | 26 -0.05870 -1.69787e+00 | 27 -0.03283  4.35081e-01
 28 -0.01143 -2.07900e+00 | 29 -0.02097 -2.69424e-01 | 30 -0.03455  1.08253e-01
 31 -0.17193 -2.10464e+00 | 32 -0.60518 -2.37769e-03 | 33  0.01691 -1.19255e+00
 34  0.65981 -6.09052e-01 | 35 -0.09632 -1.41123e+00 | 36 -0.05518  3.12164e+00
 37 -0.58071  4.18671e-04 | 38  0.06355 -1.54806e+00 | 39  0.67926  2.47083e+00
 40 -0.22301  1.00155e-01 | 41 -0.37616  2.65355e-01 | 42 -1.38217 -1.86794e-01
 43  0.62368  1.85565e-01 | 44  0.06619  1.07794e-03 | 45  0.13060 -1.13926e+00
 46 -0.00836 -6.57774e-06 | 47  0.17014  4.12515e-04 | 48 -0.10031  2.36042e+00
 49 -0.13324  1.38751e+01 | 50  1.46912 -4.62831e-02 | 51  0.02505  1.74621e+00
 52 -0.02769 -1.48989e+00 | 53  0.06506  5.71966e-01 | 54 -0.52924 -5.15305e-04
 55  0.05115  9.75334e-01 | 56  0.44668 -9.40747e-01 | 57 -0.05787  1.16111e+01
57 variables; iteration 100; function evaluation 172; phase 3
Function value 3.1911562e+02; maximum gradient component mag 1.4754e+02
Var    Value     Gradient |Var    Value     Gradient |Var    Value     Gradient
  1  0.05844  1.47537e+02 |  2  0.00855 -1.16964e+01 |  3 -0.03979 -9.64740e+00
  4  0.05655 -1.10220e+01 |  5  0.03375 -1.00420e+01 |  6  0.04704 -1.10932e+01
  7 -0.03407 -1.06015e+01 |  8  0.01856 -1.46516e+01 |  9  0.01208 -1.75597e+01
 10 -0.00719 -1.21462e+01 | 11 -0.02452 -1.07865e+01 | 12  0.01392 -9.90600e+00
 13  0.02184 -7.09313e+00 | 14  0.03643 -6.43835e+00 | 15  0.01130 -5.00270e+00
 16 -0.00258 -3.07727e+00 | 17  0.00792 -1.85435e+00 | 18 -0.01400  2.47274e+00
 19  0.04086  2.06245e+00 | 20  0.03919  1.33593e+00 | 21  0.00359  6.09347e+00
 22 -0.00821  1.04715e+01 | 23  0.05750  3.08243e+01 | 24 -0.05172  2.13700e+01
 25 -0.06774  1.84289e+01 | 26 -0.05872  2.22575e+01 | 27 -0.03333  2.12522e+01
 28 -0.01142  1.26992e+01 | 29 -0.02115  7.95923e+00 | 30 -0.03471 -4.75181e+00
 31 -0.17088 -5.60294e+00 | 32 -0.73363 -6.79996e-03 | 33  0.01822  2.99260e-01
 34  0.65827 -4.59439e+00 | 35 -0.09642 -9.87149e+00 | 36 -0.05510  1.36147e+01
 37 -0.57346  2.15315e-03 | 38  0.06410 -4.30821e+00 | 39  0.67913  6.65211e+00
 40 -0.33204  7.89424e-03 | 41 -0.37688  2.42656e-01 | 42 -1.37981  9.29997e-02
 43  0.63121  1.83356e-01 | 44  0.13178  6.37601e-04 | 45  0.13223 -4.59949e-01
 46  0.02185  1.00788e-04 | 47  0.25134  1.21732e-03 | 48 -0.05536  1.90219e+01
 49 -0.36085  1.82392e-01 | 50  0.16311  8.00914e-02 | 51  0.03698  1.17722e+01
 52 -0.02970  4.81988e+01 | 53  0.05946  3.63321e+00 | 54 -0.52420  1.54564e-03
 55  0.04705 -2.54274e-01 | 56  0.47384  2.14031e+00 | 57 -0.06232  1.21199e+01
57 variables; iteration 120; function evaluation 192; phase 3
Function value 3.1884261e+02; maximum gradient component mag -6.0308e-01
Var    Value     Gradient |Var    Value     Gradient |Var    Value     Gradient
  1  0.05829 -6.03079e-01 |  2  0.00873 -1.72166e-01 |  3 -0.03914  6.02498e-03
  4  0.05654  5.56558e-02 |  5  0.03360  3.20917e-02 |  6  0.04669  3.90777e-02
  7 -0.03372  6.54476e-03 |  8  0.01864 -3.66943e-02 |  9  0.01235 -3.65473e-02
 10 -0.00725 -3.65530e-01 | 11 -0.02428 -1.02387e-01 | 12  0.01398  1.01261e-01
 13  0.02187  4.10892e-01 | 14  0.03645  1.49832e-01 | 15  0.01122 -1.20029e-01
 16 -0.00270 -8.98747e-02 | 17  0.00791 -4.91611e-02 | 18 -0.01390  2.24962e-01
 19  0.04075 -1.31002e-01 | 20  0.03919 -3.02308e-01 | 21  0.00373 -2.41625e-01
 22 -0.00820  2.05658e-01 | 23  0.05720  2.36800e-01 | 24 -0.05152  2.28551e-01
 25 -0.06793  1.21314e-01 | 26 -0.05901  1.40991e-01 | 27 -0.03332 -1.53424e-01
 28 -0.01153 -8.20953e-03 | 29 -0.02136 -1.33666e-01 | 30 -0.03506 -1.02988e-02
 31 -0.17119  9.12697e-02 | 32 -0.55105  1.96140e-03 | 33  0.01783 -4.73927e-03
 34  0.65850  4.70531e-03 | 35 -0.09626 -3.55002e-01 | 36 -0.05498  8.25074e-03
 37 -0.56599  1.47848e-03 | 38  0.06397  1.14580e-02 | 39  0.67905 -2.20367e-02
 40 -0.34021 -3.23723e-03 | 41 -0.37655 -2.03733e-02 | 42 -1.38100 -1.24962e-02
 43  0.62200 -2.03744e-02 | 44  0.09304  9.44057e-04 | 45  0.13086  7.97104e-02
 46  0.01567  1.73699e-04 | 47  0.16689 -1.84229e-04 | 48 -0.06957 -6.53178e-02
 49 -0.37965  5.12252e-02 | 50  0.14979  3.35473e-02 | 51  0.03720 -7.31665e-02
 52 -0.03371  3.19722e-01 | 53  0.06010  1.52328e-01 | 54 -0.54418 -1.21015e-03
 55  0.04793 -4.82281e-02 | 56  0.47360  6.26195e-02 | 57 -0.06258  1.59255e-01
57 variables; iteration 140; function evaluation 216; phase 3
Function value 3.1884050e+02; maximum gradient component mag -2.8559e-02
Var    Value     Gradient |Var    Value     Gradient |Var    Value     Gradient
  1  0.05830 -1.99498e-02 |  2  0.00874  1.08411e-02 |  3 -0.03917  6.34407e-03
  4  0.05653  4.43441e-03 |  5  0.03359  1.65726e-03 |  6  0.04668 -2.20189e-03
  7 -0.03374 -2.25957e-03 |  8  0.01864 -1.81152e-04 |  9  0.01234 -2.64236e-03
 10 -0.00722  1.69118e-02 | 11 -0.02429  1.69471e-03 | 12  0.01398 -1.13225e-03
 13  0.02184 -2.66911e-02 | 14  0.03644 -5.34595e-03 | 15  0.01125  1.55097e-02
 16 -0.00269  1.86733e-02 | 17  0.00793  7.62411e-03 | 18 -0.01392 -6.07084e-03
 19  0.04076  1.64567e-02 | 20  0.03920  2.40660e-02 | 21  0.00374  9.89428e-03
 22 -0.00823 -2.05198e-02 | 23  0.05721 -2.85592e-02 | 24 -0.05152 -1.77519e-02
 25 -0.06794 -1.39069e-02 | 26 -0.05903 -1.88084e-02 | 27 -0.03330 -5.70660e-04
 28 -0.01154 -3.05594e-03 | 29 -0.02133  1.39103e-02 | 30 -0.03504  2.23575e-03
 31 -0.17120 -1.10129e-02 | 32 -0.57725 -3.88769e-04 | 33  0.01782 -9.12050e-04
 34  0.65846 -1.67027e-03 | 35 -0.09623  2.60403e-02 | 36 -0.05501 -6.34806e-03
 37 -0.58954 -5.50990e-04 | 38  0.06395 -1.05294e-03 | 39  0.67911 -2.15095e-03
 40 -0.39953 -2.56300e-03 | 41 -0.37653  4.90821e-04 | 42 -1.38090  5.49555e-04
 43  0.62263  9.69154e-04 | 44  0.05853  1.25803e-04 | 45  0.13093 -3.34170e-03
 46 -0.04627 -2.31977e-04 | 47  0.15928  3.42143e-04 | 48 -0.06950 -4.14849e-03
 49 -0.50691  1.35105e-03 | 50  0.14976 -2.08366e-03 | 51  0.03748  5.34093e-04
 52 -0.03376 -2.23493e-02 | 53  0.06011 -9.65280e-03 | 54 -0.51763  4.55675e-04
 55  0.04796 -3.17218e-04 | 56  0.47341 -5.38601e-03 | 57 -0.06257 -1.55377e-02
57 variables; iteration 160; function evaluation 237; phase 3
Function value 3.1884049e+02; maximum gradient component mag -2.4723e-02
Var    Value     Gradient |Var    Value     Gradient |Var    Value     Gradient
  1  0.05830 -2.47235e-02 |  2  0.00874  1.91249e-04 |  3 -0.03917 -9.28419e-04
  4  0.05653 -7.90261e-04 |  5  0.03359 -8.58408e-04 |  6  0.04668 -2.80435e-03
  7 -0.03374 -2.01060e-03 |  8  0.01864 -3.08126e-03 |  9  0.01234 -2.73323e-03
 10 -0.00722 -8.46294e-04 | 11 -0.02429 -2.55648e-04 | 12  0.01398  5.59334e-04
 13  0.02184 -1.77085e-03 | 14  0.03645  2.61316e-03 | 15  0.01125  3.00511e-03
 16 -0.00269  4.80576e-03 | 17  0.00793  3.23040e-03 | 18 -0.01391  1.38130e-03
 19  0.04076  2.44581e-03 | 20  0.03920  1.79003e-03 | 21  0.00374 -1.59254e-03
 22 -0.00823 -1.79403e-03 | 23  0.05721 -1.76275e-03 | 24 -0.05152 -1.35554e-03
 25 -0.06793 -9.86981e-04 | 26 -0.05903 -7.89237e-04 | 27 -0.03330  7.93304e-04
 28 -0.01153  2.15813e-03 | 29 -0.02134  1.43702e-03 | 30 -0.03504  3.96919e-04
 31 -0.17120 -6.28146e-04 | 32 -0.57206  5.38866e-06 | 33  0.01782  4.75196e-04
 34  0.65846 -1.33883e-04 | 35 -0.09623  7.71615e-04 | 36 -0.05501 -6.55482e-03
 37 -0.58251 -1.52878e-05 | 38  0.06395  1.49875e-03 | 39  0.67910 -5.15402e-03
 40 -0.39946 -2.56360e-03 | 41 -0.37653 -9.15418e-05 | 42 -1.38090  1.23421e-04
 43  0.62260 -7.96267e-05 | 44  0.05696  8.05488e-04 | 45  0.13093  7.96958e-04
 46  0.00366  4.55690e-05 | 47  0.14574  1.04620e-05 | 48 -0.06949 -1.44644e-04
 49 -0.50880  1.17882e-03 | 50  0.14976  2.88463e-04 | 51  0.03746 -2.08420e-04
 52 -0.03376 -1.18994e-03 | 53  0.06011 -5.31427e-04 | 54 -0.52382 -3.09338e-07
 55  0.04796  6.08552e-04 | 56  0.47343 -9.19719e-05 | 57 -0.06257 -1.84616e-03
57 variables; iteration 180; function evaluation 262; phase 3
Function value 3.1884023e+02; maximum gradient component mag 5.3333e+00
Var    Value     Gradient |Var    Value     Gradient |Var    Value     Gradient
  1  0.05830  5.33331e+00 |  2  0.00877  2.57559e-02 |  3 -0.03919 -8.43444e-02
  4  0.05654 -1.51771e-01 |  5  0.03360 -1.65549e-01 |  6  0.04667 -3.17872e-01
  7 -0.03377 -1.98754e-01 |  8  0.01864 -2.22307e-01 |  9  0.01235 -1.92420e-01
 10 -0.00721  3.66286e-02 | 11 -0.02429  1.19767e-01 | 12  0.01399 -1.49579e-01
 13  0.02181 -7.37761e-01 | 14  0.03645 -4.55816e-01 | 15  0.01126 -7.87916e-02
 16 -0.00267  1.20091e-01 | 17  0.00793  1.73672e-02 | 18 -0.01393 -2.06755e-02
 19  0.04076 -6.69262e-02 | 20  0.03921  4.36379e-01 | 21  0.00374  4.79451e-01
 22 -0.00825  1.53970e-01 | 23  0.05721  8.49939e-02 | 24 -0.05154  1.49716e-01
 25 -0.06795  2.14670e-01 | 26 -0.05905  2.33521e-01 | 27 -0.03329  3.79592e-01
 28 -0.01153  2.28572e-01 | 29 -0.02131  2.78731e-01 | 30 -0.03503 -1.14339e-01
 31 -0.17120 -1.72932e-01 | 32 -0.59931 -1.80182e-03 | 33  0.01782 -8.81890e-03
 34  0.65843 -6.98158e-02 | 35 -0.09620  2.44714e-01 | 36 -0.05496  1.15051e+00
 37 -0.60822 -1.68273e-03 | 38  0.06397 -2.73909e-01 | 39  0.67890  8.19155e-01
 40 -0.25599  4.46172e-03 | 41 -0.37655  1.08544e-02 | 42 -1.38084  5.85235e-03
 43  0.62331  1.67971e-02 | 44  0.05195 -1.61769e-04 | 45  0.13103 -4.54353e-02
 46  0.09427  4.80596e-04 | 47  0.20376  8.50612e-04 | 48 -0.06950  4.99705e-02
 49 -0.47448  5.41956e-03 | 50  0.14975 -4.58165e-02 | 51  0.03749  2.22463e-02
 52 -0.03378  8.97272e-02 | 53  0.06013 -2.05268e-02 | 54 -0.53551 -7.50143e-04
 55  0.04799  6.36142e-02 | 56  0.47326  8.65081e-03 | 57 -0.06254  2.15100e-01

 - final statistics:
57 variables; iteration 196; function evaluation 279
Function value 3.1884e+02; maximum gradient component mag -3.5832e-05
Exit code = 1;  converg criter 1.0000e-04
Var    Value     Gradient |Var    Value     Gradient |Var    Value     Gradient
  1  0.05829 -3.58320e-05 |  2  0.00875  3.00878e-06 |  3 -0.03918 -3.42728e-06
  4  0.05654 -5.31363e-06 |  5  0.03360 -3.94273e-06 |  6  0.04669  4.40672e-07
  7 -0.03375  3.43944e-07 |  8  0.01864  1.49357e-06 |  9  0.01234  2.94348e-07
 10 -0.00722  8.75017e-06 | 11 -0.02430  1.50530e-06 | 12  0.01399 -1.20669e-06
 13  0.02185 -4.82299e-06 | 14  0.03647  2.01471e-06 | 15  0.01125  2.14040e-07
 16 -0.00269  3.70217e-07 | 17  0.00792  6.93828e-06 | 18 -0.01392 -5.18903e-07
 19  0.04077 -2.58458e-07 | 20  0.03920  1.14782e-05 | 21  0.00373  4.91201e-06
 22 -0.00824 -8.48807e-06 | 23  0.05723 -1.09079e-05 | 24 -0.05154 -8.06347e-06
 25 -0.06796 -3.88398e-06 | 26 -0.05905 -4.80383e-06 | 27 -0.03330  7.53486e-07
 28 -0.01153  4.42736e-06 | 29 -0.02134  8.30442e-06 | 30 -0.03502  1.37672e-06
 31 -0.17120 -1.42388e-06 | 32 -0.57212  4.14110e-08 | 33  0.01782 -1.21596e-06
 34  0.65846 -1.10010e-07 | 35 -0.09624  7.63534e-06 | 36 -0.05486 -2.46563e-06
 37 -0.58213  2.26650e-08 | 38  0.06404 -4.00269e-06 | 39  0.67847 -2.66685e-06
 40 -0.24538 -1.55078e-07 | 41 -0.37655 -1.60085e-07 | 42 -1.38089  3.02422e-08
 43  0.62258  5.16453e-07 | 44  0.05648  5.84114e-07 | 45  0.13093 -1.83138e-06
 46 -0.00305  6.06940e-09 | 47  0.14510 -9.31932e-09 | 48 -0.06949  2.16021e-06
 49 -0.52360 -3.65289e-08 | 50  0.14977 -2.05912e-06 | 51  0.03748  2.85743e-06
 52 -0.03377 -8.60381e-06 | 53  0.06011 -3.36678e-06 | 54 -0.52382 -3.99876e-08
 55  0.04796 -9.72963e-07 | 56  0.47343 -2.10953e-06 | 57 -0.06257 -5.53733e-06
Estimating row 1 out of 57 for hessian
Estimating row 2 out of 57 for hessian
Estimating row 3 out of 57 for hessian
Estimating row 4 out of 57 for hessian
Estimating row 5 out of 57 for hessian
Estimating row 6 out of 57 for hessian
Estimating row 7 out of 57 for hessian
Estimating row 8 out of 57 for hessian
Estimating row 9 out of 57 for hessian
Estimating row 10 out of 57 for hessian
Estimating row 11 out of 57 for hessian
Estimating row 12 out of 57 for hessian
Estimating row 13 out of 57 for hessian
Estimating row 14 out of 57 for hessian
Estimating row 15 out of 57 for hessian
Estimating row 16 out of 57 for hessian
Estimating row 17 out of 57 for hessian
Estimating row 18 out of 57 for hessian
Estimating row 19 out of 57 for hessian
Estimating row 20 out of 57 for hessian
Estimating row 21 out of 57 for hessian
Estimating row 22 out of 57 for hessian
Estimating row 23 out of 57 for hessian
Estimating row 24 out of 57 for hessian
Estimating row 25 out of 57 for hessian
Estimating row 26 out of 57 for hessian
Estimating row 27 out of 57 for hessian
Estimating row 28 out of 57 for hessian
Estimating row 29 out of 57 for hessian
Estimating row 30 out of 57 for hessian
Estimating row 31 out of 57 for hessian
Estimating row 32 out of 57 for hessian
Estimating row 33 out of 57 for hessian
Estimating row 34 out of 57 for hessian
Estimating row 35 out of 57 for hessian
Estimating row 36 out of 57 for hessian
Estimating row 37 out of 57 for hessian
Estimating row 38 out of 57 for hessian
Estimating row 39 out of 57 for hessian
Estimating row 40 out of 57 for hessian
Estimating row 41 out of 57 for hessian
Estimating row 42 out of 57 for hessian
Estimating row 43 out of 57 for hessian
Estimating row 44 out of 57 for hessian
Estimating row 45 out of 57 for hessian
Estimating row 46 out of 57 for hessian
Estimating row 47 out of 57 for hessian
Estimating row 48 out of 57 for hessian
Estimating row 49 out of 57 for hessian
Estimating row 50 out of 57 for hessian
Estimating row 51 out of 57 for hessian
Estimating row 52 out of 57 for hessian
Estimating row 53 out of 57 for hessian
Estimating row 54 out of 57 for hessian
Estimating row 55 out of 57 for hessian
Estimating row 56 out of 57 for hessian
Estimating row 57 out of 57 for hessian
size of file gradfil1.tmp = 0
size of file gradfil2.tmp = 0
size of file varssave.tmp = 0
size of file cmpdiff.tmp = 0
