
Initial statistics: 1 variables; iteration 0; function evaluation 0; phase 1
Function value 5.1427523e+02; maximum gradient component mag -1.0285e+03
Var    Value     Gradient |Var    Value     Gradient |Var    Value     Gradient
  1  0.15837 -1.02853e+03 |

 - final statistics:
1 variables; iteration 9; function evaluation 11
Function value 4.9073e+02; maximum gradient component mag -9.2810e+00
Exit code = 1;  converg criter 1.0000e+01
Var    Value     Gradient |Var    Value     Gradient |Var    Value     Gradient
  1  0.30503 -9.28099e+00 |

Initial statistics: 12 variables; iteration 0; function evaluation 0; phase 2
Function value 4.9072699e+02; maximum gradient component mag 4.5000e+02
Var    Value     Gradient |Var    Value     Gradient |Var    Value     Gradient
  1  0.30503 -9.28099e+00 |  2 -0.04342  4.49997e+02 |  3 -0.62927  5.11037e-03
  4  0.02201  3.30354e+02 |  5 -0.56493  1.46589e-02 |  6 -0.28362  6.44099e+01
  7  0.98630  8.51315e-02 |  8  0.06149 -2.24396e-04 |  9  0.05821  9.75746e+01
 10 -0.22104  1.18009e+01 | 11  0.04178  3.94246e+01 | 12 -0.11446  5.87850e+01

 - final statistics:
12 variables; iteration 15; function evaluation 22
Function value 4.8285e+02; maximum gradient component mag -6.8314e+00
Exit code = 1;  converg criter 1.0000e+01
Var    Value     Gradient |Var    Value     Gradient |Var    Value     Gradient
  1  0.59134 -5.15767e-01 |  2 -0.05690 -6.83144e+00 |  3 -0.61510 -9.19950e-04
  4  0.00684 -2.86351e+00 |  5 -0.57781  3.72470e-04 |  6 -0.29652 -2.75448e+00
  7  1.07934  3.04752e-01 |  8  0.06263  2.66813e-04 |  9  0.04859 -3.34917e+00
 10 -0.18957 -2.17172e+00 | 11  0.04013 -8.38467e-02 | 12 -0.14543 -5.12347e-01

Initial statistics: 58 variables; iteration 0; function evaluation 0; phase 3
Function value 4.8285205e+02; maximum gradient component mag 4.2339e+02
Var    Value     Gradient |Var    Value     Gradient |Var    Value     Gradient
  1  0.59134 -5.15767e-01 |  2  0.00000  3.81877e+01 |  3  0.00000 -2.76601e+00
  4  0.00000 -5.77598e+01 |  5  0.00000 -4.21015e+01 |  6  0.00000  2.68818e+01
  7  0.00000  8.78506e+01 |  8  0.00000  1.18138e+02 |  9  0.00000  1.45126e+02
 10  0.00000  1.46793e+02 | 11  0.00000  2.50447e+01 | 12  0.00000 -1.42868e+02
 13  0.00000 -2.81548e+02 | 14  0.00000 -2.70285e+02 | 15  0.00000 -2.56042e+02
 16  0.00000 -2.29708e+02 | 17  0.00000 -2.42263e+02 | 18  0.00000 -3.92466e+02
 19  0.00000 -3.52664e+02 | 20  0.00000 -9.78419e+01 | 21  0.00000 -5.50932e+01
 22  0.00000 -9.82827e+01 | 23  0.00000  1.58926e+02 | 24  0.00000  4.21092e+02
 25  0.00000  4.23392e+02 | 26  0.00000  3.69645e+02 | 27  0.00000  2.65008e+02
 28  0.00000  1.63024e+02 | 29  0.00000  7.64335e+01 | 30  0.00000  3.67397e+01
 31  0.00000  1.94091e+01 | 32 -0.05690 -6.83144e+00 | 33 -0.61510 -9.19950e-04
 34  0.03661  2.68254e+01 | 35  0.53204 -5.53210e+00 | 36 -0.05270  9.50232e+01
 37  0.00684 -2.86351e+00 | 38 -0.57781  3.72470e-04 | 39  0.04045  2.42402e+01
 40  0.63422  1.20760e-01 | 41 -0.08768 -1.87353e+01 | 42 -0.29652 -2.75448e+00
 43 -0.63506 -7.24413e-01 | 44  0.92066 -3.04752e-01 | 45  0.06263  2.66813e-04
 46  0.19333 -3.40599e+01 | 47  0.00116 -3.21629e-06 | 48  0.02001 -8.13513e-05
 49  0.04859 -3.34917e+00 | 50 -0.18957 -2.17172e+00 | 51  0.12623  1.11698e+01
 52 -0.08888 -6.93704e-01 | 53 -0.00339 -6.12391e+00 | 54  0.04013 -8.38467e-02
 55 -0.14543 -5.12347e-01 | 56  0.00689 -1.10814e+01 | 57  0.41494  1.54524e+00
 58  0.00104  1.14104e+02 |

Intermediate statistics: 58 variables; iteration 20; function evaluation 25; phase 3
Function value 4.1432702e+02; maximum gradient component mag 8.3520e+02
Var    Value     Gradient |Var    Value     Gradient |Var    Value     Gradient
  1  0.58437  3.89951e-01 |  2 -0.02335  2.42285e+00 |  3  0.00984  1.63569e+01
  4  0.08120  4.95864e+01 |  5  0.06841  4.43627e+01 |  6  0.01856  2.05140e+01
  7 -0.00209  1.17155e+01 |  8  0.00926  4.98302e+00 |  9  0.03004  6.46348e+00
 10 -0.07298 -2.79916e+01 | 11  0.00885 -4.28777e+01 | 12 -0.00272 -2.79583e+00
 13  0.14642  7.32547e+01 | 14 -0.05420 -1.64501e+01 | 15  0.05397 -6.39070e+01
 16  0.01092 -1.06651e+02 | 17 -0.24594 -8.15612e+01 | 18  0.12742  3.29924e+01
 19  0.08144  7.81285e+01 | 20 -0.17454 -3.73730e+01 | 21 -0.01192  4.65947e+01
 22  0.14758  1.54528e+02 | 23 -0.02695  3.17920e+01 | 24 -0.09639  4.33320e+01
 25 -0.06573  5.31882e+01 | 26 -0.02186  6.48553e+01 | 27 -0.00136  5.85762e+01
 28  0.01077  5.68892e+01 | 29  0.04219  4.98549e+01 | 30 -0.01292  2.14385e+01
 31 -0.02531  9.72641e+00 | 32 -0.05644  8.35202e+02 | 33 -0.61511  1.42986e-02
 34  0.01680 -8.30092e+02 | 35  0.57401  1.06803e+02 | 36 -0.05178  3.23907e+02
 37  0.01490  1.07707e+02 | 38 -0.57781  5.32639e-03 | 39  0.04198 -5.49387e+01
 40  0.66569  1.68498e+01 | 41 -0.20172 -5.35520e-01 | 42 -0.29230  1.04065e+00
 43 -0.65064 -9.48848e-01 | 44  0.92891 -5.95469e-01 | 45  0.06263  2.91374e-04
 46  0.19973 -9.17297e-01 | 47  0.00116 -1.55679e-06 | 48  0.02001 -4.72564e-05
 49 -0.00005 -1.04608e+02 | 50 -0.20680 -2.98183e-02 | 51  0.13429  2.55696e+02
 52 -0.09542 -1.40546e-03 | 53 -0.00831 -7.34540e+01 | 54  0.04222  1.01010e+01
 55 -0.12080  2.95968e+01 | 56  0.01733  1.23985e+01 | 57  0.44716  6.22166e+00
 58 -0.02371  3.81686e+01 |
58 variables; iteration 40; function evaluation 54; phase 3
Function value 3.8478786e+02; maximum gradient component mag 1.1323e+02
Var    Value     Gradient |Var    Value     Gradient |Var    Value     Gradient
  1  0.20105 -8.76197e+00 |  2 -0.02085 -1.38144e+01 |  3  0.00974 -5.33012e+00
  4  0.06853 -8.51771e+00 |  5  0.03818 -2.78317e+01 |  6 -0.00344 -2.45633e+01
  7 -0.01507 -1.27054e+01 |  8  0.03598  1.53025e+01 |  9 -0.00124  1.03054e+01
 10 -0.01743  2.73859e+01 | 11  0.01038 -4.85003e+00 | 12  0.00163 -3.53616e+01
 13  0.09504 -7.31774e+01 | 14 -0.06868 -3.73955e+01 | 15  0.08875  7.65311e+01
 16  0.00615 -7.21541e+00 | 17 -0.14467 -5.72978e+01 | 18  0.11614  3.45479e+01
 19  0.04432 -5.23435e+01 | 20 -0.11108 -4.84691e+01 | 21 -0.01292  1.60578e+01
 22  0.12757  1.13232e+02 | 23 -0.01829  3.28296e+01 | 24 -0.11318  1.90956e+01
 25 -0.07324  3.19670e+01 | 26 -0.02110  4.55793e+01 | 27 -0.00848  2.17499e+01
 28 -0.00794  3.46925e+00 | 29  0.02193 -4.89121e+00 | 30 -0.01429 -1.27487e+00
 31 -0.01195  6.71901e-01 | 32 -0.05838 -3.68045e+01 | 33 -0.61578 -4.96807e-03
 34  0.02773 -8.92689e+01 | 35  0.53637 -4.04668e+01 | 36 -0.05591 -7.89774e+01
 37  0.01559 -3.73582e+01 | 38 -0.57786 -3.66872e-03 | 39  0.04127  2.61198e+01
 40  0.65136 -2.69279e+01 | 41 -0.21996 -9.72681e-01 | 42 -0.29055 -6.19973e+01
 43 -0.63834  1.92934e+01 | 44  1.28259  3.30325e+00 | 45  0.06244 -1.32177e-03
 46  0.19402  7.44724e+00 | 47  0.00116 -7.81956e-05 | 48  0.02005 -9.60849e-05
 49  0.00045 -7.55893e+01 | 50 -0.15381 -3.73758e+01 | 51  0.10891  1.57350e+01
 52 -0.35295 -1.96633e-03 | 53 -0.01369 -1.54392e+01 | 54  0.03934 -2.90074e+00
 55 -0.15794  1.32101e+01 | 56  0.01195  1.64198e+01 | 57  0.58037  1.26024e+01
 58 -0.02646  4.58689e+01 |
58 variables; iteration 60; function evaluation 82; phase 3
Function value 3.7153431e+02; maximum gradient component mag -1.6340e+02
Var    Value     Gradient |Var    Value     Gradient |Var    Value     Gradient
  1  0.17181 -9.13917e+00 |  2 -0.00984  1.08904e+01 |  3  0.00592  3.33222e+00
  4  0.04989 -4.20614e+00 |  5  0.04726  2.63653e-01 |  6  0.00128  1.10521e+00
  7 -0.00341  8.47600e+00 |  8  0.01139  5.92234e+00 |  9  0.00203  6.13638e+00
 10 -0.04046  9.10165e+00 | 11  0.00716  5.31308e+00 | 12  0.00459 -2.79253e+00
 13  0.09598 -6.46385e+00 | 14 -0.02382 -2.05271e+01 | 15  0.02646 -8.49345e+00
 16  0.02270 -5.70673e+00 | 17 -0.06910 -1.89294e+01 | 18  0.08087  2.76773e+00
 19  0.04728 -3.04172e+01 | 20 -0.03510  6.30963e+00 | 21 -0.03802  4.89127e+00
 22  0.11065  3.82024e+00 | 23 -0.03104  6.47571e+00 | 24 -0.10827  1.56701e+01
 25 -0.07681  8.64177e+00 | 26 -0.04424 -6.67711e+00 | 27 -0.00739  2.47399e+00
 28 -0.01362  2.09208e-01 | 29  0.02202  1.57265e-01 | 30 -0.02088  1.98871e+00
 31 -0.01302  5.84673e+00 | 32 -0.05344 -1.63404e+02 | 33 -0.62080 -1.96466e-03
 34  0.03508  1.54331e+02 | 35  0.55953 -2.24727e+01 | 36 -0.06274 -7.04940e+01
 37  0.00929 -2.65342e+01 | 38 -0.57935 -7.49757e-04 | 39  0.03523  1.58938e+01
 40  0.67716 -1.55820e+00 | 41 -0.24638 -1.48337e-01 | 42 -0.28338 -2.13975e+01
 43 -0.63579  7.27514e+00 | 44  1.08123  8.32102e-01 | 45  0.06227  1.54476e-04
 46  0.19565  2.93658e+00 | 47  0.00118  8.00982e-07 | 48  0.02016 -7.33440e-06
 49  0.01156  7.90820e+01 | 50 -0.16960  5.55715e+01 | 51  0.10761  6.06329e+00
 52 -0.61372 -4.52601e-03 | 53 -0.00635  1.17304e-01 | 54  0.03893 -2.13822e+01
 55 -0.15121 -1.00321e+01 | 56  0.01303  1.40526e+01 | 57  0.51072 -3.12926e+00
 58 -0.00718 -1.09230e+01 |
58 variables; iteration 80; function evaluation 103; phase 3
Function value 3.6879151e+02; maximum gradient component mag 1.5589e+01
Var    Value     Gradient |Var    Value     Gradient |Var    Value     Gradient
  1  0.15454  4.35981e-01 |  2 -0.01325 -5.52712e-02 |  3  0.00858 -1.13803e-01
  4  0.05497 -3.05932e-01 |  5  0.04628 -3.66033e-01 |  6  0.00422 -3.80913e-01
  7 -0.00824 -6.31643e-01 |  8  0.01416 -7.75205e-01 |  9  0.00450 -8.35436e-01
 10 -0.04465  5.19907e-02 | 11  0.00775 -6.38067e-01 | 12  0.01272 -3.06371e-01
 13  0.08399 -2.90266e-01 | 14  0.00298 -9.21320e-02 | 15  0.01588 -1.32937e+00
 16  0.01682  2.85992e-01 | 17 -0.03787  5.32898e-01 | 18  0.05708  1.63221e+00
 19  0.07030  1.72208e+00 | 20 -0.05299  2.93545e-02 | 21 -0.03840  1.00421e+00
 22  0.10976  2.07842e+00 | 23 -0.03495  9.51704e-01 | 24 -0.12164 -5.60949e-02
 25 -0.07932  2.31796e-01 | 26 -0.03122  4.12348e-01 | 27 -0.01017  1.78149e-01
 28 -0.01289 -1.25810e-02 | 29  0.02377  1.20862e-01 | 30 -0.02233  1.18875e-01
 31 -0.02576  2.24601e-01 | 32 -0.04282  1.53666e+00 | 33 -0.62431  1.06817e-04
 34  0.03682 -2.96836e+00 | 35  0.53426 -4.98919e-01 | 36 -0.05184 -1.93134e+00
 37  0.01597 -3.60785e+00 | 38 -0.57490  1.63436e-04 | 39  0.03721  3.16668e+00
 40  0.67262 -4.01257e-01 | 41 -0.26017 -8.89731e-02 | 42 -0.27666  4.31637e-01
 43 -0.63277 -1.37452e-03 | 44  0.98440 -3.95293e-02 | 45  0.06125 -1.07559e-04
 46  0.19285 -2.12465e-01 | 47  0.00124 -1.25760e-06 | 48  0.02046 -2.32713e-06
 49  0.02269  1.55892e+01 | 50 -0.19835  9.90163e+00 | 51  0.10830  1.46604e+00
 52 -0.32759  4.30374e-02 | 53 -0.00301 -1.26100e+00 | 54  0.03824 -6.90717e-01
 55 -0.10370  1.24393e+00 | 56  0.00902  8.89378e-01 | 57  0.33760 -7.96087e-02
 58  0.00312  9.14794e-01 |
58 variables; iteration 100; function evaluation 126; phase 3
Function value 3.6836107e+02; maximum gradient component mag 3.2827e+00
Var    Value     Gradient |Var    Value     Gradient |Var    Value     Gradient
  1  0.15394 -1.00175e-01 |  2 -0.01297 -4.90908e-02 |  3  0.00835 -2.32963e-02
  4  0.05503 -1.37453e-02 |  5  0.04652 -2.03642e-02 |  6  0.00398 -6.01765e-02
  7 -0.00807 -2.62697e-02 |  8  0.01404  2.77853e-02 |  9  0.00477  7.98826e-02
 10 -0.04499  9.50744e-03 | 11  0.00814  1.08134e-01 | 12  0.01290 -4.37631e-02
 13  0.08433 -2.54874e-01 | 14  0.00210  1.00675e-01 | 15  0.01710  7.70242e-01
 16  0.01583  5.03588e-01 | 17 -0.03746  3.69949e-01 | 18  0.05711  1.21918e+00
 19  0.06989  6.44016e-01 | 20 -0.05211  1.95459e-01 | 21 -0.03930 -3.17160e-01
 22  0.10987 -3.89352e-01 | 23 -0.03687 -4.84810e-01 | 24 -0.12109 -3.13395e-01
 25 -0.07922 -4.83161e-01 | 26 -0.03112 -4.04102e-01 | 27 -0.01013 -4.66949e-01
 28 -0.01265 -3.00747e-01 | 29  0.02401 -1.43705e-01 | 30 -0.02215 -4.89548e-02
 31 -0.02582  1.10916e-02 | 32 -0.04282 -3.99796e-01 | 33 -0.62652 -5.79858e-05
 34  0.03687  4.02973e-01 | 35  0.53453  1.18371e-01 | 36 -0.05164  7.47022e-01
 37  0.02081  3.28270e+00 | 38 -0.57739 -4.85055e-04 | 39  0.03955 -2.51188e+00
 40  0.62908  5.46198e-01 | 41 -0.08304  4.92339e-01 | 42 -0.27655 -5.22024e-02
 43 -0.63284 -6.80408e-02 | 44  0.98691  1.02970e-02 | 45  0.06174  1.16668e-04
 46  0.19281 -1.08175e-02 | 47  0.00146  2.40154e-06 | 48  0.02111  4.81237e-06
 49  0.03112  3.66297e-01 | 50 -0.25052  1.34132e+00 | 51  0.11099  4.48979e-01
 52 -0.31096  2.36730e-02 | 53 -0.00384  6.36960e-01 | 54  0.03851  6.52820e-01
 55 -0.09194  1.22549e+00 | 56  0.00903 -2.47240e-01 | 57  0.12749  4.01546e-02
 58  0.00533 -2.06520e-02 |
58 variables; iteration 120; function evaluation 148; phase 3
Function value 3.6831532e+02; maximum gradient component mag 1.9076e+01
Var    Value     Gradient |Var    Value     Gradient |Var    Value     Gradient
  1  0.15398  2.74496e-01 |  2 -0.01296 -7.33379e-02 |  3  0.00830 -8.02225e-02
  4  0.05504 -6.64869e-02 |  5  0.04650 -4.12716e-02 |  6  0.00396 -7.80824e-02
  7 -0.00818 -9.23139e-02 |  8  0.01412  1.03257e-01 |  9  0.00463 -2.92691e-02
 10 -0.04483  9.79120e-02 | 11  0.00804  5.34791e-02 | 12  0.01287 -6.06443e-02
 13  0.08437 -1.93073e-01 | 14  0.00240 -9.82014e-02 | 15  0.01653 -3.37405e-01
 16  0.01606 -7.18226e-02 | 17 -0.03724 -1.48882e-02 | 18  0.05669 -2.87300e-02
 19  0.07008 -9.85246e-02 | 20 -0.05240 -1.89248e-02 | 21 -0.03890  6.11630e-02
 22  0.10972  6.64057e-01 | 23 -0.03667  2.50710e-01 | 24 -0.12110 -6.01321e-03
 25 -0.07909  6.09400e-02 | 26 -0.03123  1.03418e-01 | 27 -0.01009  9.57471e-02
 28 -0.01262 -1.63492e-03 | 29  0.02394 -1.40133e-02 | 30 -0.02207 -3.13162e-02
 31 -0.02586 -2.58473e-02 | 32 -0.04278 -9.55442e-02 | 33 -0.62721 -1.46201e-04
 34  0.03688 -4.16052e-01 | 35  0.53436 -1.88776e-01 | 36 -0.05167 -4.12939e-01
 37  0.02059 -4.57014e-01 | 38 -0.62951 -3.30692e-03 | 39  0.03946  1.85083e-01
 40  0.62892 -1.38869e-01 | 41 -0.08305 -6.09609e-02 | 42 -0.27656 -7.79599e-02
 43 -0.63275 -1.45993e-03 | 44  0.98630 -2.70021e-03 | 45  0.06145 -1.48634e-05
 46  0.19281 -2.59118e-02 | 47  0.00151  1.42367e-06 | 48  0.02068  7.04343e-07
 49  0.03432  1.01483e+01 | 50 -0.32520  3.94987e-01 | 51  0.11200 -4.34806e-01
 52 -0.31787  2.39362e-02 | 53 -0.00444  5.92505e-01 | 54  0.03847  5.61791e+00
 55 -0.08796  1.90765e+01 | 56  0.00903  1.05929e-01 | 57 -0.12070  1.13480e-01
 58  0.00531  6.58700e-01 |
58 variables; iteration 140; function evaluation 170; phase 3
Function value 3.6830555e+02; maximum gradient component mag 1.2320e+01
Var    Value     Gradient |Var    Value     Gradient |Var    Value     Gradient
  1  0.15396  1.31869e-01 |  2 -0.01294  5.11769e-03 |  3  0.00831 -8.74295e-03
  4  0.05503 -8.79758e-03 |  5  0.04647 -5.06243e-03 |  6  0.00399  1.05944e-02
  7 -0.00805  4.12113e-02 |  8  0.01399  4.62759e-02 |  9  0.00472  2.52587e-02
 10 -0.04495  8.88928e-03 | 11  0.00805  6.72930e-03 | 12  0.01287 -3.19207e-02
 13  0.08438 -1.17156e-01 | 14  0.00230 -4.45379e-02 | 15  0.01669 -1.28413e-01
 16  0.01595 -1.13286e-01 | 17 -0.03721 -3.32410e-02 | 18  0.05665 -8.50664e-02
 19  0.07011  2.24818e-02 | 20 -0.05239  2.98926e-02 | 21 -0.03890 -1.95523e-03
 22  0.10971  8.22241e-02 | 23 -0.03680  9.91941e-03 | 24 -0.12092  6.77478e-02
 25 -0.07908  3.42427e-02 | 26 -0.03124  9.58945e-03 | 27 -0.01011  2.48808e-02
 28 -0.01258  2.07504e-02 | 29  0.02393 -1.45435e-03 | 30 -0.02209 -1.49467e-02
 31 -0.02587 -5.29972e-03 | 32 -0.04277 -1.87144e-01 | 33 -0.62751 -1.49641e-04
 34  0.03689  1.76924e-01 | 35  0.53442 -1.42040e-02 | 36 -0.05168  4.71746e-02
 37  0.02059  8.61685e-02 | 38 -0.59935 -1.93124e-03 | 39  0.03946 -3.58299e-02
 40  0.62923  5.02820e-02 | 41 -0.08320  3.38519e-02 | 42 -0.27652  8.98725e-04
 43 -0.63265  2.46088e-02 | 44  0.98634 -1.93141e-03 | 45  0.06148 -2.77497e-06
 46  0.19281 -3.23269e-04 | 47  0.00150  1.49977e-06 | 48  0.02000 -3.05715e-06
 49  0.03500  2.80931e-01 | 50 -0.44010  1.93540e-02 | 51  0.11220 -4.98021e-02
 52 -0.36732 -2.04453e-03 | 53 -0.00460 -1.03428e-01 | 54  0.03850  3.70395e+00
 55 -0.08715  1.23196e+01 | 56  0.00904 -1.98091e-02 | 57 -0.44514  7.94657e-03
 58  0.00534  1.13675e-01 |
58 variables; iteration 160; function evaluation 192; phase 3
Function value 3.6830526e+02; maximum gradient component mag -4.6441e-01
Var    Value     Gradient |Var    Value     Gradient |Var    Value     Gradient
  1  0.15397 -5.96403e-03 |  2 -0.01295  3.36769e-03 |  3  0.00832  3.35682e-03
  4  0.05503  5.14201e-03 |  5  0.04647  5.47587e-03 |  6  0.00400  3.32860e-03
  7 -0.00807  2.71164e-03 |  8  0.01399  4.47534e-03 |  9  0.00473  3.13816e-03
 10 -0.04495  3.15487e-03 | 11  0.00805  2.84592e-03 | 12  0.01286  1.78828e-03
 13  0.08441  9.63859e-04 | 14  0.00225 -7.77315e-04 | 15  0.01672 -3.00151e-03
 16  0.01596 -6.99194e-04 | 17 -0.03724 -4.64832e-04 | 18  0.05668 -4.39943e-03
 19  0.07010 -4.56476e-03 | 20 -0.05242 -9.87051e-04 | 21 -0.03886 -1.72014e-03
 22  0.10971 -1.22533e-02 | 23 -0.03676 -2.85145e-03 | 24 -0.12099 -2.25871e-03
 25 -0.07908 -1.71228e-03 | 26 -0.03122 -2.38508e-03 | 27 -0.01011 -1.27900e-03
 28 -0.01259 -5.73415e-04 | 29  0.02394  2.00096e-04 | 30 -0.02208  9.42578e-04
 31 -0.02587  1.03939e-03 | 32 -0.04276 -1.61485e-03 | 33 -0.62591 -4.50383e-06
 34  0.03689  5.44735e-03 | 35  0.53442  3.49824e-03 | 36 -0.05169  1.30885e-02
 37  0.02060 -2.54651e-03 | 38 -0.56876  1.68276e-05 | 39  0.03947 -8.21814e-04
 40  0.62913 -3.73409e-04 | 41 -0.08316 -2.05673e-04 | 42 -0.27653 -3.28927e-04
 43 -0.63269  2.76283e-04 | 44  0.98643 -2.87642e-05 | 45  0.06148 -3.96316e-06
 46  0.19281 -4.44559e-04 | 47  0.00113 -2.14371e-07 | 48  0.02076  1.33466e-06
 49  0.03503  1.78188e-02 | 50 -0.47107  9.02076e-03 | 51  0.11222 -1.18748e-03
 52 -0.32945  2.54984e-04 | 53 -0.00459  3.03006e-03 | 54  0.03850 -1.41609e-01
 55 -0.08710 -4.64415e-01 | 56  0.00904 -7.85090e-04 | 57 -0.52681 -3.66814e-03
 58  0.00534 -2.09348e-02 |
58 variables; iteration 180; function evaluation 213; phase 3
Function value 3.6830478e+02; maximum gradient component mag 1.0069e+01
Var    Value     Gradient |Var    Value     Gradient |Var    Value     Gradient
  1  0.15395  6.51405e-02 |  2 -0.01295  1.22299e-02 |  3  0.00832  1.88714e-02
  4  0.05503  3.45391e-02 |  5  0.04648  3.83481e-02 |  6  0.00398  2.67478e-02
  7 -0.00810  4.09164e-02 |  8  0.01405  1.45867e-01 |  9  0.00470  6.60499e-02
 10 -0.04491  5.73220e-02 | 11  0.00804  1.85491e-02 | 12  0.01288 -5.85315e-03
 13  0.08439 -7.76471e-02 | 14  0.00229 -5.44335e-02 | 15  0.01666 -1.52179e-01
 16  0.01597 -8.52063e-02 | 17 -0.03719 -1.40924e-02 | 18  0.05663 -1.63262e-01
 19  0.07011 -9.35066e-02 | 20 -0.05240 -2.70873e-03 | 21 -0.03890 -4.37499e-03
 22  0.10971  2.00952e-01 | 23 -0.03674  7.41515e-02 | 24 -0.12103 -9.07696e-03
 25 -0.07908  9.20445e-03 | 26 -0.03122  5.64573e-03 | 27 -0.01011  5.11966e-03
 28 -0.01259 -1.38303e-03 | 29  0.02394 -2.70686e-03 | 30 -0.02208 -5.38659e-03
 31 -0.02588 -4.73929e-03 | 32 -0.04276 -4.51967e-02 | 33 -0.60713  1.88355e-03
 34  0.03689 -5.93342e-02 | 35  0.53441 -5.74177e-02 | 36 -0.05169 -2.18203e-01
 37  0.02060 -3.97362e-03 | 38 -0.55602  1.10943e-03 | 39  0.03947 -4.65812e-02
 40  0.62909 -1.33791e-02 | 41 -0.08314 -1.82133e-03 | 42 -0.27653 -3.26845e-02
 43 -0.63269  1.01765e-02 | 44  0.98640 -5.54120e-04 | 45  0.06158 -1.50377e-04
 46  0.19281 -8.06101e-03 | 47  0.00496  1.28224e-05 | 48 -0.01735 -1.89037e-04
 49  0.03507 -3.49314e-01 | 50 -0.55110 -9.59487e-04 | 51  0.11222 -6.75484e-02
 52 -0.32909  2.26744e-04 | 53 -0.00458  9.20358e-02 | 54  0.03850  2.96775e+00
 55 -0.08717  1.00685e+01 | 56  0.00904  4.03441e-02 | 57 -0.42746  7.04160e-03
 58  0.00535  1.40211e-01 |
58 variables; iteration 200; function evaluation 234; phase 3
Function value 3.6830444e+02; maximum gradient component mag 6.0960e+00
Var    Value     Gradient |Var    Value     Gradient |Var    Value     Gradient
  1  0.15396  4.11537e-02 |  2 -0.01295 -1.02413e-02 |  3  0.00832 -9.26304e-03
  4  0.05503 -1.21716e-02 |  5  0.04647 -1.02937e-02 |  6  0.00399 -3.52302e-03
  7 -0.00807  4.57039e-03 |  8  0.01400  1.87059e-02 |  9  0.00472  3.60803e-03
 10 -0.04494 -8.22954e-04 | 11  0.00805 -9.00261e-03 | 12  0.01286 -1.49884e-02
 13  0.08440 -3.68369e-02 | 14  0.00226 -1.25754e-02 | 15  0.01671 -2.69805e-02
 16  0.01596 -2.04211e-02 | 17 -0.03724 -5.25315e-03 | 18  0.05668 -1.76424e-02
 19  0.07010 -9.33985e-03 | 20 -0.05241  3.74437e-03 | 21 -0.03888  3.45701e-04
 22  0.10971  8.06095e-02 | 23 -0.03676  2.30861e-02 | 24 -0.12099  1.31608e-02
 25 -0.07908  1.36173e-02 | 26 -0.03122  1.72822e-02 | 27 -0.01011  1.21003e-02
 28 -0.01259  4.67719e-03 | 29  0.02394 -6.14733e-04 | 30 -0.02208 -5.38197e-03
 31 -0.02588 -4.54956e-03 | 32 -0.04276 -2.06506e-02 | 33 -0.63461 -7.37574e-04
 34  0.03689  2.91625e-03 | 35  0.53443 -1.86527e-02 | 36 -0.05169 -7.31129e-02
 37  0.02060  1.46688e-02 | 38 -0.57347 -3.38228e-04 | 39  0.03947 -8.19743e-03
 40  0.62913  3.35398e-03 | 41 -0.08316  1.78567e-03 | 42 -0.27653 -1.21116e-02
 43 -0.63269  2.30499e-03 | 44  0.98641 -3.43496e-04 | 45  0.05812 -8.31529e-04
 46  0.19281  1.93215e-04 | 47  0.00263 -4.01613e-05 | 48  0.02841 -8.01214e-06
 49  0.03507  4.80796e-02 | 50 -0.54276 -3.39145e-04 | 51  0.11223 -1.33096e-02
 52 -0.33024  1.46375e-05 | 53 -0.00460  1.88796e-03 | 54  0.03850  1.82630e+00
 55 -0.08740  6.09601e+00 | 56  0.00904  3.66180e-03 | 57 -0.27192  1.24572e-02
 58  0.00535  1.04476e-01 |
58 variables; iteration 220; function evaluation 258; phase 3
Function value 3.6830433e+02; maximum gradient component mag 1.7122e+00
Var    Value     Gradient |Var    Value     Gradient |Var    Value     Gradient
  1  0.15397  1.49105e-02 |  2 -0.01295 -6.04533e-03 |  3  0.00832 -6.70463e-03
  4  0.05503 -9.19383e-03 |  5  0.04647 -7.46144e-03 |  6  0.00400 -5.11416e-03
  7 -0.00807 -3.95861e-03 |  8  0.01399 -3.81268e-03 |  9  0.00473 -4.59627e-03
 10 -0.04495 -2.90805e-03 | 11  0.00805 -3.67975e-03 | 12  0.01286 -3.55859e-03
 13  0.08441 -4.20366e-03 | 14  0.00225 -2.54399e-03 | 15  0.01672 -4.19463e-03
 16  0.01596 -2.65744e-03 | 17 -0.03724 -1.27067e-03 | 18  0.05668  1.97007e-04
 19  0.07010  2.46073e-03 | 20 -0.05242  2.02910e-03 | 21 -0.03886  5.17645e-03
 22  0.10971  3.41042e-02 | 23 -0.03676  9.63850e-03 | 24 -0.12099  4.81368e-03
 25 -0.07908  5.10934e-03 | 26 -0.03122  5.95872e-03 | 27 -0.01011  4.50391e-03
 28 -0.01259  1.45019e-03 | 29  0.02394 -8.08148e-04 | 30 -0.02208 -2.13380e-03
 31 -0.02587 -1.98942e-03 | 32 -0.04276 -4.82692e-03 | 33 -0.62553  2.78114e-05
 34  0.03689 -1.15780e-02 | 35  0.53442 -9.47720e-03 | 36 -0.05169 -2.89899e-02
 37  0.02060 -2.88859e-03 | 38 -0.56996 -7.64189e-05 | 39  0.03947  2.74174e-03
 40  0.62912 -5.03453e-04 | 41 -0.08316  3.45592e-04 | 42 -0.27653 -1.46725e-03
 43 -0.63269  4.21391e-04 | 44  0.98643 -1.04983e-04 | 45  0.03915 -2.95220e-04
 46  0.19281  2.16313e-04 | 47 -0.00402 -6.84201e-05 | 48  0.10526  2.25938e-04
 49  0.03507 -2.29897e-03 | 50 -0.53893 -8.39238e-05 | 51  0.11223  1.83847e-03
 52 -0.33025  6.17665e-08 | 53 -0.00460 -2.47762e-04 | 54  0.03850  5.13707e-01
 55 -0.08776  1.71225e+00 | 56  0.00904  3.13060e-03 | 57 -0.16383  6.93506e-03
 58  0.00535  4.67612e-02 |
58 variables; iteration 240; function evaluation 280; phase 3
Function value 3.6830427e+02; maximum gradient component mag 5.5181e-01
Var    Value     Gradient |Var    Value     Gradient |Var    Value     Gradient
  1  0.15397  5.62538e-03 |  2 -0.01295 -1.88277e-03 |  3  0.00832 -2.59284e-03
  4  0.05503 -3.84863e-03 |  5  0.04647 -2.72419e-03 |  6  0.00400 -1.92478e-03
  7 -0.00807 -1.26241e-03 |  8  0.01399  6.89278e-05 |  9  0.00473 -1.44604e-03
 10 -0.04495 -3.03758e-04 | 11  0.00805 -1.85427e-03 | 12  0.01286 -1.21674e-03
 13  0.08441 -1.04973e-03 | 14  0.00225 -1.64110e-03 | 15  0.01672 -4.51001e-03
 16  0.01596 -2.09704e-03 | 17 -0.03724 -5.16739e-04 | 18  0.05668 -2.67454e-03
 19  0.07010 -8.50972e-05 | 20 -0.05242  8.81468e-04 | 21 -0.03886  2.94356e-03
 22  0.10971  1.59054e-02 | 23 -0.03676  4.55904e-03 | 24 -0.12099  1.41331e-03
 25 -0.07908  1.74339e-03 | 26 -0.03122  1.47511e-03 | 27 -0.01011  1.94328e-03
 28 -0.01259  9.52610e-04 | 29  0.02394 -8.51906e-05 | 30 -0.02208 -7.26981e-04
 31 -0.02587 -6.60974e-04 | 32 -0.04276 -9.45928e-03 | 33 -0.62560  2.19115e-05
 34  0.03689 -1.95427e-04 | 35  0.53442 -5.44535e-03 | 36 -0.05169 -1.12404e-02
 37  0.02060 -5.25440e-03 | 38 -0.56910 -9.88782e-06 | 39  0.03947  2.83675e-03
 40  0.62912 -1.14644e-03 | 41 -0.08316 -1.57785e-04 | 42 -0.27653 -1.32600e-03
 43 -0.63269  7.08971e-04 | 44  0.98643 -1.07574e-04 | 45  0.05026  6.59013e-05
 46  0.19281 -9.12006e-05 | 47  0.01613  5.67642e-05 | 48  0.07296  2.43251e-04
 49  0.03507 -6.44828e-03 | 50 -0.53848 -5.27117e-05 | 51  0.11223 -1.26289e-03
 52 -0.33022  5.84103e-06 | 53 -0.00459  2.22409e-03 | 54  0.03850  1.64875e-01
 55 -0.08806  5.51809e-01 | 56  0.00904  2.39866e-03 | 57 -0.10899  3.11387e-03
 58  0.00535  1.92670e-02 |
58 variables; iteration 260; function evaluation 301; phase 3
Function value 3.6830425e+02; maximum gradient component mag 2.0146e-01
Var    Value     Gradient |Var    Value     Gradient |Var    Value     Gradient
  1  0.15396  5.38186e-03 |  2 -0.01295 -1.89703e-03 |  3  0.00832 -1.03624e-03
  4  0.05503 -7.14338e-04 |  5  0.04647 -3.12265e-03 |  6  0.00400 -2.25649e-03
  7 -0.00807 -2.74482e-03 |  8  0.01399 -5.02372e-03 |  9  0.00473 -1.98619e-03
 10 -0.04495 -2.64661e-03 | 11  0.00805 -1.16469e-04 | 12  0.01286 -8.27473e-04
 13  0.08441 -7.85443e-04 | 14  0.00225  1.29876e-03 | 15  0.01673  6.77733e-03
 16  0.01596  3.77076e-03 | 17 -0.03725  7.45535e-04 | 18  0.05668  7.46013e-03
 19  0.07010  5.54931e-03 | 20 -0.05242  2.15209e-05 | 21 -0.03886 -1.46183e-03
 22  0.10971  1.61535e-03 | 23 -0.03676  6.64229e-04 | 24 -0.12099  7.87336e-04
 25 -0.07908  5.32592e-04 | 26 -0.03122  1.84989e-03 | 27 -0.01011 -5.38589e-04
 28 -0.01259 -1.13375e-03 | 29  0.02394 -1.02037e-03 | 30 -0.02208 -1.08762e-03
 31 -0.02588 -8.83452e-04 | 32 -0.04276  2.13169e-02 | 33 -0.62610 -2.11339e-05
 34  0.03689 -1.76295e-02 | 35  0.53443  1.44555e-03 | 36 -0.05169 -1.18166e-02
 37  0.02060  1.10772e-02 | 38 -0.56872  2.07424e-05 | 39  0.03947 -6.76946e-03
 40  0.62913  2.23366e-03 | 41 -0.08316  6.47398e-04 | 42 -0.27653  2.81339e-03
 43 -0.63269 -1.47825e-03 | 44  0.98644  1.84734e-04 | 45  0.06743  2.14285e-04
 46  0.19281 -1.22883e-04 | 47  0.01463  5.59868e-05 | 48  0.03245  8.60518e-05
 49  0.03507  7.92857e-03 | 50 -0.53834 -3.86440e-05 | 51  0.11223  2.74063e-04
 52 -0.33031 -1.53696e-05 | 53 -0.00460 -2.93643e-03 | 54  0.03850  6.16933e-02
 55 -0.08845  2.01463e-01 | 56  0.00904 -9.30807e-04 | 57 -0.05964  1.59740e-03
 58  0.00535  1.01169e-02 |
58 variables; iteration 280; function evaluation 322; phase 3
Function value 3.6830424e+02; maximum gradient component mag -6.6364e-03
Var    Value     Gradient |Var    Value     Gradient |Var    Value     Gradient
  1  0.15396 -1.48342e-04 |  2 -0.01295  7.39852e-04 |  3  0.00832  1.01888e-03
  4  0.05503  1.62203e-03 |  5  0.04647  1.38189e-03 |  6  0.00400  1.07224e-03
  7 -0.00807  1.23363e-03 |  8  0.01399  2.96166e-03 |  9  0.00473  1.80031e-03
 10 -0.04495  1.27833e-03 | 11  0.00805  7.26093e-04 | 12  0.01286 -2.03271e-04
 13  0.08441 -2.03414e-03 | 14  0.00225 -6.79771e-04 | 15  0.01672 -1.87014e-03
 16  0.01596 -1.09444e-03 | 17 -0.03724 -2.03998e-04 | 18  0.05668 -2.12532e-03
 19  0.07010 -2.38553e-03 | 20 -0.05241 -5.47513e-04 | 21 -0.03886 -1.46483e-03
 22  0.10971 -6.44832e-04 | 23 -0.03676  1.05348e-04 | 24 -0.12099 -2.08653e-04
 25 -0.07908  2.58569e-05 | 26 -0.03122  3.08453e-04 | 27 -0.01011  3.13685e-05
 28 -0.01259 -6.16226e-06 | 29  0.02394  2.01792e-04 | 30 -0.02208  1.46607e-04
 31 -0.02587  1.03011e-04 | 32 -0.04276  2.93926e-03 | 33 -0.62566  1.71337e-05
 34  0.03689 -1.29787e-03 | 35  0.53442  5.82338e-04 | 36 -0.05169 -2.77481e-03
 37  0.02060  1.04105e-03 | 38 -0.56908 -8.14695e-06 | 39  0.03947 -1.27793e-03
 40  0.62913 -6.76098e-05 | 41 -0.08316 -1.10473e-04 | 42 -0.27653 -3.88418e-04
 43 -0.63269 -7.09863e-05 | 44  0.98643 -1.67368e-05 | 45  0.06144 -7.35609e-05
 46  0.19281 -4.84726e-04 | 47 -0.00794 -4.37577e-05 | 48  0.02195  7.21319e-06
 49  0.03507  2.87233e-03 | 50 -0.53768  7.52452e-06 | 51  0.11223 -7.72960e-04
 52 -0.33024  4.73036e-06 | 53 -0.00459  6.34507e-04 | 54  0.03850 -2.22622e-03
 55 -0.08863 -6.63638e-03 | 56  0.00904 -7.21283e-05 | 57 -0.04116 -2.68022e-04
 58  0.00535 -2.21029e-03 |
58 variables; iteration 300; function evaluation 347; phase 3
Function value 3.6830424e+02; maximum gradient component mag -1.4771e-02
Var    Value     Gradient |Var    Value     Gradient |Var    Value     Gradient
  1  0.15397 -4.27068e-04 |  2 -0.01295  9.43108e-05 |  3  0.00832  8.13493e-05
  4  0.05503  6.46865e-05 |  5  0.04647  8.96614e-05 |  6  0.00400  6.73546e-05
  7 -0.00807  5.37842e-05 |  8  0.01399 -9.87254e-05 |  9  0.00473 -3.20768e-05
 10 -0.04495 -4.20322e-05 | 11  0.00805 -4.76546e-06 | 12  0.01286  7.89420e-05
 13  0.08441  1.93982e-04 | 14  0.00225  1.23627e-04 | 15  0.01672  2.04312e-04
 16  0.01596  7.65081e-05 | 17 -0.03724  2.92782e-05 | 18  0.05668  1.30228e-04
 19  0.07010  3.49979e-05 | 20 -0.05242  1.39194e-05 | 21 -0.03886 -8.59032e-06
 22  0.10971 -8.25806e-04 | 23 -0.03676 -2.80278e-04 | 24 -0.12099 -3.14671e-05
 25 -0.07908 -7.33683e-05 | 26 -0.03122 -1.08343e-04 | 27 -0.01011 -5.27779e-05
 28 -0.01259  1.95091e-06 | 29  0.02394  2.39255e-05 | 30 -0.02208  6.29672e-05
 31 -0.02587  5.26232e-05 | 32 -0.04276 -3.93189e-04 | 33 -0.62592 -5.23612e-06
 34  0.03689  8.24108e-04 | 35  0.53442  2.27672e-04 | 36 -0.05169  1.20363e-03
 37  0.02060 -5.53986e-05 | 38 -0.56899 -1.01238e-06 | 39  0.03947  1.23629e-04
 40  0.62913  9.29801e-06 | 41 -0.08316 -7.18039e-06 | 42 -0.27653 -6.44089e-06
 43 -0.63269  7.58940e-06 | 44  0.98643  3.10028e-06 | 45  0.06150  1.03950e-05
 46  0.19281  6.28285e-06 | 47  0.00087 -1.24275e-06 | 48  0.02116  3.87728e-06
 49  0.03507 -1.94135e-04 | 50 -0.53783 -3.58287e-06 | 51  0.11223  1.93649e-04
 52 -0.33025 -4.03203e-07 | 53 -0.00459 -1.70966e-04 | 54  0.03850 -4.41242e-03
 55 -0.08910 -1.47711e-02 | 56  0.00904 -1.21159e-04 | 57 -0.00282 -2.10966e-04
 58  0.00535 -1.10286e-03 |
Warning: the following parameters had issues
  selparm[15] is within 0.1% of upper bound: 2.00000e+01 < 8.99921e+01 < 9.00000e+01


 - final statistics:
58 variables; iteration 307; function evaluation 354
Function value 3.6830e+02; maximum gradient component mag 6.3126e-05
Exit code = 1;  converg criter 1.0000e-04
Var    Value     Gradient |Var    Value     Gradient |Var    Value     Gradient
  1  0.15397  7.80729e-06 |  2 -0.01295  5.20387e-07 |  3  0.00832  2.79758e-06
  4  0.05503  5.88333e-06 |  5  0.04647  2.45970e-06 |  6  0.00400  1.37308e-06
  7 -0.00807  1.13547e-06 |  8  0.01399  6.03683e-06 |  9  0.00473  4.56780e-06
 10 -0.04495  1.97788e-06 | 11  0.00805  4.13529e-06 | 12  0.01286 -7.66334e-07
 13  0.08441 -8.40718e-06 | 14  0.00225 -1.22011e-06 | 15  0.01672 -2.62393e-08
 16  0.01596 -1.15401e-06 | 17 -0.03724 -5.09080e-07 | 18  0.05668 -2.14178e-06
 19  0.07010 -4.27107e-06 | 20 -0.05242 -1.30948e-06 | 21 -0.03886 -6.26440e-06
 22  0.10971  4.83404e-06 | 23 -0.03676  3.38595e-06 | 24 -0.12099  4.60719e-07
 25 -0.07908  1.56552e-06 | 26 -0.03122  4.22508e-06 | 27 -0.01011 -2.27056e-07
 28 -0.01259 -1.82545e-06 | 29  0.02394 -1.10824e-06 | 30 -0.02208 -8.00605e-07
 31 -0.02587 -9.60773e-07 | 32 -0.04276  4.00843e-05 | 33 -0.62585  9.74235e-08
 34  0.03689 -3.16544e-05 | 35  0.53442  3.35094e-06 | 36 -0.05169 -2.86413e-05
 37  0.02060  2.01470e-05 | 38 -0.56898  3.58049e-08 | 39  0.03947 -1.57589e-05
 40  0.62913  2.79243e-06 | 41 -0.08316  8.07665e-07 | 42 -0.27653  3.22040e-06
 43 -0.63269 -2.22887e-06 | 44  0.98643  2.84463e-07 | 45  0.06149 -8.03470e-08
 46  0.19281 -2.72659e-06 | 47  0.00117  2.93538e-09 | 48  0.02052 -3.59480e-08
 49  0.03507  2.22975e-05 | 50 -0.53778  7.41433e-08 | 51  0.11223  1.04985e-06
 52 -0.33025  1.34849e-09 | 53 -0.00459  4.38677e-07 | 54  0.03850  1.94438e-05
 55 -0.08912  6.31259e-05 | 56  0.00904 -6.73649e-07 | 57 -0.00162  8.95653e-07
 58  0.00535  5.98954e-06 |
Estimating row 1 out of 58 for hessian
Estimating row 2 out of 58 for hessian
Estimating row 3 out of 58 for hessian
Estimating row 4 out of 58 for hessian
Estimating row 5 out of 58 for hessian
Estimating row 6 out of 58 for hessian
Estimating row 7 out of 58 for hessian
Estimating row 8 out of 58 for hessian
Estimating row 9 out of 58 for hessian
Estimating row 10 out of 58 for hessian
Estimating row 11 out of 58 for hessian
Estimating row 12 out of 58 for hessian
Estimating row 13 out of 58 for hessian
Estimating row 14 out of 58 for hessian
Estimating row 15 out of 58 for hessian
Estimating row 16 out of 58 for hessian
Estimating row 17 out of 58 for hessian
Estimating row 18 out of 58 for hessian
Estimating row 19 out of 58 for hessian
Estimating row 20 out of 58 for hessian
Estimating row 21 out of 58 for hessian
Estimating row 22 out of 58 for hessian
Estimating row 23 out of 58 for hessian
Estimating row 24 out of 58 for hessian
Estimating row 25 out of 58 for hessian
Estimating row 26 out of 58 for hessian
Estimating row 27 out of 58 for hessian
Estimating row 28 out of 58 for hessian
Estimating row 29 out of 58 for hessian
Estimating row 30 out of 58 for hessian
Estimating row 31 out of 58 for hessian
Estimating row 32 out of 58 for hessian
Estimating row 33 out of 58 for hessian
Estimating row 34 out of 58 for hessian
Estimating row 35 out of 58 for hessian
Estimating row 36 out of 58 for hessian
Estimating row 37 out of 58 for hessian
Estimating row 38 out of 58 for hessian
Estimating row 39 out of 58 for hessian
Estimating row 40 out of 58 for hessian
Estimating row 41 out of 58 for hessian
Estimating row 42 out of 58 for hessian
Estimating row 43 out of 58 for hessian
Estimating row 44 out of 58 for hessian
Estimating row 45 out of 58 for hessian
Estimating row 46 out of 58 for hessian
Estimating row 47 out of 58 for hessian
Estimating row 48 out of 58 for hessian
Estimating row 49 out of 58 for hessian
Estimating row 50 out of 58 for hessian
Estimating row 51 out of 58 for hessian
Estimating row 52 out of 58 for hessian
Estimating row 53 out of 58 for hessian
Estimating row 54 out of 58 for hessian
Estimating row 55 out of 58 for hessian
Estimating row 56 out of 58 for hessian
Estimating row 57 out of 58 for hessian
Estimating row 58 out of 58 for hessian
size of file gradfil1.tmp = 0
size of file gradfil2.tmp = 0
size of file varssave.tmp = 0
size of file cmpdiff.tmp = 0
