
Initial statistics: 1 variables; iteration 0; function evaluation 0; phase 1
Function value 5.1219730e+02; maximum gradient component mag -1.2493e+03
Var    Value     Gradient |Var    Value     Gradient |Var    Value     Gradient
  1  0.13688 -1.24926e+03 |

 - final statistics:
1 variables; iteration 9; function evaluation 11
Function value 4.8965e+02; maximum gradient component mag -5.4373e+00
Exit code = 1;  converg criter 1.0000e+01
Var    Value     Gradient |Var    Value     Gradient |Var    Value     Gradient
  1  0.22584 -5.43728e+00 |

Initial statistics: 12 variables; iteration 0; function evaluation 0; phase 2
Function value 4.8965372e+02; maximum gradient component mag 5.5590e+02
Var    Value     Gradient |Var    Value     Gradient |Var    Value     Gradient
  1  0.22584 -5.43728e+00 |  2 -0.03472  5.55898e+02 |  3 -0.62641  7.68190e-03
  4  0.02847  3.98363e+02 |  5 -0.56175  1.79346e-02 |  6 -0.27518  7.37164e+01
  7  0.98682  1.12261e-01 |  8  0.06139 -2.95935e-04 |  9  0.06542  1.54755e+02
 10 -0.27873  4.73704e+00 | 11  0.04275  3.74718e+01 | 12 -0.10695  3.84212e+01

 - final statistics:
12 variables; iteration 15; function evaluation 27
Function value 4.7728e+02; maximum gradient component mag -7.2269e+00
Exit code = 1;  converg criter 1.0000e+01
Var    Value     Gradient |Var    Value     Gradient |Var    Value     Gradient
  1  0.51839 -8.04571e-01 |  2 -0.05374 -7.22690e+00 |  3 -0.61275 -1.41625e-03
  4  0.00730 -4.78739e+00 |  5 -0.58116  8.59797e-04 |  6 -0.29581  8.73885e-02
  7  0.95605 -2.46766e-02 |  8  0.06204  6.81091e-05 |  9  0.03093 -3.09140e+00
 10 -0.12274 -6.52944e-01 | 11  0.03784  1.03929e-01 | 12 -0.13048  3.57251e-01

Initial statistics: 56 variables; iteration 0; function evaluation 0; phase 3
Function value 4.7728433e+02; maximum gradient component mag 4.0010e+02
Var    Value     Gradient |Var    Value     Gradient |Var    Value     Gradient
  1  0.51839 -8.04571e-01 |  2  0.00000  3.78495e+01 |  3  0.00000 -5.26409e+00
  4  0.00000 -6.16970e+01 |  5  0.00000 -4.41429e+01 |  6  0.00000  2.92325e+01
  7  0.00000  1.00290e+02 |  8  0.00000  1.43213e+02 |  9  0.00000  1.80501e+02
 10  0.00000  1.88903e+02 | 11  0.00000  7.06437e+01 | 12  0.00000 -9.88012e+01
 13  0.00000 -2.37854e+02 | 14  0.00000 -2.25538e+02 | 15  0.00000 -2.12043e+02
 16  0.00000 -1.90900e+02 | 17  0.00000 -2.13991e+02 | 18  0.00000 -3.73636e+02
 19  0.00000 -3.41760e+02 | 20  0.00000 -1.00677e+02 | 21  0.00000 -7.02871e+01
 22  0.00000 -1.14683e+02 | 23  0.00000  1.38775e+02 | 24  0.00000  4.00103e+02
 25  0.00000  3.95434e+02 | 26  0.00000  3.27846e+02 | 27  0.00000  1.95957e+02
 28  0.00000  6.39925e+01 | 29  0.00000  1.85349e+01 | 30 -0.05374 -7.22690e+00
 31 -0.61275 -1.41625e-03 | 32  0.03950  4.06504e+01 | 33  0.51472 -5.07507e+00
 34 -0.04668  1.74437e+02 | 35  0.00730 -4.78739e+00 | 36 -0.58116  8.59797e-04
 37  0.04154  4.15552e+01 | 38  0.63620  5.63462e+00 | 39 -0.08523 -1.24292e+01
 40 -0.29581  8.73885e-02 | 41 -0.62737  7.81712e+00 | 42  0.95605 -2.46766e-02
 43  0.06204  6.81091e-05 | 44  0.19017 -5.50077e+01 | 45  0.00168 -2.02675e-06
 46  0.01668 -1.23342e-04 | 47  0.03093 -3.09140e+00 | 48 -0.12274 -6.52944e-01
 49  0.12608  2.79115e+01 | 50 -0.27567 -4.29257e-02 | 51  0.00147 -2.25500e+01
 52  0.03784  1.03929e-01 | 53 -0.13048  3.57251e-01 | 54  0.00539 -1.87664e+01
 55  0.36029  1.28251e+00 | 56  0.01213  9.86664e+01 |

Intermediate statistics: 56 variables; iteration 20; function evaluation 30; phase 3
Function value 3.9679017e+02; maximum gradient component mag -3.2969e+02
Var    Value     Gradient |Var    Value     Gradient |Var    Value     Gradient
  1  0.50283  5.42227e-01 |  2 -0.03075 -2.32485e+01 |  3 -0.00039 -1.50517e+01
  4  0.07589  3.09851e+00 |  5  0.06083 -1.44381e+00 |  6  0.01191 -1.30006e+01
  7 -0.00229 -1.99613e+01 |  8  0.01721 -3.00683e+01 |  9  0.01764 -2.15169e+01
 10 -0.03741 -2.04137e+01 | 11  0.01746 -4.48717e+01 | 12 -0.02445 -4.18802e+01
 13  0.12663 -2.14196e+01 | 14 -0.02186 -2.27147e+01 | 15  0.05000 -3.16633e+01
 16  0.04316 -6.13281e+01 | 17 -0.24010 -8.47790e+01 | 18  0.11929  7.50854e+01
 19  0.09475  1.03190e+02 | 20 -0.18833 -5.16768e+01 | 21  0.00306  5.71908e+01
 22  0.14402  2.00455e+02 | 23 -0.01592  6.42686e+01 | 24 -0.07702  6.68665e+01
 25 -0.05437  6.76133e+01 | 26 -0.01791  6.51818e+01 | 27 -0.00807  3.05899e+01
 28 -0.03662  6.75046e-01 | 29 -0.02648 -1.59087e+00 | 30 -0.06701  2.63313e+02
 31 -0.61275  2.31543e-03 | 32  0.01993 -3.29686e+02 | 33  0.60054  7.47669e+00
 34 -0.07400 -4.48721e+01 | 35  0.01109 -2.82279e+01 | 36 -0.58116  2.13967e-03
 37  0.04526  1.10397e+02 | 38  0.66428  7.66815e+00 | 39 -0.27826 -6.46782e-02
 40 -0.30327 -1.02459e+01 | 41 -0.67964 -2.75173e+00 | 42  0.95972 -2.42984e-01
 43  0.06204  1.50617e-04 | 44  0.20115 -1.19207e+01 | 45  0.00168  1.12672e-06
 46  0.01668 -6.32628e-05 | 47 -0.00297  9.98457e+00 | 48 -0.12187  4.82973e+01
 49  0.12143  4.50197e+01 | 50 -0.27703  1.48227e+00 | 51 -0.00479  4.28842e+00
 52  0.04271 -2.31263e+01 | 53 -0.11371  5.80368e+01 | 54  0.02970  5.84693e+01
 55  0.37535  7.88405e+00 | 56 -0.01930  9.24209e+01 |
56 variables; iteration 40; function evaluation 67; phase 3
Function value 3.7798045e+02; maximum gradient component mag -1.8486e+02
Var    Value     Gradient |Var    Value     Gradient |Var    Value     Gradient
  1  0.19311  2.26741e+00 |  2 -0.01109  2.57713e+01 |  3  0.01476  2.18755e+01
  4  0.04249 -3.69211e+00 |  5  0.04062  1.50664e+00 |  6  0.01722  2.45054e+01
  7  0.00940  3.23275e+01 |  8  0.01261  1.88366e+01 |  9 -0.00292  2.02756e+01
 10 -0.01765  4.47796e+01 | 11  0.00617  1.49518e+01 | 12 -0.01352 -2.07343e+00
 13  0.11189  1.63981e+01 | 14 -0.04945 -1.22932e+01 | 15  0.03516  2.77397e+01
 16  0.05448  4.89723e+01 | 17 -0.13945 -3.46551e+01 | 18  0.09995  6.44632e-01
 19  0.05099 -6.16032e+01 | 20 -0.08721 -3.02152e+01 | 21 -0.00381  4.89175e+00
 22  0.11064 -1.93110e+01 | 23 -0.02114  2.05784e+01 | 24 -0.11794  2.47785e+01
 25 -0.07220  5.13719e+01 | 26 -0.01275  9.51891e+01 | 27 -0.00502  6.79531e+01
 28 -0.02256  2.74714e+01 | 29 -0.02016  1.54266e+01 | 30 -0.06400 -1.84862e+02
 31 -0.61382 -3.50579e-03 | 32  0.02873  1.14106e+02 | 33  0.57822 -3.47771e+01
 34 -0.06867 -9.20537e+01 | 35 -0.00275 -1.26425e+02 | 36 -0.58135 -5.63971e-03
 37  0.02878  4.87967e+01 | 38  0.68539 -2.01435e+01 | 39 -0.34477 -1.79379e-02
 40 -0.29478 -2.57367e+01 | 41 -0.67372  2.81026e-01 | 42  1.11479  1.22088e+00
 43  0.06190 -2.38491e-04 | 44  0.20242  8.83946e+00 | 45  0.00167 -1.86033e-06
 46  0.01673 -2.81015e-05 | 47  0.01875  1.98364e+01 | 48 -0.12886  2.16002e+01
 49  0.12002 -1.70643e+00 | 50 -0.49030 -3.04729e-03 | 51 -0.01323 -4.35950e+01
 52  0.03049 -3.18819e+01 | 53 -0.11161 -3.36834e+01 | 54  0.00948  3.27151e+00
 55  0.28457 -3.79569e+00 | 56 -0.00348 -1.65977e+01 |
56 variables; iteration 60; function evaluation 95; phase 3
Function value 3.6461969e+02; maximum gradient component mag -4.7630e+01
Var    Value     Gradient |Var    Value     Gradient |Var    Value     Gradient
  1  0.14055 -1.44816e+01 |  2 -0.01660  4.59972e-01 |  3  0.00576  1.42667e+00
  4  0.05138  4.53594e+00 |  5  0.04620  4.58141e+00 |  6  0.00551  6.38956e-02
  7 -0.00549 -3.77971e+00 |  8  0.01699 -8.23491e+00 |  9  0.00670 -8.22130e+00
 10 -0.04644 -5.54978e+00 | 11  0.00817 -8.60358e-01 | 12  0.01308  4.79111e+00
 13  0.08064  7.86278e+00 | 14  0.00033  9.31659e-01 | 15  0.01946  2.97659e+00
 16  0.01764 -8.43757e-01 | 17 -0.03476  2.89961e+00 | 18  0.05892  1.46987e+01
 19  0.07281  2.73058e+00 | 20 -0.04899 -5.33315e+00 | 21 -0.03537 -2.55313e+00
 22  0.11349  8.00724e+00 | 23 -0.04075 -5.38220e+00 | 24 -0.11970 -6.73548e+00
 25 -0.07339 -2.47816e+00 | 26 -0.02750  3.32944e+00 | 27 -0.01264  3.84535e+00
 28 -0.03203 -1.12361e-01 | 29 -0.02301 -1.76470e-01 | 30 -0.03896 -3.82488e+01
 31 -0.62236 -8.36972e-04 | 32  0.03802  2.35004e+01 | 33  0.52236 -7.75229e+00
 34 -0.04849 -2.07402e+01 | 35  0.01865 -4.76304e+01 | 36 -0.58082 -2.22873e-03
 37  0.03793  4.02788e+01 | 38  0.67278 -8.68567e+00 | 39 -0.40503 -4.30474e-03
 40 -0.28161 -8.62974e+00 | 41 -0.65186  1.48117e+00 | 42  1.02980  2.65796e-01
 43  0.06185  1.57814e-04 | 44  0.19446  2.07005e-01 | 45  0.00173  4.17964e-06
 46  0.01700 -2.81063e-06 | 47  0.02784  7.67623e-01 | 48 -0.13060  2.44523e-01
 49  0.11592  1.48587e+00 | 50 -0.60955 -4.46323e-03 | 51  0.00461 -5.98341e+00
 52  0.03920  3.10839e-01 | 53 -0.11959 -1.98236e+00 | 54  0.01449 -1.20695e+00
 55  0.52997 -3.12771e-01 | 56 -0.00223 -1.50926e+01 |
56 variables; iteration 80; function evaluation 115; phase 3
Function value 3.6405741e+02; maximum gradient component mag 2.7634e-01
Var    Value     Gradient |Var    Value     Gradient |Var    Value     Gradient
  1  0.13229  3.80288e-02 |  2 -0.01470 -1.42619e-02 |  3  0.00717 -1.80065e-02
  4  0.04876 -1.28116e-02 |  5  0.04390  3.22573e-02 |  6  0.00423  4.11070e-02
  7 -0.00499  6.39409e-02 |  8  0.01832  1.14003e-01 |  9  0.00650  3.75662e-02
 10 -0.04473 -2.06502e-02 | 11  0.00880 -1.22281e-01 | 12  0.01122 -5.70548e-02
 13  0.07653 -1.62824e-02 | 14  0.00269 -1.02145e-02 | 15  0.01348  1.91097e-02
 16  0.01906 -1.53082e-02 | 17 -0.03563 -3.46655e-02 | 18  0.05256  2.53513e-02
 19  0.07232  8.76503e-02 | 20 -0.04308  4.18158e-02 | 21 -0.03138  2.35853e-02
 22  0.10684  8.63771e-03 | 23 -0.03991  1.34534e-02 | 24 -0.11497  2.41574e-02
 25 -0.07042  2.81577e-02 | 26 -0.02840  3.90551e-02 | 27 -0.01388  1.25905e-02
 28 -0.02970  1.37628e-04 | 29 -0.02050  6.60967e-03 | 30 -0.03380  8.85290e-02
 31 -0.62103  4.09739e-05 | 32  0.03980  3.14373e-02 | 33  0.51902  7.30661e-02
 34 -0.04502  2.76343e-01 | 35  0.02361 -4.93029e-03 | 36 -0.57341  5.91316e-05
 37  0.03864  2.03364e-02 | 38  0.67611  9.24410e-03 | 39 -0.40879 -3.34400e-03
 40 -0.27576  2.58055e-02 | 41 -0.64693  6.04116e-03 | 42  0.98670 -6.26386e-03
 43  0.06132 -1.10320e-07 | 44  0.19253 -2.40375e-03 | 45  0.00158  2.28666e-06
 46  0.01674  5.23327e-06 | 47  0.02915 -4.12810e-03 | 48 -0.12778  2.62989e-02
 49  0.11473 -6.14461e-02 | 50 -0.69572 -6.06447e-03 | 51  0.01118  7.77287e-02
 52  0.04000  1.15288e-01 | 53 -0.10215  4.14560e-02 | 54  0.01338 -2.54862e-02
 55  0.31705 -2.84892e-03 | 56  0.02315 -1.09611e-01 |
56 variables; iteration 100; function evaluation 142; phase 3
Function value 3.6405459e+02; maximum gradient component mag 6.0723e-01
Var    Value     Gradient |Var    Value     Gradient |Var    Value     Gradient
  1  0.13231 -9.03067e-03 |  2 -0.01471 -1.89638e-04 |  3  0.00717  3.87505e-03
  4  0.04878  5.00828e-03 |  5  0.04389 -4.54961e-03 |  6  0.00423 -4.72469e-03
  7 -0.00500 -4.55168e-03 |  8  0.01829 -8.05395e-03 |  9  0.00650 -6.44183e-03
 10 -0.04474  5.52987e-03 | 11  0.00882  5.38581e-03 | 12  0.01122 -5.76034e-03
 13  0.07652 -1.48442e-02 | 14  0.00271 -4.85792e-03 | 15  0.01347 -1.04705e-02
 16  0.01905 -1.87167e-02 | 17 -0.03559 -6.65176e-03 | 18  0.05256 -1.27897e-02
 19  0.07230 -1.74527e-02 | 20 -0.04309 -4.34350e-03 | 21 -0.03139 -3.43673e-04
 22  0.10684  2.61209e-02 | 23 -0.03987  1.62766e-02 | 24 -0.11499  1.37435e-02
 25 -0.07043  1.15960e-02 | 26 -0.02842  4.11475e-03 | 27 -0.01388  4.09613e-04
 28 -0.02969  5.63424e-05 | 29 -0.02049 -5.68345e-04 | 30 -0.03381 -7.56451e-02
 31 -0.62636 -4.24138e-04 | 32  0.03980  5.68337e-02 | 33  0.51897 -1.86312e-02
 34 -0.04502 -2.04234e-02 | 35  0.02360 -9.65120e-02 | 36 -0.59072 -1.16962e-03
 37  0.03864  7.84827e-02 | 38  0.67608 -1.85050e-02 | 39 -0.35818 -5.88368e-03
 40 -0.27578 -9.99347e-03 | 41 -0.64696  3.93711e-03 | 42  0.98693 -8.87910e-04
 43  0.06162 -3.66016e-06 | 44  0.19254  5.65121e-03 | 45 -0.00633 -3.52408e-05
 46 -0.00099 -8.68475e-05 | 47  0.02896  3.52515e-01 | 48 -0.13414  6.07233e-01
 49  0.11467  1.13305e-02 | 50 -0.23226  8.60774e-03 | 51  0.01114 -1.13370e-02
 52  0.03996 -4.74681e-03 | 53 -0.10229  6.03850e-03 | 54  0.01335  1.13563e-02
 55  0.31925  3.43320e-03 | 56  0.02311  4.47398e-04 |
56 variables; iteration 120; function evaluation 181; phase 3
Function value 3.6356112e+02; maximum gradient component mag 2.4859e+01
Var    Value     Gradient |Var    Value     Gradient |Var    Value     Gradient
  1  0.13348  1.52092e+00 |  2 -0.01515 -2.68585e-01 |  3  0.00704 -4.57130e-01
  4  0.04889 -5.95335e-01 |  5  0.04402 -4.98342e-01 |  6  0.00433 -3.06673e-01
  7 -0.00523 -2.70175e-01 |  8  0.01832 -1.99204e-01 |  9  0.00647 -2.13414e-01
 10 -0.04480 -3.00396e-01 | 11  0.00857 -5.01032e-01 | 12  0.01143 -3.28409e-01
 13  0.07686 -4.12435e-01 | 14  0.00280 -3.36441e-01 | 15  0.01383 -6.19845e-01
 16  0.01912 -4.64144e-01 | 17 -0.03631 -2.46462e-01 | 18  0.05437  1.08817e+00
 19  0.07151  9.74495e-01 | 20 -0.04347  1.53242e-01 | 21 -0.03197  6.81101e-02
 22  0.10712 -7.49599e-02 | 23 -0.03695  1.21927e-01 | 24 -0.11612 -4.31867e-02
 25 -0.07134 -1.49185e-01 | 26 -0.02846 -8.12049e-02 | 27 -0.01399 -3.25549e-01
 28 -0.03016 -2.33092e-01 | 29 -0.02079 -2.18022e-01 | 30 -0.03451  3.51490e+00
 31 -0.77839 -8.11686e-03 | 32  0.03959 -2.20941e+00 | 33  0.52166  6.57271e-01
 34 -0.04571  5.86245e-01 | 35  0.02317 -1.27150e+00 | 36 -0.55640  1.57633e-03
 37  0.03864  1.66270e+00 | 38  0.67492 -8.44831e-02 | 39 -0.20720 -3.16473e-01
 40 -0.27643  2.96262e-01 | 41 -0.64758  2.43658e-02 | 42  0.98825  3.21760e-02
 43  0.01189  5.86635e-05 | 44  0.19282 -1.99536e-01 | 45  0.21815  1.12075e-03
 46  0.54480  3.61806e-03 | 47  0.03015  2.22592e+01 | 48 -0.14508  2.48587e+01
 49  0.11391  4.02909e-01 | 50 -0.46069  2.04601e-01 | 51  0.00652  8.10875e-01
 52  0.04000  4.55642e-01 | 53 -0.10216  6.90543e-01 | 54  0.01349 -1.97454e-01
 55  0.32156  5.19466e-02 | 56  0.02155  6.90852e-01 |
56 variables; iteration 140; function evaluation 204; phase 3
Function value 3.6329459e+02; maximum gradient component mag 2.7651e+00
Var    Value     Gradient |Var    Value     Gradient |Var    Value     Gradient
  1  0.13377  4.24195e-01 |  2 -0.01505  4.66899e-02 |  3  0.00686  6.33306e-02
  4  0.04905 -7.44571e-03 |  5  0.04427  2.43614e-02 |  6  0.00420  4.25472e-02
  7 -0.00525  8.83504e-02 |  8  0.01819  1.18755e-01 |  9  0.00636  2.18586e-01
 10 -0.04463  1.60347e-01 | 11  0.00854  1.48616e-01 | 12  0.01157  8.20491e-02
 13  0.07742  2.23851e-01 | 14  0.00258  7.82504e-02 | 15  0.01409  1.51687e-01
 16  0.01881  2.73395e-02 | 17 -0.03537 -6.27192e-02 | 18  0.05405 -5.41297e-01
 19  0.07162 -4.03664e-01 | 20 -0.04407 -3.98904e-02 | 21 -0.03212 -7.46751e-03
 22  0.10733  4.03097e-01 | 23 -0.03787  1.60940e-01 | 24 -0.11607  8.63105e-02
 25 -0.07147  4.06517e-02 | 26 -0.02863 -6.26443e-04 | 27 -0.01387  1.03048e-01
 28 -0.02994  3.84664e-02 | 29 -0.02051  4.00667e-02 | 30 -0.03477 -3.96574e-01
 31 -0.68072 -3.81232e-03 | 32  0.03952  1.01364e-01 | 33  0.52069 -1.69117e-01
 34 -0.04570 -4.33302e-01 | 35  0.02692  5.00625e-02 | 36 -0.55064  1.32010e-03
 37  0.04052 -8.53249e-02 | 38  0.63083 -1.86310e-03 | 39 -0.08032  1.04434e-01
 40 -0.27675 -8.48902e-02 | 41 -0.64795 -8.59453e-03 | 42  0.98761  1.63332e-02
 43 -0.01065 -1.35939e-04 | 44  0.19297  4.43445e-04 | 45  0.15102  7.44668e-04
 46  0.28787  1.49650e-03 | 47  0.03935  2.76509e+00 | 48 -0.15612  2.16921e+00
 49  0.11694 -5.87393e-01 | 50 -0.48587  1.28604e-02 | 51  0.00487  4.64408e-01
 52  0.03989 -9.03240e-02 | 53 -0.10257 -1.33465e-02 | 54  0.01357  6.31134e-02
 55  0.32436  5.22800e-03 | 56  0.02096  4.31225e-03 |
56 variables; iteration 160; function evaluation 224; phase 3
Function value 3.6329363e+02; maximum gradient component mag 3.4069e-01
Var    Value     Gradient |Var    Value     Gradient |Var    Value     Gradient
  1  0.13371  4.14317e-03 |  2 -0.01503 -4.37196e-04 |  3  0.00684  1.75952e-04
  4  0.04907  1.49134e-03 |  5  0.04426 -9.18677e-04 |  6  0.00420 -1.63768e-03
  7 -0.00527 -2.11892e-03 |  8  0.01822 -8.44943e-04 |  9  0.00634 -4.75418e-05
 10 -0.04464 -9.68218e-04 | 11  0.00852 -2.09083e-04 | 12  0.01163 -1.86587e-03
 13  0.07733 -6.50707e-03 | 14  0.00266 -1.87562e-03 | 15  0.01400 -2.35567e-03
 16  0.01883  2.29423e-03 | 17 -0.03545  1.97452e-03 | 18  0.05412  1.39342e-02
 19  0.07158  6.26921e-03 | 20 -0.04407 -7.22354e-04 | 21 -0.03202  6.39419e-04
 22  0.10728  4.25738e-03 | 23 -0.03788  2.52733e-03 | 24 -0.11609 -1.91931e-03
 25 -0.07144 -2.81588e-03 | 26 -0.02858 -3.05853e-03 | 27 -0.01392 -2.50889e-03
 28 -0.02991 -6.18346e-04 | 29 -0.02051 -4.71255e-04 | 30 -0.03475  1.16669e-02
 31 -0.61869  2.45928e-04 | 32  0.03952 -8.88919e-03 | 33  0.52085  3.16050e-03
 34 -0.04569  1.14166e-03 | 35  0.02693  8.26608e-03 | 36 -0.56553  2.71261e-05
 37  0.04051 -1.02026e-02 | 38  0.63114  3.00982e-04 | 39 -0.08055 -6.97912e-05
 40 -0.27669 -1.33035e-03 | 41 -0.64786 -5.98255e-04 | 42  0.98692  2.15634e-04
 43  0.09288  4.34151e-04 | 44  0.19295  1.00465e-03 | 45 -0.00070 -7.42886e-06
 46 -0.06405 -3.33046e-04 | 47  0.04043  3.40694e-01 | 48 -0.15815  3.01705e-01
 49  0.11731 -1.53188e-02 | 50 -0.43968  1.59651e-03 | 51  0.00467  2.10352e-03
 52  0.03991 -7.57090e-04 | 53 -0.10242  6.83749e-04 | 54  0.01356  5.66293e-04
 55  0.32137  2.50813e-04 | 56  0.02117  8.63443e-04 |
56 variables; iteration 180; function evaluation 253; phase 3
Function value 3.6329350e+02; maximum gradient component mag 4.5516e-01
Var    Value     Gradient |Var    Value     Gradient |Var    Value     Gradient
  1  0.13371 -2.11254e-03 |  2 -0.01503 -2.28162e-03 |  3  0.00684 -6.88725e-04
  4  0.04907 -3.89169e-04 |  5  0.04426 -9.73489e-04 |  6  0.00421 -1.74567e-04
  7 -0.00527 -2.25484e-03 |  8  0.01821 -2.13286e-03 |  9  0.00633 -1.75332e-03
 10 -0.04464 -7.43839e-04 | 11  0.00852  1.17102e-03 | 12  0.01163  3.01681e-03
 13  0.07733  1.05646e-02 | 14  0.00266  2.52593e-03 | 15  0.01400  3.73413e-03
 16  0.01882 -4.01237e-03 | 17 -0.03543  1.18798e-03 | 18  0.05410 -2.14978e-02
 19  0.07159 -3.04065e-03 | 20 -0.04407 -9.66447e-04 | 21 -0.03202  4.14787e-03
 22  0.10728  1.61149e-03 | 23 -0.03789  1.16004e-03 | 24 -0.11608 -9.83317e-04
 25 -0.07144 -2.57263e-03 | 26 -0.02858 -1.50095e-03 | 27 -0.01392 -1.46526e-03
 28 -0.02991 -2.33722e-03 | 29 -0.02051 -7.57437e-04 | 30 -0.03476 -1.83485e-03
 31 -0.62215 -6.17100e-05 | 32  0.03952  1.12786e-02 | 33  0.52087  7.99653e-03
 34 -0.04569 -6.91757e-03 | 35  0.02693  9.81990e-03 | 36 -0.56436  1.18371e-04
 37  0.04052 -1.28635e-02 | 38  0.63112 -2.29741e-03 | 39 -0.08053  4.30334e-03
 40 -0.27669 -2.61449e-03 | 41 -0.64786 -9.58740e-04 | 42  0.98690 -2.63468e-04
 43  0.06131 -4.21965e-04 | 44  0.19295  1.31368e-03 | 45 -0.03709 -1.90310e-04
 46  0.01704  6.15260e-07 | 47  0.04048  4.55158e-01 | 48 -0.15903  3.62328e-01
 49  0.11732 -8.07986e-03 | 50 -0.39464  5.99951e-03 | 51  0.00466  5.33903e-03
 52  0.03991  2.68537e-03 | 53 -0.10242  5.55057e-04 | 54  0.01357 -5.53035e-04
 55  0.32137  4.40874e-05 | 56  0.02116 -6.31267e-03 |
56 variables; iteration 200; function evaluation 275; phase 3
Function value 3.6329337e+02; maximum gradient component mag 3.4768e-01
Var    Value     Gradient |Var    Value     Gradient |Var    Value     Gradient
  1  0.13370  1.64664e-02 |  2 -0.01503  3.56192e-03 |  3  0.00684  2.75017e-03
  4  0.04907 -4.79696e-04 |  5  0.04426  2.65636e-03 |  6  0.00420  3.32657e-03
  7 -0.00526  4.74516e-03 |  8  0.01821  5.57173e-03 |  9  0.00634  9.97655e-03
 10 -0.04464  5.76787e-03 | 11  0.00853  4.60877e-03 | 12  0.01162  4.17469e-03
 13  0.07733  9.71685e-03 | 14  0.00266  3.29799e-03 | 15  0.01400  3.83293e-03
 16  0.01882 -4.05207e-03 | 17 -0.03543 -1.23970e-03 | 18  0.05409 -1.80235e-02
 19  0.07159 -1.90925e-02 | 20 -0.04406 -2.95435e-03 | 21 -0.03202 -4.28970e-03
 22  0.10728  4.33155e-03 | 23 -0.03792  4.73523e-03 | 24 -0.11607  4.81819e-03
 25 -0.07144  2.45233e-03 | 26 -0.02858  2.36376e-03 | 27 -0.01392  4.37554e-03
 28 -0.02991  2.12927e-03 | 29 -0.02051  2.01770e-03 | 30 -0.03475 -1.63771e-03
 31 -0.62381 -2.05614e-04 | 32  0.03952  1.33503e-03 | 33  0.52082 -1.97540e-03
 34 -0.04568 -1.08594e-02 | 35  0.02693 -7.96985e-03 | 36 -0.56488  7.78792e-05
 37  0.04051  6.37473e-03 | 38  0.63116  6.89503e-04 | 39 -0.08055 -1.54333e-03
 40 -0.27668 -2.64364e-03 | 41 -0.64785  6.92325e-04 | 42  0.98692  3.07478e-04
 43  0.07447  3.10045e-04 | 44  0.19295 -1.08166e-03 | 45  0.04544  2.20082e-04
 46  0.03070  1.16326e-04 | 47  0.04084  3.47679e-01 | 48 -0.16178  1.82906e-01
 49  0.11744 -3.60139e-02 | 50 -0.32890  6.98385e-03 | 51  0.00463  3.33381e-02
 52  0.03991  7.05769e-04 | 53 -0.10242  6.70250e-04 | 54  0.01356  2.75187e-05
 55  0.32128 -7.23232e-05 | 56  0.02118 -5.60013e-03 |
56 variables; iteration 220; function evaluation 297; phase 3
Function value 3.6329331e+02; maximum gradient component mag 5.8201e-02
Var    Value     Gradient |Var    Value     Gradient |Var    Value     Gradient
  1  0.13371  3.14572e-05 |  2 -0.01503  1.07282e-03 |  3  0.00684  1.54327e-03
  4  0.04907  1.48398e-03 |  5  0.04426  3.95530e-04 |  6  0.00420 -8.97968e-06
  7 -0.00527  3.58927e-04 |  8  0.01822  9.38336e-04 |  9  0.00634  1.86880e-03
 10 -0.04464  1.30088e-03 | 11  0.00852  1.92579e-03 | 12  0.01163 -1.72013e-04
 13  0.07733 -3.03695e-03 | 14  0.00266 -5.23307e-04 | 15  0.01400  1.99461e-03
 16  0.01883  3.67203e-03 | 17 -0.03544  1.32779e-03 | 18  0.05411  4.76175e-03
 19  0.07159 -6.61592e-04 | 20 -0.04407 -8.88657e-04 | 21 -0.03202  8.65587e-05
 22  0.10728  5.07436e-03 | 23 -0.03790  1.96659e-03 | 24 -0.11608 -4.16030e-04
 25 -0.07144 -3.94418e-04 | 26 -0.02858 -8.21618e-04 | 27 -0.01392  9.85043e-04
 28 -0.02991  9.76374e-04 | 29 -0.02051  8.26040e-04 | 30 -0.03475 -1.26429e-02
 31 -0.62280 -1.19772e-04 | 32  0.03952  6.59688e-03 | 33  0.52083 -3.21792e-03
 34 -0.04568 -4.30195e-03 | 35  0.02693  8.62228e-03 | 36 -0.56554  2.63335e-05
 37  0.04051 -1.02292e-02 | 38  0.63114  4.56267e-04 | 39 -0.08055  1.30961e-03
 40 -0.27668 -1.50290e-03 | 41 -0.64786 -2.81611e-04 | 42  0.98692  2.04737e-04
 43  0.06388  2.96085e-04 | 44  0.19295  6.24083e-04 | 45 -0.02357 -1.18111e-04
 46  0.00981 -3.31241e-05 | 47  0.04060  5.70964e-02 | 48 -0.16290  5.82008e-02
 49  0.11736 -1.11528e-02 | 50 -0.30200  2.19697e-03 | 51  0.00465  8.08114e-03
 52  0.03991 -1.89301e-03 | 53 -0.10242 -5.23460e-04 | 54  0.01356  1.56448e-03
 55  0.32132  2.60731e-05 | 56  0.02117 -2.43004e-03 |
56 variables; iteration 240; function evaluation 319; phase 3
Function value 3.6329325e+02; maximum gradient component mag 4.6399e-01
Var    Value     Gradient |Var    Value     Gradient |Var    Value     Gradient
  1  0.13370  1.86979e-02 |  2 -0.01503 -2.39988e-03 |  3  0.00684  1.66900e-03
  4  0.04907  2.14006e-03 |  5  0.04426  1.10010e-03 |  6  0.00421  4.17236e-03
  7 -0.00527  9.52037e-04 |  8  0.01821  2.89123e-03 |  9  0.00633  6.56755e-04
 10 -0.04464 -1.76343e-03 | 11  0.00852 -4.62010e-03 | 12  0.01163 -8.72991e-05
 13  0.07732 -9.49212e-03 | 14  0.00267 -1.95789e-03 | 15  0.01400 -6.88083e-03
 16  0.01882 -1.25758e-02 | 17 -0.03543 -2.23577e-03 | 18  0.05409 -1.56099e-02
 19  0.07160  8.78078e-03 | 20 -0.04408  3.40321e-05 | 21 -0.03200  2.13502e-02
 22  0.10727  8.71699e-03 | 23 -0.03790  1.02381e-02 | 24 -0.11608 -5.45531e-03
 25 -0.07144 -2.26530e-03 | 26 -0.02857  5.64356e-04 | 27 -0.01392 -1.23954e-03
 28 -0.02991 -3.88974e-03 | 29 -0.02051 -2.64867e-04 | 30 -0.03475 -2.61805e-02
 31 -0.62327 -1.58887e-04 | 32  0.03952  3.43772e-02 | 33  0.52086  6.48035e-03
 34 -0.04569  7.39351e-04 | 35  0.02693  1.34694e-02 | 36 -0.56658 -5.30726e-05
 37  0.04051 -1.26549e-02 | 38  0.63116  4.34951e-03 | 39 -0.08055  2.77330e-03
 40 -0.27668 -5.75816e-03 | 41 -0.64786 -1.50737e-03 | 42  0.98691 -5.98297e-05
 43  0.07672  4.38780e-05 | 44  0.19295  8.02399e-04 | 45 -0.01697 -9.70063e-05
 46 -0.02709 -1.73081e-04 | 47  0.04073  4.63994e-01 | 48 -0.16776  2.41764e-01
 49  0.11740 -4.22129e-02 | 50 -0.25054  2.83555e-02 | 51  0.00463  4.00899e-02
 52  0.03991  3.14682e-03 | 53 -0.10241  9.15161e-04 | 54  0.01357  5.85907e-04
 55  0.32122 -1.38716e-04 | 56  0.02118 -3.67266e-03 |
56 variables; iteration 260; function evaluation 340; phase 3
Function value 3.6329321e+02; maximum gradient component mag 7.4542e-02
Var    Value     Gradient |Var    Value     Gradient |Var    Value     Gradient
  1  0.13370  4.23415e-03 |  2 -0.01503 -5.70416e-04 |  3  0.00684 -3.42580e-04
  4  0.04907 -6.10155e-05 |  5  0.04426 -3.04114e-04 |  6  0.00420 -7.21543e-04
  7 -0.00527 -1.14307e-03 |  8  0.01822 -1.15820e-03 |  9  0.00633 -8.66460e-04
 10 -0.04464 -5.06554e-04 | 11  0.00852 -4.41945e-04 | 12  0.01163 -3.32931e-04
 13  0.07733  8.37167e-04 | 14  0.00266 -6.31742e-05 | 15  0.01400  1.38499e-03
 16  0.01883  1.34280e-03 | 17 -0.03544  2.30958e-04 | 18  0.05411  3.16513e-03
 19  0.07159  6.21362e-04 | 20 -0.04407 -4.41352e-04 | 21 -0.03202 -8.16148e-04
 22  0.10728  1.00336e-03 | 23 -0.03790  1.36160e-03 | 24 -0.11608 -3.50835e-04
 25 -0.07144 -7.50391e-04 | 26 -0.02858 -1.07777e-03 | 27 -0.01392 -4.65671e-04
 28 -0.02991 -4.30844e-04 | 29 -0.02051 -1.78181e-04 | 30 -0.03475 -9.81821e-04
 31 -0.62178 -3.06422e-05 | 32  0.03952  8.69618e-04 | 33  0.52083  1.13539e-04
 34 -0.04568 -1.29098e-03 | 35  0.02693  6.46732e-03 | 36 -0.56576  9.00952e-06
 37  0.04051 -5.50300e-03 | 38  0.63114  6.71444e-04 | 39 -0.08055  9.29258e-04
 40 -0.27668  8.04699e-05 | 41 -0.64785 -1.29765e-04 | 42  0.98691 -1.67632e-05
 43  0.06379  2.90718e-04 | 44  0.19295  3.17516e-04 | 45 -0.00779 -4.19821e-05
 46  0.02495  5.21352e-05 | 47  0.04066  7.45424e-02 | 48 -0.17115  4.53557e-02
 49  0.11738 -1.31751e-02 | 50 -0.22627  6.49846e-03 | 51  0.00464  1.06204e-02
 52  0.03991 -2.30601e-04 | 53 -0.10242 -3.64501e-04 | 54  0.01356  7.51287e-05
 55  0.32129  6.63635e-06 | 56  0.02118 -1.12920e-03 |
56 variables; iteration 280; function evaluation 361; phase 3
Function value 3.6329315e+02; maximum gradient component mag 1.5469e-01
Var    Value     Gradient |Var    Value     Gradient |Var    Value     Gradient
  1  0.13370  1.46589e-02 |  2 -0.01503 -4.94893e-04 |  3  0.00684  5.70686e-04
  4  0.04907  5.62623e-04 |  5  0.04426  4.79335e-04 |  6  0.00420  7.94955e-04
  7 -0.00527  1.72285e-04 |  8  0.01821  1.12511e-03 |  9  0.00633  1.02892e-03
 10 -0.04464  7.96867e-06 | 11  0.00852 -1.00637e-03 | 12  0.01163 -5.14439e-04
 13  0.07733 -3.27703e-03 | 14  0.00266 -1.21619e-03 | 15  0.01400 -1.53276e-03
 16  0.01883 -2.16958e-03 | 17 -0.03544 -1.36719e-03 | 18  0.05410  2.58505e-03
 19  0.07159  1.09925e-04 | 20 -0.04407 -1.42471e-03 | 21 -0.03202  3.04312e-03
 22  0.10728  5.10370e-03 | 23 -0.03790  6.07872e-03 | 24 -0.11608 -5.95979e-04
 25 -0.07144 -3.77577e-05 | 26 -0.02858  3.04544e-05 | 27 -0.01392  2.67084e-04
 28 -0.02991 -9.59980e-04 | 29 -0.02051  1.03501e-04 | 30 -0.03475 -8.47408e-03
 31 -0.62193 -4.38063e-05 | 32  0.03952  7.33113e-03 | 33  0.52083 -6.80009e-04
 34 -0.04568 -8.28906e-04 | 35  0.02693  3.57880e-03 | 36 -0.56583  3.76082e-06
 37  0.04051 -3.86707e-03 | 38  0.63115  4.92385e-04 | 39 -0.08055  7.74855e-04
 40 -0.27668 -1.32069e-03 | 41 -0.64786 -2.54320e-04 | 42  0.98691  6.03727e-05
 43  0.06159  1.13899e-04 | 44  0.19295  1.94977e-04 | 45  0.00837  3.54201e-05
 46  0.01763  1.01302e-05 | 47  0.04068  1.54695e-01 | 48 -0.18292  5.71235e-02
 49  0.11739 -3.71966e-02 | 50 -0.17852  1.88140e-02 | 51  0.00464  3.17970e-02
 52  0.03991 -3.93389e-05 | 53 -0.10242  1.06350e-04 | 54  0.01356  4.77492e-04
 55  0.32125 -3.74713e-05 | 56  0.02118 -1.00494e-03 |
56 variables; iteration 300; function evaluation 388; phase 3
Function value 3.6329306e+02; maximum gradient component mag 1.9633e-01
Var    Value     Gradient |Var    Value     Gradient |Var    Value     Gradient
  1  0.13370  2.96359e-02 |  2 -0.01503 -7.35317e-04 |  3  0.00684  5.41401e-04
  4  0.04907  6.46121e-04 |  5  0.04426  6.76553e-04 |  6  0.00420  5.44844e-04
  7 -0.00527 -3.49364e-04 |  8  0.01821  1.17660e-03 |  9  0.00634  1.75995e-03
 10 -0.04464 -3.11180e-04 | 11  0.00852 -1.23466e-03 | 12  0.01163 -7.93351e-04
 13  0.07733 -2.86940e-03 | 14  0.00266 -1.64089e-03 | 15  0.01400 -2.04095e-03
 16  0.01883 -3.14550e-03 | 17 -0.03544 -2.42397e-03 | 18  0.05411  7.54348e-03
 19  0.07159 -2.29318e-03 | 20 -0.04407 -2.92921e-03 | 21 -0.03202  3.74550e-04
 22  0.10728  7.84961e-03 | 23 -0.03790  1.04598e-02 | 24 -0.11608  3.16725e-04
 25 -0.07144 -3.02892e-04 | 26 -0.02858 -2.83357e-04 | 27 -0.01392 -3.88400e-04
 28 -0.02991 -1.51888e-03 | 29 -0.02051 -8.08659e-05 | 30 -0.03475 -2.99703e-03
 31 -0.62144 -6.83079e-07 | 32  0.03952  1.91987e-03 | 33  0.52083 -4.81919e-04
 34 -0.04568 -1.45181e-04 | 35  0.02693  3.52426e-03 | 36 -0.56582  4.35279e-06
 37  0.04051 -3.61139e-03 | 38  0.63115  7.38810e-04 | 39 -0.08055  8.40094e-04
 40 -0.27668 -1.00111e-03 | 41 -0.64786 -1.05342e-04 | 42  0.98691  8.91141e-05
 43  0.06101 -9.63939e-05 | 44  0.19295  9.99714e-05 | 45  0.00202  2.42912e-06
 46  0.01868  1.18767e-05 | 47  0.04065  1.96325e-01 | 48 -0.20815  3.98856e-02
 49  0.11738 -7.05335e-02 | 50 -0.13462  3.39927e-02 | 51  0.00465  5.72386e-02
 52  0.03991 -4.59365e-04 | 53 -0.10242  4.88848e-05 | 54  0.01356  4.56394e-04
 55  0.32127  9.11585e-07 | 56  0.02118 -6.41025e-04 |
56 variables; iteration 320; function evaluation 410; phase 3
Function value 3.6329242e+02; maximum gradient component mag 1.1153e-01
Var    Value     Gradient |Var    Value     Gradient |Var    Value     Gradient
  1  0.13372  2.44066e-02 |  2 -0.01504 -5.70097e-04 |  3  0.00684  5.31605e-04
  4  0.04907  6.01828e-04 |  5  0.04426  5.78350e-04 |  6  0.00421  5.14349e-04
  7 -0.00527 -2.33943e-04 |  8  0.01821  1.06475e-03 |  9  0.00633  1.50451e-03
 10 -0.04464 -2.54892e-04 | 11  0.00852 -9.63399e-04 | 12  0.01163 -6.03940e-04
 13  0.07733 -2.46440e-03 | 14  0.00266 -1.34217e-03 | 15  0.01400 -1.79107e-03
 16  0.01883 -2.72792e-03 | 17 -0.03545 -2.04456e-03 | 18  0.05413  6.08285e-03
 19  0.07158 -1.88510e-03 | 20 -0.04407 -2.41376e-03 | 21 -0.03203  5.08295e-04
 22  0.10728  6.72758e-03 | 23 -0.03787  8.77912e-03 | 24 -0.11609  2.62181e-04
 25 -0.07145 -2.09033e-04 | 26 -0.02858 -1.40392e-04 | 27 -0.01392 -2.91696e-04
 28 -0.02992 -1.24027e-03 | 29 -0.02051 -3.45723e-05 | 30 -0.03476 -3.06423e-03
 31 -0.62145 -1.73347e-06 | 32  0.03952  1.91310e-03 | 33  0.52085 -5.34081e-04
 34 -0.04569 -3.55208e-04 | 35  0.02693  2.49222e-03 | 36 -0.56584  3.49705e-06
 37  0.04051 -2.72199e-03 | 38  0.63114  5.62607e-04 | 39 -0.08055  6.58631e-04
 40 -0.27669 -7.98019e-04 | 41 -0.64786 -7.95317e-05 | 42  0.98691  7.36398e-05
 43  0.06118 -5.73772e-05 | 44  0.19296  8.70030e-05 | 45  0.00091 -1.89329e-06
 46  0.01731  5.28438e-06 | 47  0.04018  1.11526e-01 | 48 -0.32345  3.14086e-03
 49  0.11722 -5.84918e-02 | 50 -0.09733  2.75345e-02 | 51  0.00470  4.65003e-02
 52  0.03991 -4.17372e-04 | 53 -0.10242  5.30634e-05 | 54  0.01357  4.37628e-04
 55  0.32131  1.36789e-06 | 56  0.02115 -4.58187e-04 |
Warning: the following parameters had issues
  selparm[15] is within 0.1% of upper bound: 2.00000e+01 < 8.99926e+01 < 9.00000e+01


 - final statistics:
56 variables; iteration 327; function evaluation 417
Function value 3.6329e+02; maximum gradient component mag 2.3884e-05
Exit code = 1;  converg criter 1.0000e-04
Var    Value     Gradient |Var    Value     Gradient |Var    Value     Gradient
  1  0.13372 -8.30041e-06 |  2 -0.01504 -2.57062e-06 |  3  0.00684 -3.71571e-06
  4  0.04907 -2.85234e-06 |  5  0.04426 -2.37006e-06 |  6  0.00421 -3.57718e-06
  7 -0.00527 -4.18648e-06 |  8  0.01821 -6.12256e-06 |  9  0.00633 -6.98811e-06
 10 -0.04464 -3.34385e-06 | 11  0.00852 -2.21943e-06 | 12  0.01163  3.99751e-07
 13  0.07733  1.22324e-05 | 14  0.00266  2.37514e-06 | 15  0.01400  4.05372e-06
 16  0.01883  2.21124e-06 | 17 -0.03545  3.34676e-07 | 18  0.05413 -8.24628e-08
 19  0.07158  1.98213e-06 | 20 -0.04407  1.95493e-06 | 21 -0.03203 -7.21153e-06
 22  0.10728 -1.07812e-05 | 23 -0.03787 -6.31977e-06 | 24 -0.11609  1.16177e-06
 25 -0.07145 -7.50012e-09 | 26 -0.02858 -9.63330e-07 | 27 -0.01392 -1.96363e-06
 28 -0.02992 -1.06915e-06 | 29 -0.02051 -1.51450e-06 | 30 -0.03476  2.03017e-05
 31 -0.62143  3.96000e-08 | 32  0.03952 -1.51981e-05 | 33  0.52085  2.77789e-06
 34 -0.04569 -1.29942e-06 | 35  0.02693  4.90819e-07 | 36 -0.56588 -1.12252e-08
 37  0.04051  4.54266e-06 | 38  0.63114 -9.85960e-08 | 39 -0.08055 -3.67090e-07
 40 -0.27669  4.88802e-06 | 41 -0.64786  8.18182e-07 | 42  0.98691 -4.47369e-07
 43  0.06136  1.07134e-06 | 44  0.19296 -2.28143e-07 | 45  0.00110  3.52425e-08
 46  0.01614 -7.23840e-08 | 47  0.04021 -2.05535e-05 | 48 -0.34901 -5.73963e-07
 49  0.11723  2.38837e-05 | 50 -0.09664 -7.89121e-06 | 51  0.00469 -1.91763e-05
 52  0.03991  1.70873e-06 | 53 -0.10242 -9.53130e-07 | 54  0.01357 -2.53828e-06
 55  0.32130 -3.75067e-08 | 56  0.02116  1.29338e-06 |
Estimating row 1 out of 56 for hessian
Estimating row 2 out of 56 for hessian
Estimating row 3 out of 56 for hessian
Estimating row 4 out of 56 for hessian
Estimating row 5 out of 56 for hessian
Estimating row 6 out of 56 for hessian
Estimating row 7 out of 56 for hessian
Estimating row 8 out of 56 for hessian
Estimating row 9 out of 56 for hessian
Estimating row 10 out of 56 for hessian
Estimating row 11 out of 56 for hessian
Estimating row 12 out of 56 for hessian
Estimating row 13 out of 56 for hessian
Estimating row 14 out of 56 for hessian
Estimating row 15 out of 56 for hessian
Estimating row 16 out of 56 for hessian
Estimating row 17 out of 56 for hessian
Estimating row 18 out of 56 for hessian
Estimating row 19 out of 56 for hessian
Estimating row 20 out of 56 for hessian
Estimating row 21 out of 56 for hessian
Estimating row 22 out of 56 for hessian
Estimating row 23 out of 56 for hessian
Estimating row 24 out of 56 for hessian
Estimating row 25 out of 56 for hessian
Estimating row 26 out of 56 for hessian
Estimating row 27 out of 56 for hessian
Estimating row 28 out of 56 for hessian
Estimating row 29 out of 56 for hessian
Estimating row 30 out of 56 for hessian
Estimating row 31 out of 56 for hessian
Estimating row 32 out of 56 for hessian
Estimating row 33 out of 56 for hessian
Estimating row 34 out of 56 for hessian
Estimating row 35 out of 56 for hessian
Estimating row 36 out of 56 for hessian
Estimating row 37 out of 56 for hessian
Estimating row 38 out of 56 for hessian
Estimating row 39 out of 56 for hessian
Estimating row 40 out of 56 for hessian
Estimating row 41 out of 56 for hessian
Estimating row 42 out of 56 for hessian
Estimating row 43 out of 56 for hessian
Estimating row 44 out of 56 for hessian
Estimating row 45 out of 56 for hessian
Estimating row 46 out of 56 for hessian
Estimating row 47 out of 56 for hessian
Estimating row 48 out of 56 for hessian
Estimating row 49 out of 56 for hessian
Estimating row 50 out of 56 for hessian
Estimating row 51 out of 56 for hessian
Estimating row 52 out of 56 for hessian
Estimating row 53 out of 56 for hessian
Estimating row 54 out of 56 for hessian
Estimating row 55 out of 56 for hessian
Estimating row 56 out of 56 for hessian
size of file gradfil1.tmp = 0
size of file gradfil2.tmp = 0
size of file varssave.tmp = 0
size of file cmpdiff.tmp = 0
