
Initial statistics: 1 variables; iteration 0; function evaluation 0; phase 1
Function value 7.4401709e+02; maximum gradient component mag -1.5631e+05
Var    Value     Gradient |Var    Value     Gradient |Var    Value     Gradient
  1  0.05958 -1.56306e+05 |

 - final statistics:
1 variables; iteration 3; function evaluation 7
Function value 7.3122e+02; maximum gradient component mag -5.5614e+00
Exit code = 1;  converg criter 1.0000e+01
Var    Value     Gradient |Var    Value     Gradient |Var    Value     Gradient
  1  0.05969 -5.56140e+00 |

Initial statistics: 11 variables; iteration 0; function evaluation 0; phase 2
Function value 7.3122339e+02; maximum gradient component mag -1.6857e+02
Var    Value     Gradient |Var    Value     Gradient |Var    Value     Gradient
  1  0.05969 -5.56140e+00 |  2 -0.17298 -1.68568e+02 |  3 -0.56788 -1.58316e-02
  4 -0.06251  5.12553e+01 |  5 -0.56691  7.50793e-02 |  6 -0.37714  1.50366e+01
  7  0.76130 -6.62228e-01 |  8 -0.03025  7.02936e+01 |  9 -0.52427  1.13922e-03
 10  0.05422  8.74772e+01 | 11 -0.55402 -1.69877e-03 |

Intermediate statistics: 11 variables; iteration 20; function evaluation 55; phase 2
Function value 7.2583263e+02; maximum gradient component mag 5.3836e+03
Var    Value     Gradient |Var    Value     Gradient |Var    Value     Gradient
  1  0.05987  5.38357e+03 |  2 -0.16339  8.59540e+01 |  3 -0.85796 -1.35913e-02
  4 -0.06528  5.35196e+02 |  5 -1.10610  1.71802e-02 |  6 -0.39383  1.14076e+00
  7  1.38390  8.95409e-01 |  8 -0.15085  2.37360e+01 |  9 -0.10097  2.97714e+01
 10  0.02098 -4.28796e+00 | 11 -0.15402 -1.50329e+00 |
11 variables; iteration 40; function evaluation 77; phase 2
Function value 7.2437742e+02; maximum gradient component mag 5.2235e+03
Var    Value     Gradient |Var    Value     Gradient |Var    Value     Gradient
  1  0.05956  5.22355e+03 |  2 -0.16382  7.43298e+01 |  3 -0.70386 -4.68248e-03
  4 -0.06210  5.27412e+02 |  5 -0.72408  5.09725e-03 |  6 -0.39333  9.99273e-01
  7  0.89476 -1.53946e-01 |  8 -0.39411  1.29770e+00 |  9 -0.05789  1.03052e+01
 10  0.01886 -4.11891e+00 | 11 -0.14939  6.74454e-01 |

 - final statistics:
11 variables; iteration 45; function evaluation 82
Function value 7.2436e+02; maximum gradient component mag 3.9346e+00
Exit code = 1;  converg criter 1.0000e+01
Var    Value     Gradient |Var    Value     Gradient |Var    Value     Gradient
  1  0.05959  3.93464e+00 |  2 -0.16411  5.24246e-01 |  3 -0.75982 -7.65760e-03
  4 -0.06242  1.99810e-01 |  5 -0.80429 -7.50445e-03 |  6 -0.39327 -9.36359e-04
  7  0.96661 -1.84877e-02 |  8 -0.42139 -1.46336e-01 |  9 -0.05530 -1.35385e+00
 10  0.02114 -4.69203e-01 | 11 -0.15231 -2.77977e-01 |

Initial statistics: 54 variables; iteration 0; function evaluation 0; phase 3
Function value 7.2435707e+02; maximum gradient component mag 2.4461e+03
Var    Value     Gradient |Var    Value     Gradient |Var    Value     Gradient
  1  0.05959  3.93464e+00 |  2  0.00000 -1.66473e+02 |  3  0.00000 -2.82451e+02
  4  0.00000 -6.02840e+02 |  5  0.00000 -7.39738e+02 |  6  0.00000 -8.40409e+02
  7  0.00000 -4.59707e+02 |  8  0.00000 -5.52001e+02 |  9  0.00000 -7.03373e+02
 10  0.00000 -3.48764e+01 | 11  0.00000 -1.09892e+02 | 12  0.00000 -7.12725e+02
 13  0.00000 -1.08235e+03 | 14  0.00000 -1.16970e+03 | 15  0.00000 -8.05598e+02
 16  0.00000 -3.54623e+02 | 17  0.00000 -4.25439e+02 | 18  0.00000 -2.71438e+02
 19  0.00000 -1.15440e+03 | 20  0.00000 -1.47637e+03 | 21  0.00000  1.69423e+03
 22  0.00000  1.69468e+02 | 23  0.00000 -2.07049e+02 | 24  0.00000  2.44608e+03
 25  0.00000  2.19600e+03 | 26  0.00000  2.07433e+03 | 27  0.00000  1.73501e+03
 28  0.00000  1.04700e+03 | 29  0.00000  7.41760e+02 | 30  0.00000  4.75756e+01
 31 -0.16411  5.24246e-01 | 32 -0.75982 -7.65760e-03 | 33  0.01836 -5.33380e+00
 34  0.68107 -1.45801e+01 | 35 -0.10603  2.10402e+00 | 36 -0.06242  1.99810e-01
 37 -0.80429 -7.50445e-03 | 38  0.05888  3.22598e+02 | 39  0.70419  1.71465e+02
 40 -0.41135 -3.90014e-04 | 41 -0.39327 -9.36359e-04 | 42 -0.63227 -2.82259e+00
 43  0.96661 -1.84877e-02 | 44  0.02708  6.10185e+00 | 45 -0.42139 -1.46336e-01
 46 -0.05530 -1.35385e+00 | 47  0.15728 -1.33324e-01 | 48  0.02071  8.82216e-01
 49 -0.03020  5.53588e+02 | 50  0.02114 -4.69203e-01 | 51 -0.15231 -2.77977e-01
 52  0.03830 -1.40549e+01 | 53  0.48490 -4.17620e-01 | 54 -0.06473  1.15805e+02

Intermediate statistics: 54 variables; iteration 20; function evaluation 29; phase 3
Function value 3.6344474e+02; maximum gradient component mag -5.0392e+03
Var    Value     Gradient |Var    Value     Gradient |Var    Value     Gradient
  1  0.05427 -5.03916e+03 |  2  0.01931 -1.43484e+01 |  3 -0.04208  9.38938e+00
  4  0.06251  1.27962e+01 |  5  0.04436  5.11868e+01 |  6  0.08204  1.33987e+01
  7 -0.12736 -6.75014e+01 |  8  0.02271 -8.34591e+01 |  9  0.02190 -1.41398e+01
 10 -0.01524 -3.00903e+02 | 11 -0.03042 -2.98352e+02 | 12  0.02269 -9.26766e+01
 13  0.02516 -1.36843e+02 | 14  0.04898 -1.39874e+02 | 15  0.00274 -2.63779e+02
 16 -0.01659 -3.63469e+02 | 17  0.01574 -2.64087e+02 | 18 -0.02920 -3.64925e+02
 19  0.04585 -1.37754e+02 | 20  0.03880 -5.42545e+01 | 21 -0.00407 -9.64564e-01
 22  0.01490  6.17934e+02 | 23  0.07712  8.27495e+02 | 24 -0.02557  3.82896e+02
 25 -0.08070  1.30890e+02 | 26 -0.07714  3.73118e+01 | 27 -0.03191  1.08190e+02
 28 -0.00924  1.11086e+02 | 29 -0.02064  6.16584e+01 | 30 -0.03919  6.33608e+01
 31 -0.16841 -5.30327e+01 | 32 -0.75979 -8.48863e-03 | 33  0.01544 -1.94179e+01
 34  0.66502 -3.62716e+01 | 35 -0.08262 -6.81653e+01 | 36 -0.06845 -5.20017e+02
 37 -0.80425 -1.18262e-02 | 38  0.03991  1.24062e+02 | 39  0.70022 -2.54963e+02
 40 -0.41132 -4.36544e-02 | 41 -0.36004  1.29147e+01 | 42 -0.61694 -2.23948e+00
 43  0.96647  3.87838e-02 | 44  0.01723  3.05140e+00 | 45 -0.40496  4.48950e-01
 46 -0.05558  4.87210e+01 | 47  0.15221  1.69162e+00 | 48  0.04358  8.23128e+00
 49 -0.01316  7.03279e+01 | 50  0.04524  7.25097e+01 | 51 -0.16494  5.43972e+01
 52  0.03608 -4.98822e+00 | 53  0.48314  3.33177e+01 | 54 -0.06807  6.68957e+01
54 variables; iteration 40; function evaluation 54; phase 3
Function value 3.5849847e+02; maximum gradient component mag -4.4819e+03
Var    Value     Gradient |Var    Value     Gradient |Var    Value     Gradient
  1  0.05415 -4.48190e+03 |  2  0.01685 -2.32611e+01 |  3 -0.03638  1.85450e+01
  4  0.06406  4.04583e+00 |  5  0.03973  1.91098e+01 |  6  0.07929 -2.36555e+01
  7 -0.12552 -8.05054e+01 |  8  0.02302 -9.81052e+01 |  9  0.02109 -3.48692e+01
 10 -0.01407 -2.94994e+02 | 11 -0.02994 -2.97404e+02 | 12  0.01994 -1.38064e+02
 13  0.02837 -9.68574e+01 | 14  0.04376 -1.43416e+02 | 15  0.00456 -2.33501e+02
 16 -0.01436 -3.05595e+02 | 17  0.01619 -2.03676e+02 | 18 -0.02859 -3.31255e+02
 19  0.04458 -1.04110e+02 | 20  0.03944 -2.97099e+00 | 21 -0.00422 -2.16484e+00
 22  0.01403  5.98556e+02 | 23  0.07229  7.75680e+02 | 24 -0.02880  3.58563e+02
 25 -0.07724  1.41772e+02 | 26 -0.07197  6.12591e+01 | 27 -0.03360  9.65199e+01
 28 -0.00853  1.21095e+02 | 29 -0.01989  6.83442e+01 | 30 -0.03679  5.90421e+01
 31 -0.16428 -5.93340e+01 | 32 -0.75806 -8.48597e-03 | 33  0.02154 -1.14551e+01
 34  0.65889 -4.14334e+01 | 35 -0.08171 -7.44783e+01 | 36 -0.06576 -4.48439e+02
 37 -0.80212 -1.14838e-02 | 38  0.04310  1.07378e+02 | 39  0.69939 -2.21916e+02
 40 -0.40989 -3.88710e-02 | 41 -0.36656  4.78665e+00 | 42 -0.57261  3.92675e+00
 43  0.95380  3.97606e-01 | 44 -0.16301 -1.45313e+01 | 45 -0.18391  2.66667e+01
 46 -0.07612  1.85276e+02 | 47  0.12835  5.94037e+00 | 48  0.05769  3.81870e+01
 49 -0.01795  3.52503e+01 | 50  0.03531  6.32057e+01 | 51 -0.15689  7.41140e+01
 52  0.03794  1.70078e+01 | 53  0.53100  4.64004e+01 | 54 -0.07396  6.65965e+01
54 variables; iteration 60; function evaluation 91; phase 3
Function value 3.3115276e+02; maximum gradient component mag -9.4251e+02
Var    Value     Gradient |Var    Value     Gradient |Var    Value     Gradient
  1  0.05400 -9.42508e+02 |  2  0.02038  4.76193e+01 |  3 -0.05230 -6.95594e+00
  4  0.06667  3.28529e+01 |  5  0.02877 -1.03380e+00 |  6  0.06555  3.53858e+01
  7 -0.08817 -6.60407e+01 |  8  0.02260  4.64621e+00 |  9  0.01689  2.27305e+00
 10 -0.00646 -6.44730e+00 | 11 -0.01971 -6.14872e+00 | 12  0.01663 -3.45303e+01
 13  0.02389 -4.47631e+01 | 14  0.03634 -7.54771e+01 | 15  0.00751 -7.87882e+01
 16 -0.00648 -8.00573e+01 | 17  0.00879 -6.89130e+01 | 18 -0.01618 -9.83232e+01
 19  0.03766 -1.65266e+02 | 20  0.04042 -6.62980e+01 | 21 -0.00248 -1.55742e+02
 22 -0.00309  5.66143e+01 | 23  0.05512  1.16612e+02 | 24 -0.05227  9.67085e+01
 25 -0.06272  1.08129e+02 | 26 -0.05485  1.19532e+02 | 27 -0.02650  1.24142e+02
 28 -0.00943  8.97644e+01 | 29 -0.01547  7.24320e+01 | 30 -0.03172  2.80508e+01
 31 -0.17187  1.13559e+01 | 32 -0.65187 -3.81208e-03 | 33  0.01606 -8.84153e+00
 34  0.67813  5.06981e+00 | 35 -0.09775  3.82535e+00 | 36 -0.06035 -5.06004e+01
 37 -0.66488 -5.50410e-03 | 38  0.05722  2.32446e+01 | 39  0.69799 -8.00066e+00
 40 -0.11265  2.65784e+01 | 41 -0.36160  4.81044e+00 | 42 -0.55738  5.03210e+00
 43  1.50482  6.64779e-01 | 44 -0.06083  1.82718e+00 | 45 -0.11097  6.27021e+00
 46 -0.10391  5.04371e+01 | 47  0.12420 -9.33478e+00 | 48 -0.02390  3.33297e+00
 49 -0.01821  3.42522e+01 | 50  0.06175  1.15258e+01 | 51 -0.20538  2.98167e+00
 52  0.05302 -1.79124e+00 | 53  0.41643  6.54898e-01 | 54 -0.04578  5.22022e+01
54 variables; iteration 80; function evaluation 121; phase 3
Function value 3.2394468e+02; maximum gradient component mag -4.1552e+02
Var    Value     Gradient |Var    Value     Gradient |Var    Value     Gradient
  1  0.05630 -4.15523e+02 |  2  0.01222  1.00179e+01 |  3 -0.03961  1.89048e+00
  4  0.05847 -8.55756e-01 |  5  0.03233 -4.99171e+00 |  6  0.04780 -2.42577e+00
  7 -0.03658 -5.53375e+00 |  8  0.01840 -1.40998e+00 |  9  0.01419 -8.18353e+00
 10 -0.00713 -6.50310e+00 | 11 -0.02332 -4.66350e+00 | 12  0.01561  4.19321e+00
 13  0.02301  1.01223e+01 | 14  0.03786  6.99706e+00 | 15  0.00993  6.70100e+00
 16 -0.00415  1.05705e+00 | 17  0.00756  3.67207e-01 | 18 -0.01578 -1.00614e+01
 19  0.04107 -7.35618e+00 | 20  0.03971 -6.01305e+00 | 21  0.00163 -4.30405e+01
 22 -0.00573  2.13459e+00 | 23  0.05688 -5.16980e+00 | 24 -0.05705 -1.32381e-01
 25 -0.06522  7.47506e+00 | 26 -0.06195  9.56565e+00 | 27 -0.03097  1.20574e+01
 28 -0.01197  1.23508e+01 | 29 -0.01859  1.42948e+01 | 30 -0.03864  1.00369e+01
 31 -0.17340  6.49814e-01 | 32 -0.44661  4.32649e-02 | 33  0.01631  4.49663e-01
 34  0.67966  5.13122e-01 | 35 -0.10424 -8.54089e-01 | 36 -0.07764 -4.73973e+01
 37 -0.15251  4.61561e-01 | 38  0.04884  1.42157e+01 | 39  0.65652 -2.12845e+01
 40 -0.11221  2.33477e+01 | 41 -0.37278 -2.47165e-01 | 42 -0.60361  3.30579e-02
 43  0.51072 -1.23687e-01 | 44 -0.05627 -2.33490e-01 | 45 -0.00806 -6.50168e+00
 46 -0.16074 -2.77750e+00 | 47  0.15794  3.73144e-01 | 48 -0.16828 -5.79811e-01
 49 -0.02393 -8.60138e+00 | 50  0.05315 -2.52706e+00 | 51 -0.28256  2.27972e-01
 52  0.04756  1.02502e+00 | 53  0.48572 -8.96388e-01 | 54 -0.06135 -3.80118e+00
54 variables; iteration 100; function evaluation 143; phase 3
Function value 3.2351362e+02; maximum gradient component mag -5.9919e+02
Var    Value     Gradient |Var    Value     Gradient |Var    Value     Gradient
  1  0.05612 -5.99190e+02 |  2  0.01162 -4.94328e+00 |  3 -0.03942 -5.43022e+00
  4  0.05883 -5.45423e+00 |  5  0.03260 -7.57002e+00 |  6  0.04719 -7.96380e+00
  7 -0.03572 -8.14507e+00 |  8  0.01795 -6.48800e+00 |  9  0.01482 -6.51956e+00
 10 -0.00712 -5.91883e+00 | 11 -0.02175 -3.74744e+00 | 12  0.01529 -5.55149e+00
 13  0.02223 -5.93319e+00 | 14  0.03669 -5.26018e+00 | 15  0.00948 -3.94517e+00
 16 -0.00414 -2.61895e+00 | 17  0.00723 -2.47341e+00 | 18 -0.01455 -2.13689e+00
 19  0.04036 -3.85315e+00 | 20  0.03877 -4.19016e+00 | 21  0.00424 -1.02123e+01
 22 -0.00532  1.44418e+01 | 23  0.05574  1.31395e+01 | 24 -0.05497  1.27301e+01
 25 -0.06457  1.25735e+01 | 26 -0.06058  1.21108e+01 | 27 -0.03108  1.11455e+01
 28 -0.01218  1.06911e+01 | 29 -0.01902  1.05950e+01 | 30 -0.04270  1.06930e+01
 31 -0.17336 -1.01771e+01 | 32 -0.58432 -1.27166e-03 | 33  0.01635  2.79585e+00
 34  0.67939 -5.25493e+00 | 35 -0.10361 -6.83114e+00 | 36 -0.08340 -6.02778e+01
 37 -0.14666 -1.23088e-01 | 38  0.04573  2.29156e+01 | 39  0.67217 -2.43756e+01
 40 -0.14636 -3.66834e-01 | 41 -0.37124 -1.13814e-01 | 42 -0.60325 -7.77934e-02
 43  1.12789 -9.92681e-03 | 44 -0.01989  1.20130e-01 | 45  0.01268 -1.31592e+00
 46 -0.18384 -6.64827e-01 | 47  0.16524 -2.72796e-01 | 48 -0.26273 -9.33148e-02
 49 -0.02360 -8.21264e-01 | 50  0.05396  2.54674e-02 | 51 -0.33736  8.73452e-02
 52  0.04761  1.32826e-03 | 53  0.48794  7.29553e-02 | 54 -0.06065  1.08309e-01
54 variables; iteration 120; function evaluation 171; phase 3
Function value 3.2341935e+02; maximum gradient component mag -6.0286e+02
Var    Value     Gradient |Var    Value     Gradient |Var    Value     Gradient
  1  0.05625 -6.02857e+02 |  2  0.01152 -6.00400e+00 |  3 -0.03944 -6.74799e+00
  4  0.05863 -8.58615e+00 |  5  0.03242 -1.08030e+01 |  6  0.04686 -1.27424e+01
  7 -0.03544 -1.01881e+01 |  8  0.01793 -1.01600e+01 |  9  0.01476 -1.04401e+01
 10 -0.00719 -8.02519e+00 | 11 -0.02172 -5.26521e+00 | 12  0.01515 -6.59575e+00
 13  0.02211 -5.51968e+00 | 14  0.03650 -4.15984e+00 | 15  0.00943 -2.76834e+00
 16 -0.00399  8.85812e-02 | 17  0.00725  4.21529e-02 | 18 -0.01447 -1.39015e-01
 19  0.04029 -1.87307e-01 | 20  0.03868 -1.76152e+00 | 21  0.00442 -6.52110e+00
 22 -0.00543  1.47996e+01 | 23  0.05565  1.40999e+01 | 24 -0.05455  1.45833e+01
 25 -0.06458  1.33956e+01 | 26 -0.06053  1.29816e+01 | 27 -0.03117  1.25808e+01
 28 -0.01237  1.13448e+01 | 29 -0.01902  1.17344e+01 | 30 -0.04177  1.11318e+01
 31 -0.17333 -1.00936e+01 | 32 -1.48644 -6.41673e-03 | 33  0.01639  3.00115e+00
 34  0.67938 -5.06343e+00 | 35 -0.10357 -6.69368e+00 | 36 -0.08482 -6.06542e+01
 37 -0.14677  6.65573e-01 | 38  0.04474  2.29637e+01 | 39  0.67846 -2.42593e+01
 40 -0.17419 -1.40931e+00 | 41 -0.37127 -1.16212e-02 | 42 -0.60293 -1.52132e-02
 43  1.03300 -3.92575e-02 | 44  0.00210  1.11515e+00 | 45  0.02653  1.64921e+01
 46 -0.23603  1.80959e+00 | 47  0.17006 -4.03170e-01 | 48 -0.30201  5.39770e-01
 49 -0.02430 -5.63971e-01 | 50  0.05448 -1.85773e-01 | 51 -0.46776  2.98762e-03
 52  0.04786 -2.64504e-01 | 53  0.48686 -2.61520e-01 | 54 -0.06051 -7.47343e-02
54 variables; iteration 140; function evaluation 197; phase 3
Function value 3.2261025e+02; maximum gradient component mag -4.2040e+02
Var    Value     Gradient |Var    Value     Gradient |Var    Value     Gradient
  1  0.05624 -4.20397e+02 |  2  0.01081  1.09002e+01 |  3 -0.03669  1.23197e+01
  4  0.05816  1.31159e+01 |  5  0.03352  1.24129e+01 |  6  0.04705  1.16931e+01
  7 -0.03349  6.52266e+00 |  8  0.01729  5.93383e+00 |  9  0.01435  7.06881e+00
 10 -0.00719 -7.09951e-01 | 11 -0.02232 -2.74892e+00 | 12  0.01521 -7.60500e+00
 13  0.02215 -1.23412e+01 | 14  0.03699 -1.34393e+01 | 15  0.00956 -1.38139e+01
 16 -0.00456 -1.82076e+01 | 17  0.00733 -1.56950e+01 | 18 -0.01499 -1.56052e+01
 19  0.04057 -1.65521e+01 | 20  0.03910 -1.23897e+01 | 21  0.00351 -2.53144e+01
 22 -0.00534  7.99477e+00 | 23  0.05603  5.06554e+00 | 24 -0.05536  8.38016e+00
 25 -0.06502  8.27104e+00 | 26 -0.06081  9.58041e+00 | 27 -0.03128  8.37909e+00
 28 -0.01198  1.02239e+01 | 29 -0.01929  7.99973e+00 | 30 -0.04335  9.18196e+00
 31 -0.17362  1.31699e+00 | 32 -0.86774 -1.48146e-02 | 33  0.01602 -7.47558e-02
 34  0.68115  3.20514e-01 | 35 -0.10515 -4.23808e+00 | 36 -0.06614 -4.20842e+01
 37 -0.20669 -4.73193e-01 | 38  0.05679  1.57611e+01 | 39  0.68566 -1.83461e+01
 40 -0.14030  4.67992e+00 | 41 -0.37130  2.76429e-02 | 42 -0.60363 -9.30638e-02
 43  1.37867 -1.49867e-01 | 44 -0.06857 -1.77756e+00 | 45  0.03326  7.80736e+01
 46 -0.46169  7.74209e-02 | 47  0.17237 -9.57983e-01 | 48 -0.34471  1.71072e+00
 49 -0.02452  3.38882e-01 | 50  0.05369 -5.64306e-01 | 51 -1.29425  6.18522e-03
 52  0.04743 -2.32696e-01 | 53  0.48920 -2.09144e-02 | 54 -0.06054  2.76058e-01
54 variables; iteration 160; function evaluation 219; phase 3
Function value 3.2205555e+02; maximum gradient component mag -4.1099e+02
Var    Value     Gradient |Var    Value     Gradient |Var    Value     Gradient
  1  0.05670 -4.10994e+02 |  2  0.01088 -1.59693e+00 |  3 -0.03890 -2.47445e+00
  4  0.05807 -3.88720e+00 |  5  0.03267 -5.69793e+00 |  6  0.04676 -7.50065e+00
  7 -0.03448 -6.04229e+00 |  8  0.01774 -7.02500e+00 |  9  0.01433 -7.49487e+00
 10 -0.00716 -5.60218e+00 | 11 -0.02244 -4.27268e+00 | 12  0.01501 -3.18738e+00
 13  0.02207 -2.09991e+00 | 14  0.03676 -1.49733e+00 | 15  0.00966 -1.25541e+00
 16 -0.00372 -3.61913e-01 | 17  0.00741 -4.99378e-01 | 18 -0.01463 -1.90544e+00
 19  0.04055 -9.89288e-01 | 20  0.03894 -2.95468e+00 | 21  0.00406 -9.63442e+00
 22 -0.00579  8.21630e+00 | 23  0.05617  7.26026e+00 | 24 -0.05491  9.27588e+00
 25 -0.06495  8.56550e+00 | 26 -0.06117  8.71471e+00 | 27 -0.03163  8.92320e+00
 28 -0.01254  8.39921e+00 | 29 -0.01927  8.65215e+00 | 30 -0.03956  8.09685e+00
 31 -0.17319 -5.09376e+00 | 32 -1.37245  3.08757e-03 | 33  0.01669  1.88850e+00
 34  0.67938 -2.34542e+00 | 35 -0.10377 -2.69866e+00 | 36 -0.06557 -4.16655e+01
 37 -0.26555 -1.09363e-01 | 38  0.05703  1.53760e+01 | 39  0.70215 -1.74656e+01
 40 -0.22474 -1.35693e-01 | 41 -0.37252 -8.88246e-02 | 42 -0.60381 -3.89075e-03
 43  1.07321  1.74158e-02 | 44 -0.00086  6.41424e-01 | 45  0.03530  4.44642e+00
 46 -0.54735 -3.06584e-03 | 47  0.17330 -1.20114e-01 | 48 -0.73209 -7.01895e-03
 49 -0.02522 -8.33988e-01 | 50  0.05196 -1.07863e+00 | 51 -1.76318 -8.39007e-01
 52  0.04610 -1.63490e-01 | 53  0.48040 -6.41564e-01 | 54 -0.06130 -1.34702e+00
54 variables; iteration 180; function evaluation 245; phase 3
Function value 3.2180119e+02; maximum gradient component mag -3.9745e+01
Var    Value     Gradient |Var    Value     Gradient |Var    Value     Gradient
  1  0.05772 -3.97450e+01 |  2  0.00917 -4.07337e+00 |  3 -0.03867 -1.25768e+00
  4  0.05709 -3.33791e+00 |  5  0.03334 -2.12192e+00 |  6  0.04661 -3.38775e+00
  7 -0.03271 -9.34274e-01 |  8  0.01776 -2.40054e+00 |  9  0.01375 -2.35609e+00
 10 -0.00691 -2.28096e+00 | 11 -0.02366 -1.52482e+00 | 12  0.01453 -5.59297e+00
 13  0.02170 -4.87334e+00 | 14  0.03747 -2.96628e+00 | 15  0.01026 -1.51535e+00
 16 -0.00285 -9.05863e-02 | 17  0.00778  1.19825e+00 | 18 -0.01448  3.15161e+00
 19  0.04130  4.94255e+00 | 20  0.03945  7.11722e+00 | 21  0.00426  9.70376e+00
 22 -0.00704  3.74337e+00 | 23  0.05786  3.59539e+00 | 24 -0.05572  1.60149e+00
 25 -0.06580  1.49358e+00 | 26 -0.06307  1.89290e+00 | 27 -0.03274  2.92761e-01
 28 -0.01294  5.78770e-01 | 29 -0.01994  3.25913e-02 | 30 -0.03582 -7.51605e-02
 31 -0.17366  3.73710e-01 | 32 -0.49329  1.49886e-02 | 33  0.01634  9.94448e-02
 34  0.68036  1.08711e-01 | 35 -0.10542 -1.26626e+00 | 36 -0.06530  1.31058e+00
 37 -0.32892  4.37001e-01 | 38  0.05726  8.63139e-01 | 39  0.70468  2.17107e+00
 40 -0.32164  1.80865e-02 | 41 -0.37541  1.02465e-01 | 42 -0.60671 -5.60097e-02
 43  1.23148  1.04591e-01 | 44  0.04119  1.15666e+00 | 45  0.03525 -3.48468e+01
 46 -0.61194 -7.34544e-03 | 47  0.17342 -7.11525e-01 | 48 -1.18849  1.02971e-02
 49 -0.02660  5.38931e-01 | 50  0.05302  3.21352e-01 | 51 -1.66493 -1.10981e-01
 52  0.04672 -3.15594e-01 | 53  0.48763 -2.71921e-03 | 54 -0.06368  7.57516e-01
54 variables; iteration 200; function evaluation 265; phase 3
Function value 3.2176049e+02; maximum gradient component mag 1.8288e+01
Var    Value     Gradient |Var    Value     Gradient |Var    Value     Gradient
  1  0.05792  1.82883e+01 |  2  0.00912 -2.60647e-01 |  3 -0.03925 -1.32766e-01
  4  0.05718 -1.18034e-01 |  5  0.03322 -1.71891e-02 |  6  0.04683  3.20001e-02
  7 -0.03308  7.87129e-02 |  8  0.01780  1.59706e-01 |  9  0.01362  1.50640e-01
 10 -0.00687  2.58424e-01 | 11 -0.02398  1.96424e-01 | 12  0.01458  1.88636e-01
 13  0.02184  2.90889e-01 | 14  0.03762  3.33329e-01 | 15  0.01039  3.26522e-01
 16 -0.00272  3.64261e-01 | 17  0.00788  3.96055e-01 | 18 -0.01457  3.19579e-01
 19  0.04138  2.62644e-01 | 20  0.03953  2.76320e-01 | 21  0.00386  9.85531e-01
 22 -0.00721 -7.17383e-01 | 23  0.05813 -4.28540e-01 | 24 -0.05566 -3.75495e-01
 25 -0.06592 -4.54021e-01 | 26 -0.06344 -5.11066e-01 | 27 -0.03282 -4.19584e-01
 28 -0.01299 -4.09160e-01 | 29 -0.01993 -3.97578e-01 | 30 -0.03461 -4.09012e-01
 31 -0.17379  1.16513e-01 | 32 -0.76591 -7.88514e-03 | 33  0.01623 -7.05568e-02
 34  0.68020  2.88869e-02 | 35 -0.10547 -2.49922e-02 | 36 -0.06513  2.09522e+00
 37 -0.35057  2.68424e-01 | 38  0.05729 -6.96774e-01 | 39  0.70351  8.94366e-01
 40 -0.35501  4.79329e-03 | 41 -0.37599  7.25573e-03 | 42 -0.60658  1.17955e-02
 43  1.22986  2.80167e-03 | 44  0.00966 -2.24446e-02 | 45  0.03535  2.62243e+00
 46 -0.60509 -4.33705e-03 | 47  0.17396 -1.43992e-02 | 48 -1.32292  5.65266e-03
 49 -0.02691  2.72169e-02 | 50  0.05305  1.95895e-01 | 51 -1.46706  1.07757e-03
 52  0.04684  3.69073e-03 | 53  0.48948  8.19562e-02 | 54 -0.06422  1.75407e-01
54 variables; iteration 220; function evaluation 287; phase 3
Function value 3.2175404e+02; maximum gradient component mag 1.2172e+01
Var    Value     Gradient |Var    Value     Gradient |Var    Value     Gradient
  1  0.05790  1.21716e+01 |  2  0.00916 -1.33656e-01 |  3 -0.03925 -9.91559e-02
  4  0.05720 -9.87656e-02 |  5  0.03321 -5.93753e-02 |  6  0.04683 -5.58860e-02
  7 -0.03309  1.94762e-02 |  8  0.01779 -4.06265e-03 |  9  0.01364  4.27242e-03
 10 -0.00688  6.53020e-02 | 11 -0.02395  8.15722e-02 | 12  0.01459  1.47823e-02
 13  0.02183  6.18280e-02 | 14  0.03760  7.39927e-02 | 15  0.01037  1.06048e-01
 16 -0.00274  1.65621e-01 | 17  0.00786  2.01280e-01 | 18 -0.01457  2.79501e-01
 19  0.04137  3.26199e-01 | 20  0.03952  3.74869e-01 | 21  0.00383  6.03152e-01
 22 -0.00713 -1.01476e-01 | 23  0.05809 -1.90750e-01 | 24 -0.05567 -2.52191e-01
 25 -0.06589 -2.09179e-01 | 26 -0.06338 -1.98599e-01 | 27 -0.03280 -2.21252e-01
 28 -0.01299 -2.53101e-01 | 29 -0.01992 -2.43951e-01 | 30 -0.03472 -2.58034e-01
 31 -0.17378  2.03756e-01 | 32 -0.56129  1.57765e-03 | 33  0.01624 -3.28373e-02
 34  0.68015  1.18481e-01 | 35 -0.10541  1.63674e-01 | 36 -0.06503  1.33232e+00
 37 -0.38511  1.26870e-01 | 38  0.05734 -4.80623e-01 | 39  0.70371  5.74075e-01
 40 -0.41542 -1.10255e-03 | 41 -0.37592  5.03333e-03 | 42 -0.60660  8.63249e-04
 43  1.15705 -5.17773e-03 | 44  0.01463  8.48440e-03 | 45  0.03494 -4.71497e-01
 46 -0.56475 -4.24762e-03 | 47  0.17381 -8.92750e-03 | 48 -1.52432  1.84553e-02
 49 -0.02685  1.25242e-02 | 50  0.05306 -5.37110e-02 | 51 -1.09663  2.05131e-02
 52  0.04684 -9.73758e-03 | 53  0.48934 -3.12227e-02 | 54 -0.06415 -6.74005e-02
54 variables; iteration 240; function evaluation 311; phase 3
Function value 3.2174180e+02; maximum gradient component mag 3.7812e+00
Var    Value     Gradient |Var    Value     Gradient |Var    Value     Gradient
  1  0.05783 -3.13401e+00 |  2  0.00924 -3.39743e-02 |  3 -0.03918 -2.14680e-02
  4  0.05723 -1.69092e-02 |  5  0.03320 -1.87763e-02 |  6  0.04682 -1.74049e-02
  7 -0.03314 -2.88282e-02 |  8  0.01779 -1.17034e-02 |  9  0.01367 -1.33121e-02
 10 -0.00690 -8.62383e-03 | 11 -0.02387 -1.00661e-02 | 12  0.01461 -2.72421e-02
 13  0.02184 -2.74856e-02 | 14  0.03755 -2.04184e-02 | 15  0.01034 -1.71177e-02
 16 -0.00280 -1.55521e-02 | 17  0.00783 -1.32361e-02 | 18 -0.01458 -2.57121e-02
 19  0.04132 -2.90228e-02 | 20  0.03949 -2.38670e-02 | 21  0.00385 -2.51013e-02
 22 -0.00708  1.25910e-02 | 23  0.05800  4.97258e-02 | 24 -0.05563  4.79222e-02
 25 -0.06585  4.39602e-02 | 26 -0.06327  3.69422e-02 | 27 -0.03274  4.90704e-02
 28 -0.01296  5.39469e-02 | 29 -0.01989  4.98633e-02 | 30 -0.03496  5.28542e-02
 31 -0.17377 -7.58432e-02 | 32 -0.58226 -3.04348e-04 | 33  0.01624  1.63973e-02
 34  0.68016 -4.17404e-02 | 35 -0.10536 -7.87228e-02 | 36 -0.06489 -3.14476e-01
 37 -0.51009  7.82286e-03 | 38  0.05743  1.25336e-01 | 39  0.70389 -1.28891e-01
 40 -0.43999 -1.95178e-03 | 41 -0.37573 -7.87302e-04 | 42 -0.60645  5.93627e-04
 43  1.20553  1.43883e-03 | 44  0.00996 -4.98749e-03 | 45  0.03313  3.78116e+00
 46 -0.54173 -3.09210e-03 | 47  0.17317 -1.81565e-02 | 48 -1.65956 -4.60700e-02
 49 -0.02669  2.18861e-02 | 50  0.05308  5.74100e-03 | 51 -1.53211 -4.80532e-03
 52  0.04687  4.02943e-03 | 53  0.48930  6.23263e-03 | 54 -0.06403  7.78864e-03
54 variables; iteration 260; function evaluation 331; phase 3
Function value 3.2173705e+02; maximum gradient component mag 1.1167e+01
Var    Value     Gradient |Var    Value     Gradient |Var    Value     Gradient
  1  0.05784 -1.89142e+00 |  2  0.00925  2.31490e-01 |  3 -0.03921  5.96312e-02
  4  0.05723  1.07004e-01 |  5  0.03321  9.31592e-02 |  6  0.04682 -3.26337e-02
  7 -0.03315 -5.00491e-02 |  8  0.01779 -2.72791e-02 |  9  0.01366 -1.25782e-02
 10 -0.00690 -1.92648e-01 | 11 -0.02390 -3.28418e-01 | 12  0.01460 -3.97469e-01
 13  0.02182 -4.22389e-01 | 14  0.03756 -2.14865e-01 | 15  0.01033 -2.33458e-01
 16 -0.00280 -1.16970e-01 | 17  0.00785  8.31052e-02 | 18 -0.01460 -1.11837e-01
 19  0.04133  4.30858e-01 | 20  0.03948  7.10413e-02 | 21  0.00391  7.98625e-01
 22 -0.00719 -8.36439e-01 | 23  0.05801 -5.81023e-02 | 24 -0.05556  2.88853e-01
 25 -0.06586  8.56687e-02 | 26 -0.06330  7.64878e-02 | 27 -0.03275  2.02096e-01
 28 -0.01296  2.11699e-01 | 29 -0.01989  1.44855e-01 | 30 -0.03486  8.30285e-02
 31 -0.17381 -5.01362e-02 | 32 -0.58588 -5.65318e-04 | 33  0.01620 -4.12219e-03
 34  0.68025 -2.20336e-02 | 35 -0.10543 -2.59534e-01 | 36 -0.06488 -2.67892e-01
 37 -0.62596 -3.12105e-03 | 38  0.05744  1.44362e-01 | 39  0.70390 -7.86953e-02
 40 -0.45510 -2.28260e-03 | 41 -0.37576  3.91308e-03 | 42 -0.60648 -3.62696e-04
 43  1.17329 -2.02132e-03 | 44  0.01266  1.37627e-02 | 45  0.03034  1.11666e+01
 46 -0.51826  1.99216e-04 | 47  0.17222 -1.46524e-01 | 48 -1.73702 -4.98224e-01
 49 -0.02660  2.76362e-01 | 50  0.05302 -3.28743e-02 | 51 -1.49726 -8.33971e-04
 52  0.04682 -9.78855e-03 | 53  0.48959  1.37432e-02 | 54 -0.06409 -7.42930e-02
54 variables; iteration 280; function evaluation 353; phase 3
Function value 3.2172901e+02; maximum gradient component mag 1.1773e+00
Var    Value     Gradient |Var    Value     Gradient |Var    Value     Gradient
  1  0.05785  8.59765e-01 |  2  0.00921 -1.08380e-02 |  3 -0.03921 -1.65906e-02
  4  0.05722 -1.77819e-02 |  5  0.03320 -1.69606e-02 |  6  0.04683 -2.20864e-02
  7 -0.03313 -1.06252e-02 |  8  0.01779 -1.43198e-02 |  9  0.01366 -1.43492e-02
 10 -0.00689 -9.94720e-03 | 11 -0.02390 -1.22552e-02 | 12  0.01460 -7.02317e-03
 13  0.02184 -2.05792e-03 | 14  0.03757  6.92493e-03 | 15  0.01035  7.88227e-03
 16 -0.00278  1.76071e-02 | 17  0.00784  2.21117e-02 | 18 -0.01458  1.84260e-02
 19  0.04133  4.06141e-02 | 20  0.03950  2.78518e-02 | 21  0.00384  6.65164e-02
 22 -0.00709 -1.55582e-02 | 23  0.05803  5.83075e-03 | 24 -0.05564  6.15404e-03
 25 -0.06586 -2.35197e-03 | 26 -0.06331 -6.39049e-03 | 27 -0.03276 -4.12363e-03
 28 -0.01297 -1.02946e-02 | 29 -0.01990 -1.13919e-02 | 30 -0.03487 -1.64962e-02
 31 -0.17377  1.85054e-03 | 32 -0.57753  7.02634e-05 | 33  0.01624 -3.10386e-03
 34  0.68015  3.44066e-04 | 35 -0.10537  5.77871e-03 | 36 -0.06489  6.82452e-02
 37 -0.93261 -2.95080e-02 | 38  0.05743 -3.01213e-02 | 39  0.70388  2.89524e-02
 40 -0.45852 -2.34527e-03 | 41 -0.37579  5.41851e-04 | 42 -0.60651 -2.16831e-04
 43  1.18434 -1.08724e-03 | 44  0.01204  5.02937e-03 | 45  0.02277  1.17727e+00
 46 -0.47026 -2.85494e-03 | 47  0.16961 -7.15533e-03 | 48 -1.82489  6.29947e-04
 49 -0.02632  1.21364e-02 | 50  0.05308  5.61204e-03 | 51 -1.44800  2.02091e-03
 52  0.04687 -1.01858e-03 | 53  0.48935  2.92490e-03 | 54 -0.06407  5.46090e-03
54 variables; iteration 300; function evaluation 375; phase 3
Function value 3.2171198e+02; maximum gradient component mag 3.4064e+00
Var    Value     Gradient |Var    Value     Gradient |Var    Value     Gradient
  1  0.05788  2.03135e+00 |  2  0.00917  5.75405e-03 |  3 -0.03919  1.24298e-01
  4  0.05720  2.56924e-02 |  5  0.03320  3.30407e-02 |  6  0.04684  1.18632e-01
  7 -0.03309  1.72924e-01 |  8  0.01779  5.10225e-02 |  9  0.01364 -3.58345e-02
 10 -0.00689  3.04379e-02 | 11 -0.02393  7.95307e-02 | 12  0.01459  1.47012e-01
 13  0.02185  2.47470e-01 | 14  0.03758  1.59553e-01 | 15  0.01036  1.86389e-01
 16 -0.00276  1.20698e-01 | 17  0.00784  5.37042e-03 | 18 -0.01456  8.87913e-02
 19  0.04135  2.16911e-01 | 20  0.03954  5.11561e-01 | 21  0.00374 -6.11944e-01
 22 -0.00704  6.64367e-01 | 23  0.05808 -1.16903e-01 | 24 -0.05568 -6.80770e-01
 25 -0.06590 -2.53478e-01 | 26 -0.06332 -2.22108e-01 | 27 -0.03279 -4.01721e-01
 28 -0.01298 -2.85914e-01 | 29 -0.01990 -1.63251e-01 | 30 -0.03481 -4.33542e-02
 31 -0.17372  1.00187e-01 | 32 -0.54920  2.91328e-03 | 33  0.01630 -2.70816e-02
 34  0.68003  2.39401e-03 | 35 -0.10532  2.02609e-01 | 36 -0.06494  1.24832e-01
 37 -0.46494  2.29679e-02 | 38  0.05737 -1.39359e-01 | 39  0.70382  1.29301e-03
 40 -0.59846 -4.28549e-03 | 41 -0.37585  2.21745e-04 | 42 -0.60652  5.18676e-03
 43  1.20098  9.29108e-04 | 44  0.01144  3.72601e-03 | 45  0.00659  3.40644e+00
 46 -0.45841  1.16412e-03 | 47  0.16402 -3.42197e-02 | 48 -1.91001 -4.83186e-01
 49 -0.02579 -2.61797e-01 | 50  0.05326  3.48660e-01 | 51 -1.52463 -3.92892e-03
 52  0.04698 -1.85162e-02 | 53  0.48871  6.99257e-02 | 54 -0.06398  4.22591e-01
54 variables; iteration 320; function evaluation 410; phase 3
Function value 3.2137831e+02; maximum gradient component mag 1.9345e+01
Var    Value     Gradient |Var    Value     Gradient |Var    Value     Gradient
  1  0.05832  1.93454e+01 |  2  0.00852  3.25041e-01 |  3 -0.03970  2.72667e-01
  4  0.05703  2.81342e-01 |  5  0.03320  3.22091e-01 |  6  0.04704  3.71472e-01
  7 -0.03347  3.35795e-01 |  8  0.01786  3.32478e-01 |  9  0.01343  3.29766e-01
 10 -0.00686  2.65696e-01 | 11 -0.02451  1.85814e-01 | 12  0.01446  2.02594e-01
 13  0.02174  1.92407e-01 | 14  0.03784  1.57797e-01 | 15  0.01053  1.10522e-01
 16 -0.00246  9.63137e-02 | 17  0.00799  5.48859e-02 | 18 -0.01392  5.21068e-02
 19  0.04139  5.51900e-02 | 20  0.03933  9.61032e-02 | 21  0.00336  1.32898e-01
 22 -0.00793 -3.47845e-01 | 23  0.05876 -6.82026e-01 | 24 -0.05329 -5.55763e-01
 25 -0.06675 -4.88372e-01 | 26 -0.06384 -4.40822e-01 | 27 -0.03302 -4.83595e-01
 28 -0.01304 -4.18926e-01 | 29 -0.02002 -3.57371e-01 | 30 -0.03372 -3.13323e-01
 31 -0.17384  9.54174e-01 | 32 -0.43576  5.12679e-02 | 33  0.01628 -1.74888e-01
 34  0.68012  5.09839e-01 | 35 -0.10568  5.57376e-01 | 36 -0.06511  1.94101e+00
 37 -1.10577  1.86758e-02 | 38  0.05729 -7.43538e-01 | 39  0.70340  7.69589e-01
 40 -0.65888 -5.28561e-03 | 41 -0.37727  7.69750e-03 | 42 -0.60759  2.74851e-03
 43  1.27726  1.15872e-02 | 44  0.01299 -1.96080e-03 | 45 -0.03585  1.54048e-01
 46 -0.32138  1.51696e-01 | 47  0.14775 -2.87912e-02 | 48 -2.02204  4.28738e-02
 49 -0.02904  8.77525e-02 | 50  0.05285  9.39490e-02 | 51 -0.48969  2.35205e-03
 52  0.04657 -6.60491e-02 | 53  0.48912 -2.01714e-02 | 54 -0.06496 -3.51088e-02
54 variables; iteration 340; function evaluation 430; phase 3
Function value 3.2137507e+02; maximum gradient component mag 1.8628e+01
Var    Value     Gradient |Var    Value     Gradient |Var    Value     Gradient
  1  0.05831  1.86284e+01 |  2  0.00851  1.39593e-02 |  3 -0.03972  6.46049e-02
  4  0.05704  7.94833e-02 |  5  0.03320  1.50013e-01 |  6  0.04704  2.17316e-01
  7 -0.03349  2.08179e-01 |  8  0.01787  2.20707e-01 |  9  0.01343  2.17493e-01
 10 -0.00686  2.32476e-01 | 11 -0.02451  1.88393e-01 | 12  0.01447  1.95957e-01
 13  0.02174  2.09435e-01 | 14  0.03783  1.77978e-01 | 15  0.01054  1.60499e-01
 16 -0.00246  1.49512e-01 | 17  0.00799  1.24075e-01 | 18 -0.01391  1.59569e-01
 19  0.04139  1.09687e-01 | 20  0.03933  1.82339e-01 | 21  0.00337  3.88058e-01
 22 -0.00794 -2.66997e-01 | 23  0.05876 -3.97564e-01 | 24 -0.05328 -4.26371e-01
 25 -0.06675 -3.95640e-01 | 26 -0.06384 -3.88649e-01 | 27 -0.03302 -4.10215e-01
 28 -0.01304 -3.99185e-01 | 29 -0.02002 -3.76809e-01 | 30 -0.03374 -3.62510e-01
 31 -0.17382  2.40805e-01 | 32 -0.58487 -5.13526e-04 | 33  0.01630 -7.16601e-02
 34  0.68016  1.16408e-01 | 35 -0.10569  2.11926e-01 | 36 -0.06512  1.88834e+00
 37 -1.20167  9.41926e-03 | 38  0.05729 -7.08132e-01 | 39  0.70341  7.65862e-01
 40 -0.64397 -5.01235e-03 | 41 -0.37727  5.69092e-03 | 42 -0.60758  2.81345e-03
 43  1.23085  2.22473e-03 | 44  0.01702 -8.20341e-03 | 45 -0.03561  3.50005e-01
 46 -0.31977  1.59942e-01 | 47  0.14786  5.41273e-03 | 48 -2.02170  2.66448e-02
 49 -0.02904 -1.12325e-02 | 50  0.05282  3.04381e-02 | 51 -0.63813 -4.47179e-03
 52  0.04654  7.46466e-04 | 53  0.48926  2.35240e-03 | 54 -0.06499  5.29670e-02
54 variables; iteration 360; function evaluation 450; phase 3
Function value 3.2137067e+02; maximum gradient component mag 9.3477e+00
Var    Value     Gradient |Var    Value     Gradient |Var    Value     Gradient
  1  0.05827  9.34772e+00 |  2  0.00857 -5.63803e-02 |  3 -0.03971 -2.47355e-02
  4  0.05707 -6.17761e-03 |  5  0.03318 -1.15809e-03 |  6  0.04704  7.13868e-02
  7 -0.03352  8.03404e-02 |  8  0.01787  8.26028e-02 |  9  0.01346  2.49360e-02
 10 -0.00687  5.38221e-02 | 11 -0.02445  4.36089e-02 | 12  0.01448  5.21560e-02
 13  0.02175  1.26247e-01 | 14  0.03781  1.14116e-01 | 15  0.01051  8.08024e-02
 16 -0.00250  7.46852e-02 | 17  0.00797  1.09093e-01 | 18 -0.01392  1.50073e-01
 19  0.04137  3.93466e-01 | 20  0.03932  4.52988e-01 | 21  0.00338  1.74690e-01
 22 -0.00789 -2.18592e-02 | 23  0.05869 -2.32943e-01 | 24 -0.05329 -3.82449e-01
 25 -0.06670 -2.09714e-01 | 26 -0.06376 -2.14772e-01 | 27 -0.03298 -2.32164e-01
 28 -0.01303 -2.33132e-01 | 29 -0.02000 -2.11472e-01 | 30 -0.03393 -2.12594e-01
 31 -0.17379  1.75712e-01 | 32 -0.61713 -2.43168e-03 | 33  0.01631 -5.31223e-02
 34  0.68015  7.11030e-02 | 35 -0.10564  1.20313e-01 | 36 -0.06512  9.71161e-01
 37 -1.14643  1.33314e-02 | 38  0.05728 -4.01489e-01 | 39  0.70347  3.90596e-01
 40 -0.66044 -5.31562e-03 | 41 -0.37715 -3.63082e-03 | 42 -0.60751 -1.55652e-03
 43  1.22505  1.98871e-03 | 44  0.01667 -3.01014e-03 | 45 -0.03568 -2.95262e-03
 46 -0.36064  6.34787e-02 | 47  0.14777 -6.03275e-03 | 48 -2.02236  5.07511e-02
 49 -0.02900 -1.63553e-02 | 50  0.05287  1.23848e-01 | 51 -0.47665  4.02205e-03
 52  0.04658  1.91416e-03 | 53  0.48909  3.00450e-02 | 54 -0.06488  1.63616e-01
54 variables; iteration 380; function evaluation 470; phase 3
Function value 3.2136574e+02; maximum gradient component mag 3.1752e-01
Var    Value     Gradient |Var    Value     Gradient |Var    Value     Gradient
  1  0.05822  3.17524e-01 |  2  0.00863  1.38331e-02 |  3 -0.03968  9.26254e-03
  4  0.05709  9.19868e-03 |  5  0.03318  9.32992e-03 |  6  0.04702  6.59642e-03
  7 -0.03355  5.30533e-03 |  8  0.01786  5.27880e-03 |  9  0.01348  7.03269e-03
 10 -0.00688 -6.10600e-04 | 11 -0.02440 -3.55324e-03 | 12  0.01449  3.16591e-04
 13  0.02175 -4.00309e-03 | 14  0.03777 -2.51703e-03 | 15  0.01049 -5.04929e-03
 16 -0.00253 -7.00245e-03 | 17  0.00795 -3.47591e-03 | 18 -0.01392 -8.15450e-03
 19  0.04133  6.83438e-04 | 20  0.03928 -1.17310e-02 | 21  0.00341  7.87776e-03
 22 -0.00787 -2.50835e-02 | 23  0.05863 -5.04156e-03 | 24 -0.05323  4.40524e-03
 25 -0.06668 -1.58625e-03 | 26 -0.06369 -1.27593e-03 | 27 -0.03294  2.47051e-03
 28 -0.01301  1.28100e-03 | 29 -0.01999 -1.33107e-03 | 30 -0.03406 -4.30426e-03
 31 -0.17380  8.87685e-03 | 32 -0.57866 -6.06357e-05 | 33  0.01629 -3.38506e-03
 34  0.68016  4.33177e-03 | 35 -0.10561  1.64250e-03 | 36 -0.06510  3.05245e-02
 37 -1.43718 -6.61586e-04 | 38  0.05730 -1.07120e-02 | 39  0.70350  1.23567e-02
 40 -0.63867 -4.92045e-03 | 41 -0.37702 -1.18083e-05 | 42 -0.60741 -1.92413e-04
 43  1.20958  1.12905e-04 | 44  0.01698 -1.77336e-04 | 45 -0.03547  1.58535e-02
 46 -0.50613  5.98030e-04 | 47  0.14782 -2.56390e-03 | 48 -2.02261  4.93567e-04
 49 -0.02897  9.90655e-03 | 50  0.05285  1.65957e-03 | 51 -0.51840 -1.39807e-04
 52  0.04657 -5.27041e-04 | 53  0.48927  1.54307e-03 | 54 -0.06484  4.97078e-04
54 variables; iteration 400; function evaluation 490; phase 3
Function value 3.2136498e+02; maximum gradient component mag -7.8473e-03
Var    Value     Gradient |Var    Value     Gradient |Var    Value     Gradient
  1  0.05822 -7.84735e-03 |  2  0.00863 -2.39025e-04 |  3 -0.03968 -7.01931e-05
  4  0.05709 -7.24009e-05 |  5  0.03318 -8.04993e-06 |  6  0.04702  7.51843e-05
  7 -0.03355  1.10305e-04 |  8  0.01786  5.09868e-05 |  9  0.01348  8.68700e-05
 10 -0.00688  2.81823e-04 | 11 -0.02440  3.92681e-04 | 12  0.01449  3.78240e-04
 13  0.02175  3.58153e-04 | 14  0.03777  2.00800e-04 | 15  0.01048  2.11519e-04
 16 -0.00253  2.15298e-04 | 17  0.00795 -1.86216e-04 | 18 -0.01392  8.58571e-05
 19  0.04133 -5.32429e-04 | 20  0.03928 -1.35610e-04 | 21  0.00341 -6.82316e-04
 22 -0.00787  8.96536e-04 | 23  0.05863 -1.66573e-04 | 24 -0.05323 -3.51608e-04
 25 -0.06668 -1.99453e-04 | 26 -0.06369 -1.89058e-04 | 27 -0.03294 -3.46913e-04
 28 -0.01301 -2.09624e-04 | 29 -0.01999 -7.87968e-05 | 30 -0.03407  1.63021e-04
 31 -0.17380  1.96548e-05 | 32 -0.57786  2.16186e-06 | 33  0.01630  1.07810e-04
 34  0.68016  7.78895e-05 | 35 -0.10561  2.73511e-04 | 36 -0.06509 -9.97312e-04
 37 -1.42927 -1.48095e-06 | 38  0.05730  3.34098e-04 | 39  0.70349 -4.48418e-04
 40 -0.39138  6.92001e-08 | 41 -0.37702 -1.50366e-05 | 42 -0.60741  2.76429e-06
 43  1.20866  2.57411e-07 | 44  0.01703  3.41418e-06 | 45 -0.03549 -3.98141e-05
 46 -0.51419 -1.35048e-06 | 47  0.14781  1.40976e-04 | 48 -2.02264  8.46439e-05
 49 -0.02897 -5.09276e-04 | 50  0.05285 -4.48679e-04 | 51 -0.51641 -5.06071e-06
 52  0.04657  7.63630e-06 | 53  0.48926 -2.15242e-04 | 54 -0.06483 -4.96844e-04
  ic > imax  in fminim is answer attained ?
Var    Value     Gradient |Var    Value     Gradient |Var    Value     Gradient
  1  0.05822  1.13265e-04 |  2  0.00863  7.81643e-06 |  3 -0.03968  5.18053e-06
  4  0.05709  4.20633e-06 |  5  0.03318  3.11628e-06 |  6  0.04702  1.44260e-06
  7 -0.03355  6.53200e-07 |  8  0.01786 -6.21765e-07 |  9  0.01348  2.24578e-06
 10 -0.00688  9.72403e-07 | 11 -0.02440  9.81800e-07 | 12  0.01449  8.81143e-06
 13  0.02175  2.14045e-06 | 14  0.03777 -3.78624e-06 | 15  0.01048 -7.71343e-06
 16 -0.00253 -1.38026e-05 | 17  0.00795 -1.74851e-05 | 18 -0.01392 -1.49970e-05
 19  0.04133 -1.99252e-05 | 20  0.03928 -2.01049e-05 | 21  0.00341 -1.50105e-05
 22 -0.00787  6.42273e-06 | 23  0.05863  1.54204e-05 | 24 -0.05323  1.25979e-05
 25 -0.06668  9.82397e-06 | 26 -0.06369  8.90869e-06 | 27 -0.03294  1.12047e-05
 28 -0.01301  7.28958e-06 | 29 -0.01999  2.72677e-06 | 30 -0.03407 -1.36835e-06
 31 -0.17380  8.28645e-06 | 32 -0.57789 -2.74115e-08 | 33  0.01630 -3.41280e-06
 34  0.68016  5.10227e-06 | 35 -0.10561  7.30210e-06 | 36 -0.06509  1.20983e-05
 37 -1.42925  3.04204e-08 | 38  0.05730 -4.16780e-06 | 39  0.70349  5.41625e-06
 40 -0.39139  8.88285e-09 | 41 -0.37702 -4.61100e-07 | 42 -0.60741 -6.59938e-07
 43  1.20866  3.00558e-08 | 44  0.01703  2.84613e-07 | 45 -0.03549  1.11900e-06
 46 -0.51417 -2.75499e-09 | 47  0.14781 -4.00822e-06 | 48 -2.02264 -1.30797e-06
 49 -0.02897  1.37367e-05 | 50  0.05285  1.18037e-06 | 51 -0.51634  5.98767e-09
 52  0.04657  2.65582e-07 | 53  0.48926  2.42453e-06 | 54 -0.06483 -6.10875e-07
Function minimizer not making progress ... is minimum attained?
Minimprove criterion = 0.0000e+00

 - final statistics:
54 variables; iteration 404; function evaluation 523
Function value 3.2136e+02; maximum gradient component mag 1.1326e-04
Exit code = 1;  converg criter 1.0000e-04
Var    Value     Gradient |Var    Value     Gradient |Var    Value     Gradient
  1  0.05822  1.13265e-04 |  2  0.00863  7.81643e-06 |  3 -0.03968  5.18053e-06
  4  0.05709  4.20633e-06 |  5  0.03318  3.11628e-06 |  6  0.04702  1.44260e-06
  7 -0.03355  6.53200e-07 |  8  0.01786 -6.21765e-07 |  9  0.01348  2.24578e-06
 10 -0.00688  9.72403e-07 | 11 -0.02440  9.81800e-07 | 12  0.01449  8.81143e-06
 13  0.02175  2.14045e-06 | 14  0.03777 -3.78624e-06 | 15  0.01048 -7.71343e-06
 16 -0.00253 -1.38026e-05 | 17  0.00795 -1.74851e-05 | 18 -0.01392 -1.49970e-05
 19  0.04133 -1.99252e-05 | 20  0.03928 -2.01049e-05 | 21  0.00341 -1.50105e-05
 22 -0.00787  6.42273e-06 | 23  0.05863  1.54204e-05 | 24 -0.05323  1.25979e-05
 25 -0.06668  9.82397e-06 | 26 -0.06369  8.90869e-06 | 27 -0.03294  1.12047e-05
 28 -0.01301  7.28958e-06 | 29 -0.01999  2.72677e-06 | 30 -0.03407 -1.36835e-06
 31 -0.17380  8.28645e-06 | 32 -0.57789 -2.74115e-08 | 33  0.01630 -3.41280e-06
 34  0.68016  5.10227e-06 | 35 -0.10561  7.30210e-06 | 36 -0.06509  1.20983e-05
 37 -1.42925  3.04204e-08 | 38  0.05730 -4.16780e-06 | 39  0.70349  5.41625e-06
 40 -0.39139  8.88285e-09 | 41 -0.37702 -4.61100e-07 | 42 -0.60741 -6.59938e-07
 43  1.20866  3.00558e-08 | 44  0.01703  2.84613e-07 | 45 -0.03549  1.11900e-06
 46 -0.51417 -2.75499e-09 | 47  0.14781 -4.00822e-06 | 48 -2.02264 -1.30797e-06
 49 -0.02897  1.37367e-05 | 50  0.05285  1.18037e-06 | 51 -0.51634  5.98767e-09
 52  0.04657  2.65582e-07 | 53  0.48926  2.42453e-06 | 54 -0.06483 -6.10875e-07
Estimating row 1 out of 54 for hessian
Estimating row 2 out of 54 for hessian
Estimating row 3 out of 54 for hessian
Estimating row 4 out of 54 for hessian
Estimating row 5 out of 54 for hessian
Estimating row 6 out of 54 for hessian
Estimating row 7 out of 54 for hessian
Estimating row 8 out of 54 for hessian
Estimating row 9 out of 54 for hessian
Estimating row 10 out of 54 for hessian
Estimating row 11 out of 54 for hessian
Estimating row 12 out of 54 for hessian
Estimating row 13 out of 54 for hessian
Estimating row 14 out of 54 for hessian
Estimating row 15 out of 54 for hessian
Estimating row 16 out of 54 for hessian
Estimating row 17 out of 54 for hessian
Estimating row 18 out of 54 for hessian
Estimating row 19 out of 54 for hessian
Estimating row 20 out of 54 for hessian
Estimating row 21 out of 54 for hessian
Estimating row 22 out of 54 for hessian
Estimating row 23 out of 54 for hessian
Estimating row 24 out of 54 for hessian
Estimating row 25 out of 54 for hessian
Estimating row 26 out of 54 for hessian
Estimating row 27 out of 54 for hessian
Estimating row 28 out of 54 for hessian
Estimating row 29 out of 54 for hessian
Estimating row 30 out of 54 for hessian
Estimating row 31 out of 54 for hessian
Estimating row 32 out of 54 for hessian
Estimating row 33 out of 54 for hessian
Estimating row 34 out of 54 for hessian
Estimating row 35 out of 54 for hessian
Estimating row 36 out of 54 for hessian
Estimating row 37 out of 54 for hessian
Estimating row 38 out of 54 for hessian
Estimating row 39 out of 54 for hessian
Estimating row 40 out of 54 for hessian
Estimating row 41 out of 54 for hessian
Estimating row 42 out of 54 for hessian
Estimating row 43 out of 54 for hessian
Estimating row 44 out of 54 for hessian
Estimating row 45 out of 54 for hessian
Estimating row 46 out of 54 for hessian
Estimating row 47 out of 54 for hessian
Estimating row 48 out of 54 for hessian
Estimating row 49 out of 54 for hessian
Estimating row 50 out of 54 for hessian
Estimating row 51 out of 54 for hessian
Estimating row 52 out of 54 for hessian
Estimating row 53 out of 54 for hessian
Estimating row 54 out of 54 for hessian
size of file gradfil1.tmp = 0
size of file gradfil2.tmp = 0
size of file varssave.tmp = 0
size of file cmpdiff.tmp = 0
