
Initial statistics: 1 variables; iteration 0; function evaluation 0; phase 1
Function value 5.0400290e+02; maximum gradient component mag -9.7557e+02
Var    Value     Gradient |Var    Value     Gradient |Var    Value     Gradient
  1  0.14781 -9.75575e+02 |

 - final statistics:
1 variables; iteration 9; function evaluation 11
Function value 4.8410e+02; maximum gradient component mag -5.9264e+00
Exit code = 1;  converg criter 1.0000e+01
Var    Value     Gradient |Var    Value     Gradient |Var    Value     Gradient
  1  0.26466 -5.92639e+00 |

Initial statistics: 12 variables; iteration 0; function evaluation 0; phase 2
Function value 4.8409843e+02; maximum gradient component mag 5.0431e+02
Var    Value     Gradient |Var    Value     Gradient |Var    Value     Gradient
  1  0.26466 -5.92639e+00 |  2 -0.03971  5.04307e+02 |  3 -0.62785  7.19922e-03
  4  0.02489  3.66776e+02 |  5 -0.56343  1.65012e-02 |  6 -0.28011  6.39786e+01
  7  0.98656  1.03074e-01 |  8  0.06145 -2.58864e-04 |  9  0.03525  1.58985e+02
 10 -0.56081  2.00355e-02 | 11  0.04226  3.70740e+01 | 12 -0.11149  3.50333e+01

 - final statistics:
12 variables; iteration 17; function evaluation 22
Function value 4.7453e+02; maximum gradient component mag 9.3910e+00
Exit code = 1;  converg criter 1.0000e+01
Var    Value     Gradient |Var    Value     Gradient |Var    Value     Gradient
  1  0.58963 -3.78024e-01 |  2 -0.05516  9.39096e+00 |  3 -0.60567  5.00226e-04
  4  0.00758  8.70703e+00 |  5 -0.59393 -2.31282e-04 |  6 -0.29681 -1.30938e-01
  7  0.97199  3.68001e-05 |  8  0.06158 -2.39100e-04 |  9  0.02551  2.63560e+00
 10 -0.36603 -2.66618e-03 | 11  0.03743 -1.38313e+00 | 12 -0.13074  1.11158e+00

Initial statistics: 56 variables; iteration 0; function evaluation 0; phase 3
Function value 4.7453335e+02; maximum gradient component mag 4.0403e+02
Var    Value     Gradient |Var    Value     Gradient |Var    Value     Gradient
  1  0.58963 -3.78024e-01 |  2  0.00000  4.12072e+01 |  3  0.00000 -5.04933e-01
  4  0.00000 -5.55727e+01 |  5  0.00000 -3.80209e+01 |  6  0.00000  3.45640e+01
  7  0.00000  1.03177e+02 |  8  0.00000  1.42916e+02 |  9  0.00000  1.75788e+02
 10  0.00000  1.80509e+02 | 11  0.00000  6.03294e+01 | 12  0.00000 -1.08671e+02
 13  0.00000 -2.47373e+02 | 14  0.00000 -2.34437e+02 | 15  0.00000 -2.20120e+02
 16  0.00000 -1.97144e+02 | 17  0.00000 -2.17933e+02 | 18  0.00000 -3.78719e+02
 19  0.00000 -3.42973e+02 | 20  0.00000 -9.48299e+01 | 21  0.00000 -5.70687e+01
 22  0.00000 -9.92529e+01 | 23  0.00000  1.41968e+02 | 24  0.00000  4.04031e+02
 25  0.00000  3.97382e+02 | 26  0.00000  3.28696e+02 | 27  0.00000  1.96977e+02
 28  0.00000  6.51884e+01 | 29  0.00000  1.98889e+01 | 30 -0.05516  9.39096e+00
 31 -0.60567  5.00226e-04 | 32  0.03786  2.50631e+01 | 33  0.52508 -4.08921e-03
 34 -0.05011  1.43471e+02 | 35  0.00758  8.70703e+00 | 36 -0.59393 -2.31282e-04
 37  0.04096  2.09857e+01 | 38  0.63493  4.41977e+00 | 39 -0.08639 -1.46103e+01
 40 -0.29681 -1.30938e-01 | 41 -0.63211  6.12207e+00 | 42  0.97199  3.68001e-05
 43  0.06158 -2.39100e-04 | 44  0.19199 -4.84864e+01 | 45  0.00117 -5.25865e-06
 46  0.01874 -1.04694e-04 | 47  0.02551  2.63560e+00 | 48 -0.36603 -2.66618e-03
 49  0.11576 -2.66951e+01 | 50 -0.34574 -1.89642e-03 | 51  0.00034  6.88842e+00
 52  0.03743 -1.38313e+00 | 53 -0.13074  1.11158e+00 | 54  0.00622 -1.51833e+01
 55  0.39741  1.71376e+00 | 56  0.00506  7.75818e+01 |

Intermediate statistics: 56 variables; iteration 20; function evaluation 29; phase 3
Function value 3.9527816e+02; maximum gradient component mag -3.5521e+02
Var    Value     Gradient |Var    Value     Gradient |Var    Value     Gradient
  1  0.58188  2.45569e-01 |  2 -0.02894 -3.92962e+01 |  3 -0.00024 -3.08409e+01
  4  0.07628 -5.61326e+00 |  5  0.06347 -7.15262e+00 |  6  0.01259 -2.13275e+01
  7 -0.00418 -2.43178e+01 |  8  0.01955 -2.22184e+01 |  9  0.02492 -2.20729e+01
 10 -0.05434 -4.95039e+01 | 11  0.01034 -7.24281e+01 | 12 -0.01588 -4.99810e+01
 13  0.14002 -5.18025e+00 | 14 -0.05096 -5.32138e+01 | 15  0.03491 -6.66376e+01
 16  0.05372 -8.23231e+01 | 17 -0.22062 -9.99090e+01 | 18  0.11081 -7.70262e+00
 19  0.09412  4.46519e+01 | 20 -0.16783 -6.68664e+01 | 21 -0.02040  4.33155e+00
 22  0.14324  1.59712e+02 | 23 -0.01690  3.83390e+01 | 24 -0.07241  5.70832e+01
 25 -0.04937  5.95495e+01 | 26 -0.01893  4.85646e+01 | 27 -0.00875  1.10033e+01
 28 -0.03804 -1.88930e+01 | 29 -0.02717 -2.22306e+01 | 30 -0.07273  2.78955e+02
 31 -0.60569  4.16223e-03 | 32  0.01512 -3.55210e+02 | 33  0.62356  1.73553e+01
 34 -0.08080 -3.64457e+01 | 35  0.01355  5.51420e+01 | 36 -0.59391  3.05162e-03
 37  0.04444  3.02492e+01 | 38  0.66622  1.95421e+01 | 39 -0.27716 -3.89789e-02
 40 -0.30456 -6.19280e+00 | 41 -0.68506 -6.35607e+00 | 42  0.97428 -1.34194e-01
 43  0.06158 -6.38145e-05 | 44  0.20337 -4.23835e+00 | 45  0.00117 -1.75178e-06
 46  0.01874 -4.55514e-05 | 47  0.02444 -3.79776e+01 | 48 -0.36599 -3.30373e-03
 49  0.13483  1.18951e+02 | 50 -0.34572 -1.89625e-03 | 51 -0.00497  1.01477e+01
 52  0.04285 -3.05958e+00 | 53 -0.11567  5.65433e+01 | 54  0.02478  3.31421e+01
 55  0.40939  9.66995e+00 | 56 -0.01941  9.03234e+01 |
56 variables; iteration 40; function evaluation 77; phase 3
Function value 3.7684671e+02; maximum gradient component mag -1.3066e+02
Var    Value     Gradient |Var    Value     Gradient |Var    Value     Gradient
  1  0.25383  1.92793e+01 |  2 -0.02192 -2.76571e+00 |  3  0.02053  6.90865e+00
  4  0.04454 -2.44674e+01 |  5  0.03530 -2.83491e+01 |  6 -0.00851 -8.90330e+00
  7  0.00960  3.43471e+01 |  8  0.02562  5.45293e+01 |  9 -0.00358  3.68332e+01
 10 -0.02216  4.16616e+01 | 11  0.00565  2.08057e+01 | 12  0.00925 -1.14302e+01
 13  0.09495 -6.37371e+01 | 14 -0.05397 -4.62756e+01 | 15  0.05249 -2.18819e+00
 16  0.04127  1.31538e+00 | 17 -0.12907 -5.35212e+01 | 18  0.09881 -4.32085e+01
 19  0.04853 -6.46349e+01 | 20 -0.07511 -3.05884e+01 | 21 -0.00978  1.68179e+00
 22  0.11034 -1.03395e+00 | 23 -0.02243  1.73662e+01 | 24 -0.09388  3.61595e+01
 25 -0.06529  3.78738e+01 | 26 -0.03967  2.43310e+01 | 27 -0.00830  2.09149e+01
 28 -0.02632  1.89718e+00 | 29 -0.01810 -8.72165e-01 | 30 -0.05596 -7.67390e+01
 31 -0.60803 -2.28965e-03 | 32  0.03465  4.90306e+01 | 33  0.55405 -4.35721e+01
 34 -0.07046 -1.30660e+02 | 35  0.00287 -3.88151e+01 | 36 -0.59298 -1.89146e-03
 37  0.03518  2.80925e+01 | 38  0.66975 -6.32485e+00 | 39 -0.24654 -2.35694e-01
 40 -0.29382 -1.34289e+01 | 41 -0.65572  9.05250e+00 | 42  1.08896  7.65309e-01
 43  0.06165 -2.78253e-04 | 44  0.20247 -2.10134e+00 | 45  0.00117 -4.79476e-06
 46  0.01878 -3.58658e-05 | 47  0.03428 -3.25805e+00 | 48 -0.35502 -1.00683e-01
 49  0.12046 -2.84644e+01 | 50 -0.34377 -1.88337e-03 | 51 -0.01515  6.31893e+00
 52  0.05231  8.50033e+00 | 53 -0.11327  1.42857e+01 | 54  0.02898  1.28512e+01
 55  0.20262  2.13363e-01 | 56 -0.00753  2.63007e+01 |
56 variables; iteration 60; function evaluation 103; phase 3
Function value 3.6511426e+02; maximum gradient component mag -4.2112e+01
Var    Value     Gradient |Var    Value     Gradient |Var    Value     Gradient
  1  0.15583 -1.72257e+01 |  2 -0.01698 -2.49945e+00 |  3  0.00573 -2.94778e+00
  4  0.05523 -3.76015e+00 |  5  0.04447 -8.37050e+00 |  6  0.00666 -8.54173e+00
  7 -0.00880 -1.24755e+01 |  8  0.01400 -1.76975e+01 |  9  0.01037 -1.29342e+01
 10 -0.05409 -1.54055e+01 | 11  0.00684 -6.69315e+00 | 12  0.01703  8.91033e+00
 13  0.08437  2.08927e+01 | 14  0.00200  1.19726e+01 | 15  0.02215  2.10353e+01
 16  0.01739  2.36484e+01 | 17 -0.02932  2.30583e+01 | 18  0.06394  3.69801e+01
 19  0.06961  1.69105e+01 | 20 -0.05363 -1.16587e+00 | 21 -0.03588 -1.63451e+00
 22  0.11364 -1.24266e+01 | 23 -0.03315 -1.25558e+01 | 24 -0.12393 -1.04851e+01
 25 -0.08088 -1.17369e+01 | 26 -0.03023 -1.09471e+01 | 27 -0.01454 -9.10564e+00
 28 -0.03025 -1.52428e+00 | 29 -0.02171  6.01840e-01 | 30 -0.04613 -4.21125e+01
 31 -0.62270 -3.31287e-04 | 32  0.03569  3.38183e+01 | 33  0.54393 -6.08734e+00
 34 -0.05519 -2.67760e+01 | 35  0.01363 -2.98932e+01 | 36 -0.58678 -1.59675e-03
 37  0.03650  2.30120e+01 | 38  0.67454 -4.32063e+00 | 39 -0.34257 -1.21496e-02
 40 -0.28686 -8.15091e+00 | 41 -0.65339  2.33266e+00 | 42  0.97844 -1.43995e-01
 43  0.06222  2.77247e-04 | 44  0.19780  3.59630e+00 | 45  0.00120  1.20834e-06
 46  0.01899 -3.58558e-06 | 47  0.03391  3.37393e+01 | 48 -0.29865  1.40104e+00
 49  0.11597  1.24651e+01 | 50 -0.36569 -1.69313e-03 | 51 -0.00814 -1.14951e+01
 52  0.03940 -5.84036e+00 | 53 -0.13873 -7.37572e+00 | 54  0.01673  7.61599e-01
 55  0.53536 -1.49235e+00 | 56 -0.00480 -1.68595e+01 |
56 variables; iteration 80; function evaluation 125; phase 3
Function value 3.6421898e+02; maximum gradient component mag 2.4548e+00
Var    Value     Gradient |Var    Value     Gradient |Var    Value     Gradient
  1  0.14244 -1.30139e-02 |  2 -0.01388  1.42918e-01 |  3  0.00846  1.63694e-01
  4  0.05201  1.80794e-01 |  5  0.04556  1.13419e-01 |  6  0.00478  1.87189e-01
  7 -0.00658  1.88392e-01 |  8  0.01670  2.63134e-01 |  9  0.00574  1.29825e-01
 10 -0.04453  3.06419e-01 | 11  0.00841  2.88875e-02 | 12  0.01264 -4.26394e-02
 13  0.08021 -6.43229e-01 | 14  0.00310 -3.01598e-01 | 15  0.01522 -5.68815e-01
 16  0.01814 -2.17221e-01 | 17 -0.03738  1.72550e-01 | 18  0.05649 -2.63413e-01
 19  0.07056 -2.39945e-01 | 20 -0.04747  1.32639e-01 | 21 -0.03469  1.21899e-01
 22  0.10783  1.89263e-01 | 23 -0.03369  1.53894e-01 | 24 -0.11937  1.44436e-01
 25 -0.07527  1.60724e-01 | 26 -0.02973  1.25333e-01 | 27 -0.01159 -3.88918e-02
 28 -0.02947  9.20524e-02 | 29 -0.02218  3.31267e-02 | 30 -0.03879 -7.33467e-01
 31 -0.62109  1.29906e-04 | 32  0.03822  8.31021e-01 | 33  0.52948  9.68145e-02
 34 -0.04857 -3.20366e-01 | 35  0.01985 -7.90415e-01 | 36 -0.57568 -2.47683e-05
 37  0.03795  2.34552e-01 | 38  0.67426 -3.89398e-01 | 39 -0.32274 -1.44433e-02
 40 -0.28029 -1.97918e-01 | 41 -0.65105 -3.12859e-02 | 42  0.98575 -1.96103e-02
 43  0.06158  7.44062e-05 | 44  0.19452  3.52341e-02 | 45  0.00121  1.34668e-06
 46  0.01864  6.93573e-06 | 47  0.03479  2.45482e+00 | 48 -0.42717  2.20091e-02
 49  0.11394 -1.58632e-01 | 50 -0.30819  5.60241e-03 | 51 -0.00122  4.09539e-02
 52  0.03971  3.22118e-01 | 53 -0.10588  5.13728e-01 | 54  0.01456  5.30212e-02
 55  0.37462  1.12672e-01 | 56  0.01294  5.57857e-02 |
56 variables; iteration 100; function evaluation 157; phase 3
Function value 3.6415903e+02; maximum gradient component mag 4.1183e+01
Var    Value     Gradient |Var    Value     Gradient |Var    Value     Gradient
  1  0.14249  1.43084e+01 |  2 -0.01361  4.48842e-02 |  3  0.00853 -3.31344e-02
  4  0.05193 -5.22726e-01 |  5  0.04541 -9.64238e-01 |  6  0.00503 -2.10437e-01
  7 -0.00656 -1.15671e-01 |  8  0.01691 -7.29775e-02 |  9  0.00526 -9.97284e-01
 10 -0.04413 -7.80409e-01 | 11  0.00832 -2.65431e+00 | 12  0.01249 -2.49825e+00
 13  0.08053 -3.05140e+00 | 14  0.00267 -9.19979e-01 | 15  0.01536  1.33899e-01
 16  0.01867  1.25519e+00 | 17 -0.03866 -3.94049e-01 | 18  0.05740  1.67282e+00
 19  0.07024  4.05055e+00 | 20 -0.04741  2.10773e+00 | 21 -0.03475  1.13920e+00
 22  0.10790  2.81098e+00 | 23 -0.03357  1.70221e+00 | 24 -0.11969  2.76684e-01
 25 -0.07534  2.09411e-01 | 26 -0.02950 -1.24345e-01 | 27 -0.01174 -7.28851e-01
 28 -0.02964 -3.65083e-01 | 29 -0.02204 -2.03649e-01 | 30 -0.03862  5.74066e+00
 31 -0.64354 -1.56478e-03 | 32  0.03829 -4.75328e+00 | 33  0.52892  7.85653e-01
 34 -0.04839  2.42772e+00 | 35  0.01996  2.01845e+01 | 36 -0.57004  2.33912e-03
 37  0.03803 -8.49028e+00 | 38  0.67359  1.06228e+01 | 39 -0.12701  3.12263e-02
 40 -0.28019  9.37819e-01 | 41 -0.65117 -2.70417e-01 | 42  0.98562 -2.15242e-02
 43  0.06035 -6.43167e-04 | 44  0.19451 -2.52405e-01 | 45 -0.00025 -2.32052e-05
 46  0.00063 -1.01415e-04 | 47  0.03524  4.11833e+01 | 48 -1.07326  2.70990e-02
 49  0.11417 -3.22589e+00 | 50 -0.36515 -1.97776e-03 | 51 -0.00114  2.81148e+00
 52  0.03948  2.50084e-01 | 53 -0.10618  9.66916e-01 | 54  0.01433 -2.16292e-01
 55  0.37784  1.91159e-01 | 56  0.01302  1.29843e+00 |
56 variables; iteration 120; function evaluation 182; phase 3
Function value 3.6393754e+02; maximum gradient component mag 1.5982e+00
Var    Value     Gradient |Var    Value     Gradient |Var    Value     Gradient
  1  0.14291  4.29891e-01 |  2 -0.01387 -4.66343e-02 |  3  0.00813 -4.48702e-02
  4  0.05212 -4.98790e-02 |  5  0.04586 -4.86160e-02 |  6  0.00465 -2.19228e-03
  7 -0.00667  1.16466e-02 |  8  0.01659  1.99046e-02 |  9  0.00575  1.93938e-02
 10 -0.04455 -8.24531e-03 | 11  0.00835 -5.21781e-02 | 12  0.01284 -6.40923e-02
 13  0.08086 -1.55469e-01 | 14  0.00297 -4.74698e-02 | 15  0.01546 -1.07473e-01
 16  0.01796 -4.32476e-02 | 17 -0.03731 -4.78113e-02 | 18  0.05701 -2.19677e-02
 19  0.07034  2.33859e-02 | 20 -0.04810  6.90506e-04 | 21 -0.03476  2.18718e-02
 22  0.10796  1.38630e-01 | 23 -0.03386  8.46463e-02 | 24 -0.11954  7.98872e-02
 25 -0.07553  1.06035e-01 | 26 -0.02984  1.09733e-01 | 27 -0.01154  5.96489e-02
 28 -0.02941 -1.04629e-02 | 29 -0.02185 -1.14452e-02 | 30 -0.03898  1.97033e-01
 31 -1.40257 -2.63376e-03 | 32  0.03818 -3.44662e-01 | 33  0.52906 -7.79014e-02
 34 -0.04861  4.62482e-02 | 35  0.02380 -3.13202e-01 | 36 -0.52706  4.32676e-03
 37  0.04002  2.56099e-01 | 38  0.62991 -9.63320e-03 | 39 -0.08146 -2.33012e-02
 40 -0.28048  4.44801e-02 | 41 -0.65110  5.12998e-03 | 42  0.98656 -2.01353e-03
 43  0.06355  2.67824e-04 | 44  0.19465  5.77601e-03 | 45  0.00132 -1.17794e-06
 46  0.01297 -2.37782e-05 | 47  0.03491  1.59819e+00 | 48 -0.74612 -7.33076e-03
 49  0.11406 -2.20955e-01 | 50 -0.55708 -3.76228e-03 | 51 -0.00162 -2.37411e-01
 52  0.03963 -6.63178e-02 | 53 -0.10477  3.91824e-02 | 54  0.01456  6.59390e-02
 55  0.35247  1.89038e-02 | 56  0.01336  1.83747e-01 |
56 variables; iteration 140; function evaluation 216; phase 3
Function value 3.6393627e+02; maximum gradient component mag -5.3983e-01
Var    Value     Gradient |Var    Value     Gradient |Var    Value     Gradient
  1  0.14287 -1.96426e-03 |  2 -0.01385  1.20501e-02 |  3  0.00815  1.84434e-02
  4  0.05214  2.74328e-02 |  5  0.04586 -4.81342e-02 |  6  0.00462 -5.28774e-02
  7 -0.00666 -5.13907e-02 |  8  0.01658 -1.14989e-01 |  9  0.00575 -1.33913e-01
 10 -0.04458 -1.10352e-01 | 11  0.00836 -1.05951e-01 | 12  0.01280 -2.98500e-03
 13  0.08092  1.30079e-01 | 14  0.00288  2.56628e-02 | 15  0.01551 -7.21158e-03
 16  0.01790 -4.50259e-02 | 17 -0.03731 -2.91174e-03 | 18  0.05702  5.57993e-02
 19  0.07030  1.87914e-02 | 20 -0.04799  6.12921e-02 | 21 -0.03480 -3.09563e-02
 22  0.10793 -7.51224e-02 | 23 -0.03392  1.19416e-02 | 24 -0.11947  1.35974e-01
 25 -0.07551  1.18224e-01 | 26 -0.02986  7.71377e-02 | 27 -0.01154  5.35704e-02
 28 -0.02939  9.13728e-03 | 29 -0.02184 -2.18256e-03 | 30 -0.03896  2.84049e-01
 31 -1.39711 -1.98206e-03 | 32  0.03819 -3.55086e-01 | 33  0.52918 -7.63045e-02
 34 -0.04865 -3.25231e-01 | 35  0.02388 -3.45781e-01 | 36 -0.55862  6.80383e-04
 37  0.04005  2.19504e-01 | 38  0.62956 -1.28988e-01 | 39 -0.08131 -9.38316e-02
 40 -0.28043  1.41432e-01 | 41 -0.65104 -3.90201e-04 | 42  0.98671  1.35281e-03
 43  0.04488 -1.81868e-03 | 44  0.19464 -6.35638e-03 | 45  0.00971 -2.89938e-05
 46  0.07403  1.58954e-04 | 47  0.03488 -5.39828e-01 | 48 -0.65538 -4.87072e-03
 49  0.11405  1.98543e-02 | 50 -0.31046  1.73412e-03 | 51 -0.00159 -3.50676e-01
 52  0.03969  5.11688e-02 | 53 -0.10461  7.72552e-02 | 54  0.01460  5.41039e-02
 55  0.35016  1.83743e-02 | 56  0.01348  2.21450e-01 |
56 variables; iteration 160; function evaluation 242; phase 3
Function value 3.6393578e+02; maximum gradient component mag -1.8880e-02
Var    Value     Gradient |Var    Value     Gradient |Var    Value     Gradient
  1  0.14286  5.05472e-04 |  2 -0.01385 -1.68563e-04 |  3  0.00814 -2.16718e-04
  4  0.05211 -3.89686e-04 |  5  0.04587 -4.48970e-04 |  6  0.00464 -2.72617e-04
  7 -0.00667 -2.29363e-04 |  8  0.01660 -4.58902e-04 |  9  0.00575 -6.92157e-04
 10 -0.04455 -2.85065e-04 | 11  0.00838 -7.20854e-04 | 12  0.01282 -9.44262e-05
 13  0.08089 -5.23863e-04 | 14  0.00291 -1.40081e-04 | 15  0.01550 -1.92721e-04
 16  0.01792  2.04249e-04 | 17 -0.03731 -1.23370e-04 | 18  0.05700  1.11313e-03
 19  0.07034  4.59437e-04 | 20 -0.04809  1.74082e-04 | 21 -0.03474  2.85093e-04
 22  0.10795  1.28560e-03 | 23 -0.03390  3.92823e-04 | 24 -0.11957  3.11168e-04
 25 -0.07554  4.80033e-04 | 26 -0.02984  4.09607e-04 | 27 -0.01154  1.38748e-04
 28 -0.02940  5.99114e-05 | 29 -0.02184  1.25151e-05 | 30 -0.03900  1.27348e-03
 31 -1.37733  8.59561e-06 | 32  0.03817 -1.45229e-03 | 33  0.52931 -1.33033e-04
 34 -0.04865  3.89366e-04 | 35  0.02386 -1.92604e-03 | 36 -0.56742 -1.33071e-05
 37  0.04004  8.14088e-04 | 38  0.62978 -6.76281e-04 | 39 -0.08139  6.91835e-04
 40 -0.28047  3.25131e-04 | 41 -0.65112 -1.27630e-04 | 42  0.98665 -3.01844e-05
 43  0.04764 -5.90543e-04 | 44  0.19464  1.56354e-04 | 45  0.00694  1.55509e-05
 46  0.04047 -2.86860e-05 | 47  0.03486 -1.88805e-02 | 48 -0.52089 -2.97261e-05
 49  0.11406  7.81112e-04 | 50 -0.31579 -4.82993e-06 | 51 -0.00152 -1.16385e-03
 52  0.03964  1.22565e-05 | 53 -0.10430  1.30564e-04 | 54  0.01455  8.59175e-05
 55  0.34638  8.43221e-05 | 56  0.01351  1.04824e-03 |
Warning: the following parameters had issues
  selparm[15] is within 0.1% of upper bound: 2.00000e+01 < 8.99923e+01 < 9.00000e+01


 - final statistics:
56 variables; iteration 174; function evaluation 256
Function value 3.6394e+02; maximum gradient component mag 8.1479e-05
Exit code = 1;  converg criter 1.0000e-04
Var    Value     Gradient |Var    Value     Gradient |Var    Value     Gradient
  1  0.14286  3.00203e-05 |  2 -0.01385 -3.76125e-06 |  3  0.00814 -5.51900e-06
  4  0.05211 -6.37044e-06 |  5  0.04587 -7.36749e-06 |  6  0.00464 -2.60065e-06
  7 -0.00667 -1.20497e-06 |  8  0.01660 -1.57786e-06 |  9  0.00575  1.60904e-07
 10 -0.04455 -4.67024e-06 | 11  0.00838 -3.92656e-06 | 12  0.01282 -1.79544e-06
 13  0.08089  1.75201e-06 | 14  0.00291 -2.28499e-06 | 15  0.01550  3.79039e-06
 16  0.01792  6.35630e-06 | 17 -0.03731 -9.54072e-07 | 18  0.05700 -1.14354e-06
 19  0.07034  6.68833e-06 | 20 -0.04809  6.19509e-07 | 21 -0.03474 -1.47047e-06
 22  0.10795  5.44659e-06 | 23 -0.03390 -4.92289e-08 | 24 -0.11957  1.90113e-06
 25 -0.07554  3.39836e-06 | 26 -0.02984  5.15973e-06 | 27 -0.01154  3.50151e-06
 28 -0.02940 -1.76692e-06 | 29 -0.02184 -1.02700e-06 | 30 -0.03900  3.29871e-05
 31 -1.37742  1.54496e-07 | 32  0.03817 -3.27840e-05 | 33  0.52931  2.86514e-07
 34 -0.04865  1.42247e-05 | 35  0.02386  1.32903e-05 | 36 -0.56725 -1.75622e-07
 37  0.04004 -3.48477e-06 | 38  0.62978  2.94930e-06 | 39 -0.08139  9.75761e-07
 40 -0.28047  6.15882e-06 | 41 -0.65112  5.32561e-07 | 42  0.98665  1.11804e-07
 43  0.04795  1.83707e-07 | 44  0.19464 -1.80113e-06 | 45  0.00246 -2.80171e-07
 46  0.04341  2.99637e-08 | 47  0.03486  8.14785e-05 | 48 -0.52056 -6.17616e-09
 49  0.11406 -6.71728e-06 | 50 -0.31580 -2.92331e-09 | 51 -0.00152 -3.34579e-05
 52  0.03964  1.58966e-06 | 53 -0.10430  4.22033e-06 | 54  0.01455  9.77736e-07
 55  0.34635  1.24174e-06 | 56  0.01351  1.11428e-05 |
Estimating row 1 out of 56 for hessian
Estimating row 2 out of 56 for hessian
Estimating row 3 out of 56 for hessian
Estimating row 4 out of 56 for hessian
Estimating row 5 out of 56 for hessian
Estimating row 6 out of 56 for hessian
Estimating row 7 out of 56 for hessian
Estimating row 8 out of 56 for hessian
Estimating row 9 out of 56 for hessian
Estimating row 10 out of 56 for hessian
Estimating row 11 out of 56 for hessian
Estimating row 12 out of 56 for hessian
Estimating row 13 out of 56 for hessian
Estimating row 14 out of 56 for hessian
Estimating row 15 out of 56 for hessian
Estimating row 16 out of 56 for hessian
Estimating row 17 out of 56 for hessian
Estimating row 18 out of 56 for hessian
Estimating row 19 out of 56 for hessian
Estimating row 20 out of 56 for hessian
Estimating row 21 out of 56 for hessian
Estimating row 22 out of 56 for hessian
Estimating row 23 out of 56 for hessian
Estimating row 24 out of 56 for hessian
Estimating row 25 out of 56 for hessian
Estimating row 26 out of 56 for hessian
Estimating row 27 out of 56 for hessian
Estimating row 28 out of 56 for hessian
Estimating row 29 out of 56 for hessian
Estimating row 30 out of 56 for hessian
Estimating row 31 out of 56 for hessian
Estimating row 32 out of 56 for hessian
Estimating row 33 out of 56 for hessian
Estimating row 34 out of 56 for hessian
Estimating row 35 out of 56 for hessian
Estimating row 36 out of 56 for hessian
Estimating row 37 out of 56 for hessian
Estimating row 38 out of 56 for hessian
Estimating row 39 out of 56 for hessian
Estimating row 40 out of 56 for hessian
Estimating row 41 out of 56 for hessian
Estimating row 42 out of 56 for hessian
Estimating row 43 out of 56 for hessian
Estimating row 44 out of 56 for hessian
Estimating row 45 out of 56 for hessian
Estimating row 46 out of 56 for hessian
Estimating row 47 out of 56 for hessian
Estimating row 48 out of 56 for hessian
Estimating row 49 out of 56 for hessian
Estimating row 50 out of 56 for hessian
Estimating row 51 out of 56 for hessian
Estimating row 52 out of 56 for hessian
Estimating row 53 out of 56 for hessian
Estimating row 54 out of 56 for hessian
Estimating row 55 out of 56 for hessian
Estimating row 56 out of 56 for hessian
size of file gradfil1.tmp = 0
size of file gradfil2.tmp = 0
size of file varssave.tmp = 0
size of file cmpdiff.tmp = 0
