
Initial statistics: 1 variables; iteration 0; function evaluation 0; phase 1
Function value 7.1971356e+02; maximum gradient component mag -2.0658e+05
Var    Value     Gradient |Var    Value     Gradient |Var    Value     Gradient
  1  0.05958 -2.06579e+05 |

 - final statistics:
1 variables; iteration 17; function evaluation 21
Function value 4.9137e+02; maximum gradient component mag -5.6905e+00
Exit code = 1;  converg criter 1.0000e+01
Var    Value     Gradient |Var    Value     Gradient |Var    Value     Gradient
  1  0.23321 -5.69047e+00 |

Initial statistics: 12 variables; iteration 0; function evaluation 0; phase 2
Function value 4.9137208e+02; maximum gradient component mag 2.3661e+02
Var    Value     Gradient |Var    Value     Gradient |Var    Value     Gradient
  1  0.23321 -5.69047e+00 |  2 -0.17294  7.64344e+01 |  3 -0.56804 -2.56471e-03
  4 -0.06252  2.36613e+02 |  5 -0.56688  2.77725e-02 |  6 -0.37692  2.51888e+01
  7  0.98105  2.29050e-01 |  8  0.16535 -5.33469e-04 |  9  0.03460  9.60641e+01
 10 -0.37802  4.11847e-01 | 11  0.05420  1.50110e+02 | 12 -0.55364  3.04706e-02

 - final statistics:
12 variables; iteration 10; function evaluation 15
Function value 4.8551e+02; maximum gradient component mag -4.1347e+00
Exit code = 1;  converg criter 1.0000e+01
Var    Value     Gradient |Var    Value     Gradient |Var    Value     Gradient
  1  0.37918 -1.31128e+00 |  2 -0.17850 -2.23513e+00 |  3 -0.54735 -1.03550e-02
  4 -0.08282 -4.13466e+00 |  5 -0.57965  3.23500e-03 |  6 -0.41624  1.04222e+00
  7  0.47414  2.45627e-01 |  8  0.18703  1.09908e-03 |  9  0.03468  2.88411e-01
 10 -0.41904 -5.40502e-02 | 11  0.02837 -7.71094e-01 | 12 -0.57674  6.23951e-03

Initial statistics: 56 variables; iteration 0; function evaluation 0; phase 3
Function value 4.8551128e+02; maximum gradient component mag -6.1412e+02
Var    Value     Gradient |Var    Value     Gradient |Var    Value     Gradient
  1  0.37918 -1.31128e+00 |  2  0.00000  4.93288e+01 |  3  0.00000  3.70649e+01
  4  0.00000 -9.68414e+01 |  5  0.00000 -1.22622e+02 |  6  0.00000 -1.06436e+02
  7  0.00000  5.34487e+01 |  8  0.00000  4.84482e+01 |  9  0.00000  1.36332e+02
 10  0.00000  1.97109e+02 | 11  0.00000  2.85348e+02 | 12  0.00000  7.32790e+01
 13  0.00000 -1.07839e+02 | 14  0.00000 -2.45562e+02 | 15  0.00000 -2.29823e+02
 16  0.00000 -1.71578e+02 | 17  0.00000 -1.71727e+02 | 18  0.00000 -1.47685e+02
 19  0.00000 -6.14124e+02 | 20  0.00000 -5.36724e+02 | 21  0.00000 -5.12332e+01
 22  0.00000 -5.47739e+00 | 23  0.00000 -1.37568e+02 | 24  0.00000  3.46327e+02
 25  0.00000  4.59236e+02 | 26  0.00000  4.92102e+02 | 27  0.00000  4.14481e+02
 28  0.00000  1.39862e+02 | 29  0.00000  1.28715e+01 | 30 -0.17850 -2.23513e+00
 31 -0.54735 -1.03550e-02 | 32  0.01835 -2.05353e+01 | 33  0.68098  1.96908e+01
 34 -0.10592  1.29082e+02 | 35 -0.08282 -4.13466e+00 | 36 -0.57965  3.23500e-03
 37  0.05890  3.40553e+01 | 38  0.70413  2.87911e+01 | 39 -0.41165 -9.67861e-03
 40 -0.41624  1.04222e+00 | 41 -0.63210  1.90440e+00 | 42  0.47414  2.45627e-01
 43  0.18703  1.09908e-03 | 44  0.22128 -1.94881e+01 | 45  0.00326 -3.58232e-05
 46 -0.10108 -5.96644e-04 | 47  0.03468  2.88411e-01 | 48 -0.41904 -5.40502e-02
 49  0.17893 -3.27212e+01 | 50 -0.46457 -1.58845e-01 | 51 -0.02822  2.00208e+02
 52  0.02837 -7.71094e-01 | 53 -0.57674  6.23951e-03 | 54  0.03836  4.31320e+01
 55  0.48513  3.56485e+01 | 56 -0.06468  5.04946e+02 |

Intermediate statistics: 56 variables; iteration 20; function evaluation 59; phase 3
Function value 3.9125424e+02; maximum gradient component mag -4.1427e+02
Var    Value     Gradient |Var    Value     Gradient |Var    Value     Gradient
  1  0.10452 -1.20021e+01 |  2 -0.02553 -1.21057e+01 |  3 -0.04768  1.55014e+01
  4  0.05584  3.25383e+01 |  5  0.02791  1.65836e+01 |  6  0.04735  3.85456e+01
  7 -0.02924  5.79813e+01 |  8  0.02324  1.30975e+02 |  9  0.01575  2.24820e+02
 10  0.00466  1.95941e+02 | 11 -0.02479  1.50095e+02 | 12  0.01554  9.33430e+01
 13  0.00909 -5.17534e+01 | 14  0.05222 -7.95808e+01 | 15  0.00127 -1.44063e+02
 16  0.01533 -8.97958e+01 | 17  0.04489 -2.15624e+02 | 18 -0.14948 -2.73393e+02
 19  0.06020 -3.60503e+02 | 20  0.02182 -4.14272e+02 | 21 -0.00509 -1.05676e+02
 22 -0.02730 -4.00705e+01 | 23  0.07165  6.51323e+01 | 24 -0.02802  1.94971e+02
 25 -0.03679  2.53130e+02 | 26 -0.04543  2.48656e+02 | 27 -0.02700  2.20415e+02
 28 -0.00311  1.04009e+02 | 29 -0.01242  1.25362e+01 | 30 -0.19798  7.15215e+01
 31 -0.54746  1.03081e-02 | 32 -0.01030 -4.16829e+01 | 33  0.74219  4.51346e+01
 34 -0.24107 -3.50718e+00 | 35 -0.08536 -2.09741e+02 | 36 -0.57964 -2.14995e-02
 37  0.04764  4.29422e+01 | 38  0.69311 -1.19519e+02 | 39 -0.41185 -3.09082e-02
 40 -0.56295 -8.15118e+00 | 41 -0.69062 -2.50697e+00 | 42  0.50648 -1.08023e+00
 43  0.18699  9.94549e-04 | 44  0.34630  6.87942e-01 | 45  0.00326 -1.88752e-05
 46 -0.10107  2.69449e-04 | 47  0.02757  8.49617e-01 | 48 -0.41879 -2.03142e-02
 49  0.17174 -1.32595e+01 | 50 -0.46547 -2.81803e-03 | 51 -0.04205  1.69180e+01
 52  0.05756  1.36219e+01 | 53 -0.57671  4.47662e-03 | 54  0.05365  3.52090e+01
 55  0.44490  1.39437e+01 | 56 -0.07910  1.57769e+02 |
56 variables; iteration 40; function evaluation 82; phase 3
Function value 3.7462314e+02; maximum gradient component mag -5.9718e+02
Var    Value     Gradient |Var    Value     Gradient |Var    Value     Gradient
  1  0.08600 -9.03509e+01 |  2 -0.03058 -6.22514e+01 |  3 -0.06037 -1.90359e+01
  4  0.06338  5.60388e+01 |  5  0.02712  2.55249e+01 |  6  0.05915  8.53088e+01
  7 -0.05995  1.91180e+01 |  8  0.02941  1.68833e+02 |  9  0.01704  2.64663e+02
 10  0.01265  2.88065e+02 | 11 -0.03166  1.22328e+02 | 12  0.01712  1.03528e+02
 13  0.00889 -6.85337e+01 | 14  0.05411 -8.08751e+01 | 15 -0.01107 -1.91401e+02
 16  0.02646  8.30897e+00 | 17  0.01346 -1.53034e+02 | 18 -0.03633 -2.42987e+02
 19  0.05390 -3.61194e+02 | 20  0.01548 -5.97184e+02 | 21 -0.01658 -2.73298e+02
 22 -0.02412 -5.19989e+01 | 23  0.08494  2.71218e+02 | 24 -0.02860  1.93913e+02
 25 -0.04628  2.23201e+02 | 26 -0.05879  1.78038e+02 | 27 -0.03945  1.32439e+02
 28 -0.00450  9.24859e+01 | 29 -0.03163 -1.63104e+00 | 30 -0.16323  1.51579e+01
 31 -0.54893 -2.01852e-02 | 32  0.02097 -7.30616e+01 | 33  0.68380 -1.20808e+02
 34 -0.22673 -1.29954e+01 | 35 -0.07533 -2.46181e+02 | 36 -0.57961 -3.11521e-02
 37  0.04281  6.05662e-01 | 38  0.66088 -1.97725e+02 | 39 -0.41405 -3.60121e-02
 40 -0.64950 -2.37964e-01 | 41 -0.89780 -1.24332e-01 | 42  0.89692 -1.55093e-01
 43  0.18658  8.95925e-04 | 44  0.58154  5.14540e-02 | 45  0.00327 -5.00351e-06
 46 -0.10089  3.28347e-04 | 47  0.02792 -7.56102e+00 | 48 -0.41545 -3.48785e-02
 49  0.17422 -5.29333e+00 | 50 -0.47617 -2.91485e-03 | 51 -0.04820  2.58532e+00
 52  0.03295  4.25182e+01 | 53 -0.57632  1.09027e-02 | 54  0.02478  2.02043e+01
 55  0.51924  4.97141e+01 | 56 -0.08249  1.72217e+02 |
56 variables; iteration 60; function evaluation 131; phase 3
Function value 3.2886977e+02; maximum gradient component mag -1.5050e+02
Var    Value     Gradient |Var    Value     Gradient |Var    Value     Gradient
  1  0.06260  1.37353e+02 |  2  0.00413  2.31600e+01 |  3 -0.03864  2.07630e+01
  4  0.05121  1.67830e+01 |  5  0.03539  3.01592e+01 |  6  0.04774  2.78021e+01
  7 -0.02824  2.10438e+01 |  8  0.01514  5.67256e+00 |  9  0.01098  6.12434e+00
 10 -0.00710  1.95134e+00 | 11 -0.02864 -3.66128e+00 | 12  0.01216 -1.49106e+01
 13  0.02058 -2.60104e+00 | 14  0.03708 -1.04051e+01 | 15  0.01393  1.95479e+01
 16 -0.00227 -3.32951e+00 | 17  0.00915  5.13694e-01 | 18 -0.01757 -1.83229e+01
 19  0.04382  9.57558e+00 | 20  0.03964 -2.00920e+01 | 21 -0.00087 -3.85126e+01
 22 -0.00935 -1.80272e+01 | 23  0.05945 -3.32644e+01 | 24 -0.05565 -1.29093e+01
 25 -0.06589 -1.40679e+01 | 26 -0.06970 -5.98314e+00 | 27 -0.03427  8.74607e+00
 28 -0.01414  3.39377e+00 | 29 -0.02814  2.11231e+00 | 30 -0.19531 -4.28745e+00
 31 -0.62683 -1.02868e-03 | 32 -0.00184  1.03821e+01 | 33  0.73582  1.60966e+01
 34 -0.29432 -5.34723e-01 | 35 -0.07256 -2.92388e+00 | 36 -0.57896  9.16844e-05
 37  0.05249  7.38763e-01 | 38  0.71096  8.72062e+00 | 39 -0.32835  2.11319e-02
 40 -0.38508 -6.34195e+00 | 41 -1.38200 -7.38442e-01 | 42  1.20069  1.17499e+00
 43  0.17683  9.77316e-04 | 44  0.23732  5.96768e+00 | 45  0.00350 -1.10664e-05
 46 -0.09566  3.65615e-04 | 47  0.02484 -1.50498e+02 | 48 -0.20838 -3.30707e+01
 49  0.17947  1.30321e+01 | 50 -0.55459 -3.95527e-02 | 51 -0.03199 -1.62419e+01
 52  0.04842 -2.03377e+01 | 53 -0.56738 -4.83814e-03 | 54  0.04747  6.02816e+00
 55  0.55641 -1.08613e+01 | 56 -0.11508 -2.73115e+01 |
56 variables; iteration 80; function evaluation 153; phase 3
Function value 3.2485581e+02; maximum gradient component mag -2.1270e+01
Var    Value     Gradient |Var    Value     Gradient |Var    Value     Gradient
  1  0.05892 -2.12704e+01 |  2  0.00768  1.09418e+01 |  3 -0.04024  7.16744e+00
  4  0.05595  7.11472e+00 |  5  0.03322  7.75250e+00 |  6  0.04690  9.08899e+00
  7 -0.03392  6.17258e+00 |  8  0.01781  8.85184e+00 |  9  0.01272  8.47873e+00
 10 -0.00747 -1.74674e-01 | 11 -0.02525 -7.84363e-01 | 12  0.01379 -3.52406e+00
 13  0.02102 -3.84776e+00 | 14  0.03779 -1.29227e+00 | 15  0.00961 -6.45979e+00
 16 -0.00275 -4.65318e+00 | 17  0.00714 -9.99498e+00 | 18 -0.01536 -6.72840e+00
 19  0.04154  1.11101e+00 | 20  0.03866 -1.19694e+01 | 21  0.00348  1.31744e+00
 22 -0.00879 -5.78557e+00 | 23  0.05852 -1.17421e+01 | 24 -0.05789 -5.02705e+00
 25 -0.06839 -9.23391e-01 | 26 -0.06429 -2.01876e+00 | 27 -0.03337 -1.79028e+00
 28 -0.01240  1.76952e+00 | 29 -0.03591  2.86944e+00 | 30 -0.17541  4.92694e+00
 31 -0.59196 -2.78852e-04 | 32  0.01533  7.86652e-01 | 33  0.68591  4.66276e+00
 34 -0.10967 -6.88753e+00 | 35 -0.06556 -9.74517e+00 | 36 -0.57198 -1.22377e-03
 37  0.05685  1.68175e+00 | 38  0.70213 -5.76835e+00 | 39 -0.40297 -1.81444e-03
 40 -0.36937 -7.34057e-01 | 41 -1.38741 -1.45351e+00 | 42  1.05865  3.06299e-01
 43  0.20490  1.03306e-03 | 44  0.22377 -1.00002e+00 | 45  0.02122  9.93318e-05
 46 -0.08951  1.95538e-04 | 47  0.02937 -1.50956e+01 | 48 -0.23368 -2.27331e+00
 49  0.17165 -1.58921e+00 | 50 -0.59067 -5.47574e-03 | 51 -0.02826  4.18574e+00
 52  0.07289 -4.13225e+00 | 53 -0.55773 -4.02293e-03 | 54  0.05738 -3.56712e-01
 55  0.40591 -6.14203e+00 | 56 -0.05350  5.51500e+00 |
56 variables; iteration 100; function evaluation 174; phase 3
Function value 3.2454291e+02; maximum gradient component mag 2.6357e+00
Var    Value     Gradient |Var    Value     Gradient |Var    Value     Gradient
  1  0.05928  3.92073e-01 |  2  0.00678 -6.67396e-02 |  3 -0.04112 -1.80375e-02
  4  0.05638 -3.18025e-02 |  5  0.03305 -3.15838e-03 |  6  0.04701 -1.26192e-02
  7 -0.03455  1.59523e-02 |  8  0.01773 -2.21101e-02 |  9  0.01275  5.62275e-03
 10 -0.00709 -4.94725e-03 | 11 -0.02564 -4.30468e-02 | 12  0.01394  8.10962e-02
 13  0.02120  5.18214e-02 | 14  0.03778  4.59928e-02 | 15  0.01031  1.92552e-01
 16 -0.00245 -9.51958e-03 | 17  0.00777 -2.93184e-02 | 18 -0.01495 -6.43197e-02
 19  0.04154 -9.07263e-02 | 20  0.03938 -1.42955e-01 | 21  0.00258 -7.26645e-02
 22 -0.00859  1.90319e-02 | 23  0.05906  2.05093e-02 | 24 -0.05624  2.61728e-02
 25 -0.06774  1.37814e-02 | 26 -0.06505  5.40614e-02 | 27 -0.03358  2.49508e-02
 28 -0.01283  1.25953e-02 | 29 -0.03754 -3.30257e-02 | 30 -0.17392  1.74182e-01
 31 -0.57032  5.11833e-04 | 32  0.01648 -2.47645e-02 | 33  0.68052  1.30754e-01
 34 -0.10636 -1.50748e-01 | 35 -0.06554  1.40082e-01 | 36 -0.57064  8.59684e-05
 37  0.05706 -3.34086e-02 | 38  0.70294  1.44611e-01 | 39 -0.38330  2.33800e-04
 40 -0.36957  2.41795e-03 | 41 -1.37579 -7.46430e-03 | 42  1.01728 -1.46581e-02
 43  0.16094 -2.42970e-03 | 44  0.22556  3.10029e-02 | 45  0.01633 -9.48774e-05
 46 -0.09232 -7.12511e-06 | 47  0.02921  2.63575e+00 | 48 -0.23172  5.33283e-02
 49  0.17244 -4.06985e-02 | 50 -0.60018 -4.28880e-03 | 51 -0.02955  1.93619e-01
 52  0.05920  2.52832e-02 | 53 -0.51213  4.08206e-04 | 54  0.04883  4.45832e-02
 55  0.47864  4.42948e-03 | 56 -0.06310 -2.09858e-01 |
56 variables; iteration 120; function evaluation 198; phase 3
Function value 3.2453507e+02; maximum gradient component mag 9.8067e+00
Var    Value     Gradient |Var    Value     Gradient |Var    Value     Gradient
  1  0.05928 -5.84159e-01 |  2  0.00679  5.05476e-02 |  3 -0.04113  4.60135e-02
  4  0.05645  2.49691e-01 |  5  0.03302 -2.04690e-02 |  6  0.04700 -6.19270e-02
  7 -0.03456 -1.63278e-02 |  8  0.01771 -1.88749e-01 |  9  0.01277  1.32730e-02
 10 -0.00709 -8.53738e-02 | 11 -0.02564 -1.10887e-01 | 12  0.01395  9.73413e-02
 13  0.02121  1.95572e-01 | 14  0.03778  8.76002e-02 | 15  0.01031  2.51289e-01
 16 -0.00245  4.33702e-02 | 17  0.00776 -3.23594e-02 | 18 -0.01493  1.93496e-02
 19  0.04154  1.65558e-02 | 20  0.03938  3.42410e-02 | 21  0.00258 -1.08944e-01
 22 -0.00860 -5.16936e-02 | 23  0.05907 -1.32110e-01 | 24 -0.05622 -4.82441e-02
 25 -0.06777 -1.13016e-01 | 26 -0.06504 -8.78460e-03 | 27 -0.03358 -2.57208e-02
 28 -0.01283 -2.45682e-02 | 29 -0.03755  2.57148e-04 | 30 -0.17387  5.27029e-03
 31 -0.64597 -3.72348e-03 | 32  0.01653 -2.81952e-04 | 33  0.68035 -3.28360e-02
 34 -0.10627  1.07042e-04 | 35 -0.06553  7.28535e-02 | 36 -0.57785 -4.50064e-04
 37  0.05711  1.74314e-01 | 38  0.70299  2.14225e-01 | 39 -0.42994 -1.81687e-03
 40 -0.36942  1.10311e-01 | 41 -1.37519  7.43508e-02 | 42  1.01935  9.50111e-03
 43  0.36001  1.99368e-03 | 44  0.22554  1.67213e-02 | 45  0.00662  3.15619e-05
 46 -0.09584 -6.88883e-05 | 47  0.02533  9.80666e+00 | 48 -0.20987  1.69548e+00
 49  0.17108  1.95414e-02 | 50 -0.50933  3.07089e-02 | 51 -0.02944 -1.47415e-01
 52  0.05926 -1.20874e-01 | 53 -0.60367 -3.61286e-03 | 54  0.04887  6.87418e-02
 55  0.47819 -7.34599e-02 | 56 -0.06302 -2.50227e-01 |
56 variables; iteration 140; function evaluation 220; phase 3
Function value 3.2452889e+02; maximum gradient component mag 3.6176e+01
Var    Value     Gradient |Var    Value     Gradient |Var    Value     Gradient
  1  0.05927 -1.00293e+00 |  2  0.00680  2.36038e-02 |  3 -0.04118 -8.71304e-02
  4  0.05639  9.88301e-02 |  5  0.03306  2.07749e-01 |  6  0.04704  2.95596e-01
  7 -0.03461  6.20561e-02 |  8  0.01776  2.20835e-01 |  9  0.01274  5.39733e-02
 10 -0.00709  1.78341e-01 | 11 -0.02563  4.17677e-02 | 12  0.01394  6.12231e-02
 13  0.02122  8.70403e-02 | 14  0.03776 -4.22003e-01 | 15  0.01028 -3.56025e-01
 16 -0.00244 -1.30424e-01 | 17  0.00775 -3.45864e-01 | 18 -0.01494 -9.90822e-02
 19  0.04155  3.05274e-01 | 20  0.03938  8.46533e-02 | 21  0.00260  3.18114e-02
 22 -0.00861 -1.92874e-01 | 23  0.05907 -2.73246e-02 | 24 -0.05625 -1.42716e-01
 25 -0.06772  5.52639e-02 | 26 -0.06503 -4.93950e-03 | 27 -0.03360 -2.33169e-01
 28 -0.01283 -9.97748e-03 | 29 -0.03750  2.34832e-02 | 30 -0.17385  3.28751e-01
 31 -0.65988 -4.21576e-03 | 32  0.01655 -4.13307e-02 | 33  0.68036  2.22047e-01
 34 -0.10623  3.65409e-01 | 35 -0.06545 -7.57922e-02 | 36 -0.57319 -1.65383e-04
 37  0.05709 -1.13688e-01 | 38  0.70272 -2.29565e-01 | 39 -0.39321 -4.90561e-04
 40 -0.36975 -1.54411e-01 | 41 -1.37605 -3.73768e-02 | 42  1.01990  1.54587e-02
 43  0.14761 -6.78036e-03 | 44  0.22551 -8.66264e-03 | 45  0.05133 -6.66182e-04
 46 -0.08633  3.02176e-05 | 47  0.02220  3.61758e+01 | 48 -0.20047  9.22137e+00
 49  0.16995 -2.12328e-01 | 50 -0.40356  4.51033e-01 | 51 -0.02928  4.86609e-01
 52  0.05911  1.16904e-01 | 53 -0.51664  6.36040e-05 | 54  0.04868 -1.91457e-01
 55  0.47874  2.43804e-02 | 56 -0.06302 -1.43184e-02 |
56 variables; iteration 160; function evaluation 240; phase 3
Function value 3.2451969e+02; maximum gradient component mag 4.5040e+01
Var    Value     Gradient |Var    Value     Gradient |Var    Value     Gradient
  1  0.05929 -1.42750e-01 |  2  0.00677  1.85806e-02 |  3 -0.04112  4.47111e-02
  4  0.05641  8.98028e-02 |  5  0.03304 -7.86144e-03 |  6  0.04701 -1.04745e-01
  7 -0.03459 -7.92223e-02 |  8  0.01773 -2.12366e-01 |  9  0.01274 -1.91273e-01
 10 -0.00710 -1.78823e-01 | 11 -0.02565 -8.41558e-02 | 12  0.01394 -8.42649e-02
 13  0.02120 -1.32097e-03 | 14  0.03779  1.54460e-02 | 15  0.01029 -1.14974e-03
 16 -0.00244 -1.56882e-02 | 17  0.00776 -1.02090e-01 | 18 -0.01493 -2.14195e-02
 19  0.04154  2.58247e-01 | 20  0.03938  3.43227e-01 | 21  0.00257  1.45150e-01
 22 -0.00862  1.27207e-01 | 23  0.05909  1.31567e-01 | 24 -0.05619 -5.30971e-03
 25 -0.06779  3.12152e-02 | 26 -0.06505  6.31158e-02 | 27 -0.03359  4.25463e-04
 28 -0.01283 -4.27338e-03 | 29 -0.03748  8.79545e-03 | 30 -0.17389 -9.02426e-02
 31 -0.54976  2.54110e-03 | 32  0.01652  1.12497e-02 | 33  0.68037 -2.73243e-02
 34 -0.10626  5.28195e-02 | 35 -0.06552 -1.28372e-02 | 36 -0.56950  1.69788e-04
 37  0.05710  1.25195e-01 | 38  0.70290  1.09718e-01 | 39 -0.34830  4.31797e-03
 40 -0.36940  1.47084e-01 | 41 -1.37524  6.26438e-02 | 42  1.01969  1.30577e-02
 43  0.36574  2.03371e-03 | 44  0.22555  6.59241e-03 | 45  0.14999  7.56721e-04
 46 -0.10333 -2.07691e-04 | 47  0.01639  4.50403e+01 | 48 -0.18252  1.77017e+01
 49  0.16788 -1.13094e-01 | 50 -0.41677  5.06293e-01 | 51 -0.02918 -3.81286e-01
 52  0.05925 -1.01598e-02 | 53 -0.54634 -1.63138e-03 | 54  0.04884  4.14083e-02
 55  0.47812 -9.09312e-03 | 56 -0.06297  1.62712e-01 |
56 variables; iteration 180; function evaluation 267; phase 3
Function value 3.2451132e+02; maximum gradient component mag -1.2641e+00
Var    Value     Gradient |Var    Value     Gradient |Var    Value     Gradient
  1  0.05930  5.90340e-01 |  2  0.00676  6.93505e-02 |  3 -0.04116  2.19180e-02
  4  0.05641  1.58427e-01 |  5  0.03304  5.39694e-02 |  6  0.04703  1.79710e-02
  7 -0.03460 -2.37454e-02 |  8  0.01774 -6.29135e-02 |  9  0.01274 -4.78590e-02
 10 -0.00709 -2.81143e-02 | 11 -0.02567 -1.49615e-01 | 12  0.01393 -6.35469e-02
 13  0.02120  4.80720e-02 | 14  0.03779 -4.29351e-02 | 15  0.01030  4.54291e-02
 16 -0.00243  2.88652e-02 | 17  0.00776 -8.18742e-02 | 18 -0.01492  7.35590e-02
 19  0.04156  1.89424e-01 | 20  0.03938 -1.67836e-01 | 21  0.00256 -9.81816e-02
 22 -0.00863 -3.53387e-03 | 23  0.05913  2.65240e-01 | 24 -0.05618  5.63177e-02
 25 -0.06780 -2.58139e-02 | 26 -0.06507 -1.38190e-02 | 27 -0.03361 -1.64036e-01
 28 -0.01284 -4.28052e-02 | 29 -0.03742  1.00227e-02 | 30 -0.17390  6.80525e-01
 31 -0.59391 -1.18201e-03 | 32  0.01650 -1.05087e-01 | 33  0.68054  4.64773e-01
 34 -0.10634  2.27145e-01 | 35 -0.06549  1.64372e-01 | 36 -0.80800 -9.95695e-03
 37  0.05711  2.03771e-02 | 38  0.70285  8.72823e-02 | 39 -0.57508 -3.96411e-03
 40 -0.36965 -2.99451e-02 | 41 -1.37551  2.89691e-02 | 42  1.01809 -5.06510e-03
 43  0.16430 -1.62385e-03 | 44  0.22559  2.10192e-02 | 45 -0.01573 -1.52676e-04
 46 -0.12453 -4.81447e-04 | 47  0.00931 -1.26408e+00 | 48 -0.17064 -1.16678e+00
 49  0.16535  1.42513e-01 | 50 -0.33462 -5.99423e-02 | 51 -0.02895 -8.17918e-01
 52  0.05920 -4.91161e-02 | 53 -0.47582  4.15979e-03 | 54  0.04879 -2.31808e-02
 55  0.47814 -4.45081e-02 | 56 -0.06300 -1.96943e-02 |
56 variables; iteration 200; function evaluation 290; phase 3
Function value 3.2450569e+02; maximum gradient component mag 1.1703e+01
Var    Value     Gradient |Var    Value     Gradient |Var    Value     Gradient
  1  0.05929  9.23010e-02 |  2  0.00676  2.36228e-02 |  3 -0.04115  1.72997e-02
  4  0.05641  1.55869e-01 |  5  0.03303  5.48801e-02 |  6  0.04703  1.06570e-01
  7 -0.03459  4.26896e-02 |  8  0.01774  7.18478e-02 |  9  0.01275  1.72593e-01
 10 -0.00709  2.23131e-02 | 11 -0.02566 -5.93555e-02 | 12  0.01394  4.25072e-04
 13  0.02120  9.38519e-03 | 14  0.03778 -8.97690e-02 | 15  0.01030 -6.47504e-03
 16 -0.00244  1.02959e-02 | 17  0.00777  5.08316e-02 | 18 -0.01493  7.24256e-02
 19  0.04155  4.36016e-02 | 20  0.03938 -1.66046e-01 | 21  0.00257 -1.38645e-01
 22 -0.00860 -1.16246e-02 | 23  0.05910  6.50320e-02 | 24 -0.05625 -1.27285e-01
 25 -0.06776 -9.25173e-02 | 26 -0.06507 -9.33950e-02 | 27 -0.03359 -1.36464e-01
 28 -0.01284 -7.04778e-02 | 29 -0.03745  2.97189e-03 | 30 -0.17388  4.01209e-01
 31 -0.60577 -1.90432e-03 | 32  0.01653 -7.28171e-02 | 33  0.68044  2.14482e-01
 34 -0.10632  6.62487e-02 | 35 -0.06548  2.35929e-01 | 36 -0.54547  2.53612e-03
 37  0.05710 -2.57236e-02 | 38  0.70285  9.79799e-02 | 39 -0.48950 -2.88462e-03
 40 -0.36967 -6.66788e-02 | 41 -1.37568  8.69681e-03 | 42  1.01781 -8.37807e-03
 43  0.16784  1.40199e-02 | 44  0.22556  6.59232e-03 | 45 -0.20456 -1.11902e-03
 46 -0.06761  8.69965e-04 | 47  0.00393  1.17034e+01 | 48 -0.16092  7.44692e+00
 49  0.16340 -4.51875e-02 | 50 -0.35305  2.42723e-01 | 51 -0.02865  2.27042e-01
 52  0.05916 -2.41743e-05 | 53 -0.51266  3.46440e-04 | 54  0.04876 -4.67006e-02
 55  0.47849 -9.04655e-03 | 56 -0.06304 -6.27966e-02 |
56 variables; iteration 220; function evaluation 313; phase 3
Function value 3.2450344e+02; maximum gradient component mag 4.3499e-01
Var    Value     Gradient |Var    Value     Gradient |Var    Value     Gradient
  1  0.05930 -9.46051e-02 |  2  0.00676 -4.29394e-03 |  3 -0.04114  2.39930e-03
  4  0.05638 -2.02351e-02 |  5  0.03305  1.98791e-02 |  6  0.04702  1.31090e-02
  7 -0.03459  4.00037e-03 |  8  0.01775  1.91397e-02 |  9  0.01274 -6.35988e-03
 10 -0.00709 -1.57826e-02 | 11 -0.02565 -1.16000e-02 | 12  0.01394 -5.10098e-03
 13  0.02119 -7.47748e-03 | 14  0.03779  8.21722e-03 | 15  0.01029 -1.91131e-03
 16 -0.00244 -6.85248e-03 | 17  0.00776 -1.95499e-02 | 18 -0.01494  1.95514e-02
 19  0.04155  2.83344e-02 | 20  0.03939  2.36821e-02 | 21  0.00257  7.12521e-03
 22 -0.00861 -2.12179e-02 | 23  0.05908 -3.13827e-02 | 24 -0.05622  6.57211e-03
 25 -0.06776  9.42988e-03 | 26 -0.06506  9.22174e-03 | 27 -0.03359 -3.50034e-03
 28 -0.01283  4.76490e-04 | 29 -0.03746  1.16551e-03 | 30 -0.17389 -2.48953e-02
 31 -0.57682 -5.64256e-05 | 32  0.01651  6.19292e-03 | 33  0.68040  1.32850e-03
 34 -0.10629  1.38168e-02 | 35 -0.06552 -6.03156e-02 | 36 -0.57321 -1.42296e-04
 37  0.05707  4.17343e-03 | 38  0.70284 -3.60803e-02 | 39 -0.38898 -2.01236e-04
 40 -0.36959  9.60375e-03 | 41 -1.37573 -2.99236e-03 | 42  1.01850 -2.63938e-04
 43  0.16691 -5.82290e-03 | 44  0.22556  9.13834e-04 | 45 -0.16037 -8.41889e-04
 46 -0.16728 -8.11237e-04 | 47 -0.00209  4.34991e-01 | 48 -0.15345  3.68678e-01
 49  0.16116 -4.82999e-03 | 50 -0.33127  1.10273e-02 | 51 -0.02846 -6.69925e-02
 52  0.05917 -1.56972e-02 | 53 -0.52539 -5.15685e-04 | 54  0.04878  3.34318e-03
 55  0.47846 -3.90767e-03 | 56 -0.06304 -1.23174e-04 |
56 variables; iteration 240; function evaluation 333; phase 3
Function value 3.2450331e+02; maximum gradient component mag 8.5484e-02
Var    Value     Gradient |Var    Value     Gradient |Var    Value     Gradient
  1  0.05929  2.76455e-03 |  2  0.00677  3.06246e-04 |  3 -0.04114 -4.96616e-04
  4  0.05638  5.12622e-04 |  5  0.03304  5.47982e-05 |  6  0.04702  4.98569e-04
  7 -0.03459  1.19833e-05 |  8  0.01774  6.25457e-04 |  9  0.01274  1.02870e-03
 10 -0.00709  2.70306e-04 | 11 -0.02565 -9.69091e-04 | 12  0.01394 -9.54563e-04
 13  0.02119 -6.26258e-04 | 14  0.03779 -1.18764e-03 | 15  0.01029 -1.26597e-03
 16 -0.00244  2.71099e-04 | 17  0.00777  3.98192e-04 | 18 -0.01494  1.16343e-03
 19  0.04155  2.10794e-03 | 20  0.03939 -5.45416e-04 | 21  0.00257 -8.35554e-05
 22 -0.00860  4.30062e-04 | 23  0.05908  2.38533e-03 | 24 -0.05623 -9.14322e-04
 25 -0.06776 -7.70274e-04 | 26 -0.06506 -1.28120e-03 | 27 -0.03359 -9.29050e-04
 28 -0.01283 -3.88190e-04 | 29 -0.03745  5.85048e-05 | 30 -0.17389  4.30714e-03
 31 -0.57615 -1.96527e-06 | 32  0.01652 -8.32625e-04 | 33  0.68039  2.74305e-03
 34 -0.10629  9.11821e-04 | 35 -0.06551  2.08851e-03 | 36 -0.57180 -2.58252e-05
 37  0.05708 -7.01321e-04 | 38  0.70285  2.47391e-04 | 39 -0.38633 -2.58031e-05
 40 -0.36960 -7.69638e-04 | 41 -1.37572  2.67515e-05 | 42  1.01851 -1.50483e-04
 43  0.16557  3.47120e-04 | 44  0.22555 -5.00169e-05 | 45  0.02527  1.17950e-04
 46 -0.09516 -5.61178e-05 | 47 -0.00186  8.54839e-02 | 48 -0.15417  6.41318e-02
 49  0.16125 -6.65118e-06 | 50 -0.31969  8.51338e-04 | 51 -0.02846 -1.08160e-03
 52  0.05918  6.64818e-04 | 53 -0.51749  7.76354e-06 | 54  0.04878 -7.73107e-04
 55  0.47846  2.27228e-04 | 56 -0.06304  1.33045e-03 |
56 variables; iteration 260; function evaluation 355; phase 3
Function value 3.2450327e+02; maximum gradient component mag -4.6314e-02
Var    Value     Gradient |Var    Value     Gradient |Var    Value     Gradient
  1  0.05930  1.16261e-02 |  2  0.00677 -1.91596e-03 |  3 -0.04114 -3.14685e-03
  4  0.05638 -5.09395e-03 |  5  0.03304 -3.41777e-03 |  6  0.04702 -5.09196e-03
  7 -0.03459 -3.90983e-03 |  8  0.01774 -5.15299e-03 |  9  0.01274 -9.97768e-03
 10 -0.00709 -2.77759e-03 | 11 -0.02565 -3.28088e-03 | 12  0.01394 -4.81523e-03
 13  0.02119  2.79883e-03 | 14  0.03779  1.50003e-03 | 15  0.01029  3.36458e-04
 16 -0.00244  1.34209e-03 | 17  0.00777 -5.04791e-03 | 18 -0.01494  1.98397e-03
 19  0.04155  1.02612e-02 | 20  0.03939  7.34114e-03 | 21  0.00257  5.01522e-03
 22 -0.00861  3.26998e-04 | 23  0.05908  5.31217e-03 | 24 -0.05623  6.91452e-03
 25 -0.06776  4.09206e-03 | 26 -0.06506  4.09891e-03 | 27 -0.03359  1.22817e-03
 28 -0.01283  6.19725e-03 | 29 -0.03745 -7.05595e-04 | 30 -0.17389 -2.40129e-03
 31 -0.57706 -7.42097e-05 | 32  0.01652  8.58651e-04 | 33  0.68039  2.80748e-03
 34 -0.10629  1.83181e-03 | 35 -0.06552 -7.99338e-03 | 36 -0.57200 -4.27977e-05
 37  0.05708  1.90934e-03 | 38  0.70285 -5.15767e-03 | 39 -0.38492  6.70497e-05
 40 -0.36960  9.89338e-04 | 41 -1.37571  5.75909e-04 | 42  1.01853  8.64464e-05
 43  0.16291 -1.27933e-03 | 44  0.22556 -2.07627e-04 | 45  0.01346 -1.35846e-05
 46 -0.09589 -7.66817e-05 | 47 -0.00194 -4.63137e-02 | 48 -0.15524 -2.87180e-02
 49  0.16122  3.22162e-03 | 50 -0.29437 -3.06122e-03 | 51 -0.02846 -3.45537e-02
 52  0.05918  2.28034e-03 | 53 -0.51654  7.55380e-05 | 54  0.04878  7.51380e-04
 55  0.47845  9.24564e-04 | 56 -0.06304  9.05962e-03 |
56 variables; iteration 280; function evaluation 379; phase 3
Function value 3.2450322e+02; maximum gradient component mag 5.0695e-01
Var    Value     Gradient |Var    Value     Gradient |Var    Value     Gradient
  1  0.05929 -5.54056e-03 |  2  0.00677 -1.04663e-03 |  3 -0.04114 -2.63934e-04
  4  0.05638  6.27310e-04 |  5  0.03304 -3.13582e-03 |  6  0.04702 -1.62429e-03
  7 -0.03459 -1.74853e-03 |  8  0.01774 -2.60432e-03 |  9  0.01274 -3.61911e-03
 10 -0.00709  4.54155e-03 | 11 -0.02565 -1.53602e-03 | 12  0.01394 -3.58840e-03
 13  0.02119  3.53181e-04 | 14  0.03779 -1.70644e-03 | 15  0.01029  3.59789e-04
 16 -0.00244 -1.89822e-03 | 17  0.00777 -2.52209e-03 | 18 -0.01494 -1.21197e-03
 19  0.04155  4.88541e-03 | 20  0.03939  6.02635e-03 | 21  0.00257  2.56985e-03
 22 -0.00860  1.18603e-03 | 23  0.05908 -5.65352e-04 | 24 -0.05623 -2.98662e-03
 25 -0.06776 -6.64499e-04 | 26 -0.06506  1.53029e-03 | 27 -0.03359  1.18581e-03
 28 -0.01283  1.02932e-02 | 29 -0.03745  1.97090e-04 | 30 -0.17389 -6.55660e-04
 31 -0.57661 -3.85740e-05 | 32  0.01652  4.09323e-04 | 33  0.68039  3.23649e-04
 34 -0.10629  4.71211e-04 | 35 -0.06551 -1.89179e-03 | 36 -0.57180 -2.65283e-05
 37  0.05708  3.23718e-03 | 38  0.70285 -2.20928e-04 | 39 -0.38522  4.76204e-05
 40 -0.36960 -2.55151e-04 | 41 -1.37571  7.83746e-04 | 42  1.01853  1.50086e-04
 43  0.16661  5.50636e-04 | 44  0.22555 -6.96455e-04 | 45 -0.00230 -1.36430e-05
 46 -0.09426 -3.66683e-05 | 47 -0.00193  5.06952e-01 | 48 -0.15761  3.70181e-01
 49  0.16122 -5.98583e-03 | 50 -0.25836  2.85645e-02 | 51 -0.02846  3.28593e-03
 52  0.05918  1.52914e-03 | 53 -0.51713  3.30519e-05 | 54  0.04878 -1.29016e-03
 55  0.47846 -2.38433e-05 | 56 -0.06304  1.83749e-03 |
56 variables; iteration 300; function evaluation 401; phase 3
Function value 3.2450320e+02; maximum gradient component mag 1.7761e-01
Var    Value     Gradient |Var    Value     Gradient |Var    Value     Gradient
  1  0.05929 -9.72031e-03 |  2  0.00677  2.64858e-04 |  3 -0.04114 -1.45841e-03
  4  0.05638 -2.52870e-04 |  5  0.03304 -1.11562e-03 |  6  0.04702 -2.60323e-03
  7 -0.03459 -1.36397e-03 |  8  0.01774 -3.21249e-03 |  9  0.01274 -2.30819e-03
 10 -0.00709 -2.97917e-03 | 11 -0.02565 -1.71683e-04 | 12  0.01394  4.79634e-04
 13  0.02119  1.34518e-03 | 14  0.03779  6.31077e-04 | 15  0.01029 -5.88898e-04
 16 -0.00244  1.90022e-03 | 17  0.00777 -9.21928e-04 | 18 -0.01494 -1.02220e-03
 19  0.04155  5.01674e-03 | 20  0.03939  6.77535e-03 | 21  0.00257  4.06662e-03
 22 -0.00860  2.29837e-03 | 23  0.05908  1.58762e-03 | 24 -0.05623 -9.60152e-04
 25 -0.06776  3.86245e-04 | 26 -0.06506 -3.89186e-04 | 27 -0.03359 -1.82576e-03
 28 -0.01283 -3.93367e-03 | 29 -0.03745 -2.10853e-04 | 30 -0.17389 -1.02271e-03
 31 -0.57637 -1.96744e-05 | 32  0.01652  2.15842e-04 | 33  0.68039 -4.70589e-04
 34 -0.10629 -7.93964e-04 | 35 -0.06552 -5.13266e-04 | 36 -0.57163 -1.33563e-05
 37  0.05708  1.16315e-04 | 38  0.70285 -3.96249e-04 | 39 -0.38549  3.00514e-05
 40 -0.36960  7.88459e-05 | 41 -1.37571  2.97643e-04 | 42  1.01853  9.28659e-05
 43  0.18165  8.64498e-04 | 44  0.22556  3.04008e-04 | 45  0.00425 -9.21560e-06
 46 -0.09363 -2.52615e-05 | 47 -0.00194  1.77608e-01 | 48 -0.16041  1.24658e-01
 49  0.16122 -1.40643e-03 | 50 -0.22942  1.31492e-02 | 51 -0.02846 -1.69020e-03
 52  0.05918 -2.22566e-04 | 53 -0.51739  1.48028e-05 | 54  0.04878  1.22813e-03
 55  0.47846  1.73830e-04 | 56 -0.06304  2.43700e-03 |
56 variables; iteration 320; function evaluation 426; phase 3
Function value 3.2450318e+02; maximum gradient component mag 2.3702e-01
Var    Value     Gradient |Var    Value     Gradient |Var    Value     Gradient
  1  0.05929 -1.17717e-02 |  2  0.00677 -7.07879e-05 |  3 -0.04114 -1.50615e-03
  4  0.05638 -9.81294e-04 |  5  0.03304 -1.35380e-03 |  6  0.04702 -2.69015e-03
  7 -0.03459 -1.46823e-03 |  8  0.01774 -3.22946e-03 |  9  0.01274 -3.29664e-03
 10 -0.00709 -2.37845e-03 | 11 -0.02565 -3.37308e-04 | 12  0.01394 -6.32455e-04
 13  0.02119  1.04868e-03 | 14  0.03779  2.18952e-04 | 15  0.01029 -7.63488e-04
 16 -0.00244  1.29044e-03 | 17  0.00777 -1.59982e-03 | 18 -0.01494 -2.06462e-03
 19  0.04155  6.07752e-03 | 20  0.03939  8.33464e-03 | 21  0.00257  5.17523e-03
 22 -0.00860  3.32991e-03 | 23  0.05908  1.24430e-03 | 24 -0.05623 -2.03058e-03
 25 -0.06776  5.57552e-04 | 26 -0.06506 -3.60712e-06 | 27 -0.03359 -1.18523e-03
 28 -0.01283 -1.78702e-03 | 29 -0.03745 -1.43295e-04 | 30 -0.17389 -9.98932e-04
 31 -0.57631 -1.51781e-05 | 32  0.01652  3.19926e-04 | 33  0.68039 -9.10688e-05
 34 -0.10629 -4.50498e-04 | 35 -0.06552 -1.42857e-03 | 36 -0.57162 -1.23300e-05
 37  0.05708  3.00049e-04 | 38  0.70285 -7.95913e-04 | 39 -0.38545  3.20498e-05
 40 -0.36960  2.03996e-04 | 41 -1.37571  2.43093e-04 | 42  1.01853  6.44956e-05
 43  0.19513  9.54660e-04 | 44  0.22555  2.06236e-04 | 45  0.00156 -8.10243e-06
 46 -0.09373 -2.62919e-05 | 47 -0.00194  2.37022e-01 | 48 -0.16397  1.51389e-01
 49  0.16122 -3.71483e-03 | 50 -0.20335  2.32926e-02 | 51 -0.02846  1.15450e-03
 52  0.05918  3.39117e-06 | 53 -0.51743  1.21327e-05 | 54  0.04878  9.63327e-04
 55  0.47846  2.10883e-04 | 56 -0.06304  2.20013e-03 |
56 variables; iteration 340; function evaluation 452; phase 3
Function value 3.2450314e+02; maximum gradient component mag 1.7918e-01
Var    Value     Gradient |Var    Value     Gradient |Var    Value     Gradient
  1  0.05929 -7.98686e-03 |  2  0.00677 -2.03797e-04 |  3 -0.04114 -4.20064e-04
  4  0.05638 -1.98305e-03 |  5  0.03304  2.44477e-05 |  6  0.04702 -8.94249e-04
  7 -0.03459 -4.46592e-04 |  8  0.01774 -6.74656e-04 |  9  0.01274 -2.17268e-03
 10 -0.00709 -1.85469e-03 | 11 -0.02565 -5.02701e-04 | 12  0.01394 -1.01635e-03
 13  0.02119 -1.39245e-04 | 14  0.03779 -7.17928e-05 | 15  0.01029 -9.99451e-04
 16 -0.00244 -5.74772e-04 | 17  0.00777 -3.08801e-03 | 18 -0.01494 -2.52111e-03
 19  0.04155  4.32102e-03 | 20  0.03939  6.71389e-03 | 21  0.00257  4.39155e-03
 22 -0.00860  2.28665e-03 | 23  0.05908 -1.28725e-04 | 24 -0.05623 -1.72500e-03
 25 -0.06776  1.18300e-03 | 26 -0.06506  7.35272e-04 | 27 -0.03359  3.35211e-04
 28 -0.01283 -1.16010e-04 | 29 -0.03745  3.80541e-05 | 30 -0.17389 -1.28414e-03
 31 -0.57617 -3.59918e-06 | 32  0.01652  3.43241e-04 | 33  0.68039  3.35692e-04
 34 -0.10629  4.17890e-04 | 35 -0.06552 -3.44102e-03 | 36 -0.57146  1.50790e-07
 37  0.05708  9.50322e-05 | 38  0.70285 -1.98178e-03 | 39 -0.38583  6.81024e-06
 40 -0.36960  5.76288e-04 | 41 -1.37572 -1.25073e-04 | 42  1.01852 -1.15943e-05
 43  0.18704  8.92396e-04 | 44  0.22555  1.76132e-04 | 45  0.00416 -2.34293e-06
 46 -0.09239  2.84353e-06 | 47 -0.00193  1.79182e-01 | 48 -0.16978  1.00053e-01
 49  0.16123 -4.37457e-03 | 50 -0.17428  2.31653e-02 | 51 -0.02846  1.57273e-03
 52  0.05918 -1.49048e-04 | 53 -0.51757  2.08127e-06 | 54  0.04878  5.93356e-04
 55  0.47846  1.14464e-04 | 56 -0.06305  9.44731e-04 |
56 variables; iteration 360; function evaluation 476; phase 3
Function value 3.2450309e+02; maximum gradient component mag 9.5729e-02
Var    Value     Gradient |Var    Value     Gradient |Var    Value     Gradient
  1  0.05929  2.70403e-02 |  2  0.00676 -6.86520e-04 |  3 -0.04114  4.97117e-03
  4  0.05638 -2.43558e-03 |  5  0.03304  2.80758e-03 |  6  0.04702  6.45017e-03
  7 -0.03459  3.11713e-03 |  8  0.01774  8.66440e-03 |  9  0.01274  2.30907e-03
 10 -0.00709  5.71097e-03 | 11 -0.02565 -4.05425e-03 | 12  0.01394 -6.46880e-03
 13  0.02119 -4.72632e-03 | 14  0.03779 -4.03529e-03 | 15  0.01029 -5.36806e-04
 16 -0.00244 -9.59461e-03 | 17  0.00777 -7.75840e-03 | 18 -0.01494 -2.29814e-03
 19  0.04155 -4.16440e-03 | 20  0.03939 -8.26764e-03 | 21  0.00257 -3.78044e-03
 22 -0.00861 -1.51015e-03 | 23  0.05908 -2.70871e-04 | 24 -0.05623  3.59720e-04
 25 -0.06776  1.52237e-03 | 26 -0.06506  3.48023e-03 | 27 -0.03359  9.34366e-03
 28 -0.01283  1.69287e-02 | 29 -0.03745  1.13900e-03 | 30 -0.17389  7.26935e-03
 31 -0.57573  3.21264e-05 | 32  0.01652 -1.49877e-03 | 33  0.68039  7.60332e-03
 34 -0.10629  6.18351e-03 | 35 -0.06552 -6.32198e-03 | 36 -0.57153 -5.70714e-06
 37  0.05708  1.92759e-03 | 38  0.70285 -2.72927e-03 | 39 -0.38554  2.63440e-05
 40 -0.36960  8.83160e-04 | 41 -1.37572 -4.21424e-04 | 42  1.01848 -5.00225e-04
 43  0.16213 -1.02060e-03 | 44  0.22555 -6.95123e-04 | 45  0.03178  8.97031e-05
 46 -0.08838  9.51010e-05 | 47 -0.00185  9.57286e-02 | 48 -0.17474  4.31920e-02
 49  0.16126 -4.54940e-03 | 50 -0.15729  1.19843e-02 | 51 -0.02846 -3.93864e-03
 52  0.05917  7.16746e-04 | 53 -0.51864 -7.28397e-05 | 54  0.04878 -4.06222e-03
 55  0.47847 -5.44075e-04 | 56 -0.06305 -4.43236e-03 |
56 variables; iteration 380; function evaluation 499; phase 3
Function value 3.2450210e+02; maximum gradient component mag 2.2534e+00
Var    Value     Gradient |Var    Value     Gradient |Var    Value     Gradient
  1  0.05930  2.98882e-01 |  2  0.00674 -3.60456e-02 |  3 -0.04110  8.76163e-02
  4  0.05636 -5.21728e-02 |  5  0.03304  2.46775e-04 |  6  0.04703  6.46341e-02
  7 -0.03461  1.69307e-02 |  8  0.01776  9.38545e-02 |  9  0.01273 -1.53804e-02
 10 -0.00709  7.91777e-02 | 11 -0.02566 -2.01667e-02 | 12  0.01393 -8.02557e-02
 13  0.02119 -6.48525e-02 | 14  0.03779 -3.99753e-02 | 15  0.01030  9.37661e-03
 16 -0.00245 -2.20093e-01 | 17  0.00776 -1.93185e-01 | 18 -0.01493 -1.03002e-01
 19  0.04154 -8.17106e-02 | 20  0.03939  2.30493e-02 | 21  0.00257 -2.27726e-02
 22 -0.00862 -3.53409e-02 | 23  0.05908 -2.98086e-02 | 24 -0.05620  1.76021e-02
 25 -0.06777  7.61042e-02 | 26 -0.06507  1.14749e-01 | 27 -0.03358  2.32134e-01
 28 -0.01280  3.05986e-01 | 29 -0.03743  1.83926e-02 | 30 -0.17390 -1.09123e-01
 31 -0.57676 -6.29655e-05 | 32  0.01650  8.06544e-03 | 33  0.68040 -2.78610e-02
 34 -0.10629  4.84196e-02 | 35 -0.06552 -1.94486e-01 | 36 -0.57108  1.10497e-05
 37  0.05709  8.20721e-02 | 38  0.70282 -9.53768e-02 | 39 -0.39562 -5.86005e-04
 40 -0.36958  2.28509e-02 | 41 -1.37574 -4.53950e-03 | 42  1.01883  3.41629e-03
 43  0.18878  9.41685e-04 | 44  0.22554 -2.06624e-02 | 45  0.09949  4.93965e-04
 46 -0.22685 -1.16403e-03 | 47 -0.00322  2.25341e+00 | 48 -0.19794  6.81233e-01
 49  0.16073 -1.50313e-01 | 50 -0.10614  4.65531e-01 | 51 -0.02846  4.55323e-02
 52  0.05917  3.02092e-02 | 53 -0.51311  3.27573e-04 | 54  0.04876 -4.01034e-02
 55  0.47846  2.90832e-03 | 56 -0.06305  1.53081e-02 |
56 variables; iteration 400; function evaluation 533; phase 3
Function value 3.2413228e+02; maximum gradient component mag 1.5220e+00
Var    Value     Gradient |Var    Value     Gradient |Var    Value     Gradient
  1  0.05970  1.41446e+00 |  2  0.00616 -2.65232e-02 |  3 -0.04154 -7.46170e-02
  4  0.05624  7.30294e-02 |  5  0.03301  3.01106e-02 |  6  0.04721  1.21063e-01
  7 -0.03495  8.85680e-02 |  8  0.01780  1.22951e-01 |  9  0.01257  2.20912e-01
 10 -0.00709 -1.31104e-01 | 11 -0.02614 -9.95336e-02 | 12  0.01384  1.97181e-01
 13  0.02112  1.40102e-01 | 14  0.03799 -7.60862e-02 | 15  0.01042 -1.38701e-01
 16 -0.00217  2.26881e-01 | 17  0.00790  2.92355e-01 | 18 -0.01428  3.24216e-01
 19  0.04155 -6.48302e-02 | 20  0.03918 -2.54608e-01 | 21  0.00216 -9.55011e-02
 22 -0.00933 -2.21147e-01 | 23  0.05962 -4.44058e-01 | 24 -0.05393  5.05345e-02
 25 -0.06857 -7.46124e-02 | 26 -0.06541  2.41541e-02 | 27 -0.03379 -3.78409e-01
 28 -0.01289 -3.82719e-03 | 29 -0.03680 -7.90284e-02 | 30 -0.17396 -2.15354e-01
 31 -0.57242  2.37589e-04 | 32  0.01655  5.62451e-02 | 33  0.68041 -7.65574e-02
 34 -0.10656 -3.74069e-02 | 35 -0.06573 -6.71371e-02 | 36 -0.56701  3.77800e-04
 37  0.05697 -1.25735e-03 | 38  0.70251 -1.27532e-02 | 39 -0.36549  1.55683e-03
 40 -0.37076 -4.83582e-03 | 41 -1.37509  2.08752e-03 | 42  1.01897  3.08383e-03
 43  0.75132  7.62859e-03 | 44  0.22631  2.55928e-02 | 45 -0.19315 -9.83532e-04
 46 -6.72808 -6.90197e-03 | 47 -0.03991  7.99858e-01 | 48 -0.30503  2.30934e-01
 49  0.14593  7.87187e-02 | 50  0.02138 -1.87719e-02 | 51 -0.03175  1.52197e+00
 52  0.05896 -2.79338e-02 | 53 -0.50753  9.59700e-04 | 54  0.04855  1.27744e-01
 55  0.47844  2.22464e-02 | 56 -0.06378  1.42936e-01 |
56 variables; iteration 420; function evaluation 558; phase 3
Function value 3.2411697e+02; maximum gradient component mag 2.3138e-02
Var    Value     Gradient |Var    Value     Gradient |Var    Value     Gradient
  1  0.05974  4.27217e-03 |  2  0.00609 -3.43078e-03 |  3 -0.04156 -2.17369e-03
  4  0.05621 -4.86564e-03 |  5  0.03301 -4.57443e-03 |  6  0.04722 -4.05468e-03
  7 -0.03501 -1.74455e-03 |  8  0.01781 -4.34083e-03 |  9  0.01254 -6.99925e-03
 10 -0.00708 -1.04011e-03 | 11 -0.02618 -4.63124e-04 | 12  0.01382 -6.16665e-03
 13  0.02110 -2.40805e-03 | 14  0.03802 -2.04160e-03 | 15  0.01045 -3.65084e-03
 16 -0.00216  1.88194e-05 | 17  0.00790  4.72103e-04 | 18 -0.01422 -4.04966e-03
 19  0.04155  1.51361e-04 | 20  0.03916  7.80451e-03 | 21  0.00210  8.71985e-03
 22 -0.00941  7.23813e-03 | 23  0.05970  3.14260e-03 | 24 -0.05368  7.54371e-05
 25 -0.06865  4.03733e-03 | 26 -0.06548  4.59311e-03 | 27 -0.03377  5.57040e-03
 28 -0.01291  1.13344e-02 | 29 -0.03668 -3.03942e-04 | 30 -0.17394 -9.52749e-03
 31 -0.57516  3.50025e-05 | 32  0.01656  1.64400e-03 | 33  0.68040 -4.39851e-03
 34 -0.10658 -1.82863e-03 | 35 -0.06572 -6.81014e-03 | 36 -0.57160  1.30738e-05
 37  0.05697  2.62733e-03 | 38  0.70248 -8.26984e-04 | 39 -0.37845  3.63727e-04
 40 -0.37088  1.15900e-03 | 41 -1.37504  2.06662e-04 | 42  1.01874  2.22090e-04
 43 -0.24141 -1.25680e-03 | 44  0.22636 -6.61465e-04 | 45  0.01342  4.62375e-05
 46 -6.32939  1.41317e-04 | 47 -0.04272  2.31381e-02 | 48 -0.47422  4.48637e-03
 49  0.14463 -7.81024e-03 | 50  0.02733  1.69058e-02 | 51 -0.03225  8.88565e-03
 52  0.05891  1.49444e-03 | 53 -0.51895  6.44124e-05 | 54  0.04846 -8.65683e-04
 55  0.47850  9.09558e-04 | 56 -0.06388  5.75541e-03 |
56 variables; iteration 440; function evaluation 590; phase 3
Function value 3.2411599e+02; maximum gradient component mag -2.7059e-02
Var    Value     Gradient |Var    Value     Gradient |Var    Value     Gradient
  1  0.05975 -2.70590e-02 |  2  0.00609 -1.96685e-03 |  3 -0.04155 -1.26542e-03
  4  0.05621 -1.43709e-03 |  5  0.03301 -1.74301e-03 |  6  0.04722 -2.10550e-03
  7 -0.03501 -8.05536e-04 |  8  0.01781 -1.81880e-03 |  9  0.01254 -1.48725e-03
 10 -0.00708  1.29766e-04 | 11 -0.02618 -1.38996e-04 | 12  0.01382  6.31865e-04
 13  0.02110  6.07418e-04 | 14  0.03802 -4.15880e-05 | 15  0.01045  1.29936e-03
 16 -0.00216  1.74113e-03 | 17  0.00790  3.66455e-03 | 18 -0.01422  1.98260e-03
 19  0.04155  2.21172e-03 | 20  0.03916  2.07051e-03 | 21  0.00210  6.98098e-04
 22 -0.00941  5.89864e-04 | 23  0.05970  6.70999e-04 | 24 -0.05369 -1.00155e-03
 25 -0.06865 -7.57340e-04 | 26 -0.06548 -3.49038e-04 | 27 -0.03377  2.30456e-05
 28 -0.01291 -1.47147e-03 | 29 -0.03667  7.27713e-04 | 30 -0.17394 -4.31565e-04
 31 -0.57582 -1.61676e-05 | 32  0.01656  3.55814e-04 | 33  0.68040 -1.08512e-03
 34 -0.10658 -9.97634e-04 | 35 -0.06572  9.87465e-04 | 36 -0.57186 -6.27444e-06
 37  0.05698  9.58971e-05 | 38  0.70248  1.04437e-03 | 39 -0.38316  3.15538e-05
 40 -0.37088 -1.88768e-04 | 41 -1.37504 -5.26639e-05 | 42  1.01871 -1.45156e-05
 43  0.06223 -7.61505e-05 | 44  0.22636 -9.27292e-05 | 45  0.01133 -2.83720e-06
 46 -6.00323  4.04990e-05 | 47 -0.04270 -2.91981e-04 | 48 -0.51733  2.66449e-05
 49  0.14464  1.33645e-04 | 50  0.02732  1.18048e-04 | 51 -0.03225 -2.27967e-03
 52  0.05891 -2.70938e-04 | 53 -0.51986 -4.80748e-07 | 54  0.04846 -3.59063e-05
 55  0.47850 -1.14927e-04 | 56 -0.06388 -1.59463e-03 |
Warning: the following parameters had issues
  selparm[15] is within 0.1% of upper bound: 2.00000e+01 < 8.99849e+01 < 9.00000e+01


 - final statistics:
56 variables; iteration 447; function evaluation 597
Function value 3.2412e+02; maximum gradient component mag -7.2053e-05
Exit code = 1;  converg criter 1.0000e-04
Var    Value     Gradient |Var    Value     Gradient |Var    Value     Gradient
  1  0.05975 -7.20534e-05 |  2  0.00609  1.36528e-06 |  3 -0.04155  7.05662e-06
  4  0.05621  5.52737e-07 |  5  0.03301 -1.10431e-06 |  6  0.04722 -6.88403e-07
  7 -0.03501  2.04606e-06 |  8  0.01781  1.67071e-06 |  9  0.01254  6.23339e-06
 10 -0.00708  4.19888e-06 | 11 -0.02618  1.49663e-06 | 12  0.01382 -1.30571e-06
 13  0.02110  6.24254e-06 | 14  0.03802  1.80353e-06 | 15  0.01045  4.12754e-06
 16 -0.00216  7.37987e-07 | 17  0.00790  7.07526e-08 | 18 -0.01422 -6.17755e-06
 19  0.04155 -4.37031e-07 | 20  0.03916  4.95027e-06 | 21  0.00210  9.64127e-07
 22 -0.00941 -4.10218e-06 | 23  0.05970 -1.01328e-05 | 24 -0.05369 -8.63952e-06
 25 -0.06865 -6.53768e-06 | 26 -0.06548 -5.81785e-06 | 27 -0.03377 -2.75440e-06
 28 -0.01291  3.08057e-06 | 29 -0.03667  3.66339e-06 | 30 -0.17394 -6.55649e-08
 31 -0.57562 -6.99835e-08 | 32  0.01656  9.78761e-07 | 33  0.68040 -2.17223e-06
 34 -0.10658  9.27912e-07 | 35 -0.06572 -3.27532e-06 | 36 -0.57178 -3.27928e-08
 37  0.05698  1.62160e-06 | 38  0.70248 -9.78493e-07 | 39 -0.38363  1.79992e-08
 40 -0.37088  1.06208e-07 | 41 -1.37504 -5.77511e-07 | 42  1.01871 -4.22375e-08
 43  0.06224 -5.15214e-07 | 44  0.22636 -2.67272e-07 | 45  0.01135 -7.17418e-09
 46 -6.00338  1.17400e-07 | 47 -0.04270 -1.29626e-06 | 48 -0.51771 -5.45020e-08
 49  0.14464 -2.50281e-06 | 50  0.02731  7.98188e-07 | 51 -0.03225 -1.45173e-05
 52  0.05891 -2.35707e-06 | 53 -0.51986 -9.60475e-09 | 54  0.04846 -3.52090e-07
 55  0.47850 -8.55758e-07 | 56 -0.06388 -1.05517e-05 |
Estimating row 1 out of 56 for hessian
Estimating row 2 out of 56 for hessian
Estimating row 3 out of 56 for hessian
Estimating row 4 out of 56 for hessian
Estimating row 5 out of 56 for hessian
Estimating row 6 out of 56 for hessian
Estimating row 7 out of 56 for hessian
Estimating row 8 out of 56 for hessian
Estimating row 9 out of 56 for hessian
Estimating row 10 out of 56 for hessian
Estimating row 11 out of 56 for hessian
Estimating row 12 out of 56 for hessian
Estimating row 13 out of 56 for hessian
Estimating row 14 out of 56 for hessian
Estimating row 15 out of 56 for hessian
Estimating row 16 out of 56 for hessian
Estimating row 17 out of 56 for hessian
Estimating row 18 out of 56 for hessian
Estimating row 19 out of 56 for hessian
Estimating row 20 out of 56 for hessian
Estimating row 21 out of 56 for hessian
Estimating row 22 out of 56 for hessian
Estimating row 23 out of 56 for hessian
Estimating row 24 out of 56 for hessian
Estimating row 25 out of 56 for hessian
Estimating row 26 out of 56 for hessian
Estimating row 27 out of 56 for hessian
Estimating row 28 out of 56 for hessian
Estimating row 29 out of 56 for hessian
Estimating row 30 out of 56 for hessian
Estimating row 31 out of 56 for hessian
Estimating row 32 out of 56 for hessian
Estimating row 33 out of 56 for hessian
Estimating row 34 out of 56 for hessian
Estimating row 35 out of 56 for hessian
Estimating row 36 out of 56 for hessian
Estimating row 37 out of 56 for hessian
Estimating row 38 out of 56 for hessian
Estimating row 39 out of 56 for hessian
Estimating row 40 out of 56 for hessian
Estimating row 41 out of 56 for hessian
Estimating row 42 out of 56 for hessian
Estimating row 43 out of 56 for hessian
Estimating row 44 out of 56 for hessian
Estimating row 45 out of 56 for hessian
Estimating row 46 out of 56 for hessian
Estimating row 47 out of 56 for hessian
Estimating row 48 out of 56 for hessian
Estimating row 49 out of 56 for hessian
Estimating row 50 out of 56 for hessian
Estimating row 51 out of 56 for hessian
Estimating row 52 out of 56 for hessian
Estimating row 53 out of 56 for hessian
Estimating row 54 out of 56 for hessian
Estimating row 55 out of 56 for hessian
Estimating row 56 out of 56 for hessian
size of file gradfil1.tmp = 0
size of file gradfil2.tmp = 0
size of file varssave.tmp = 0
size of file cmpdiff.tmp = 0
